--------------- Build Started: 12/12/2019 17:28:23 Project: ZumoBot, Configuration: ARM GCC 5.4-2016-q2-update Debug ---------------
The code generation step is up to date.
arm-none-eabi-gcc.exe -mcpu=cortex-m3 -mthumb -I.\ZumoLibrary -I..\FreeRTOS\Source\include -I..\FreeRTOS\Source\portable\GCC\ARM_CM3 -I..\paho.mqtt.embedded-c\MQTTClient-C\src -I..\paho.mqtt.embedded-c\MQTTClient-C\src\FreeRTOS -I..\paho.mqtt.embedded-c\MQTTPacket\src -I. -IGenerated_Source\PSoC5 -Wa,-alh=.\CortexM3\ARM_GCC_541\Debug/main.lst -g -D DEBUG -D MQTT_TASK -D MQTTCLIENT_PLATFORM_HEADER=MQTTFreeRTOS.h -Wall -ffunction-sections -ffat-lto-objects -Og -c main.c -o .\CortexM3\ARM_GCC_541\Debug\main.o
main.c: In function 'rp_sumoWrestling':
main.c:314:30: warning: overflow in implicit constant conversion [-Woverflow]
   TickType_t dodgeEndTime  = INFINITY;
                              ^
main.c:315:30: warning: overflow in implicit constant conversion [-Woverflow]
   TickType_t atCenterTime  = INFINITY;
                              ^
main.c:353:22: warning: overflow in implicit constant conversion [-Woverflow]
       dodgeEndTime = INFINITY;
                      ^
main.c:375:22: warning: overflow in implicit constant conversion [-Woverflow]
       atCenterTime = INFINITY;
                      ^
main.c: In function 'chaseObject':
main.c:508:14: warning: unused variable 'turnStart' [-Wunused-variable]
   TickType_t turnStart = 0;
              ^
main.c: In function 'mazeMain':
main.c:772:21: warning: unused variable 'ref' [-Wunused-variable]
     struct sensors_ ref, dig;
                     ^
main.c: In function 'turnToCenter':
main.c:1006:7: warning: unused variable 'pwm' [-Wunused-variable]
   int pwm        = 0;
       ^
main.c: In function 'irMsgTest':
main.c:1382:19: warning: format '%d' expects argument of type 'int', but argument 4 has type 'uint32_t {aka long unsigned int}' [-Wformat=]
            printf("%d %d %d\r\n",b, l, IR_val);
                   ^
main.c:1382:19: warning: format '%d' expects argument of type 'int', but argument 4 has type 'uint32_t {aka long unsigned int}' [-Wformat=]
main.c: In function 'shiftArray':
main.c:1389:7: warning: unused variable 'size' [-Wunused-variable]
   int size = sizeof(a) / sizeof(int);
       ^
arm-none-eabi-ar.exe -rs .\CortexM3\ARM_GCC_541\Debug\ZumoBot.a .\CortexM3\ARM_GCC_541\Debug\PWM.o .\CortexM3\ARM_GCC_541\Debug\PWM_PM.o .\CortexM3\ARM_GCC_541\Debug\Clock_1.o .\CortexM3\ARM_GCC_541\Debug\MotorPwmLeft.o .\CortexM3\ARM_GCC_541\Debug\MotorPwmRight.o .\CortexM3\ARM_GCC_541\Debug\SDA_1.o .\CortexM3\ARM_GCC_541\Debug\SCL_1.o .\CortexM3\ARM_GCC_541\Debug\I2C.o .\CortexM3\ARM_GCC_541\Debug\I2C_BOOT.o .\CortexM3\ARM_GCC_541\Debug\I2C_INT.o .\CortexM3\ARM_GCC_541\Debug\I2C_PM.o .\CortexM3\ARM_GCC_541\Debug\I2C_SLAVE.o .\CortexM3\ARM_GCC_541\Debug\I2C_MASTER.o .\CortexM3\ARM_GCC_541\Debug\UART_1.o .\CortexM3\ARM_GCC_541\Debug\UART_1_PM.o .\CortexM3\ARM_GCC_541\Debug\UART_1_INT.o .\CortexM3\ARM_GCC_541\Debug\UART_1_BOOT.o .\CortexM3\ARM_GCC_541\Debug\MotorDirLeft.o .\CortexM3\ARM_GCC_541\Debug\MotorDirRight.o .\CortexM3\ARM_GCC_541\Debug\L3.o .\CortexM3\ARM_GCC_541\Debug\Timer_L3.o .\CortexM3\ARM_GCC_541\Debug\Timer_L3_PM.o .\CortexM3\ARM_GCC_541\Debug\Timer_R3.o .\CortexM3\ARM_GCC_541\Debug\Timer_R3_PM.o .\CortexM3\ARM_GCC_541\Debug\Refl_led.o .\CortexM3\ARM_GCC_541\Debug\Timer_R1.o .\CortexM3\ARM_GCC_541\Debug\Timer_R1_PM.o .\CortexM3\ARM_GCC_541\Debug\R1.o .\CortexM3\ARM_GCC_541\Debug\sensor_isr.o .\CortexM3\ARM_GCC_541\Debug\R3.o .\CortexM3\ARM_GCC_541\Debug\Timer_L1.o .\CortexM3\ARM_GCC_541\Debug\Timer_L1_PM.o .\CortexM3\ARM_GCC_541\Debug\L1.o .\CortexM3\ARM_GCC_541\Debug\Battery_pin.o .\CortexM3\ARM_GCC_541\Debug\ADC_Battery.o .\CortexM3\ARM_GCC_541\Debug\ADC_Battery_INT.o .\CortexM3\ARM_GCC_541\Debug\ADC_Battery_PM.o .\CortexM3\ARM_GCC_541\Debug\BatteryLed.o .\CortexM3\ARM_GCC_541\Debug\IR_receiver.o .\CortexM3\ARM_GCC_541\Debug\Trig.o .\CortexM3\ARM_GCC_541\Debug\timer_clock_4.o .\CortexM3\ARM_GCC_541\Debug\Timer.o .\CortexM3\ARM_GCC_541\Debug\Timer_PM.o .\CortexM3\ARM_GCC_541\Debug\Echo.o .\CortexM3\ARM_GCC_541\Debug\ultra_isr.o .\CortexM3\ARM_GCC_541\Debug\Buzzer.o .\CortexM3\ARM_GCC_541\Debug\Buzzer_PWM.o .\CortexM3\ARM_GCC_541\Debug\Buzzer_PWM_PM.o .\CortexM3\ARM_GCC_541\Debug\Clock_2.o .\CortexM3\ARM_GCC_541\Debug\IR_isr.o .\CortexM3\ARM_GCC_541\Debug\Timer_IR.o .\CortexM3\ARM_GCC_541\Debug\Timer_IR_PM.o .\CortexM3\ARM_GCC_541\Debug\SW1.o .\CortexM3\ARM_GCC_541\Debug\Timer_R2.o .\CortexM3\ARM_GCC_541\Debug\Timer_R2_PM.o .\CortexM3\ARM_GCC_541\Debug\Timer_L2.o .\CortexM3\ARM_GCC_541\Debug\Timer_L2_PM.o .\CortexM3\ARM_GCC_541\Debug\L2.o .\CortexM3\ARM_GCC_541\Debug\R2.o .\CortexM3\ARM_GCC_541\Debug\ShieldLed.o .\CortexM3\ARM_GCC_541\Debug\RTC.o .\CortexM3\ARM_GCC_541\Debug\RTC_INT.o .\CortexM3\ARM_GCC_541\Debug\Timer_Reset.o .\CortexM3\ARM_GCC_541\Debug\Timer_Reset_PM.o .\CortexM3\ARM_GCC_541\Debug\Clock_3.o .\CortexM3\ARM_GCC_541\Debug\Pin_A5.o .\CortexM3\ARM_GCC_541\Debug\Pin_A4.o .\CortexM3\ARM_GCC_541\Debug\UART_2.o .\CortexM3\ARM_GCC_541\Debug\UART_2_PM.o .\CortexM3\ARM_GCC_541\Debug\UART_2_INT.o .\CortexM3\ARM_GCC_541\Debug\UART_2_BOOT.o .\CortexM3\ARM_GCC_541\Debug\isr_U2_TX.o .\CortexM3\ARM_GCC_541\Debug\isr_U2_RX.o .\CortexM3\ARM_GCC_541\Debug\StatisticsCounter.o .\CortexM3\ARM_GCC_541\Debug\StatisticsCounter_PM.o .\CortexM3\ARM_GCC_541\Debug\RST_E.o .\CortexM3\ARM_GCC_541\Debug\isr_U1_TX.o .\CortexM3\ARM_GCC_541\Debug\isr_U1_RX.o .\CortexM3\ARM_GCC_541\Debug\UART_1_IntClock.o .\CortexM3\ARM_GCC_541\Debug\ADC_Battery_IRQ.o .\CortexM3\ARM_GCC_541\Debug\ADC_Battery_theACLK.o .\CortexM3\ARM_GCC_541\Debug\ADC_Battery_Bypass.o .\CortexM3\ARM_GCC_541\Debug\UART_2_IntClock.o .\CortexM3\ARM_GCC_541\Debug\CyDmac.o .\CortexM3\ARM_GCC_541\Debug\CyFlash.o .\CortexM3\ARM_GCC_541\Debug\CyLib.o .\CortexM3\ARM_GCC_541\Debug\cyPm.o .\CortexM3\ARM_GCC_541\Debug\CySpc.o .\CortexM3\ARM_GCC_541\Debug\cyutils.o .\CortexM3\ARM_GCC_541\Debug\cy_em_eeprom.o .\CortexM3\ARM_GCC_541\Debug\CyBootAsmGnu.o
arm-none-eabi-ar.exe: creating .\CortexM3\ARM_GCC_541\Debug\ZumoBot.a
arm-none-eabi-gcc.exe -Wl,--start-group -o C:\Users\samue\Desktop\RobotRage2\Zumo\ZumoBot.cydsn\CortexM3\ARM_GCC_541\Debug\ZumoBot.elf .\CortexM3\ARM_GCC_541\Debug\Beep.o .\CortexM3\ARM_GCC_541\Debug\Gyro.o .\CortexM3\ARM_GCC_541\Debug\IR.o .\CortexM3\ARM_GCC_541\Debug\Magnet.o .\CortexM3\ARM_GCC_541\Debug\Motor.o .\CortexM3\ARM_GCC_541\Debug\Nunchuk.o .\CortexM3\ARM_GCC_541\Debug\Ultra.o .\CortexM3\ARM_GCC_541\Debug\Retarget.o .\CortexM3\ARM_GCC_541\Debug\I2C_Common.o .\CortexM3\ARM_GCC_541\Debug\LSM303D.o .\CortexM3\ARM_GCC_541\Debug\debug_uart.o .\CortexM3\ARM_GCC_541\Debug\esp8266_socket.o .\CortexM3\ARM_GCC_541\Debug\rtos_main.o .\CortexM3\ARM_GCC_541\Debug\serial.o .\CortexM3\ARM_GCC_541\Debug\mqtt_sender.o .\CortexM3\ARM_GCC_541\Debug\serial1.o .\CortexM3\ARM_GCC_541\Debug\Reflectance.o .\CortexM3\ARM_GCC_541\Debug\MQTTClient.o .\CortexM3\ARM_GCC_541\Debug\MQTTFreeRTOS.o .\CortexM3\ARM_GCC_541\Debug\MQTTConnectClient.o .\CortexM3\ARM_GCC_541\Debug\MQTTConnectServer.o .\CortexM3\ARM_GCC_541\Debug\MQTTDeserializePublish.o .\CortexM3\ARM_GCC_541\Debug\MQTTFormat.o .\CortexM3\ARM_GCC_541\Debug\MQTTPacket.o .\CortexM3\ARM_GCC_541\Debug\MQTTSerializePublish.o .\CortexM3\ARM_GCC_541\Debug\MQTTSubscribeClient.o .\CortexM3\ARM_GCC_541\Debug\MQTTSubscribeServer.o .\CortexM3\ARM_GCC_541\Debug\MQTTUnsubscribeClient.o .\CortexM3\ARM_GCC_541\Debug\MQTTUnsubscribeServer.o .\CortexM3\ARM_GCC_541\Debug\croutine.o .\CortexM3\ARM_GCC_541\Debug\event_groups.o .\CortexM3\ARM_GCC_541\Debug\list.o .\CortexM3\ARM_GCC_541\Debug\queue.o .\CortexM3\ARM_GCC_541\Debug\stream_buffer.o .\CortexM3\ARM_GCC_541\Debug\tasks.o .\CortexM3\ARM_GCC_541\Debug\timers.o .\CortexM3\ARM_GCC_541\Debug\port.o .\CortexM3\ARM_GCC_541\Debug\heap_2.o .\CortexM3\ARM_GCC_541\Debug\main.o .\CortexM3\ARM_GCC_541\Debug\cyfitter_cfg.o .\CortexM3\ARM_GCC_541\Debug\cymetadata.o .\CortexM3\ARM_GCC_541\Debug\Cm3Start.o .\CortexM3\ARM_GCC_541\Debug\ZumoBot.a "C:\Program Files (x86)\Cypress\PSoC Creator\4.2\PSoC Creator\psoc\content\cycomponentlibrary\CyComponentLibrary.cylib\CortexM3\ARM_GCC_541\Debug\CyComponentLibrary.a" -mcpu=cortex-m3 -mthumb -l m -L Generated_Source\PSoC5 -Wl,-Map,.\CortexM3\ARM_GCC_541\Debug/ZumoBot.map -T Generated_Source\PSoC5\cm3gcc.ld -Wl,--gc-sections -g -ffunction-sections -Og -ffat-lto-objects -Wl,--end-group
cyelftool.exe -C C:\Users\samue\Desktop\RobotRage2\Zumo\ZumoBot.cydsn\CortexM3\ARM_GCC_541\Debug\ZumoBot.elf --flash_row_size 256 --flash_size 262144 --flash_offset 0x00000000
No ELF section .cychecksum found, creating one
Application checksum calculated and stored in ELF section .cychecksum
Checksum calculated and stored in ELF section .cymeta
cyelftool.exe -S C:\Users\samue\Desktop\RobotRage2\Zumo\ZumoBot.cydsn\CortexM3\ARM_GCC_541\Debug\ZumoBot.elf
Flash used: 65180 of 262144 bytes (24,9 %).
SRAM used: 54073 of 65536 bytes (82,5 %). Stack: 2048 bytes. Heap: 8192 bytes.
--------------- Build Succeeded: 12/12/2019 17:28:25 ---------------
