ARM GAS  C:\Users\samue\AppData\Local\Temp\ccrloBJj.s 			page 1


   1              		.syntax unified
   2              		.cpu cortex-m3
   3              		.fpu softvfp
   4              		.eabi_attribute 20, 1
   5              		.eabi_attribute 21, 1
   6              		.eabi_attribute 23, 3
   7              		.eabi_attribute 24, 1
   8              		.eabi_attribute 25, 1
   9              		.eabi_attribute 26, 1
  10              		.eabi_attribute 30, 1
  11              		.eabi_attribute 34, 1
  12              		.eabi_attribute 18, 4
  13              		.thumb
  14              		.syntax unified
  15              		.file	"Beep.c"
  16              		.text
  17              	.Ltext0:
  18              		.cfi_sections	.debug_frame
  19              		.section	.text.Beep,"ax",%progbits
  20              		.align	2
  21              		.global	Beep
  22              		.thumb
  23              		.thumb_func
  24              		.type	Beep, %function
  25              	Beep:
  26              	.LFB68:
  27              		.file 1 "ZumoLibrary\\Beep.c"
   1:ZumoLibrary/Beep.c **** /* ========================================
   2:ZumoLibrary/Beep.c ****  *
   3:ZumoLibrary/Beep.c ****  * Copyright YOUR COMPANY, THE YEAR
   4:ZumoLibrary/Beep.c ****  * All Rights Reserved
   5:ZumoLibrary/Beep.c ****  * UNPUBLISHED, LICENSED SOFTWARE.
   6:ZumoLibrary/Beep.c ****  *
   7:ZumoLibrary/Beep.c ****  * CONFIDENTIAL AND PROPRIETARY INFORMATION
   8:ZumoLibrary/Beep.c ****  * WHICH IS THE PROPERTY OF your company.
   9:ZumoLibrary/Beep.c ****  *
  10:ZumoLibrary/Beep.c ****  * ========================================
  11:ZumoLibrary/Beep.c **** */
  12:ZumoLibrary/Beep.c **** #include "FreeRTOS.h"
  13:ZumoLibrary/Beep.c **** #include "task.h"
  14:ZumoLibrary/Beep.c **** #include "Beep.h"
  15:ZumoLibrary/Beep.c **** 
  16:ZumoLibrary/Beep.c **** void Beep(uint32 length, uint8 pitch)
  17:ZumoLibrary/Beep.c **** {
  28              		.loc 1 17 0
  29              		.cfi_startproc
  30              		@ args = 0, pretend = 0, frame = 0
  31              		@ frame_needed = 0, uses_anonymous_args = 0
  32              	.LVL0:
  33 0000 70B5     		push	{r4, r5, r6, lr}
  34              		.cfi_def_cfa_offset 16
  35              		.cfi_offset 4, -16
  36              		.cfi_offset 5, -12
  37              		.cfi_offset 6, -8
  38              		.cfi_offset 14, -4
  39 0002 0546     		mov	r5, r0
  40 0004 0C46     		mov	r4, r1
ARM GAS  C:\Users\samue\AppData\Local\Temp\ccrloBJj.s 			page 2


  18:ZumoLibrary/Beep.c ****     uint8 cmp = pitch / 2;
  41              		.loc 1 18 0
  42 0006 4E08     		lsrs	r6, r1, #1
  43              	.LVL1:
  19:ZumoLibrary/Beep.c ****     Buzzer_PWM_Start();
  44              		.loc 1 19 0
  45 0008 FFF7FEFF 		bl	Buzzer_PWM_Start
  46              	.LVL2:
  20:ZumoLibrary/Beep.c ****     Buzzer_PWM_WriteCompare(cmp);
  47              		.loc 1 20 0
  48 000c 3046     		mov	r0, r6
  49 000e FFF7FEFF 		bl	Buzzer_PWM_WriteCompare
  50              	.LVL3:
  21:ZumoLibrary/Beep.c ****     Buzzer_PWM_WritePeriod(pitch);
  51              		.loc 1 21 0
  52 0012 2046     		mov	r0, r4
  53 0014 FFF7FEFF 		bl	Buzzer_PWM_WritePeriod
  54              	.LVL4:
  22:ZumoLibrary/Beep.c ****     vTaskDelay(length);
  55              		.loc 1 22 0
  56 0018 2846     		mov	r0, r5
  57 001a FFF7FEFF 		bl	vTaskDelay
  58              	.LVL5:
  23:ZumoLibrary/Beep.c ****     Buzzer_PWM_Stop();
  59              		.loc 1 23 0
  60 001e FFF7FEFF 		bl	Buzzer_PWM_Stop
  61              	.LVL6:
  62 0022 70BD     		pop	{r4, r5, r6, pc}
  63              		.cfi_endproc
  64              	.LFE68:
  65              		.size	Beep, .-Beep
  66              		.text
  67              	.Letext0:
  68              		.file 2 "c:\\program files (x86)\\cypress\\psoc creator\\4.2\\psoc creator\\import\\gnu\\arm\\5.4.
  69              		.file 3 "c:\\program files (x86)\\cypress\\psoc creator\\4.2\\psoc creator\\import\\gnu\\arm\\5.4.
  70              		.file 4 "Generated_Source\\PSoC5/cytypes.h"
  71              		.file 5 "Generated_Source\\PSoC5/Buzzer_PWM.h"
  72              		.file 6 "..\\FreeRTOS\\Source\\include/task.h"
  73              		.file 7 "Generated_Source\\PSoC5/core_cm3.h"
  74              		.section	.debug_info,"",%progbits
  75              	.Ldebug_info0:
  76 0000 91010000 		.4byte	0x191
  77 0004 0400     		.2byte	0x4
  78 0006 00000000 		.4byte	.Ldebug_abbrev0
  79 000a 04       		.byte	0x4
  80 000b 01       		.uleb128 0x1
  81 000c 64000000 		.4byte	.LASF25
  82 0010 0C       		.byte	0xc
  83 0011 17010000 		.4byte	.LASF26
  84 0015 B2010000 		.4byte	.LASF27
  85 0019 00000000 		.4byte	.Ldebug_ranges0+0
  86 001d 00000000 		.4byte	0
  87 0021 00000000 		.4byte	.Ldebug_line0
  88 0025 02       		.uleb128 0x2
  89 0026 04       		.byte	0x4
  90 0027 05       		.byte	0x5
  91 0028 696E7400 		.ascii	"int\000"
ARM GAS  C:\Users\samue\AppData\Local\Temp\ccrloBJj.s 			page 3


  92 002c 03       		.uleb128 0x3
  93 002d 04       		.byte	0x4
  94 002e 07       		.byte	0x7
  95 002f 45010000 		.4byte	.LASF0
  96 0033 03       		.uleb128 0x3
  97 0034 08       		.byte	0x8
  98 0035 05       		.byte	0x5
  99 0036 89010000 		.4byte	.LASF1
 100 003a 03       		.uleb128 0x3
 101 003b 08       		.byte	0x8
 102 003c 04       		.byte	0x4
 103 003d FB010000 		.4byte	.LASF2
 104 0041 03       		.uleb128 0x3
 105 0042 01       		.byte	0x1
 106 0043 06       		.byte	0x6
 107 0044 07020000 		.4byte	.LASF3
 108 0048 03       		.uleb128 0x3
 109 0049 01       		.byte	0x1
 110 004a 08       		.byte	0x8
 111 004b 56000000 		.4byte	.LASF4
 112 004f 03       		.uleb128 0x3
 113 0050 02       		.byte	0x2
 114 0051 05       		.byte	0x5
 115 0052 A2010000 		.4byte	.LASF5
 116 0056 03       		.uleb128 0x3
 117 0057 02       		.byte	0x2
 118 0058 07       		.byte	0x7
 119 0059 04010000 		.4byte	.LASF6
 120 005d 04       		.uleb128 0x4
 121 005e 18000000 		.4byte	.LASF10
 122 0062 02       		.byte	0x2
 123 0063 3F       		.byte	0x3f
 124 0064 68000000 		.4byte	0x68
 125 0068 03       		.uleb128 0x3
 126 0069 04       		.byte	0x4
 127 006a 05       		.byte	0x5
 128 006b E7010000 		.4byte	.LASF7
 129 006f 03       		.uleb128 0x3
 130 0070 04       		.byte	0x4
 131 0071 07       		.byte	0x7
 132 0072 F2000000 		.4byte	.LASF8
 133 0076 03       		.uleb128 0x3
 134 0077 08       		.byte	0x8
 135 0078 07       		.byte	0x7
 136 0079 3F000000 		.4byte	.LASF9
 137 007d 04       		.uleb128 0x4
 138 007e 78010000 		.4byte	.LASF11
 139 0082 03       		.byte	0x3
 140 0083 2C       		.byte	0x2c
 141 0084 5D000000 		.4byte	0x5d
 142 0088 05       		.uleb128 0x5
 143 0089 AC010000 		.4byte	.LASF12
 144 008d 04       		.byte	0x4
 145 008e E401     		.2byte	0x1e4
 146 0090 48000000 		.4byte	0x48
 147 0094 05       		.uleb128 0x5
 148 0095 3E010000 		.4byte	.LASF13
ARM GAS  C:\Users\samue\AppData\Local\Temp\ccrloBJj.s 			page 4


 149 0099 04       		.byte	0x4
 150 009a E601     		.2byte	0x1e6
 151 009c 6F000000 		.4byte	0x6f
 152 00a0 03       		.uleb128 0x3
 153 00a1 04       		.byte	0x4
 154 00a2 04       		.byte	0x4
 155 00a3 39000000 		.4byte	.LASF14
 156 00a7 03       		.uleb128 0x3
 157 00a8 08       		.byte	0x8
 158 00a9 04       		.byte	0x4
 159 00aa 37010000 		.4byte	.LASF15
 160 00ae 03       		.uleb128 0x3
 161 00af 01       		.byte	0x1
 162 00b0 08       		.byte	0x8
 163 00b1 97010000 		.4byte	.LASF16
 164 00b5 03       		.uleb128 0x3
 165 00b6 04       		.byte	0x4
 166 00b7 07       		.byte	0x7
 167 00b8 80010000 		.4byte	.LASF17
 168 00bc 06       		.uleb128 0x6
 169 00bd 62010000 		.4byte	.LASF28
 170 00c1 01       		.byte	0x1
 171 00c2 10       		.byte	0x10
 172 00c3 00000000 		.4byte	.LFB68
 173 00c7 24000000 		.4byte	.LFE68-.LFB68
 174 00cb 01       		.uleb128 0x1
 175 00cc 9C       		.byte	0x9c
 176 00cd 4B010000 		.4byte	0x14b
 177 00d1 07       		.uleb128 0x7
 178 00d2 13020000 		.4byte	.LASF18
 179 00d6 01       		.byte	0x1
 180 00d7 10       		.byte	0x10
 181 00d8 94000000 		.4byte	0x94
 182 00dc 00000000 		.4byte	.LLST0
 183 00e0 07       		.uleb128 0x7
 184 00e1 9C010000 		.4byte	.LASF19
 185 00e5 01       		.byte	0x1
 186 00e6 10       		.byte	0x10
 187 00e7 88000000 		.4byte	0x88
 188 00eb 1E000000 		.4byte	.LLST1
 189 00ef 08       		.uleb128 0x8
 190 00f0 636D7000 		.ascii	"cmp\000"
 191 00f4 01       		.byte	0x1
 192 00f5 12       		.byte	0x12
 193 00f6 88000000 		.4byte	0x88
 194 00fa 01       		.uleb128 0x1
 195 00fb 56       		.byte	0x56
 196 00fc 09       		.uleb128 0x9
 197 00fd 0C000000 		.4byte	.LVL2
 198 0101 5C010000 		.4byte	0x15c
 199 0105 0A       		.uleb128 0xa
 200 0106 12000000 		.4byte	.LVL3
 201 010a 67010000 		.4byte	0x167
 202 010e 19010000 		.4byte	0x119
 203 0112 0B       		.uleb128 0xb
 204 0113 01       		.uleb128 0x1
 205 0114 50       		.byte	0x50
ARM GAS  C:\Users\samue\AppData\Local\Temp\ccrloBJj.s 			page 5


 206 0115 02       		.uleb128 0x2
 207 0116 76       		.byte	0x76
 208 0117 00       		.sleb128 0
 209 0118 00       		.byte	0
 210 0119 0A       		.uleb128 0xa
 211 011a 18000000 		.4byte	.LVL4
 212 011e 72010000 		.4byte	0x172
 213 0122 2D010000 		.4byte	0x12d
 214 0126 0B       		.uleb128 0xb
 215 0127 01       		.uleb128 0x1
 216 0128 50       		.byte	0x50
 217 0129 02       		.uleb128 0x2
 218 012a 74       		.byte	0x74
 219 012b 00       		.sleb128 0
 220 012c 00       		.byte	0
 221 012d 0A       		.uleb128 0xa
 222 012e 1E000000 		.4byte	.LVL5
 223 0132 7D010000 		.4byte	0x17d
 224 0136 41010000 		.4byte	0x141
 225 013a 0B       		.uleb128 0xb
 226 013b 01       		.uleb128 0x1
 227 013c 50       		.byte	0x50
 228 013d 02       		.uleb128 0x2
 229 013e 75       		.byte	0x75
 230 013f 00       		.sleb128 0
 231 0140 00       		.byte	0
 232 0141 09       		.uleb128 0x9
 233 0142 22000000 		.4byte	.LVL6
 234 0146 89010000 		.4byte	0x189
 235 014a 00       		.byte	0
 236 014b 0C       		.uleb128 0xc
 237 014c 2A010000 		.4byte	.LASF29
 238 0150 07       		.byte	0x7
 239 0151 1207     		.2byte	0x712
 240 0153 57010000 		.4byte	0x157
 241 0157 0D       		.uleb128 0xd
 242 0158 7D000000 		.4byte	0x7d
 243 015c 0E       		.uleb128 0xe
 244 015d 67010000 		.4byte	.LASF20
 245 0161 67010000 		.4byte	.LASF20
 246 0165 05       		.byte	0x5
 247 0166 92       		.byte	0x92
 248 0167 0E       		.uleb128 0xe
 249 0168 00000000 		.4byte	.LASF21
 250 016c 00000000 		.4byte	.LASF21
 251 0170 05       		.byte	0x5
 252 0171 C3       		.byte	0xc3
 253 0172 0E       		.uleb128 0xe
 254 0173 22000000 		.4byte	.LASF22
 255 0177 22000000 		.4byte	.LASF22
 256 017b 05       		.byte	0x5
 257 017c BE       		.byte	0xbe
 258 017d 0F       		.uleb128 0xf
 259 017e F0010000 		.4byte	.LASF23
 260 0182 F0010000 		.4byte	.LASF23
 261 0186 06       		.byte	0x6
 262 0187 ED02     		.2byte	0x2ed
ARM GAS  C:\Users\samue\AppData\Local\Temp\ccrloBJj.s 			page 6


 263 0189 0E       		.uleb128 0xe
 264 018a 52010000 		.4byte	.LASF24
 265 018e 52010000 		.4byte	.LASF24
 266 0192 05       		.byte	0x5
 267 0193 93       		.byte	0x93
 268 0194 00       		.byte	0
 269              		.section	.debug_abbrev,"",%progbits
 270              	.Ldebug_abbrev0:
 271 0000 01       		.uleb128 0x1
 272 0001 11       		.uleb128 0x11
 273 0002 01       		.byte	0x1
 274 0003 25       		.uleb128 0x25
 275 0004 0E       		.uleb128 0xe
 276 0005 13       		.uleb128 0x13
 277 0006 0B       		.uleb128 0xb
 278 0007 03       		.uleb128 0x3
 279 0008 0E       		.uleb128 0xe
 280 0009 1B       		.uleb128 0x1b
 281 000a 0E       		.uleb128 0xe
 282 000b 55       		.uleb128 0x55
 283 000c 17       		.uleb128 0x17
 284 000d 11       		.uleb128 0x11
 285 000e 01       		.uleb128 0x1
 286 000f 10       		.uleb128 0x10
 287 0010 17       		.uleb128 0x17
 288 0011 00       		.byte	0
 289 0012 00       		.byte	0
 290 0013 02       		.uleb128 0x2
 291 0014 24       		.uleb128 0x24
 292 0015 00       		.byte	0
 293 0016 0B       		.uleb128 0xb
 294 0017 0B       		.uleb128 0xb
 295 0018 3E       		.uleb128 0x3e
 296 0019 0B       		.uleb128 0xb
 297 001a 03       		.uleb128 0x3
 298 001b 08       		.uleb128 0x8
 299 001c 00       		.byte	0
 300 001d 00       		.byte	0
 301 001e 03       		.uleb128 0x3
 302 001f 24       		.uleb128 0x24
 303 0020 00       		.byte	0
 304 0021 0B       		.uleb128 0xb
 305 0022 0B       		.uleb128 0xb
 306 0023 3E       		.uleb128 0x3e
 307 0024 0B       		.uleb128 0xb
 308 0025 03       		.uleb128 0x3
 309 0026 0E       		.uleb128 0xe
 310 0027 00       		.byte	0
 311 0028 00       		.byte	0
 312 0029 04       		.uleb128 0x4
 313 002a 16       		.uleb128 0x16
 314 002b 00       		.byte	0
 315 002c 03       		.uleb128 0x3
 316 002d 0E       		.uleb128 0xe
 317 002e 3A       		.uleb128 0x3a
 318 002f 0B       		.uleb128 0xb
 319 0030 3B       		.uleb128 0x3b
ARM GAS  C:\Users\samue\AppData\Local\Temp\ccrloBJj.s 			page 7


 320 0031 0B       		.uleb128 0xb
 321 0032 49       		.uleb128 0x49
 322 0033 13       		.uleb128 0x13
 323 0034 00       		.byte	0
 324 0035 00       		.byte	0
 325 0036 05       		.uleb128 0x5
 326 0037 16       		.uleb128 0x16
 327 0038 00       		.byte	0
 328 0039 03       		.uleb128 0x3
 329 003a 0E       		.uleb128 0xe
 330 003b 3A       		.uleb128 0x3a
 331 003c 0B       		.uleb128 0xb
 332 003d 3B       		.uleb128 0x3b
 333 003e 05       		.uleb128 0x5
 334 003f 49       		.uleb128 0x49
 335 0040 13       		.uleb128 0x13
 336 0041 00       		.byte	0
 337 0042 00       		.byte	0
 338 0043 06       		.uleb128 0x6
 339 0044 2E       		.uleb128 0x2e
 340 0045 01       		.byte	0x1
 341 0046 3F       		.uleb128 0x3f
 342 0047 19       		.uleb128 0x19
 343 0048 03       		.uleb128 0x3
 344 0049 0E       		.uleb128 0xe
 345 004a 3A       		.uleb128 0x3a
 346 004b 0B       		.uleb128 0xb
 347 004c 3B       		.uleb128 0x3b
 348 004d 0B       		.uleb128 0xb
 349 004e 27       		.uleb128 0x27
 350 004f 19       		.uleb128 0x19
 351 0050 11       		.uleb128 0x11
 352 0051 01       		.uleb128 0x1
 353 0052 12       		.uleb128 0x12
 354 0053 06       		.uleb128 0x6
 355 0054 40       		.uleb128 0x40
 356 0055 18       		.uleb128 0x18
 357 0056 9742     		.uleb128 0x2117
 358 0058 19       		.uleb128 0x19
 359 0059 01       		.uleb128 0x1
 360 005a 13       		.uleb128 0x13
 361 005b 00       		.byte	0
 362 005c 00       		.byte	0
 363 005d 07       		.uleb128 0x7
 364 005e 05       		.uleb128 0x5
 365 005f 00       		.byte	0
 366 0060 03       		.uleb128 0x3
 367 0061 0E       		.uleb128 0xe
 368 0062 3A       		.uleb128 0x3a
 369 0063 0B       		.uleb128 0xb
 370 0064 3B       		.uleb128 0x3b
 371 0065 0B       		.uleb128 0xb
 372 0066 49       		.uleb128 0x49
 373 0067 13       		.uleb128 0x13
 374 0068 02       		.uleb128 0x2
 375 0069 17       		.uleb128 0x17
 376 006a 00       		.byte	0
ARM GAS  C:\Users\samue\AppData\Local\Temp\ccrloBJj.s 			page 8


 377 006b 00       		.byte	0
 378 006c 08       		.uleb128 0x8
 379 006d 34       		.uleb128 0x34
 380 006e 00       		.byte	0
 381 006f 03       		.uleb128 0x3
 382 0070 08       		.uleb128 0x8
 383 0071 3A       		.uleb128 0x3a
 384 0072 0B       		.uleb128 0xb
 385 0073 3B       		.uleb128 0x3b
 386 0074 0B       		.uleb128 0xb
 387 0075 49       		.uleb128 0x49
 388 0076 13       		.uleb128 0x13
 389 0077 02       		.uleb128 0x2
 390 0078 18       		.uleb128 0x18
 391 0079 00       		.byte	0
 392 007a 00       		.byte	0
 393 007b 09       		.uleb128 0x9
 394 007c 898201   		.uleb128 0x4109
 395 007f 00       		.byte	0
 396 0080 11       		.uleb128 0x11
 397 0081 01       		.uleb128 0x1
 398 0082 31       		.uleb128 0x31
 399 0083 13       		.uleb128 0x13
 400 0084 00       		.byte	0
 401 0085 00       		.byte	0
 402 0086 0A       		.uleb128 0xa
 403 0087 898201   		.uleb128 0x4109
 404 008a 01       		.byte	0x1
 405 008b 11       		.uleb128 0x11
 406 008c 01       		.uleb128 0x1
 407 008d 31       		.uleb128 0x31
 408 008e 13       		.uleb128 0x13
 409 008f 01       		.uleb128 0x1
 410 0090 13       		.uleb128 0x13
 411 0091 00       		.byte	0
 412 0092 00       		.byte	0
 413 0093 0B       		.uleb128 0xb
 414 0094 8A8201   		.uleb128 0x410a
 415 0097 00       		.byte	0
 416 0098 02       		.uleb128 0x2
 417 0099 18       		.uleb128 0x18
 418 009a 9142     		.uleb128 0x2111
 419 009c 18       		.uleb128 0x18
 420 009d 00       		.byte	0
 421 009e 00       		.byte	0
 422 009f 0C       		.uleb128 0xc
 423 00a0 34       		.uleb128 0x34
 424 00a1 00       		.byte	0
 425 00a2 03       		.uleb128 0x3
 426 00a3 0E       		.uleb128 0xe
 427 00a4 3A       		.uleb128 0x3a
 428 00a5 0B       		.uleb128 0xb
 429 00a6 3B       		.uleb128 0x3b
 430 00a7 05       		.uleb128 0x5
 431 00a8 49       		.uleb128 0x49
 432 00a9 13       		.uleb128 0x13
 433 00aa 3F       		.uleb128 0x3f
ARM GAS  C:\Users\samue\AppData\Local\Temp\ccrloBJj.s 			page 9


 434 00ab 19       		.uleb128 0x19
 435 00ac 3C       		.uleb128 0x3c
 436 00ad 19       		.uleb128 0x19
 437 00ae 00       		.byte	0
 438 00af 00       		.byte	0
 439 00b0 0D       		.uleb128 0xd
 440 00b1 35       		.uleb128 0x35
 441 00b2 00       		.byte	0
 442 00b3 49       		.uleb128 0x49
 443 00b4 13       		.uleb128 0x13
 444 00b5 00       		.byte	0
 445 00b6 00       		.byte	0
 446 00b7 0E       		.uleb128 0xe
 447 00b8 2E       		.uleb128 0x2e
 448 00b9 00       		.byte	0
 449 00ba 3F       		.uleb128 0x3f
 450 00bb 19       		.uleb128 0x19
 451 00bc 3C       		.uleb128 0x3c
 452 00bd 19       		.uleb128 0x19
 453 00be 6E       		.uleb128 0x6e
 454 00bf 0E       		.uleb128 0xe
 455 00c0 03       		.uleb128 0x3
 456 00c1 0E       		.uleb128 0xe
 457 00c2 3A       		.uleb128 0x3a
 458 00c3 0B       		.uleb128 0xb
 459 00c4 3B       		.uleb128 0x3b
 460 00c5 0B       		.uleb128 0xb
 461 00c6 00       		.byte	0
 462 00c7 00       		.byte	0
 463 00c8 0F       		.uleb128 0xf
 464 00c9 2E       		.uleb128 0x2e
 465 00ca 00       		.byte	0
 466 00cb 3F       		.uleb128 0x3f
 467 00cc 19       		.uleb128 0x19
 468 00cd 3C       		.uleb128 0x3c
 469 00ce 19       		.uleb128 0x19
 470 00cf 6E       		.uleb128 0x6e
 471 00d0 0E       		.uleb128 0xe
 472 00d1 03       		.uleb128 0x3
 473 00d2 0E       		.uleb128 0xe
 474 00d3 3A       		.uleb128 0x3a
 475 00d4 0B       		.uleb128 0xb
 476 00d5 3B       		.uleb128 0x3b
 477 00d6 05       		.uleb128 0x5
 478 00d7 00       		.byte	0
 479 00d8 00       		.byte	0
 480 00d9 00       		.byte	0
 481              		.section	.debug_loc,"",%progbits
 482              	.Ldebug_loc0:
 483              	.LLST0:
 484 0000 00000000 		.4byte	.LVL0
 485 0004 0B000000 		.4byte	.LVL2-1
 486 0008 0100     		.2byte	0x1
 487 000a 50       		.byte	0x50
 488 000b 0B000000 		.4byte	.LVL2-1
 489 000f 24000000 		.4byte	.LFE68
 490 0013 0100     		.2byte	0x1
ARM GAS  C:\Users\samue\AppData\Local\Temp\ccrloBJj.s 			page 10


 491 0015 55       		.byte	0x55
 492 0016 00000000 		.4byte	0
 493 001a 00000000 		.4byte	0
 494              	.LLST1:
 495 001e 00000000 		.4byte	.LVL0
 496 0022 0B000000 		.4byte	.LVL2-1
 497 0026 0100     		.2byte	0x1
 498 0028 51       		.byte	0x51
 499 0029 0B000000 		.4byte	.LVL2-1
 500 002d 24000000 		.4byte	.LFE68
 501 0031 0400     		.2byte	0x4
 502 0033 F3       		.byte	0xf3
 503 0034 01       		.uleb128 0x1
 504 0035 51       		.byte	0x51
 505 0036 9F       		.byte	0x9f
 506 0037 00000000 		.4byte	0
 507 003b 00000000 		.4byte	0
 508              		.section	.debug_aranges,"",%progbits
 509 0000 1C000000 		.4byte	0x1c
 510 0004 0200     		.2byte	0x2
 511 0006 00000000 		.4byte	.Ldebug_info0
 512 000a 04       		.byte	0x4
 513 000b 00       		.byte	0
 514 000c 0000     		.2byte	0
 515 000e 0000     		.2byte	0
 516 0010 00000000 		.4byte	.LFB68
 517 0014 24000000 		.4byte	.LFE68-.LFB68
 518 0018 00000000 		.4byte	0
 519 001c 00000000 		.4byte	0
 520              		.section	.debug_ranges,"",%progbits
 521              	.Ldebug_ranges0:
 522 0000 00000000 		.4byte	.LFB68
 523 0004 24000000 		.4byte	.LFE68
 524 0008 00000000 		.4byte	0
 525 000c 00000000 		.4byte	0
 526              		.section	.debug_line,"",%progbits
 527              	.Ldebug_line0:
 528 0000 A8010000 		.section	.debug_str,"MS",%progbits,1
 528      02008D01 
 528      00000201 
 528      FB0E0D00 
 528      01010101 
 529              	.LASF21:
 530 0000 42757A7A 		.ascii	"Buzzer_PWM_WriteCompare\000"
 530      65725F50 
 530      574D5F57 
 530      72697465 
 530      436F6D70 
 531              	.LASF10:
 532 0018 5F5F696E 		.ascii	"__int32_t\000"
 532      7433325F 
 532      7400
 533              	.LASF22:
 534 0022 42757A7A 		.ascii	"Buzzer_PWM_WritePeriod\000"
 534      65725F50 
 534      574D5F57 
 534      72697465 
ARM GAS  C:\Users\samue\AppData\Local\Temp\ccrloBJj.s 			page 11


 534      50657269 
 535              	.LASF14:
 536 0039 666C6F61 		.ascii	"float\000"
 536      7400
 537              	.LASF9:
 538 003f 6C6F6E67 		.ascii	"long long unsigned int\000"
 538      206C6F6E 
 538      6720756E 
 538      7369676E 
 538      65642069 
 539              	.LASF4:
 540 0056 756E7369 		.ascii	"unsigned char\000"
 540      676E6564 
 540      20636861 
 540      7200
 541              	.LASF25:
 542 0064 474E5520 		.ascii	"GNU C11 5.4.1 20160609 (release) [ARM/embedded-5-br"
 542      43313120 
 542      352E342E 
 542      31203230 
 542      31363036 
 543 0097 616E6368 		.ascii	"anch revision 237715] -mcpu=cortex-m3 -mthumb -g -O"
 543      20726576 
 543      6973696F 
 543      6E203233 
 543      37373135 
 544 00ca 67202D66 		.ascii	"g -ffunction-sections -ffat-lto-objects\000"
 544      66756E63 
 544      74696F6E 
 544      2D736563 
 544      74696F6E 
 545              	.LASF8:
 546 00f2 6C6F6E67 		.ascii	"long unsigned int\000"
 546      20756E73 
 546      69676E65 
 546      6420696E 
 546      7400
 547              	.LASF6:
 548 0104 73686F72 		.ascii	"short unsigned int\000"
 548      7420756E 
 548      7369676E 
 548      65642069 
 548      6E7400
 549              	.LASF26:
 550 0117 5A756D6F 		.ascii	"ZumoLibrary\\Beep.c\000"
 550      4C696272 
 550      6172795C 
 550      42656570 
 550      2E6300
 551              	.LASF29:
 552 012a 49544D5F 		.ascii	"ITM_RxBuffer\000"
 552      52784275 
 552      66666572 
 552      00
 553              	.LASF15:
 554 0137 646F7562 		.ascii	"double\000"
 554      6C6500
ARM GAS  C:\Users\samue\AppData\Local\Temp\ccrloBJj.s 			page 12


 555              	.LASF13:
 556 013e 75696E74 		.ascii	"uint32\000"
 556      333200
 557              	.LASF0:
 558 0145 756E7369 		.ascii	"unsigned int\000"
 558      676E6564 
 558      20696E74 
 558      00
 559              	.LASF24:
 560 0152 42757A7A 		.ascii	"Buzzer_PWM_Stop\000"
 560      65725F50 
 560      574D5F53 
 560      746F7000 
 561              	.LASF28:
 562 0162 42656570 		.ascii	"Beep\000"
 562      00
 563              	.LASF20:
 564 0167 42757A7A 		.ascii	"Buzzer_PWM_Start\000"
 564      65725F50 
 564      574D5F53 
 564      74617274 
 564      00
 565              	.LASF11:
 566 0178 696E7433 		.ascii	"int32_t\000"
 566      325F7400 
 567              	.LASF17:
 568 0180 73697A65 		.ascii	"sizetype\000"
 568      74797065 
 568      00
 569              	.LASF1:
 570 0189 6C6F6E67 		.ascii	"long long int\000"
 570      206C6F6E 
 570      6720696E 
 570      7400
 571              	.LASF16:
 572 0197 63686172 		.ascii	"char\000"
 572      00
 573              	.LASF19:
 574 019c 70697463 		.ascii	"pitch\000"
 574      6800
 575              	.LASF5:
 576 01a2 73686F72 		.ascii	"short int\000"
 576      7420696E 
 576      7400
 577              	.LASF12:
 578 01ac 75696E74 		.ascii	"uint8\000"
 578      3800
 579              	.LASF27:
 580 01b2 433A5C55 		.ascii	"C:\\Users\\samue\\Desktop\\RobotRage2\\Zumo\\ZumoBo"
 580      73657273 
 580      5C73616D 
 580      75655C44 
 580      65736B74 
 581 01df 742E6379 		.ascii	"t.cydsn\000"
 581      64736E00 
 582              	.LASF7:
 583 01e7 6C6F6E67 		.ascii	"long int\000"
ARM GAS  C:\Users\samue\AppData\Local\Temp\ccrloBJj.s 			page 13


 583      20696E74 
 583      00
 584              	.LASF23:
 585 01f0 76546173 		.ascii	"vTaskDelay\000"
 585      6B44656C 
 585      617900
 586              	.LASF2:
 587 01fb 6C6F6E67 		.ascii	"long double\000"
 587      20646F75 
 587      626C6500 
 588              	.LASF3:
 589 0207 7369676E 		.ascii	"signed char\000"
 589      65642063 
 589      68617200 
 590              	.LASF18:
 591 0213 6C656E67 		.ascii	"length\000"
 591      746800
 592              		.ident	"GCC: (GNU Tools for ARM Embedded Processors) 5.4.1 20160609 (release) [ARM/embedded-5-bran
