ARM GAS  C:\Users\samue\AppData\Local\Temp\cc9g41ee.s 			page 1


   1              		.syntax unified
   2              		.cpu cortex-m3
   3              		.fpu softvfp
   4              		.eabi_attribute 20, 1
   5              		.eabi_attribute 21, 1
   6              		.eabi_attribute 23, 3
   7              		.eabi_attribute 24, 1
   8              		.eabi_attribute 25, 1
   9              		.eabi_attribute 26, 1
  10              		.eabi_attribute 30, 1
  11              		.eabi_attribute 34, 1
  12              		.eabi_attribute 18, 4
  13              		.thumb
  14              		.syntax unified
  15              		.file	"croutine.c"
  16              		.text
  17              	.Ltext0:
  18              		.cfi_sections	.debug_frame
  19              	.Letext0:
  20              		.file 1 "c:\\program files (x86)\\cypress\\psoc creator\\4.2\\psoc creator\\import\\gnu\\arm\\5.4.
  21              		.file 2 "c:\\program files (x86)\\cypress\\psoc creator\\4.2\\psoc creator\\import\\gnu\\arm\\5.4.
  22              		.file 3 "Generated_Source\\PSoC5/core_cm3.h"
  23              		.section	.debug_info,"",%progbits
  24              	.Ldebug_info0:
  25 0000 AA000000 		.4byte	0xaa
  26 0004 0400     		.2byte	0x4
  27 0006 00000000 		.4byte	.Ldebug_abbrev0
  28 000a 04       		.byte	0x4
  29 000b 01       		.uleb128 0x1
  30 000c 2E000000 		.4byte	.LASF16
  31 0010 0C       		.byte	0xc
  32 0011 8D010000 		.4byte	.LASF17
  33 0015 E5000000 		.4byte	.LASF18
  34 0019 00000000 		.4byte	.Ldebug_line0
  35 001d 02       		.uleb128 0x2
  36 001e 04       		.byte	0x4
  37 001f 05       		.byte	0x5
  38 0020 696E7400 		.ascii	"int\000"
  39 0024 03       		.uleb128 0x3
  40 0025 04       		.byte	0x4
  41 0026 07       		.byte	0x7
  42 0027 21000000 		.4byte	.LASF0
  43 002b 03       		.uleb128 0x3
  44 002c 08       		.byte	0x8
  45 002d 05       		.byte	0x5
  46 002e 00000000 		.4byte	.LASF1
  47 0032 03       		.uleb128 0x3
  48 0033 08       		.byte	0x8
  49 0034 04       		.byte	0x4
  50 0035 56010000 		.4byte	.LASF2
  51 0039 03       		.uleb128 0x3
  52 003a 01       		.byte	0x1
  53 003b 06       		.byte	0x6
  54 003c 4A010000 		.4byte	.LASF3
  55 0040 03       		.uleb128 0x3
  56 0041 01       		.byte	0x1
  57 0042 08       		.byte	0x8
ARM GAS  C:\Users\samue\AppData\Local\Temp\cc9g41ee.s 			page 2


  58 0043 1A010000 		.4byte	.LASF4
  59 0047 03       		.uleb128 0x3
  60 0048 02       		.byte	0x2
  61 0049 05       		.byte	0x5
  62 004a 72010000 		.4byte	.LASF5
  63 004e 03       		.uleb128 0x3
  64 004f 02       		.byte	0x2
  65 0050 07       		.byte	0x7
  66 0051 0E000000 		.4byte	.LASF6
  67 0055 04       		.uleb128 0x4
  68 0056 62010000 		.4byte	.LASF10
  69 005a 01       		.byte	0x1
  70 005b 3F       		.byte	0x3f
  71 005c 60000000 		.4byte	0x60
  72 0060 03       		.uleb128 0x3
  73 0061 04       		.byte	0x4
  74 0062 05       		.byte	0x5
  75 0063 2D010000 		.4byte	.LASF7
  76 0067 03       		.uleb128 0x3
  77 0068 04       		.byte	0x4
  78 0069 07       		.byte	0x7
  79 006a BC000000 		.4byte	.LASF8
  80 006e 03       		.uleb128 0x3
  81 006f 08       		.byte	0x8
  82 0070 07       		.byte	0x7
  83 0071 CE000000 		.4byte	.LASF9
  84 0075 04       		.uleb128 0x4
  85 0076 7C010000 		.4byte	.LASF11
  86 007a 02       		.byte	0x2
  87 007b 2C       		.byte	0x2c
  88 007c 55000000 		.4byte	0x55
  89 0080 03       		.uleb128 0x3
  90 0081 04       		.byte	0x4
  91 0082 04       		.byte	0x4
  92 0083 6C010000 		.4byte	.LASF12
  93 0087 03       		.uleb128 0x3
  94 0088 08       		.byte	0x8
  95 0089 04       		.byte	0x4
  96 008a 36010000 		.4byte	.LASF13
  97 008e 03       		.uleb128 0x3
  98 008f 01       		.byte	0x1
  99 0090 08       		.byte	0x8
 100 0091 28010000 		.4byte	.LASF14
 101 0095 03       		.uleb128 0x3
 102 0096 04       		.byte	0x4
 103 0097 07       		.byte	0x7
 104 0098 84010000 		.4byte	.LASF15
 105 009c 05       		.uleb128 0x5
 106 009d 3D010000 		.4byte	.LASF19
 107 00a1 03       		.byte	0x3
 108 00a2 1207     		.2byte	0x712
 109 00a4 A8000000 		.4byte	0xa8
 110 00a8 06       		.uleb128 0x6
 111 00a9 75000000 		.4byte	0x75
 112 00ad 00       		.byte	0
 113              		.section	.debug_abbrev,"",%progbits
 114              	.Ldebug_abbrev0:
ARM GAS  C:\Users\samue\AppData\Local\Temp\cc9g41ee.s 			page 3


 115 0000 01       		.uleb128 0x1
 116 0001 11       		.uleb128 0x11
 117 0002 01       		.byte	0x1
 118 0003 25       		.uleb128 0x25
 119 0004 0E       		.uleb128 0xe
 120 0005 13       		.uleb128 0x13
 121 0006 0B       		.uleb128 0xb
 122 0007 03       		.uleb128 0x3
 123 0008 0E       		.uleb128 0xe
 124 0009 1B       		.uleb128 0x1b
 125 000a 0E       		.uleb128 0xe
 126 000b 10       		.uleb128 0x10
 127 000c 17       		.uleb128 0x17
 128 000d 00       		.byte	0
 129 000e 00       		.byte	0
 130 000f 02       		.uleb128 0x2
 131 0010 24       		.uleb128 0x24
 132 0011 00       		.byte	0
 133 0012 0B       		.uleb128 0xb
 134 0013 0B       		.uleb128 0xb
 135 0014 3E       		.uleb128 0x3e
 136 0015 0B       		.uleb128 0xb
 137 0016 03       		.uleb128 0x3
 138 0017 08       		.uleb128 0x8
 139 0018 00       		.byte	0
 140 0019 00       		.byte	0
 141 001a 03       		.uleb128 0x3
 142 001b 24       		.uleb128 0x24
 143 001c 00       		.byte	0
 144 001d 0B       		.uleb128 0xb
 145 001e 0B       		.uleb128 0xb
 146 001f 3E       		.uleb128 0x3e
 147 0020 0B       		.uleb128 0xb
 148 0021 03       		.uleb128 0x3
 149 0022 0E       		.uleb128 0xe
 150 0023 00       		.byte	0
 151 0024 00       		.byte	0
 152 0025 04       		.uleb128 0x4
 153 0026 16       		.uleb128 0x16
 154 0027 00       		.byte	0
 155 0028 03       		.uleb128 0x3
 156 0029 0E       		.uleb128 0xe
 157 002a 3A       		.uleb128 0x3a
 158 002b 0B       		.uleb128 0xb
 159 002c 3B       		.uleb128 0x3b
 160 002d 0B       		.uleb128 0xb
 161 002e 49       		.uleb128 0x49
 162 002f 13       		.uleb128 0x13
 163 0030 00       		.byte	0
 164 0031 00       		.byte	0
 165 0032 05       		.uleb128 0x5
 166 0033 34       		.uleb128 0x34
 167 0034 00       		.byte	0
 168 0035 03       		.uleb128 0x3
 169 0036 0E       		.uleb128 0xe
 170 0037 3A       		.uleb128 0x3a
 171 0038 0B       		.uleb128 0xb
ARM GAS  C:\Users\samue\AppData\Local\Temp\cc9g41ee.s 			page 4


 172 0039 3B       		.uleb128 0x3b
 173 003a 05       		.uleb128 0x5
 174 003b 49       		.uleb128 0x49
 175 003c 13       		.uleb128 0x13
 176 003d 3F       		.uleb128 0x3f
 177 003e 19       		.uleb128 0x19
 178 003f 3C       		.uleb128 0x3c
 179 0040 19       		.uleb128 0x19
 180 0041 00       		.byte	0
 181 0042 00       		.byte	0
 182 0043 06       		.uleb128 0x6
 183 0044 35       		.uleb128 0x35
 184 0045 00       		.byte	0
 185 0046 49       		.uleb128 0x49
 186 0047 13       		.uleb128 0x13
 187 0048 00       		.byte	0
 188 0049 00       		.byte	0
 189 004a 00       		.byte	0
 190              		.section	.debug_aranges,"",%progbits
 191 0000 14000000 		.4byte	0x14
 192 0004 0200     		.2byte	0x2
 193 0006 00000000 		.4byte	.Ldebug_info0
 194 000a 04       		.byte	0x4
 195 000b 00       		.byte	0
 196 000c 0000     		.2byte	0
 197 000e 0000     		.2byte	0
 198 0010 00000000 		.4byte	0
 199 0014 00000000 		.4byte	0
 200              		.section	.debug_line,"",%progbits
 201              	.Ldebug_line0:
 202 0000 3B010000 		.section	.debug_str,"MS",%progbits,1
 202      02003501 
 202      00000201 
 202      FB0E0D00 
 202      01010101 
 203              	.LASF1:
 204 0000 6C6F6E67 		.ascii	"long long int\000"
 204      206C6F6E 
 204      6720696E 
 204      7400
 205              	.LASF6:
 206 000e 73686F72 		.ascii	"short unsigned int\000"
 206      7420756E 
 206      7369676E 
 206      65642069 
 206      6E7400
 207              	.LASF0:
 208 0021 756E7369 		.ascii	"unsigned int\000"
 208      676E6564 
 208      20696E74 
 208      00
 209              	.LASF16:
 210 002e 474E5520 		.ascii	"GNU C11 5.4.1 20160609 (release) [ARM/embedded-5-br"
 210      43313120 
 210      352E342E 
 210      31203230 
 210      31363036 
ARM GAS  C:\Users\samue\AppData\Local\Temp\cc9g41ee.s 			page 5


 211 0061 616E6368 		.ascii	"anch revision 237715] -mcpu=cortex-m3 -mthumb -g -O"
 211      20726576 
 211      6973696F 
 211      6E203233 
 211      37373135 
 212 0094 67202D66 		.ascii	"g -ffunction-sections -ffat-lto-objects\000"
 212      66756E63 
 212      74696F6E 
 212      2D736563 
 212      74696F6E 
 213              	.LASF8:
 214 00bc 6C6F6E67 		.ascii	"long unsigned int\000"
 214      20756E73 
 214      69676E65 
 214      6420696E 
 214      7400
 215              	.LASF9:
 216 00ce 6C6F6E67 		.ascii	"long long unsigned int\000"
 216      206C6F6E 
 216      6720756E 
 216      7369676E 
 216      65642069 
 217              	.LASF18:
 218 00e5 433A5C55 		.ascii	"C:\\Users\\samue\\Desktop\\RobotRage2\\Zumo\\ZumoBo"
 218      73657273 
 218      5C73616D 
 218      75655C44 
 218      65736B74 
 219 0112 742E6379 		.ascii	"t.cydsn\000"
 219      64736E00 
 220              	.LASF4:
 221 011a 756E7369 		.ascii	"unsigned char\000"
 221      676E6564 
 221      20636861 
 221      7200
 222              	.LASF14:
 223 0128 63686172 		.ascii	"char\000"
 223      00
 224              	.LASF7:
 225 012d 6C6F6E67 		.ascii	"long int\000"
 225      20696E74 
 225      00
 226              	.LASF13:
 227 0136 646F7562 		.ascii	"double\000"
 227      6C6500
 228              	.LASF19:
 229 013d 49544D5F 		.ascii	"ITM_RxBuffer\000"
 229      52784275 
 229      66666572 
 229      00
 230              	.LASF3:
 231 014a 7369676E 		.ascii	"signed char\000"
 231      65642063 
 231      68617200 
 232              	.LASF2:
 233 0156 6C6F6E67 		.ascii	"long double\000"
 233      20646F75 
ARM GAS  C:\Users\samue\AppData\Local\Temp\cc9g41ee.s 			page 6


 233      626C6500 
 234              	.LASF10:
 235 0162 5F5F696E 		.ascii	"__int32_t\000"
 235      7433325F 
 235      7400
 236              	.LASF12:
 237 016c 666C6F61 		.ascii	"float\000"
 237      7400
 238              	.LASF5:
 239 0172 73686F72 		.ascii	"short int\000"
 239      7420696E 
 239      7400
 240              	.LASF11:
 241 017c 696E7433 		.ascii	"int32_t\000"
 241      325F7400 
 242              	.LASF15:
 243 0184 73697A65 		.ascii	"sizetype\000"
 243      74797065 
 243      00
 244              	.LASF17:
 245 018d 2E2E5C46 		.ascii	"..\\FreeRTOS\\Source\\croutine.c\000"
 245      72656552 
 245      544F535C 
 245      536F7572 
 245      63655C63 
 246              		.ident	"GCC: (GNU Tools for ARM Embedded Processors) 5.4.1 20160609 (release) [ARM/embedded-5-bran
