ARM GAS  C:\Users\samue\AppData\Local\Temp\ccpYGVMt.s 			page 1


   1              		.syntax unified
   2              		.cpu cortex-m3
   3              		.fpu softvfp
   4              		.eabi_attribute 20, 1
   5              		.eabi_attribute 21, 1
   6              		.eabi_attribute 23, 3
   7              		.eabi_attribute 24, 1
   8              		.eabi_attribute 25, 1
   9              		.eabi_attribute 26, 1
  10              		.eabi_attribute 30, 1
  11              		.eabi_attribute 34, 1
  12              		.eabi_attribute 18, 4
  13              		.thumb
  14              		.syntax unified
  15              		.file	"Gyro.c"
  16              		.text
  17              	.Ltext0:
  18              		.cfi_sections	.debug_frame
  19              		.section	.text.writeReg,"ax",%progbits
  20              		.align	2
  21              		.global	writeReg
  22              		.thumb
  23              		.thumb_func
  24              		.type	writeReg, %function
  25              	writeReg:
  26              	.LFB69:
  27              		.file 1 "ZumoLibrary\\Gyro.c"
   1:ZumoLibrary/Gyro.c **** /**
   2:ZumoLibrary/Gyro.c ****  * @file    Gyro.c
   3:ZumoLibrary/Gyro.c ****  * @brief   Basic methods for operating gyroscope. For more details, please refer to Gyro.h file. 
   4:ZumoLibrary/Gyro.c ****  * @details part number: L3GD20H (included in Zumo shield)
   5:ZumoLibrary/Gyro.c **** */
   6:ZumoLibrary/Gyro.c **** #include <stdio.h>
   7:ZumoLibrary/Gyro.c **** #include "FreeRTOS.h"
   8:ZumoLibrary/Gyro.c **** #include "task.h"
   9:ZumoLibrary/Gyro.c **** #include "I2C_Common.h"
  10:ZumoLibrary/Gyro.c **** #include "Gyro.h"
  11:ZumoLibrary/Gyro.c **** 
  12:ZumoLibrary/Gyro.c ****     // register addresses
  13:ZumoLibrary/Gyro.c ****     enum regAddr
  14:ZumoLibrary/Gyro.c ****     {
  15:ZumoLibrary/Gyro.c ****        WHO_AM_I       = 0x0F,
  16:ZumoLibrary/Gyro.c **** 
  17:ZumoLibrary/Gyro.c ****        CTRL1          = 0x20, // D20H
  18:ZumoLibrary/Gyro.c ****        CTRL_REG1      = 0x20, // D20, 4200D
  19:ZumoLibrary/Gyro.c ****        CTRL2          = 0x21, // D20H
  20:ZumoLibrary/Gyro.c ****        CTRL_REG2      = 0x21, // D20, 4200D
  21:ZumoLibrary/Gyro.c ****        CTRL3          = 0x22, // D20H
  22:ZumoLibrary/Gyro.c ****        CTRL_REG3      = 0x22, // D20, 4200D
  23:ZumoLibrary/Gyro.c ****        CTRL4          = 0x23, // D20H
  24:ZumoLibrary/Gyro.c ****        CTRL_REG4      = 0x23, // D20, 4200D
  25:ZumoLibrary/Gyro.c ****        CTRL5          = 0x24, // D20H
  26:ZumoLibrary/Gyro.c ****        CTRL_REG5      = 0x24, // D20, 4200D
  27:ZumoLibrary/Gyro.c ****        REFERENCE      = 0x25,
  28:ZumoLibrary/Gyro.c ****        OUT_TEMP       = 0x26,
  29:ZumoLibrary/Gyro.c ****        STATUS         = 0x27, // D20H
  30:ZumoLibrary/Gyro.c ****        STATUS_REG     = 0x27, // D20, 4200D
ARM GAS  C:\Users\samue\AppData\Local\Temp\ccpYGVMt.s 			page 2


  31:ZumoLibrary/Gyro.c **** 
  32:ZumoLibrary/Gyro.c ****        OUT_X_L        = 0x28,
  33:ZumoLibrary/Gyro.c ****        OUT_X_H        = 0x29,
  34:ZumoLibrary/Gyro.c ****        OUT_Y_L        = 0x2A,
  35:ZumoLibrary/Gyro.c ****        OUT_Y_H        = 0x2B,
  36:ZumoLibrary/Gyro.c ****        OUT_Z_L        = 0x2C,
  37:ZumoLibrary/Gyro.c ****        OUT_Z_H        = 0x2D,
  38:ZumoLibrary/Gyro.c **** 
  39:ZumoLibrary/Gyro.c ****        FIFO_CTRL      = 0x2E, // D20H
  40:ZumoLibrary/Gyro.c ****        FIFO_CTRL_REG  = 0x2E, // D20, 4200D
  41:ZumoLibrary/Gyro.c ****        FIFO_SRC       = 0x2F, // D20H
  42:ZumoLibrary/Gyro.c ****        FIFO_SRC_REG   = 0x2F, // D20, 4200D
  43:ZumoLibrary/Gyro.c **** 
  44:ZumoLibrary/Gyro.c ****        IG_CFG         = 0x30, // D20H
  45:ZumoLibrary/Gyro.c ****        INT1_CFG       = 0x30, // D20, 4200D
  46:ZumoLibrary/Gyro.c ****        IG_SRC         = 0x31, // D20H
  47:ZumoLibrary/Gyro.c ****        INT1_SRC       = 0x31, // D20, 4200D
  48:ZumoLibrary/Gyro.c ****        IG_THS_XH      = 0x32, // D20H
  49:ZumoLibrary/Gyro.c ****        INT1_THS_XH    = 0x32, // D20, 4200D
  50:ZumoLibrary/Gyro.c ****        IG_THS_XL      = 0x33, // D20H
  51:ZumoLibrary/Gyro.c ****        INT1_THS_XL    = 0x33, // D20, 4200D
  52:ZumoLibrary/Gyro.c ****        IG_THS_YH      = 0x34, // D20H
  53:ZumoLibrary/Gyro.c ****        INT1_THS_YH    = 0x34, // D20, 4200D
  54:ZumoLibrary/Gyro.c ****        IG_THS_YL      = 0x35, // D20H
  55:ZumoLibrary/Gyro.c ****        INT1_THS_YL    = 0x35, // D20, 4200D
  56:ZumoLibrary/Gyro.c ****        IG_THS_ZH      = 0x36, // D20H
  57:ZumoLibrary/Gyro.c ****        INT1_THS_ZH    = 0x36, // D20, 4200D
  58:ZumoLibrary/Gyro.c ****        IG_THS_ZL      = 0x37, // D20H
  59:ZumoLibrary/Gyro.c ****        INT1_THS_ZL    = 0x37, // D20, 4200D
  60:ZumoLibrary/Gyro.c ****        IG_DURATION    = 0x38, // D20H
  61:ZumoLibrary/Gyro.c ****        INT1_DURATION  = 0x38, // D20, 4200D
  62:ZumoLibrary/Gyro.c **** 
  63:ZumoLibrary/Gyro.c ****        LOW_ODR        = 0x39  // D20H
  64:ZumoLibrary/Gyro.c ****     };
  65:ZumoLibrary/Gyro.c **** 
  66:ZumoLibrary/Gyro.c **** #define D20_SA0_HIGH_ADDRESS      0b1101011 // also applies to D20H
  67:ZumoLibrary/Gyro.c **** void writeReg(uint8 reg, uint8 value)
  68:ZumoLibrary/Gyro.c **** {
  28              		.loc 1 68 0
  29              		.cfi_startproc
  30              		@ args = 0, pretend = 0, frame = 0
  31              		@ frame_needed = 0, uses_anonymous_args = 0
  32              	.LVL0:
  33 0000 08B5     		push	{r3, lr}
  34              		.cfi_def_cfa_offset 8
  35              		.cfi_offset 3, -8
  36              		.cfi_offset 14, -4
  69:ZumoLibrary/Gyro.c ****     I2C_Write(D20_SA0_HIGH_ADDRESS, reg, value);
  37              		.loc 1 69 0
  38 0002 0A46     		mov	r2, r1
  39 0004 0146     		mov	r1, r0
  40              	.LVL1:
  41 0006 6B20     		movs	r0, #107
  42              	.LVL2:
  43 0008 FFF7FEFF 		bl	I2C_Write
  44              	.LVL3:
  45 000c 08BD     		pop	{r3, pc}
ARM GAS  C:\Users\samue\AppData\Local\Temp\ccpYGVMt.s 			page 3


  46              		.cfi_endproc
  47              	.LFE69:
  48              		.size	writeReg, .-writeReg
  49 000e 00BF     		.section	.text.readReg,"ax",%progbits
  50              		.align	2
  51              		.global	readReg
  52              		.thumb
  53              		.thumb_func
  54              		.type	readReg, %function
  55              	readReg:
  56              	.LFB70:
  70:ZumoLibrary/Gyro.c **** }   
  71:ZumoLibrary/Gyro.c **** 
  72:ZumoLibrary/Gyro.c **** uint8 readReg(uint8 reg)
  73:ZumoLibrary/Gyro.c **** {
  57              		.loc 1 73 0
  58              		.cfi_startproc
  59              		@ args = 0, pretend = 0, frame = 0
  60              		@ frame_needed = 0, uses_anonymous_args = 0
  61              	.LVL4:
  62 0000 08B5     		push	{r3, lr}
  63              		.cfi_def_cfa_offset 8
  64              		.cfi_offset 3, -8
  65              		.cfi_offset 14, -4
  74:ZumoLibrary/Gyro.c ****     return I2C_Read(D20_SA0_HIGH_ADDRESS, reg);
  66              		.loc 1 74 0
  67 0002 0146     		mov	r1, r0
  68 0004 6B20     		movs	r0, #107
  69              	.LVL5:
  70 0006 FFF7FEFF 		bl	I2C_Read
  71              	.LVL6:
  75:ZumoLibrary/Gyro.c **** }
  72              		.loc 1 75 0
  73 000a 08BD     		pop	{r3, pc}
  74              		.cfi_endproc
  75              	.LFE70:
  76              		.size	readReg, .-readReg
  77              		.section	.text.read,"ax",%progbits
  78              		.align	2
  79              		.global	read
  80              		.thumb
  81              		.thumb_func
  82              		.type	read, %function
  83              	read:
  84              	.LFB71:
  76:ZumoLibrary/Gyro.c **** 
  77:ZumoLibrary/Gyro.c **** void read(void)
  78:ZumoLibrary/Gyro.c **** {
  85              		.loc 1 78 0
  86              		.cfi_startproc
  87              		@ args = 0, pretend = 0, frame = 8
  88              		@ frame_needed = 0, uses_anonymous_args = 0
  89 0000 30B5     		push	{r4, r5, lr}
  90              		.cfi_def_cfa_offset 12
  91              		.cfi_offset 4, -12
  92              		.cfi_offset 5, -8
  93              		.cfi_offset 14, -4
ARM GAS  C:\Users\samue\AppData\Local\Temp\ccpYGVMt.s 			page 4


  94 0002 83B0     		sub	sp, sp, #12
  95              		.cfi_def_cfa_offset 24
  79:ZumoLibrary/Gyro.c ****     uint8 data[6];
  80:ZumoLibrary/Gyro.c ****     int16 x;
  81:ZumoLibrary/Gyro.c ****     int16 y;
  82:ZumoLibrary/Gyro.c ****     int16 z;
  83:ZumoLibrary/Gyro.c ****     I2C_Read_Multiple(D20_SA0_HIGH_ADDRESS, OUT_X_L | 0x80, data, 6);
  96              		.loc 1 83 0
  97 0004 0623     		movs	r3, #6
  98 0006 6A46     		mov	r2, sp
  99 0008 A821     		movs	r1, #168
 100 000a 6B20     		movs	r0, #107
 101 000c FFF7FEFF 		bl	I2C_Read_Multiple
 102              	.LVL7:
  84:ZumoLibrary/Gyro.c ****     x = (int16) ((data[1] << 8) | data[0]);
 103              		.loc 1 84 0
 104 0010 9DF80110 		ldrb	r1, [sp, #1]	@ zero_extendqisi2
 105 0014 0902     		lsls	r1, r1, #8
 106 0016 09B2     		sxth	r1, r1
 107 0018 9DF80000 		ldrb	r0, [sp]	@ zero_extendqisi2
 108              	.LVL8:
  85:ZumoLibrary/Gyro.c ****     y = (int16) ((data[3] << 8) | data[2]);
 109              		.loc 1 85 0
 110 001c 9DF80320 		ldrb	r2, [sp, #3]	@ zero_extendqisi2
 111 0020 1202     		lsls	r2, r2, #8
 112 0022 12B2     		sxth	r2, r2
 113 0024 9DF80240 		ldrb	r4, [sp, #2]	@ zero_extendqisi2
 114              	.LVL9:
  86:ZumoLibrary/Gyro.c ****     z = (int16) ((data[5] << 8) | data[4]);
 115              		.loc 1 86 0
 116 0028 9DF80530 		ldrb	r3, [sp, #5]	@ zero_extendqisi2
 117 002c 1B02     		lsls	r3, r3, #8
 118 002e 1BB2     		sxth	r3, r3
 119 0030 9DF80450 		ldrb	r5, [sp, #4]	@ zero_extendqisi2
 120              	.LVL10:
  87:ZumoLibrary/Gyro.c ****     
  88:ZumoLibrary/Gyro.c ****     printf("%d, %d, %d\n", x, y, z);
 121              		.loc 1 88 0
 122 0034 2B43     		orrs	r3, r3, r5
 123              	.LVL11:
 124 0036 2243     		orrs	r2, r2, r4
 125              	.LVL12:
 126 0038 0143     		orrs	r1, r1, r0
 127              	.LVL13:
 128 003a 0248     		ldr	r0, .L7
 129              	.LVL14:
 130 003c FFF7FEFF 		bl	printf
 131              	.LVL15:
  89:ZumoLibrary/Gyro.c **** }
 132              		.loc 1 89 0
 133 0040 03B0     		add	sp, sp, #12
 134              		.cfi_def_cfa_offset 12
 135              		@ sp needed
 136 0042 30BD     		pop	{r4, r5, pc}
 137              	.L8:
 138              		.align	2
 139              	.L7:
ARM GAS  C:\Users\samue\AppData\Local\Temp\ccpYGVMt.s 			page 5


 140 0044 00000000 		.word	.LC0
 141              		.cfi_endproc
 142              	.LFE71:
 143              		.size	read, .-read
 144              		.section	.text.enableDefault,"ax",%progbits
 145              		.align	2
 146              		.global	enableDefault
 147              		.thumb
 148              		.thumb_func
 149              		.type	enableDefault, %function
 150              	enableDefault:
 151              	.LFB72:
  90:ZumoLibrary/Gyro.c **** 
  91:ZumoLibrary/Gyro.c **** void enableDefault(void)
  92:ZumoLibrary/Gyro.c **** {
 152              		.loc 1 92 0
 153              		.cfi_startproc
 154              		@ args = 0, pretend = 0, frame = 0
 155              		@ frame_needed = 0, uses_anonymous_args = 0
 156 0000 08B5     		push	{r3, lr}
 157              		.cfi_def_cfa_offset 8
 158              		.cfi_offset 3, -8
 159              		.cfi_offset 14, -4
  93:ZumoLibrary/Gyro.c ****     // 0x00 = 0b00000000
  94:ZumoLibrary/Gyro.c ****     // Low_ODR = 0 (low speed ODR disabled)
  95:ZumoLibrary/Gyro.c ****     writeReg(LOW_ODR, 0x00);
 160              		.loc 1 95 0
 161 0002 0021     		movs	r1, #0
 162 0004 3920     		movs	r0, #57
 163 0006 FFF7FEFF 		bl	writeReg
 164              	.LVL16:
  96:ZumoLibrary/Gyro.c ****   
  97:ZumoLibrary/Gyro.c ****     // 0x00 = 0b00000000
  98:ZumoLibrary/Gyro.c ****     // FS = 00 (+/- 250 dps full scale)
  99:ZumoLibrary/Gyro.c ****     writeReg(CTRL_REG4, 0x00);
 165              		.loc 1 99 0
 166 000a 0021     		movs	r1, #0
 167 000c 2320     		movs	r0, #35
 168 000e FFF7FEFF 		bl	writeReg
 169              	.LVL17:
 100:ZumoLibrary/Gyro.c ****   
 101:ZumoLibrary/Gyro.c ****     // 0x6F = 0b01101111
 102:ZumoLibrary/Gyro.c ****     // DR = 01 (200 Hz ODR); BW = 10 (50 Hz bandwidth); PD = 1 (normal mode); Zen = Yen = Xen = 1 (
 103:ZumoLibrary/Gyro.c ****     writeReg(CTRL_REG1, 0x6F);
 170              		.loc 1 103 0
 171 0012 6F21     		movs	r1, #111
 172 0014 2020     		movs	r0, #32
 173 0016 FFF7FEFF 		bl	writeReg
 174              	.LVL18:
 175 001a 08BD     		pop	{r3, pc}
 176              		.cfi_endproc
 177              	.LFE72:
 178              		.size	enableDefault, .-enableDefault
 179              		.global	__aeabi_ui2f
 180              		.global	__aeabi_fmul
 181              		.global	__aeabi_f2uiz
 182              		.section	.text.value_convert_gyro,"ax",%progbits
ARM GAS  C:\Users\samue\AppData\Local\Temp\ccpYGVMt.s 			page 6


 183              		.align	2
 184              		.global	value_convert_gyro
 185              		.thumb
 186              		.thumb_func
 187              		.type	value_convert_gyro, %function
 188              	value_convert_gyro:
 189              	.LFB73:
 104:ZumoLibrary/Gyro.c **** }
 105:ZumoLibrary/Gyro.c ****     
 106:ZumoLibrary/Gyro.c ****     
 107:ZumoLibrary/Gyro.c **** uint16 value_convert_gyro(uint16 raw)
 108:ZumoLibrary/Gyro.c **** {
 190              		.loc 1 108 0
 191              		.cfi_startproc
 192              		@ args = 0, pretend = 0, frame = 0
 193              		@ frame_needed = 0, uses_anonymous_args = 0
 194              	.LVL19:
 195 0000 08B5     		push	{r3, lr}
 196              		.cfi_def_cfa_offset 8
 197              		.cfi_offset 3, -8
 198              		.cfi_offset 14, -4
 199              	.LVL20:
 109:ZumoLibrary/Gyro.c ****     float rate_result;
 110:ZumoLibrary/Gyro.c ****     float G_GAIN = 0.07;                        // FS = 2000 dps
 111:ZumoLibrary/Gyro.c ****   
 112:ZumoLibrary/Gyro.c ****     rate_result = (float)raw * G_GAIN;          // degrees per second for Gyroscope
 200              		.loc 1 112 0
 201 0002 FFF7FEFF 		bl	__aeabi_ui2f
 202              	.LVL21:
 203 0006 0349     		ldr	r1, .L13
 204 0008 FFF7FEFF 		bl	__aeabi_fmul
 205              	.LVL22:
 113:ZumoLibrary/Gyro.c ****     
 114:ZumoLibrary/Gyro.c ****     return rate_result;
 206              		.loc 1 114 0
 207 000c FFF7FEFF 		bl	__aeabi_f2uiz
 208              	.LVL23:
 115:ZumoLibrary/Gyro.c **** }
 209              		.loc 1 115 0
 210 0010 80B2     		uxth	r0, r0
 211 0012 08BD     		pop	{r3, pc}
 212              	.L14:
 213              		.align	2
 214              	.L13:
 215 0014 295C8F3D 		.word	1032805417
 216              		.cfi_endproc
 217              	.LFE73:
 218              		.size	value_convert_gyro, .-value_convert_gyro
 219              		.section	.rodata.str1.4,"aMS",%progbits,1
 220              		.align	2
 221              	.LC0:
 222 0000 25642C20 		.ascii	"%d, %d, %d\012\000"
 222      25642C20 
 222      25640A00 
 223              		.text
 224              	.Letext0:
 225              		.file 2 "c:\\program files (x86)\\cypress\\psoc creator\\4.2\\psoc creator\\import\\gnu\\arm\\5.4.
ARM GAS  C:\Users\samue\AppData\Local\Temp\ccpYGVMt.s 			page 7


 226              		.file 3 "c:\\program files (x86)\\cypress\\psoc creator\\4.2\\psoc creator\\import\\gnu\\arm\\5.4.
 227              		.file 4 "Generated_Source\\PSoC5/cytypes.h"
 228              		.file 5 "ZumoLibrary\\I2C_Common.h"
 229              		.file 6 "c:\\program files (x86)\\cypress\\psoc creator\\4.2\\psoc creator\\import\\gnu\\arm\\5.4.
 230              		.file 7 "Generated_Source\\PSoC5/core_cm3.h"
 231              		.section	.debug_info,"",%progbits
 232              	.Ldebug_info0:
 233 0000 D1030000 		.4byte	0x3d1
 234 0004 0400     		.2byte	0x4
 235 0006 00000000 		.4byte	.Ldebug_abbrev0
 236 000a 04       		.byte	0x4
 237 000b 01       		.uleb128 0x1
 238 000c 38030000 		.4byte	.LASF76
 239 0010 0C       		.byte	0xc
 240 0011 A1000000 		.4byte	.LASF77
 241 0015 95020000 		.4byte	.LASF78
 242 0019 00000000 		.4byte	.Ldebug_ranges0+0
 243 001d 00000000 		.4byte	0
 244 0021 00000000 		.4byte	.Ldebug_line0
 245 0025 02       		.uleb128 0x2
 246 0026 01       		.byte	0x1
 247 0027 06       		.byte	0x6
 248 0028 95010000 		.4byte	.LASF0
 249 002c 02       		.uleb128 0x2
 250 002d 01       		.byte	0x1
 251 002e 08       		.byte	0x8
 252 002f 66010000 		.4byte	.LASF1
 253 0033 02       		.uleb128 0x2
 254 0034 02       		.byte	0x2
 255 0035 05       		.byte	0x5
 256 0036 5B000000 		.4byte	.LASF2
 257 003a 02       		.uleb128 0x2
 258 003b 02       		.byte	0x2
 259 003c 07       		.byte	0x7
 260 003d 00020000 		.4byte	.LASF3
 261 0041 03       		.uleb128 0x3
 262 0042 08030000 		.4byte	.LASF12
 263 0046 02       		.byte	0x2
 264 0047 3F       		.byte	0x3f
 265 0048 4C000000 		.4byte	0x4c
 266 004c 02       		.uleb128 0x2
 267 004d 04       		.byte	0x4
 268 004e 05       		.byte	0x5
 269 004f 25010000 		.4byte	.LASF4
 270 0053 02       		.uleb128 0x2
 271 0054 04       		.byte	0x4
 272 0055 07       		.byte	0x7
 273 0056 83020000 		.4byte	.LASF5
 274 005a 02       		.uleb128 0x2
 275 005b 08       		.byte	0x8
 276 005c 05       		.byte	0x5
 277 005d FD000000 		.4byte	.LASF6
 278 0061 02       		.uleb128 0x2
 279 0062 08       		.byte	0x8
 280 0063 07       		.byte	0x7
 281 0064 A1010000 		.4byte	.LASF7
 282 0068 04       		.uleb128 0x4
ARM GAS  C:\Users\samue\AppData\Local\Temp\ccpYGVMt.s 			page 8


 283 0069 04       		.byte	0x4
 284 006a 05       		.byte	0x5
 285 006b 696E7400 		.ascii	"int\000"
 286 006f 02       		.uleb128 0x2
 287 0070 04       		.byte	0x4
 288 0071 07       		.byte	0x7
 289 0072 C3010000 		.4byte	.LASF8
 290 0076 02       		.uleb128 0x2
 291 0077 08       		.byte	0x8
 292 0078 04       		.byte	0x4
 293 0079 5A010000 		.4byte	.LASF9
 294 007d 02       		.uleb128 0x2
 295 007e 04       		.byte	0x4
 296 007f 07       		.byte	0x7
 297 0080 6E000000 		.4byte	.LASF10
 298 0084 02       		.uleb128 0x2
 299 0085 01       		.byte	0x1
 300 0086 08       		.byte	0x8
 301 0087 17010000 		.4byte	.LASF11
 302 008b 03       		.uleb128 0x3
 303 008c 25020000 		.4byte	.LASF13
 304 0090 03       		.byte	0x3
 305 0091 2C       		.byte	0x2c
 306 0092 41000000 		.4byte	0x41
 307 0096 05       		.uleb128 0x5
 308 0097 CD000000 		.4byte	.LASF14
 309 009b 04       		.byte	0x4
 310 009c E401     		.2byte	0x1e4
 311 009e 2C000000 		.4byte	0x2c
 312 00a2 05       		.uleb128 0x5
 313 00a3 B4000000 		.4byte	.LASF15
 314 00a7 04       		.byte	0x4
 315 00a8 E501     		.2byte	0x1e5
 316 00aa 3A000000 		.4byte	0x3a
 317 00ae 05       		.uleb128 0x5
 318 00af C7000000 		.4byte	.LASF16
 319 00b3 04       		.byte	0x4
 320 00b4 E801     		.2byte	0x1e8
 321 00b6 33000000 		.4byte	0x33
 322 00ba 02       		.uleb128 0x2
 323 00bb 04       		.byte	0x4
 324 00bc 04       		.byte	0x4
 325 00bd DF000000 		.4byte	.LASF17
 326 00c1 02       		.uleb128 0x2
 327 00c2 08       		.byte	0x8
 328 00c3 04       		.byte	0x4
 329 00c4 CA020000 		.4byte	.LASF18
 330 00c8 06       		.uleb128 0x6
 331 00c9 57020000 		.4byte	.LASF79
 332 00cd 01       		.byte	0x1
 333 00ce 2C000000 		.4byte	0x2c
 334 00d2 01       		.byte	0x1
 335 00d3 0D       		.byte	0xd
 336 00d4 E1010000 		.4byte	0x1e1
 337 00d8 07       		.uleb128 0x7
 338 00d9 00000000 		.4byte	.LASF19
 339 00dd 0F       		.byte	0xf
ARM GAS  C:\Users\samue\AppData\Local\Temp\ccpYGVMt.s 			page 9


 340 00de 07       		.uleb128 0x7
 341 00df D3000000 		.4byte	.LASF20
 342 00e3 20       		.byte	0x20
 343 00e4 07       		.uleb128 0x7
 344 00e5 D0010000 		.4byte	.LASF21
 345 00e9 20       		.byte	0x20
 346 00ea 07       		.uleb128 0x7
 347 00eb D9000000 		.4byte	.LASF22
 348 00ef 21       		.byte	0x21
 349 00f0 07       		.uleb128 0x7
 350 00f1 DA010000 		.4byte	.LASF23
 351 00f5 21       		.byte	0x21
 352 00f6 07       		.uleb128 0x7
 353 00f7 89000000 		.4byte	.LASF24
 354 00fb 22       		.byte	0x22
 355 00fc 07       		.uleb128 0x7
 356 00fd E4010000 		.4byte	.LASF25
 357 0101 22       		.byte	0x22
 358 0102 07       		.uleb128 0x7
 359 0103 E5000000 		.4byte	.LASF26
 360 0107 23       		.byte	0x23
 361 0108 07       		.uleb128 0x7
 362 0109 1B020000 		.4byte	.LASF27
 363 010d 23       		.byte	0x23
 364 010e 07       		.uleb128 0x7
 365 010f EB000000 		.4byte	.LASF28
 366 0113 24       		.byte	0x24
 367 0114 07       		.uleb128 0x7
 368 0115 F6010000 		.4byte	.LASF29
 369 0119 24       		.byte	0x24
 370 011a 07       		.uleb128 0x7
 371 011b 32000000 		.4byte	.LASF30
 372 011f 25       		.byte	0x25
 373 0120 07       		.uleb128 0x7
 374 0121 1A030000 		.4byte	.LASF31
 375 0125 26       		.byte	0x26
 376 0126 07       		.uleb128 0x7
 377 0127 CF030000 		.4byte	.LASF32
 378 012b 27       		.byte	0x27
 379 012c 07       		.uleb128 0x7
 380 012d B8010000 		.4byte	.LASF33
 381 0131 27       		.byte	0x27
 382 0132 07       		.uleb128 0x7
 383 0133 23030000 		.4byte	.LASF34
 384 0137 28       		.byte	0x28
 385 0138 07       		.uleb128 0x7
 386 0139 12030000 		.4byte	.LASF35
 387 013d 29       		.byte	0x29
 388 013e 07       		.uleb128 0x7
 389 013f 6D020000 		.4byte	.LASF36
 390 0143 2A       		.byte	0x2a
 391 0144 07       		.uleb128 0x7
 392 0145 4F020000 		.4byte	.LASF37
 393 0149 2B       		.byte	0x2b
 394 014a 07       		.uleb128 0x7
 395 014b 13020000 		.4byte	.LASF38
 396 014f 2C       		.byte	0x2c
ARM GAS  C:\Users\samue\AppData\Local\Temp\ccpYGVMt.s 			page 10


 397 0150 07       		.uleb128 0x7
 398 0151 EE010000 		.4byte	.LASF39
 399 0155 2D       		.byte	0x2d
 400 0156 07       		.uleb128 0x7
 401 0157 F7020000 		.4byte	.LASF40
 402 015b 2E       		.byte	0x2e
 403 015c 07       		.uleb128 0x7
 404 015d 75020000 		.4byte	.LASF41
 405 0161 2E       		.byte	0x2e
 406 0162 07       		.uleb128 0x7
 407 0163 2D020000 		.4byte	.LASF42
 408 0167 2F       		.byte	0x2f
 409 0168 07       		.uleb128 0x7
 410 0169 12000000 		.4byte	.LASF43
 411 016d 2F       		.byte	0x2f
 412 016e 07       		.uleb128 0x7
 413 016f 1F000000 		.4byte	.LASF44
 414 0173 30       		.byte	0x30
 415 0174 07       		.uleb128 0x7
 416 0175 09000000 		.4byte	.LASF45
 417 0179 30       		.byte	0x30
 418 017a 07       		.uleb128 0x7
 419 017b 3F010000 		.4byte	.LASF46
 420 017f 31       		.byte	0x31
 421 0180 07       		.uleb128 0x7
 422 0181 1C010000 		.4byte	.LASF47
 423 0185 31       		.byte	0x31
 424 0186 07       		.uleb128 0x7
 425 0187 77000000 		.4byte	.LASF48
 426 018b 32       		.byte	0x32
 427 018c 07       		.uleb128 0x7
 428 018d D1020000 		.4byte	.LASF49
 429 0191 32       		.byte	0x32
 430 0192 07       		.uleb128 0x7
 431 0193 86010000 		.4byte	.LASF50
 432 0197 33       		.byte	0x33
 433 0198 07       		.uleb128 0x7
 434 0199 EB020000 		.4byte	.LASF51
 435 019d 33       		.byte	0x33
 436 019e 07       		.uleb128 0x7
 437 019f 46010000 		.4byte	.LASF52
 438 01a3 34       		.byte	0x34
 439 01a4 07       		.uleb128 0x7
 440 01a5 26000000 		.4byte	.LASF53
 441 01a9 34       		.byte	0x34
 442 01aa 07       		.uleb128 0x7
 443 01ab 50010000 		.4byte	.LASF54
 444 01af 35       		.byte	0x35
 445 01b0 07       		.uleb128 0x7
 446 01b1 3C000000 		.4byte	.LASF55
 447 01b5 35       		.byte	0x35
 448 01b6 07       		.uleb128 0x7
 449 01b7 36020000 		.4byte	.LASF56
 450 01bb 36       		.byte	0x36
 451 01bc 07       		.uleb128 0x7
 452 01bd F1000000 		.4byte	.LASF57
 453 01c1 36       		.byte	0x36
ARM GAS  C:\Users\samue\AppData\Local\Temp\ccpYGVMt.s 			page 11


 454 01c2 07       		.uleb128 0x7
 455 01c3 40020000 		.4byte	.LASF58
 456 01c7 37       		.byte	0x37
 457 01c8 07       		.uleb128 0x7
 458 01c9 0B010000 		.4byte	.LASF59
 459 01cd 37       		.byte	0x37
 460 01ce 07       		.uleb128 0x7
 461 01cf BB000000 		.4byte	.LASF60
 462 01d3 38       		.byte	0x38
 463 01d4 07       		.uleb128 0x7
 464 01d5 5F020000 		.4byte	.LASF61
 465 01d9 38       		.byte	0x38
 466 01da 07       		.uleb128 0x7
 467 01db 81000000 		.4byte	.LASF62
 468 01df 39       		.byte	0x39
 469 01e0 00       		.byte	0
 470 01e1 08       		.uleb128 0x8
 471 01e2 C6030000 		.4byte	.LASF64
 472 01e6 01       		.byte	0x1
 473 01e7 43       		.byte	0x43
 474 01e8 00000000 		.4byte	.LFB69
 475 01ec 0E000000 		.4byte	.LFE69-.LFB69
 476 01f0 01       		.uleb128 0x1
 477 01f1 9C       		.byte	0x9c
 478 01f2 25020000 		.4byte	0x225
 479 01f6 09       		.uleb128 0x9
 480 01f7 72656700 		.ascii	"reg\000"
 481 01fb 01       		.byte	0x1
 482 01fc 43       		.byte	0x43
 483 01fd 96000000 		.4byte	0x96
 484 0201 00000000 		.4byte	.LLST0
 485 0205 0A       		.uleb128 0xa
 486 0206 8F000000 		.4byte	.LASF63
 487 020a 01       		.byte	0x1
 488 020b 43       		.byte	0x43
 489 020c 96000000 		.4byte	0x96
 490 0210 21000000 		.4byte	.LLST1
 491 0214 0B       		.uleb128 0xb
 492 0215 0C000000 		.4byte	.LVL3
 493 0219 A8030000 		.4byte	0x3a8
 494 021d 0C       		.uleb128 0xc
 495 021e 01       		.uleb128 0x1
 496 021f 50       		.byte	0x50
 497 0220 02       		.uleb128 0x2
 498 0221 08       		.byte	0x8
 499 0222 6B       		.byte	0x6b
 500 0223 00       		.byte	0
 501 0224 00       		.byte	0
 502 0225 0D       		.uleb128 0xd
 503 0226 D6030000 		.4byte	.LASF68
 504 022a 01       		.byte	0x1
 505 022b 48       		.byte	0x48
 506 022c 96000000 		.4byte	0x96
 507 0230 00000000 		.4byte	.LFB70
 508 0234 0C000000 		.4byte	.LFE70-.LFB70
 509 0238 01       		.uleb128 0x1
 510 0239 9C       		.byte	0x9c
ARM GAS  C:\Users\samue\AppData\Local\Temp\ccpYGVMt.s 			page 12


 511 023a 5E020000 		.4byte	0x25e
 512 023e 09       		.uleb128 0x9
 513 023f 72656700 		.ascii	"reg\000"
 514 0243 01       		.byte	0x1
 515 0244 48       		.byte	0x48
 516 0245 96000000 		.4byte	0x96
 517 0249 42000000 		.4byte	.LLST2
 518 024d 0B       		.uleb128 0xb
 519 024e 0A000000 		.4byte	.LVL6
 520 0252 B3030000 		.4byte	0x3b3
 521 0256 0C       		.uleb128 0xc
 522 0257 01       		.uleb128 0x1
 523 0258 50       		.byte	0x50
 524 0259 02       		.uleb128 0x2
 525 025a 08       		.byte	0x8
 526 025b 6B       		.byte	0x6b
 527 025c 00       		.byte	0
 528 025d 00       		.byte	0
 529 025e 08       		.uleb128 0x8
 530 025f 90010000 		.4byte	.LASF65
 531 0263 01       		.byte	0x1
 532 0264 4D       		.byte	0x4d
 533 0265 00000000 		.4byte	.LFB71
 534 0269 48000000 		.4byte	.LFE71-.LFB71
 535 026d 01       		.uleb128 0x1
 536 026e 9C       		.byte	0x9c
 537 026f E1020000 		.4byte	0x2e1
 538 0273 0E       		.uleb128 0xe
 539 0274 4A020000 		.4byte	.LASF66
 540 0278 01       		.byte	0x1
 541 0279 4F       		.byte	0x4f
 542 027a E1020000 		.4byte	0x2e1
 543 027e 02       		.uleb128 0x2
 544 027f 91       		.byte	0x91
 545 0280 68       		.sleb128 -24
 546 0281 0F       		.uleb128 0xf
 547 0282 7800     		.ascii	"x\000"
 548 0284 01       		.byte	0x1
 549 0285 50       		.byte	0x50
 550 0286 AE000000 		.4byte	0xae
 551 028a 63000000 		.4byte	.LLST3
 552 028e 0F       		.uleb128 0xf
 553 028f 7900     		.ascii	"y\000"
 554 0291 01       		.byte	0x1
 555 0292 51       		.byte	0x51
 556 0293 AE000000 		.4byte	0xae
 557 0297 B6000000 		.4byte	.LLST4
 558 029b 0F       		.uleb128 0xf
 559 029c 7A00     		.ascii	"z\000"
 560 029e 01       		.byte	0x1
 561 029f 52       		.byte	0x52
 562 02a0 AE000000 		.4byte	0xae
 563 02a4 E9000000 		.4byte	.LLST5
 564 02a8 10       		.uleb128 0x10
 565 02a9 10000000 		.4byte	.LVL7
 566 02ad BE030000 		.4byte	0x3be
 567 02b1 CD020000 		.4byte	0x2cd
ARM GAS  C:\Users\samue\AppData\Local\Temp\ccpYGVMt.s 			page 13


 568 02b5 0C       		.uleb128 0xc
 569 02b6 01       		.uleb128 0x1
 570 02b7 50       		.byte	0x50
 571 02b8 02       		.uleb128 0x2
 572 02b9 08       		.byte	0x8
 573 02ba 6B       		.byte	0x6b
 574 02bb 0C       		.uleb128 0xc
 575 02bc 01       		.uleb128 0x1
 576 02bd 51       		.byte	0x51
 577 02be 02       		.uleb128 0x2
 578 02bf 09       		.byte	0x9
 579 02c0 A8       		.byte	0xa8
 580 02c1 0C       		.uleb128 0xc
 581 02c2 01       		.uleb128 0x1
 582 02c3 52       		.byte	0x52
 583 02c4 02       		.uleb128 0x2
 584 02c5 7D       		.byte	0x7d
 585 02c6 00       		.sleb128 0
 586 02c7 0C       		.uleb128 0xc
 587 02c8 01       		.uleb128 0x1
 588 02c9 53       		.byte	0x53
 589 02ca 01       		.uleb128 0x1
 590 02cb 36       		.byte	0x36
 591 02cc 00       		.byte	0
 592 02cd 0B       		.uleb128 0xb
 593 02ce 40000000 		.4byte	.LVL15
 594 02d2 C9030000 		.4byte	0x3c9
 595 02d6 0C       		.uleb128 0xc
 596 02d7 01       		.uleb128 0x1
 597 02d8 50       		.byte	0x50
 598 02d9 05       		.uleb128 0x5
 599 02da 03       		.byte	0x3
 600 02db 00000000 		.4byte	.LC0
 601 02df 00       		.byte	0
 602 02e0 00       		.byte	0
 603 02e1 11       		.uleb128 0x11
 604 02e2 96000000 		.4byte	0x96
 605 02e6 F1020000 		.4byte	0x2f1
 606 02ea 12       		.uleb128 0x12
 607 02eb 7D000000 		.4byte	0x7d
 608 02ef 05       		.byte	0x5
 609 02f0 00       		.byte	0
 610 02f1 08       		.uleb128 0x8
 611 02f2 DD020000 		.4byte	.LASF67
 612 02f6 01       		.byte	0x1
 613 02f7 5B       		.byte	0x5b
 614 02f8 00000000 		.4byte	.LFB72
 615 02fc 1C000000 		.4byte	.LFE72-.LFB72
 616 0300 01       		.uleb128 0x1
 617 0301 9C       		.byte	0x9c
 618 0302 4F030000 		.4byte	0x34f
 619 0306 10       		.uleb128 0x10
 620 0307 0A000000 		.4byte	.LVL16
 621 030b E1010000 		.4byte	0x1e1
 622 030f 1F030000 		.4byte	0x31f
 623 0313 0C       		.uleb128 0xc
 624 0314 01       		.uleb128 0x1
ARM GAS  C:\Users\samue\AppData\Local\Temp\ccpYGVMt.s 			page 14


 625 0315 50       		.byte	0x50
 626 0316 02       		.uleb128 0x2
 627 0317 08       		.byte	0x8
 628 0318 39       		.byte	0x39
 629 0319 0C       		.uleb128 0xc
 630 031a 01       		.uleb128 0x1
 631 031b 51       		.byte	0x51
 632 031c 01       		.uleb128 0x1
 633 031d 30       		.byte	0x30
 634 031e 00       		.byte	0
 635 031f 10       		.uleb128 0x10
 636 0320 12000000 		.4byte	.LVL17
 637 0324 E1010000 		.4byte	0x1e1
 638 0328 38030000 		.4byte	0x338
 639 032c 0C       		.uleb128 0xc
 640 032d 01       		.uleb128 0x1
 641 032e 50       		.byte	0x50
 642 032f 02       		.uleb128 0x2
 643 0330 08       		.byte	0x8
 644 0331 23       		.byte	0x23
 645 0332 0C       		.uleb128 0xc
 646 0333 01       		.uleb128 0x1
 647 0334 51       		.byte	0x51
 648 0335 01       		.uleb128 0x1
 649 0336 30       		.byte	0x30
 650 0337 00       		.byte	0
 651 0338 0B       		.uleb128 0xb
 652 0339 1A000000 		.4byte	.LVL18
 653 033d E1010000 		.4byte	0x1e1
 654 0341 0C       		.uleb128 0xc
 655 0342 01       		.uleb128 0x1
 656 0343 50       		.byte	0x50
 657 0344 02       		.uleb128 0x2
 658 0345 08       		.byte	0x8
 659 0346 20       		.byte	0x20
 660 0347 0C       		.uleb128 0xc
 661 0348 01       		.uleb128 0x1
 662 0349 51       		.byte	0x51
 663 034a 02       		.uleb128 0x2
 664 034b 08       		.byte	0x8
 665 034c 6F       		.byte	0x6f
 666 034d 00       		.byte	0
 667 034e 00       		.byte	0
 668 034f 13       		.uleb128 0x13
 669 0350 48000000 		.4byte	.LASF69
 670 0354 01       		.byte	0x1
 671 0355 6B       		.byte	0x6b
 672 0356 A2000000 		.4byte	0xa2
 673 035a 00000000 		.4byte	.LFB73
 674 035e 18000000 		.4byte	.LFE73-.LFB73
 675 0362 01       		.uleb128 0x1
 676 0363 9C       		.byte	0x9c
 677 0364 97030000 		.4byte	0x397
 678 0368 09       		.uleb128 0x9
 679 0369 72617700 		.ascii	"raw\000"
 680 036d 01       		.byte	0x1
 681 036e 6B       		.byte	0x6b
ARM GAS  C:\Users\samue\AppData\Local\Temp\ccpYGVMt.s 			page 15


 682 036f A2000000 		.4byte	0xa2
 683 0373 1C010000 		.4byte	.LLST6
 684 0377 14       		.uleb128 0x14
 685 0378 95000000 		.4byte	.LASF70
 686 037c 01       		.byte	0x1
 687 037d 6D       		.byte	0x6d
 688 037e BA000000 		.4byte	0xba
 689 0382 3D010000 		.4byte	.LLST7
 690 0386 15       		.uleb128 0x15
 691 0387 01030000 		.4byte	.LASF71
 692 038b 01       		.byte	0x1
 693 038c 6E       		.byte	0x6e
 694 038d BA000000 		.4byte	0xba
 695 0391 04       		.byte	0x4
 696 0392 295C8F3D 		.4byte	0x3d8f5c29
 697 0396 00       		.byte	0
 698 0397 16       		.uleb128 0x16
 699 0398 2B030000 		.4byte	.LASF80
 700 039c 07       		.byte	0x7
 701 039d 1207     		.2byte	0x712
 702 039f A3030000 		.4byte	0x3a3
 703 03a3 17       		.uleb128 0x17
 704 03a4 8B000000 		.4byte	0x8b
 705 03a8 18       		.uleb128 0x18
 706 03a9 35010000 		.4byte	.LASF72
 707 03ad 35010000 		.4byte	.LASF72
 708 03b1 05       		.byte	0x5
 709 03b2 09       		.byte	0x9
 710 03b3 18       		.uleb128 0x18
 711 03b4 65000000 		.4byte	.LASF73
 712 03b8 65000000 		.4byte	.LASF73
 713 03bc 05       		.byte	0x5
 714 03bd 0A       		.byte	0xa
 715 03be 18       		.uleb128 0x18
 716 03bf 74010000 		.4byte	.LASF74
 717 03c3 74010000 		.4byte	.LASF74
 718 03c7 05       		.byte	0x5
 719 03c8 0B       		.byte	0xb
 720 03c9 18       		.uleb128 0x18
 721 03ca 2E010000 		.4byte	.LASF75
 722 03ce 2E010000 		.4byte	.LASF75
 723 03d2 06       		.byte	0x6
 724 03d3 BB       		.byte	0xbb
 725 03d4 00       		.byte	0
 726              		.section	.debug_abbrev,"",%progbits
 727              	.Ldebug_abbrev0:
 728 0000 01       		.uleb128 0x1
 729 0001 11       		.uleb128 0x11
 730 0002 01       		.byte	0x1
 731 0003 25       		.uleb128 0x25
 732 0004 0E       		.uleb128 0xe
 733 0005 13       		.uleb128 0x13
 734 0006 0B       		.uleb128 0xb
 735 0007 03       		.uleb128 0x3
 736 0008 0E       		.uleb128 0xe
 737 0009 1B       		.uleb128 0x1b
 738 000a 0E       		.uleb128 0xe
ARM GAS  C:\Users\samue\AppData\Local\Temp\ccpYGVMt.s 			page 16


 739 000b 55       		.uleb128 0x55
 740 000c 17       		.uleb128 0x17
 741 000d 11       		.uleb128 0x11
 742 000e 01       		.uleb128 0x1
 743 000f 10       		.uleb128 0x10
 744 0010 17       		.uleb128 0x17
 745 0011 00       		.byte	0
 746 0012 00       		.byte	0
 747 0013 02       		.uleb128 0x2
 748 0014 24       		.uleb128 0x24
 749 0015 00       		.byte	0
 750 0016 0B       		.uleb128 0xb
 751 0017 0B       		.uleb128 0xb
 752 0018 3E       		.uleb128 0x3e
 753 0019 0B       		.uleb128 0xb
 754 001a 03       		.uleb128 0x3
 755 001b 0E       		.uleb128 0xe
 756 001c 00       		.byte	0
 757 001d 00       		.byte	0
 758 001e 03       		.uleb128 0x3
 759 001f 16       		.uleb128 0x16
 760 0020 00       		.byte	0
 761 0021 03       		.uleb128 0x3
 762 0022 0E       		.uleb128 0xe
 763 0023 3A       		.uleb128 0x3a
 764 0024 0B       		.uleb128 0xb
 765 0025 3B       		.uleb128 0x3b
 766 0026 0B       		.uleb128 0xb
 767 0027 49       		.uleb128 0x49
 768 0028 13       		.uleb128 0x13
 769 0029 00       		.byte	0
 770 002a 00       		.byte	0
 771 002b 04       		.uleb128 0x4
 772 002c 24       		.uleb128 0x24
 773 002d 00       		.byte	0
 774 002e 0B       		.uleb128 0xb
 775 002f 0B       		.uleb128 0xb
 776 0030 3E       		.uleb128 0x3e
 777 0031 0B       		.uleb128 0xb
 778 0032 03       		.uleb128 0x3
 779 0033 08       		.uleb128 0x8
 780 0034 00       		.byte	0
 781 0035 00       		.byte	0
 782 0036 05       		.uleb128 0x5
 783 0037 16       		.uleb128 0x16
 784 0038 00       		.byte	0
 785 0039 03       		.uleb128 0x3
 786 003a 0E       		.uleb128 0xe
 787 003b 3A       		.uleb128 0x3a
 788 003c 0B       		.uleb128 0xb
 789 003d 3B       		.uleb128 0x3b
 790 003e 05       		.uleb128 0x5
 791 003f 49       		.uleb128 0x49
 792 0040 13       		.uleb128 0x13
 793 0041 00       		.byte	0
 794 0042 00       		.byte	0
 795 0043 06       		.uleb128 0x6
ARM GAS  C:\Users\samue\AppData\Local\Temp\ccpYGVMt.s 			page 17


 796 0044 04       		.uleb128 0x4
 797 0045 01       		.byte	0x1
 798 0046 03       		.uleb128 0x3
 799 0047 0E       		.uleb128 0xe
 800 0048 0B       		.uleb128 0xb
 801 0049 0B       		.uleb128 0xb
 802 004a 49       		.uleb128 0x49
 803 004b 13       		.uleb128 0x13
 804 004c 3A       		.uleb128 0x3a
 805 004d 0B       		.uleb128 0xb
 806 004e 3B       		.uleb128 0x3b
 807 004f 0B       		.uleb128 0xb
 808 0050 01       		.uleb128 0x1
 809 0051 13       		.uleb128 0x13
 810 0052 00       		.byte	0
 811 0053 00       		.byte	0
 812 0054 07       		.uleb128 0x7
 813 0055 28       		.uleb128 0x28
 814 0056 00       		.byte	0
 815 0057 03       		.uleb128 0x3
 816 0058 0E       		.uleb128 0xe
 817 0059 1C       		.uleb128 0x1c
 818 005a 0B       		.uleb128 0xb
 819 005b 00       		.byte	0
 820 005c 00       		.byte	0
 821 005d 08       		.uleb128 0x8
 822 005e 2E       		.uleb128 0x2e
 823 005f 01       		.byte	0x1
 824 0060 3F       		.uleb128 0x3f
 825 0061 19       		.uleb128 0x19
 826 0062 03       		.uleb128 0x3
 827 0063 0E       		.uleb128 0xe
 828 0064 3A       		.uleb128 0x3a
 829 0065 0B       		.uleb128 0xb
 830 0066 3B       		.uleb128 0x3b
 831 0067 0B       		.uleb128 0xb
 832 0068 27       		.uleb128 0x27
 833 0069 19       		.uleb128 0x19
 834 006a 11       		.uleb128 0x11
 835 006b 01       		.uleb128 0x1
 836 006c 12       		.uleb128 0x12
 837 006d 06       		.uleb128 0x6
 838 006e 40       		.uleb128 0x40
 839 006f 18       		.uleb128 0x18
 840 0070 9742     		.uleb128 0x2117
 841 0072 19       		.uleb128 0x19
 842 0073 01       		.uleb128 0x1
 843 0074 13       		.uleb128 0x13
 844 0075 00       		.byte	0
 845 0076 00       		.byte	0
 846 0077 09       		.uleb128 0x9
 847 0078 05       		.uleb128 0x5
 848 0079 00       		.byte	0
 849 007a 03       		.uleb128 0x3
 850 007b 08       		.uleb128 0x8
 851 007c 3A       		.uleb128 0x3a
 852 007d 0B       		.uleb128 0xb
ARM GAS  C:\Users\samue\AppData\Local\Temp\ccpYGVMt.s 			page 18


 853 007e 3B       		.uleb128 0x3b
 854 007f 0B       		.uleb128 0xb
 855 0080 49       		.uleb128 0x49
 856 0081 13       		.uleb128 0x13
 857 0082 02       		.uleb128 0x2
 858 0083 17       		.uleb128 0x17
 859 0084 00       		.byte	0
 860 0085 00       		.byte	0
 861 0086 0A       		.uleb128 0xa
 862 0087 05       		.uleb128 0x5
 863 0088 00       		.byte	0
 864 0089 03       		.uleb128 0x3
 865 008a 0E       		.uleb128 0xe
 866 008b 3A       		.uleb128 0x3a
 867 008c 0B       		.uleb128 0xb
 868 008d 3B       		.uleb128 0x3b
 869 008e 0B       		.uleb128 0xb
 870 008f 49       		.uleb128 0x49
 871 0090 13       		.uleb128 0x13
 872 0091 02       		.uleb128 0x2
 873 0092 17       		.uleb128 0x17
 874 0093 00       		.byte	0
 875 0094 00       		.byte	0
 876 0095 0B       		.uleb128 0xb
 877 0096 898201   		.uleb128 0x4109
 878 0099 01       		.byte	0x1
 879 009a 11       		.uleb128 0x11
 880 009b 01       		.uleb128 0x1
 881 009c 31       		.uleb128 0x31
 882 009d 13       		.uleb128 0x13
 883 009e 00       		.byte	0
 884 009f 00       		.byte	0
 885 00a0 0C       		.uleb128 0xc
 886 00a1 8A8201   		.uleb128 0x410a
 887 00a4 00       		.byte	0
 888 00a5 02       		.uleb128 0x2
 889 00a6 18       		.uleb128 0x18
 890 00a7 9142     		.uleb128 0x2111
 891 00a9 18       		.uleb128 0x18
 892 00aa 00       		.byte	0
 893 00ab 00       		.byte	0
 894 00ac 0D       		.uleb128 0xd
 895 00ad 2E       		.uleb128 0x2e
 896 00ae 01       		.byte	0x1
 897 00af 3F       		.uleb128 0x3f
 898 00b0 19       		.uleb128 0x19
 899 00b1 03       		.uleb128 0x3
 900 00b2 0E       		.uleb128 0xe
 901 00b3 3A       		.uleb128 0x3a
 902 00b4 0B       		.uleb128 0xb
 903 00b5 3B       		.uleb128 0x3b
 904 00b6 0B       		.uleb128 0xb
 905 00b7 27       		.uleb128 0x27
 906 00b8 19       		.uleb128 0x19
 907 00b9 49       		.uleb128 0x49
 908 00ba 13       		.uleb128 0x13
 909 00bb 11       		.uleb128 0x11
ARM GAS  C:\Users\samue\AppData\Local\Temp\ccpYGVMt.s 			page 19


 910 00bc 01       		.uleb128 0x1
 911 00bd 12       		.uleb128 0x12
 912 00be 06       		.uleb128 0x6
 913 00bf 40       		.uleb128 0x40
 914 00c0 18       		.uleb128 0x18
 915 00c1 9742     		.uleb128 0x2117
 916 00c3 19       		.uleb128 0x19
 917 00c4 01       		.uleb128 0x1
 918 00c5 13       		.uleb128 0x13
 919 00c6 00       		.byte	0
 920 00c7 00       		.byte	0
 921 00c8 0E       		.uleb128 0xe
 922 00c9 34       		.uleb128 0x34
 923 00ca 00       		.byte	0
 924 00cb 03       		.uleb128 0x3
 925 00cc 0E       		.uleb128 0xe
 926 00cd 3A       		.uleb128 0x3a
 927 00ce 0B       		.uleb128 0xb
 928 00cf 3B       		.uleb128 0x3b
 929 00d0 0B       		.uleb128 0xb
 930 00d1 49       		.uleb128 0x49
 931 00d2 13       		.uleb128 0x13
 932 00d3 02       		.uleb128 0x2
 933 00d4 18       		.uleb128 0x18
 934 00d5 00       		.byte	0
 935 00d6 00       		.byte	0
 936 00d7 0F       		.uleb128 0xf
 937 00d8 34       		.uleb128 0x34
 938 00d9 00       		.byte	0
 939 00da 03       		.uleb128 0x3
 940 00db 08       		.uleb128 0x8
 941 00dc 3A       		.uleb128 0x3a
 942 00dd 0B       		.uleb128 0xb
 943 00de 3B       		.uleb128 0x3b
 944 00df 0B       		.uleb128 0xb
 945 00e0 49       		.uleb128 0x49
 946 00e1 13       		.uleb128 0x13
 947 00e2 02       		.uleb128 0x2
 948 00e3 17       		.uleb128 0x17
 949 00e4 00       		.byte	0
 950 00e5 00       		.byte	0
 951 00e6 10       		.uleb128 0x10
 952 00e7 898201   		.uleb128 0x4109
 953 00ea 01       		.byte	0x1
 954 00eb 11       		.uleb128 0x11
 955 00ec 01       		.uleb128 0x1
 956 00ed 31       		.uleb128 0x31
 957 00ee 13       		.uleb128 0x13
 958 00ef 01       		.uleb128 0x1
 959 00f0 13       		.uleb128 0x13
 960 00f1 00       		.byte	0
 961 00f2 00       		.byte	0
 962 00f3 11       		.uleb128 0x11
 963 00f4 01       		.uleb128 0x1
 964 00f5 01       		.byte	0x1
 965 00f6 49       		.uleb128 0x49
 966 00f7 13       		.uleb128 0x13
ARM GAS  C:\Users\samue\AppData\Local\Temp\ccpYGVMt.s 			page 20


 967 00f8 01       		.uleb128 0x1
 968 00f9 13       		.uleb128 0x13
 969 00fa 00       		.byte	0
 970 00fb 00       		.byte	0
 971 00fc 12       		.uleb128 0x12
 972 00fd 21       		.uleb128 0x21
 973 00fe 00       		.byte	0
 974 00ff 49       		.uleb128 0x49
 975 0100 13       		.uleb128 0x13
 976 0101 2F       		.uleb128 0x2f
 977 0102 0B       		.uleb128 0xb
 978 0103 00       		.byte	0
 979 0104 00       		.byte	0
 980 0105 13       		.uleb128 0x13
 981 0106 2E       		.uleb128 0x2e
 982 0107 01       		.byte	0x1
 983 0108 3F       		.uleb128 0x3f
 984 0109 19       		.uleb128 0x19
 985 010a 03       		.uleb128 0x3
 986 010b 0E       		.uleb128 0xe
 987 010c 3A       		.uleb128 0x3a
 988 010d 0B       		.uleb128 0xb
 989 010e 3B       		.uleb128 0x3b
 990 010f 0B       		.uleb128 0xb
 991 0110 27       		.uleb128 0x27
 992 0111 19       		.uleb128 0x19
 993 0112 49       		.uleb128 0x49
 994 0113 13       		.uleb128 0x13
 995 0114 11       		.uleb128 0x11
 996 0115 01       		.uleb128 0x1
 997 0116 12       		.uleb128 0x12
 998 0117 06       		.uleb128 0x6
 999 0118 40       		.uleb128 0x40
 1000 0119 18       		.uleb128 0x18
 1001 011a 9642     		.uleb128 0x2116
 1002 011c 19       		.uleb128 0x19
 1003 011d 01       		.uleb128 0x1
 1004 011e 13       		.uleb128 0x13
 1005 011f 00       		.byte	0
 1006 0120 00       		.byte	0
 1007 0121 14       		.uleb128 0x14
 1008 0122 34       		.uleb128 0x34
 1009 0123 00       		.byte	0
 1010 0124 03       		.uleb128 0x3
 1011 0125 0E       		.uleb128 0xe
 1012 0126 3A       		.uleb128 0x3a
 1013 0127 0B       		.uleb128 0xb
 1014 0128 3B       		.uleb128 0x3b
 1015 0129 0B       		.uleb128 0xb
 1016 012a 49       		.uleb128 0x49
 1017 012b 13       		.uleb128 0x13
 1018 012c 02       		.uleb128 0x2
 1019 012d 17       		.uleb128 0x17
 1020 012e 00       		.byte	0
 1021 012f 00       		.byte	0
 1022 0130 15       		.uleb128 0x15
 1023 0131 34       		.uleb128 0x34
ARM GAS  C:\Users\samue\AppData\Local\Temp\ccpYGVMt.s 			page 21


 1024 0132 00       		.byte	0
 1025 0133 03       		.uleb128 0x3
 1026 0134 0E       		.uleb128 0xe
 1027 0135 3A       		.uleb128 0x3a
 1028 0136 0B       		.uleb128 0xb
 1029 0137 3B       		.uleb128 0x3b
 1030 0138 0B       		.uleb128 0xb
 1031 0139 49       		.uleb128 0x49
 1032 013a 13       		.uleb128 0x13
 1033 013b 1C       		.uleb128 0x1c
 1034 013c 0A       		.uleb128 0xa
 1035 013d 00       		.byte	0
 1036 013e 00       		.byte	0
 1037 013f 16       		.uleb128 0x16
 1038 0140 34       		.uleb128 0x34
 1039 0141 00       		.byte	0
 1040 0142 03       		.uleb128 0x3
 1041 0143 0E       		.uleb128 0xe
 1042 0144 3A       		.uleb128 0x3a
 1043 0145 0B       		.uleb128 0xb
 1044 0146 3B       		.uleb128 0x3b
 1045 0147 05       		.uleb128 0x5
 1046 0148 49       		.uleb128 0x49
 1047 0149 13       		.uleb128 0x13
 1048 014a 3F       		.uleb128 0x3f
 1049 014b 19       		.uleb128 0x19
 1050 014c 3C       		.uleb128 0x3c
 1051 014d 19       		.uleb128 0x19
 1052 014e 00       		.byte	0
 1053 014f 00       		.byte	0
 1054 0150 17       		.uleb128 0x17
 1055 0151 35       		.uleb128 0x35
 1056 0152 00       		.byte	0
 1057 0153 49       		.uleb128 0x49
 1058 0154 13       		.uleb128 0x13
 1059 0155 00       		.byte	0
 1060 0156 00       		.byte	0
 1061 0157 18       		.uleb128 0x18
 1062 0158 2E       		.uleb128 0x2e
 1063 0159 00       		.byte	0
 1064 015a 3F       		.uleb128 0x3f
 1065 015b 19       		.uleb128 0x19
 1066 015c 3C       		.uleb128 0x3c
 1067 015d 19       		.uleb128 0x19
 1068 015e 6E       		.uleb128 0x6e
 1069 015f 0E       		.uleb128 0xe
 1070 0160 03       		.uleb128 0x3
 1071 0161 0E       		.uleb128 0xe
 1072 0162 3A       		.uleb128 0x3a
 1073 0163 0B       		.uleb128 0xb
 1074 0164 3B       		.uleb128 0x3b
 1075 0165 0B       		.uleb128 0xb
 1076 0166 00       		.byte	0
 1077 0167 00       		.byte	0
 1078 0168 00       		.byte	0
 1079              		.section	.debug_loc,"",%progbits
 1080              	.Ldebug_loc0:
ARM GAS  C:\Users\samue\AppData\Local\Temp\ccpYGVMt.s 			page 22


 1081              	.LLST0:
 1082 0000 00000000 		.4byte	.LVL0
 1083 0004 08000000 		.4byte	.LVL2
 1084 0008 0100     		.2byte	0x1
 1085 000a 50       		.byte	0x50
 1086 000b 08000000 		.4byte	.LVL2
 1087 000f 0E000000 		.4byte	.LFE69
 1088 0013 0400     		.2byte	0x4
 1089 0015 F3       		.byte	0xf3
 1090 0016 01       		.uleb128 0x1
 1091 0017 50       		.byte	0x50
 1092 0018 9F       		.byte	0x9f
 1093 0019 00000000 		.4byte	0
 1094 001d 00000000 		.4byte	0
 1095              	.LLST1:
 1096 0021 00000000 		.4byte	.LVL0
 1097 0025 06000000 		.4byte	.LVL1
 1098 0029 0100     		.2byte	0x1
 1099 002b 51       		.byte	0x51
 1100 002c 06000000 		.4byte	.LVL1
 1101 0030 0E000000 		.4byte	.LFE69
 1102 0034 0400     		.2byte	0x4
 1103 0036 F3       		.byte	0xf3
 1104 0037 01       		.uleb128 0x1
 1105 0038 51       		.byte	0x51
 1106 0039 9F       		.byte	0x9f
 1107 003a 00000000 		.4byte	0
 1108 003e 00000000 		.4byte	0
 1109              	.LLST2:
 1110 0042 00000000 		.4byte	.LVL4
 1111 0046 06000000 		.4byte	.LVL5
 1112 004a 0100     		.2byte	0x1
 1113 004c 50       		.byte	0x50
 1114 004d 06000000 		.4byte	.LVL5
 1115 0051 0C000000 		.4byte	.LFE70
 1116 0055 0400     		.2byte	0x4
 1117 0057 F3       		.byte	0xf3
 1118 0058 01       		.uleb128 0x1
 1119 0059 50       		.byte	0x50
 1120 005a 9F       		.byte	0x9f
 1121 005b 00000000 		.4byte	0
 1122 005f 00000000 		.4byte	0
 1123              	.LLST3:
 1124 0063 1C000000 		.4byte	.LVL8
 1125 0067 3A000000 		.4byte	.LVL13
 1126 006b 0600     		.2byte	0x6
 1127 006d 71       		.byte	0x71
 1128 006e 00       		.sleb128 0
 1129 006f 70       		.byte	0x70
 1130 0070 00       		.sleb128 0
 1131 0071 21       		.byte	0x21
 1132 0072 9F       		.byte	0x9f
 1133 0073 3A000000 		.4byte	.LVL13
 1134 0077 3C000000 		.4byte	.LVL14
 1135 007b 1100     		.2byte	0x11
 1136 007d 91       		.byte	0x91
 1137 007e 69       		.sleb128 -23
ARM GAS  C:\Users\samue\AppData\Local\Temp\ccpYGVMt.s 			page 23


 1138 007f 94       		.byte	0x94
 1139 0080 01       		.byte	0x1
 1140 0081 08       		.byte	0x8
 1141 0082 FF       		.byte	0xff
 1142 0083 1A       		.byte	0x1a
 1143 0084 38       		.byte	0x38
 1144 0085 24       		.byte	0x24
 1145 0086 40       		.byte	0x40
 1146 0087 24       		.byte	0x24
 1147 0088 40       		.byte	0x40
 1148 0089 26       		.byte	0x26
 1149 008a 70       		.byte	0x70
 1150 008b 00       		.sleb128 0
 1151 008c 21       		.byte	0x21
 1152 008d 9F       		.byte	0x9f
 1153 008e 3C000000 		.4byte	.LVL14
 1154 0092 3F000000 		.4byte	.LVL15-1
 1155 0096 1600     		.2byte	0x16
 1156 0098 91       		.byte	0x91
 1157 0099 69       		.sleb128 -23
 1158 009a 94       		.byte	0x94
 1159 009b 01       		.byte	0x1
 1160 009c 08       		.byte	0x8
 1161 009d FF       		.byte	0xff
 1162 009e 1A       		.byte	0x1a
 1163 009f 38       		.byte	0x38
 1164 00a0 24       		.byte	0x24
 1165 00a1 40       		.byte	0x40
 1166 00a2 24       		.byte	0x24
 1167 00a3 40       		.byte	0x40
 1168 00a4 26       		.byte	0x26
 1169 00a5 7D       		.byte	0x7d
 1170 00a6 00       		.sleb128 0
 1171 00a7 94       		.byte	0x94
 1172 00a8 01       		.byte	0x1
 1173 00a9 08       		.byte	0x8
 1174 00aa FF       		.byte	0xff
 1175 00ab 1A       		.byte	0x1a
 1176 00ac 21       		.byte	0x21
 1177 00ad 9F       		.byte	0x9f
 1178 00ae 00000000 		.4byte	0
 1179 00b2 00000000 		.4byte	0
 1180              	.LLST4:
 1181 00b6 28000000 		.4byte	.LVL9
 1182 00ba 38000000 		.4byte	.LVL12
 1183 00be 0600     		.2byte	0x6
 1184 00c0 72       		.byte	0x72
 1185 00c1 00       		.sleb128 0
 1186 00c2 74       		.byte	0x74
 1187 00c3 00       		.sleb128 0
 1188 00c4 21       		.byte	0x21
 1189 00c5 9F       		.byte	0x9f
 1190 00c6 38000000 		.4byte	.LVL12
 1191 00ca 3F000000 		.4byte	.LVL15-1
 1192 00ce 1100     		.2byte	0x11
 1193 00d0 91       		.byte	0x91
 1194 00d1 6B       		.sleb128 -21
ARM GAS  C:\Users\samue\AppData\Local\Temp\ccpYGVMt.s 			page 24


 1195 00d2 94       		.byte	0x94
 1196 00d3 01       		.byte	0x1
 1197 00d4 08       		.byte	0x8
 1198 00d5 FF       		.byte	0xff
 1199 00d6 1A       		.byte	0x1a
 1200 00d7 38       		.byte	0x38
 1201 00d8 24       		.byte	0x24
 1202 00d9 40       		.byte	0x40
 1203 00da 24       		.byte	0x24
 1204 00db 40       		.byte	0x40
 1205 00dc 26       		.byte	0x26
 1206 00dd 74       		.byte	0x74
 1207 00de 00       		.sleb128 0
 1208 00df 21       		.byte	0x21
 1209 00e0 9F       		.byte	0x9f
 1210 00e1 00000000 		.4byte	0
 1211 00e5 00000000 		.4byte	0
 1212              	.LLST5:
 1213 00e9 34000000 		.4byte	.LVL10
 1214 00ed 36000000 		.4byte	.LVL11
 1215 00f1 0600     		.2byte	0x6
 1216 00f3 73       		.byte	0x73
 1217 00f4 00       		.sleb128 0
 1218 00f5 75       		.byte	0x75
 1219 00f6 00       		.sleb128 0
 1220 00f7 21       		.byte	0x21
 1221 00f8 9F       		.byte	0x9f
 1222 00f9 36000000 		.4byte	.LVL11
 1223 00fd 3F000000 		.4byte	.LVL15-1
 1224 0101 1100     		.2byte	0x11
 1225 0103 91       		.byte	0x91
 1226 0104 6D       		.sleb128 -19
 1227 0105 94       		.byte	0x94
 1228 0106 01       		.byte	0x1
 1229 0107 08       		.byte	0x8
 1230 0108 FF       		.byte	0xff
 1231 0109 1A       		.byte	0x1a
 1232 010a 38       		.byte	0x38
 1233 010b 24       		.byte	0x24
 1234 010c 40       		.byte	0x40
 1235 010d 24       		.byte	0x24
 1236 010e 40       		.byte	0x40
 1237 010f 26       		.byte	0x26
 1238 0110 75       		.byte	0x75
 1239 0111 00       		.sleb128 0
 1240 0112 21       		.byte	0x21
 1241 0113 9F       		.byte	0x9f
 1242 0114 00000000 		.4byte	0
 1243 0118 00000000 		.4byte	0
 1244              	.LLST6:
 1245 011c 00000000 		.4byte	.LVL19
 1246 0120 05000000 		.4byte	.LVL21-1
 1247 0124 0100     		.2byte	0x1
 1248 0126 50       		.byte	0x50
 1249 0127 05000000 		.4byte	.LVL21-1
 1250 012b 18000000 		.4byte	.LFE73
 1251 012f 0400     		.2byte	0x4
ARM GAS  C:\Users\samue\AppData\Local\Temp\ccpYGVMt.s 			page 25


 1252 0131 F3       		.byte	0xf3
 1253 0132 01       		.uleb128 0x1
 1254 0133 50       		.byte	0x50
 1255 0134 9F       		.byte	0x9f
 1256 0135 00000000 		.4byte	0
 1257 0139 00000000 		.4byte	0
 1258              	.LLST7:
 1259 013d 0C000000 		.4byte	.LVL22
 1260 0141 0F000000 		.4byte	.LVL23-1
 1261 0145 0100     		.2byte	0x1
 1262 0147 50       		.byte	0x50
 1263 0148 00000000 		.4byte	0
 1264 014c 00000000 		.4byte	0
 1265              		.section	.debug_aranges,"",%progbits
 1266 0000 3C000000 		.4byte	0x3c
 1267 0004 0200     		.2byte	0x2
 1268 0006 00000000 		.4byte	.Ldebug_info0
 1269 000a 04       		.byte	0x4
 1270 000b 00       		.byte	0
 1271 000c 0000     		.2byte	0
 1272 000e 0000     		.2byte	0
 1273 0010 00000000 		.4byte	.LFB69
 1274 0014 0E000000 		.4byte	.LFE69-.LFB69
 1275 0018 00000000 		.4byte	.LFB70
 1276 001c 0C000000 		.4byte	.LFE70-.LFB70
 1277 0020 00000000 		.4byte	.LFB71
 1278 0024 48000000 		.4byte	.LFE71-.LFB71
 1279 0028 00000000 		.4byte	.LFB72
 1280 002c 1C000000 		.4byte	.LFE72-.LFB72
 1281 0030 00000000 		.4byte	.LFB73
 1282 0034 18000000 		.4byte	.LFE73-.LFB73
 1283 0038 00000000 		.4byte	0
 1284 003c 00000000 		.4byte	0
 1285              		.section	.debug_ranges,"",%progbits
 1286              	.Ldebug_ranges0:
 1287 0000 00000000 		.4byte	.LFB69
 1288 0004 0E000000 		.4byte	.LFE69
 1289 0008 00000000 		.4byte	.LFB70
 1290 000c 0C000000 		.4byte	.LFE70
 1291 0010 00000000 		.4byte	.LFB71
 1292 0014 48000000 		.4byte	.LFE71
 1293 0018 00000000 		.4byte	.LFB72
 1294 001c 1C000000 		.4byte	.LFE72
 1295 0020 00000000 		.4byte	.LFB73
 1296 0024 18000000 		.4byte	.LFE73
 1297 0028 00000000 		.4byte	0
 1298 002c 00000000 		.4byte	0
 1299              		.section	.debug_line,"",%progbits
 1300              	.Ldebug_line0:
 1301 0000 40020000 		.section	.debug_str,"MS",%progbits,1
 1301      0200DB01 
 1301      00000201 
 1301      FB0E0D00 
 1301      01010101 
 1302              	.LASF19:
 1303 0000 57484F5F 		.ascii	"WHO_AM_I\000"
 1303      414D5F49 
ARM GAS  C:\Users\samue\AppData\Local\Temp\ccpYGVMt.s 			page 26


 1303      00
 1304              	.LASF45:
 1305 0009 494E5431 		.ascii	"INT1_CFG\000"
 1305      5F434647 
 1305      00
 1306              	.LASF43:
 1307 0012 4649464F 		.ascii	"FIFO_SRC_REG\000"
 1307      5F535243 
 1307      5F524547 
 1307      00
 1308              	.LASF44:
 1309 001f 49475F43 		.ascii	"IG_CFG\000"
 1309      464700
 1310              	.LASF53:
 1311 0026 494E5431 		.ascii	"INT1_THS_YH\000"
 1311      5F544853 
 1311      5F594800 
 1312              	.LASF30:
 1313 0032 52454645 		.ascii	"REFERENCE\000"
 1313      52454E43 
 1313      4500
 1314              	.LASF55:
 1315 003c 494E5431 		.ascii	"INT1_THS_YL\000"
 1315      5F544853 
 1315      5F594C00 
 1316              	.LASF69:
 1317 0048 76616C75 		.ascii	"value_convert_gyro\000"
 1317      655F636F 
 1317      6E766572 
 1317      745F6779 
 1317      726F00
 1318              	.LASF2:
 1319 005b 73686F72 		.ascii	"short int\000"
 1319      7420696E 
 1319      7400
 1320              	.LASF73:
 1321 0065 4932435F 		.ascii	"I2C_Read\000"
 1321      52656164 
 1321      00
 1322              	.LASF10:
 1323 006e 73697A65 		.ascii	"sizetype\000"
 1323      74797065 
 1323      00
 1324              	.LASF48:
 1325 0077 49475F54 		.ascii	"IG_THS_XH\000"
 1325      48535F58 
 1325      4800
 1326              	.LASF62:
 1327 0081 4C4F575F 		.ascii	"LOW_ODR\000"
 1327      4F445200 
 1328              	.LASF24:
 1329 0089 4354524C 		.ascii	"CTRL3\000"
 1329      3300
 1330              	.LASF63:
 1331 008f 76616C75 		.ascii	"value\000"
 1331      6500
 1332              	.LASF70:
ARM GAS  C:\Users\samue\AppData\Local\Temp\ccpYGVMt.s 			page 27


 1333 0095 72617465 		.ascii	"rate_result\000"
 1333      5F726573 
 1333      756C7400 
 1334              	.LASF77:
 1335 00a1 5A756D6F 		.ascii	"ZumoLibrary\\Gyro.c\000"
 1335      4C696272 
 1335      6172795C 
 1335      4779726F 
 1335      2E6300
 1336              	.LASF15:
 1337 00b4 75696E74 		.ascii	"uint16\000"
 1337      313600
 1338              	.LASF60:
 1339 00bb 49475F44 		.ascii	"IG_DURATION\000"
 1339      55524154 
 1339      494F4E00 
 1340              	.LASF16:
 1341 00c7 696E7431 		.ascii	"int16\000"
 1341      3600
 1342              	.LASF14:
 1343 00cd 75696E74 		.ascii	"uint8\000"
 1343      3800
 1344              	.LASF20:
 1345 00d3 4354524C 		.ascii	"CTRL1\000"
 1345      3100
 1346              	.LASF22:
 1347 00d9 4354524C 		.ascii	"CTRL2\000"
 1347      3200
 1348              	.LASF17:
 1349 00df 666C6F61 		.ascii	"float\000"
 1349      7400
 1350              	.LASF26:
 1351 00e5 4354524C 		.ascii	"CTRL4\000"
 1351      3400
 1352              	.LASF28:
 1353 00eb 4354524C 		.ascii	"CTRL5\000"
 1353      3500
 1354              	.LASF57:
 1355 00f1 494E5431 		.ascii	"INT1_THS_ZH\000"
 1355      5F544853 
 1355      5F5A4800 
 1356              	.LASF6:
 1357 00fd 6C6F6E67 		.ascii	"long long int\000"
 1357      206C6F6E 
 1357      6720696E 
 1357      7400
 1358              	.LASF59:
 1359 010b 494E5431 		.ascii	"INT1_THS_ZL\000"
 1359      5F544853 
 1359      5F5A4C00 
 1360              	.LASF11:
 1361 0117 63686172 		.ascii	"char\000"
 1361      00
 1362              	.LASF47:
 1363 011c 494E5431 		.ascii	"INT1_SRC\000"
 1363      5F535243 
 1363      00
ARM GAS  C:\Users\samue\AppData\Local\Temp\ccpYGVMt.s 			page 28


 1364              	.LASF4:
 1365 0125 6C6F6E67 		.ascii	"long int\000"
 1365      20696E74 
 1365      00
 1366              	.LASF75:
 1367 012e 7072696E 		.ascii	"printf\000"
 1367      746600
 1368              	.LASF72:
 1369 0135 4932435F 		.ascii	"I2C_Write\000"
 1369      57726974 
 1369      6500
 1370              	.LASF46:
 1371 013f 49475F53 		.ascii	"IG_SRC\000"
 1371      524300
 1372              	.LASF52:
 1373 0146 49475F54 		.ascii	"IG_THS_YH\000"
 1373      48535F59 
 1373      4800
 1374              	.LASF54:
 1375 0150 49475F54 		.ascii	"IG_THS_YL\000"
 1375      48535F59 
 1375      4C00
 1376              	.LASF9:
 1377 015a 6C6F6E67 		.ascii	"long double\000"
 1377      20646F75 
 1377      626C6500 
 1378              	.LASF1:
 1379 0166 756E7369 		.ascii	"unsigned char\000"
 1379      676E6564 
 1379      20636861 
 1379      7200
 1380              	.LASF74:
 1381 0174 4932435F 		.ascii	"I2C_Read_Multiple\000"
 1381      52656164 
 1381      5F4D756C 
 1381      7469706C 
 1381      6500
 1382              	.LASF50:
 1383 0186 49475F54 		.ascii	"IG_THS_XL\000"
 1383      48535F58 
 1383      4C00
 1384              	.LASF65:
 1385 0190 72656164 		.ascii	"read\000"
 1385      00
 1386              	.LASF0:
 1387 0195 7369676E 		.ascii	"signed char\000"
 1387      65642063 
 1387      68617200 
 1388              	.LASF7:
 1389 01a1 6C6F6E67 		.ascii	"long long unsigned int\000"
 1389      206C6F6E 
 1389      6720756E 
 1389      7369676E 
 1389      65642069 
 1390              	.LASF33:
 1391 01b8 53544154 		.ascii	"STATUS_REG\000"
 1391      55535F52 
ARM GAS  C:\Users\samue\AppData\Local\Temp\ccpYGVMt.s 			page 29


 1391      454700
 1392              	.LASF8:
 1393 01c3 756E7369 		.ascii	"unsigned int\000"
 1393      676E6564 
 1393      20696E74 
 1393      00
 1394              	.LASF21:
 1395 01d0 4354524C 		.ascii	"CTRL_REG1\000"
 1395      5F524547 
 1395      3100
 1396              	.LASF23:
 1397 01da 4354524C 		.ascii	"CTRL_REG2\000"
 1397      5F524547 
 1397      3200
 1398              	.LASF25:
 1399 01e4 4354524C 		.ascii	"CTRL_REG3\000"
 1399      5F524547 
 1399      3300
 1400              	.LASF39:
 1401 01ee 4F55545F 		.ascii	"OUT_Z_H\000"
 1401      5A5F4800 
 1402              	.LASF29:
 1403 01f6 4354524C 		.ascii	"CTRL_REG5\000"
 1403      5F524547 
 1403      3500
 1404              	.LASF3:
 1405 0200 73686F72 		.ascii	"short unsigned int\000"
 1405      7420756E 
 1405      7369676E 
 1405      65642069 
 1405      6E7400
 1406              	.LASF38:
 1407 0213 4F55545F 		.ascii	"OUT_Z_L\000"
 1407      5A5F4C00 
 1408              	.LASF27:
 1409 021b 4354524C 		.ascii	"CTRL_REG4\000"
 1409      5F524547 
 1409      3400
 1410              	.LASF13:
 1411 0225 696E7433 		.ascii	"int32_t\000"
 1411      325F7400 
 1412              	.LASF42:
 1413 022d 4649464F 		.ascii	"FIFO_SRC\000"
 1413      5F535243 
 1413      00
 1414              	.LASF56:
 1415 0236 49475F54 		.ascii	"IG_THS_ZH\000"
 1415      48535F5A 
 1415      4800
 1416              	.LASF58:
 1417 0240 49475F54 		.ascii	"IG_THS_ZL\000"
 1417      48535F5A 
 1417      4C00
 1418              	.LASF66:
 1419 024a 64617461 		.ascii	"data\000"
 1419      00
 1420              	.LASF37:
ARM GAS  C:\Users\samue\AppData\Local\Temp\ccpYGVMt.s 			page 30


 1421 024f 4F55545F 		.ascii	"OUT_Y_H\000"
 1421      595F4800 
 1422              	.LASF79:
 1423 0257 72656741 		.ascii	"regAddr\000"
 1423      64647200 
 1424              	.LASF61:
 1425 025f 494E5431 		.ascii	"INT1_DURATION\000"
 1425      5F445552 
 1425      4154494F 
 1425      4E00
 1426              	.LASF36:
 1427 026d 4F55545F 		.ascii	"OUT_Y_L\000"
 1427      595F4C00 
 1428              	.LASF41:
 1429 0275 4649464F 		.ascii	"FIFO_CTRL_REG\000"
 1429      5F435452 
 1429      4C5F5245 
 1429      4700
 1430              	.LASF5:
 1431 0283 6C6F6E67 		.ascii	"long unsigned int\000"
 1431      20756E73 
 1431      69676E65 
 1431      6420696E 
 1431      7400
 1432              	.LASF78:
 1433 0295 433A5C55 		.ascii	"C:\\Users\\samue\\Desktop\\RobotRage2\\Zumo\\ZumoBo"
 1433      73657273 
 1433      5C73616D 
 1433      75655C44 
 1433      65736B74 
 1434 02c2 742E6379 		.ascii	"t.cydsn\000"
 1434      64736E00 
 1435              	.LASF18:
 1436 02ca 646F7562 		.ascii	"double\000"
 1436      6C6500
 1437              	.LASF49:
 1438 02d1 494E5431 		.ascii	"INT1_THS_XH\000"
 1438      5F544853 
 1438      5F584800 
 1439              	.LASF67:
 1440 02dd 656E6162 		.ascii	"enableDefault\000"
 1440      6C654465 
 1440      6661756C 
 1440      7400
 1441              	.LASF51:
 1442 02eb 494E5431 		.ascii	"INT1_THS_XL\000"
 1442      5F544853 
 1442      5F584C00 
 1443              	.LASF40:
 1444 02f7 4649464F 		.ascii	"FIFO_CTRL\000"
 1444      5F435452 
 1444      4C00
 1445              	.LASF71:
 1446 0301 475F4741 		.ascii	"G_GAIN\000"
 1446      494E00
 1447              	.LASF12:
 1448 0308 5F5F696E 		.ascii	"__int32_t\000"
ARM GAS  C:\Users\samue\AppData\Local\Temp\ccpYGVMt.s 			page 31


 1448      7433325F 
 1448      7400
 1449              	.LASF35:
 1450 0312 4F55545F 		.ascii	"OUT_X_H\000"
 1450      585F4800 
 1451              	.LASF31:
 1452 031a 4F55545F 		.ascii	"OUT_TEMP\000"
 1452      54454D50 
 1452      00
 1453              	.LASF34:
 1454 0323 4F55545F 		.ascii	"OUT_X_L\000"
 1454      585F4C00 
 1455              	.LASF80:
 1456 032b 49544D5F 		.ascii	"ITM_RxBuffer\000"
 1456      52784275 
 1456      66666572 
 1456      00
 1457              	.LASF76:
 1458 0338 474E5520 		.ascii	"GNU C11 5.4.1 20160609 (release) [ARM/embedded-5-br"
 1458      43313120 
 1458      352E342E 
 1458      31203230 
 1458      31363036 
 1459 036b 616E6368 		.ascii	"anch revision 237715] -mcpu=cortex-m3 -mthumb -g -O"
 1459      20726576 
 1459      6973696F 
 1459      6E203233 
 1459      37373135 
 1460 039e 67202D66 		.ascii	"g -ffunction-sections -ffat-lto-objects\000"
 1460      66756E63 
 1460      74696F6E 
 1460      2D736563 
 1460      74696F6E 
 1461              	.LASF64:
 1462 03c6 77726974 		.ascii	"writeReg\000"
 1462      65526567 
 1462      00
 1463              	.LASF32:
 1464 03cf 53544154 		.ascii	"STATUS\000"
 1464      555300
 1465              	.LASF68:
 1466 03d6 72656164 		.ascii	"readReg\000"
 1466      52656700 
 1467              		.ident	"GCC: (GNU Tools for ARM Embedded Processors) 5.4.1 20160609 (release) [ARM/embedded-5-bran
