ARM GAS  C:\Users\samue\AppData\Local\Temp\ccDykOiD.s 			page 1


   1              		.syntax unified
   2              		.cpu cortex-m3
   3              		.fpu softvfp
   4              		.eabi_attribute 20, 1
   5              		.eabi_attribute 21, 1
   6              		.eabi_attribute 23, 3
   7              		.eabi_attribute 24, 1
   8              		.eabi_attribute 25, 1
   9              		.eabi_attribute 26, 1
  10              		.eabi_attribute 30, 1
  11              		.eabi_attribute 34, 1
  12              		.eabi_attribute 18, 4
  13              		.thumb
  14              		.syntax unified
  15              		.file	"list.c"
  16              		.text
  17              	.Ltext0:
  18              		.cfi_sections	.debug_frame
  19              		.section	.text.vListInitialise,"ax",%progbits
  20              		.align	2
  21              		.global	vListInitialise
  22              		.thumb
  23              		.thumb_func
  24              		.type	vListInitialise, %function
  25              	vListInitialise:
  26              	.LFB68:
  27              		.file 1 "..\\FreeRTOS\\Source\\list.c"
   1:..\FreeRTOS\Source/list.c **** /*
   2:..\FreeRTOS\Source/list.c ****  * FreeRTOS Kernel V10.0.1
   3:..\FreeRTOS\Source/list.c ****  * Copyright (C) 2017 Amazon.com, Inc. or its affiliates.  All Rights Reserved.
   4:..\FreeRTOS\Source/list.c ****  *
   5:..\FreeRTOS\Source/list.c ****  * Permission is hereby granted, free of charge, to any person obtaining a copy of
   6:..\FreeRTOS\Source/list.c ****  * this software and associated documentation files (the "Software"), to deal in
   7:..\FreeRTOS\Source/list.c ****  * the Software without restriction, including without limitation the rights to
   8:..\FreeRTOS\Source/list.c ****  * use, copy, modify, merge, publish, distribute, sublicense, and/or sell copies of
   9:..\FreeRTOS\Source/list.c ****  * the Software, and to permit persons to whom the Software is furnished to do so,
  10:..\FreeRTOS\Source/list.c ****  * subject to the following conditions:
  11:..\FreeRTOS\Source/list.c ****  *
  12:..\FreeRTOS\Source/list.c ****  * The above copyright notice and this permission notice shall be included in all
  13:..\FreeRTOS\Source/list.c ****  * copies or substantial portions of the Software.
  14:..\FreeRTOS\Source/list.c ****  *
  15:..\FreeRTOS\Source/list.c ****  * THE SOFTWARE IS PROVIDED "AS IS", WITHOUT WARRANTY OF ANY KIND, EXPRESS OR
  16:..\FreeRTOS\Source/list.c ****  * IMPLIED, INCLUDING BUT NOT LIMITED TO THE WARRANTIES OF MERCHANTABILITY, FITNESS
  17:..\FreeRTOS\Source/list.c ****  * FOR A PARTICULAR PURPOSE AND NONINFRINGEMENT. IN NO EVENT SHALL THE AUTHORS OR
  18:..\FreeRTOS\Source/list.c ****  * COPYRIGHT HOLDERS BE LIABLE FOR ANY CLAIM, DAMAGES OR OTHER LIABILITY, WHETHER
  19:..\FreeRTOS\Source/list.c ****  * IN AN ACTION OF CONTRACT, TORT OR OTHERWISE, ARISING FROM, OUT OF OR IN
  20:..\FreeRTOS\Source/list.c ****  * CONNECTION WITH THE SOFTWARE OR THE USE OR OTHER DEALINGS IN THE SOFTWARE.
  21:..\FreeRTOS\Source/list.c ****  *
  22:..\FreeRTOS\Source/list.c ****  * http://www.FreeRTOS.org
  23:..\FreeRTOS\Source/list.c ****  * http://aws.amazon.com/freertos
  24:..\FreeRTOS\Source/list.c ****  *
  25:..\FreeRTOS\Source/list.c ****  * 1 tab == 4 spaces!
  26:..\FreeRTOS\Source/list.c ****  */
  27:..\FreeRTOS\Source/list.c **** 
  28:..\FreeRTOS\Source/list.c **** 
  29:..\FreeRTOS\Source/list.c **** #include <stdlib.h>
  30:..\FreeRTOS\Source/list.c **** #include "FreeRTOS.h"
ARM GAS  C:\Users\samue\AppData\Local\Temp\ccDykOiD.s 			page 2


  31:..\FreeRTOS\Source/list.c **** #include "list.h"
  32:..\FreeRTOS\Source/list.c **** 
  33:..\FreeRTOS\Source/list.c **** /*-----------------------------------------------------------
  34:..\FreeRTOS\Source/list.c ****  * PUBLIC LIST API documented in list.h
  35:..\FreeRTOS\Source/list.c ****  *----------------------------------------------------------*/
  36:..\FreeRTOS\Source/list.c **** 
  37:..\FreeRTOS\Source/list.c **** void vListInitialise( List_t * const pxList )
  38:..\FreeRTOS\Source/list.c **** {
  28              		.loc 1 38 0
  29              		.cfi_startproc
  30              		@ args = 0, pretend = 0, frame = 0
  31              		@ frame_needed = 0, uses_anonymous_args = 0
  32              		@ link register save eliminated.
  33              	.LVL0:
  39:..\FreeRTOS\Source/list.c **** 	/* The list structure contains a list item which is used to mark the
  40:..\FreeRTOS\Source/list.c **** 	end of the list.  To initialise the list the list end is inserted
  41:..\FreeRTOS\Source/list.c **** 	as the only list entry. */
  42:..\FreeRTOS\Source/list.c **** 	pxList->pxIndex = ( ListItem_t * ) &( pxList->xListEnd );			/*lint !e826 !e740 The mini list struc
  34              		.loc 1 42 0
  35 0000 00F10803 		add	r3, r0, #8
  36 0004 4360     		str	r3, [r0, #4]
  43:..\FreeRTOS\Source/list.c **** 
  44:..\FreeRTOS\Source/list.c **** 	/* The list end value is the highest possible value in the list to
  45:..\FreeRTOS\Source/list.c **** 	ensure it remains at the end of the list. */
  46:..\FreeRTOS\Source/list.c **** 	pxList->xListEnd.xItemValue = portMAX_DELAY;
  37              		.loc 1 46 0
  38 0006 4FF0FF32 		mov	r2, #-1
  39 000a 8260     		str	r2, [r0, #8]
  47:..\FreeRTOS\Source/list.c **** 
  48:..\FreeRTOS\Source/list.c **** 	/* The list end next and previous pointers point to itself so we know
  49:..\FreeRTOS\Source/list.c **** 	when the list is empty. */
  50:..\FreeRTOS\Source/list.c **** 	pxList->xListEnd.pxNext = ( ListItem_t * ) &( pxList->xListEnd );	/*lint !e826 !e740 The mini list
  40              		.loc 1 50 0
  41 000c C360     		str	r3, [r0, #12]
  51:..\FreeRTOS\Source/list.c **** 	pxList->xListEnd.pxPrevious = ( ListItem_t * ) &( pxList->xListEnd );/*lint !e826 !e740 The mini l
  42              		.loc 1 51 0
  43 000e 0361     		str	r3, [r0, #16]
  52:..\FreeRTOS\Source/list.c **** 
  53:..\FreeRTOS\Source/list.c **** 	pxList->uxNumberOfItems = ( UBaseType_t ) 0U;
  44              		.loc 1 53 0
  45 0010 0023     		movs	r3, #0
  46 0012 0360     		str	r3, [r0]
  47 0014 7047     		bx	lr
  48              		.cfi_endproc
  49              	.LFE68:
  50              		.size	vListInitialise, .-vListInitialise
  51 0016 00BF     		.section	.text.vListInitialiseItem,"ax",%progbits
  52              		.align	2
  53              		.global	vListInitialiseItem
  54              		.thumb
  55              		.thumb_func
  56              		.type	vListInitialiseItem, %function
  57              	vListInitialiseItem:
  58              	.LFB69:
  54:..\FreeRTOS\Source/list.c **** 
  55:..\FreeRTOS\Source/list.c **** 	/* Write known values into the list if
  56:..\FreeRTOS\Source/list.c **** 	configUSE_LIST_DATA_INTEGRITY_CHECK_BYTES is set to 1. */
ARM GAS  C:\Users\samue\AppData\Local\Temp\ccDykOiD.s 			page 3


  57:..\FreeRTOS\Source/list.c **** 	listSET_LIST_INTEGRITY_CHECK_1_VALUE( pxList );
  58:..\FreeRTOS\Source/list.c **** 	listSET_LIST_INTEGRITY_CHECK_2_VALUE( pxList );
  59:..\FreeRTOS\Source/list.c **** }
  60:..\FreeRTOS\Source/list.c **** /*-----------------------------------------------------------*/
  61:..\FreeRTOS\Source/list.c **** 
  62:..\FreeRTOS\Source/list.c **** void vListInitialiseItem( ListItem_t * const pxItem )
  63:..\FreeRTOS\Source/list.c **** {
  59              		.loc 1 63 0
  60              		.cfi_startproc
  61              		@ args = 0, pretend = 0, frame = 0
  62              		@ frame_needed = 0, uses_anonymous_args = 0
  63              		@ link register save eliminated.
  64              	.LVL1:
  64:..\FreeRTOS\Source/list.c **** 	/* Make sure the list item is not recorded as being on a list. */
  65:..\FreeRTOS\Source/list.c **** 	pxItem->pvContainer = NULL;
  65              		.loc 1 65 0
  66 0000 0023     		movs	r3, #0
  67 0002 0361     		str	r3, [r0, #16]
  68 0004 7047     		bx	lr
  69              		.cfi_endproc
  70              	.LFE69:
  71              		.size	vListInitialiseItem, .-vListInitialiseItem
  72 0006 00BF     		.section	.text.vListInsertEnd,"ax",%progbits
  73              		.align	2
  74              		.global	vListInsertEnd
  75              		.thumb
  76              		.thumb_func
  77              		.type	vListInsertEnd, %function
  78              	vListInsertEnd:
  79              	.LFB70:
  66:..\FreeRTOS\Source/list.c **** 
  67:..\FreeRTOS\Source/list.c **** 	/* Write known values into the list item if
  68:..\FreeRTOS\Source/list.c **** 	configUSE_LIST_DATA_INTEGRITY_CHECK_BYTES is set to 1. */
  69:..\FreeRTOS\Source/list.c **** 	listSET_FIRST_LIST_ITEM_INTEGRITY_CHECK_VALUE( pxItem );
  70:..\FreeRTOS\Source/list.c **** 	listSET_SECOND_LIST_ITEM_INTEGRITY_CHECK_VALUE( pxItem );
  71:..\FreeRTOS\Source/list.c **** }
  72:..\FreeRTOS\Source/list.c **** /*-----------------------------------------------------------*/
  73:..\FreeRTOS\Source/list.c **** 
  74:..\FreeRTOS\Source/list.c **** void vListInsertEnd( List_t * const pxList, ListItem_t * const pxNewListItem )
  75:..\FreeRTOS\Source/list.c **** {
  80              		.loc 1 75 0
  81              		.cfi_startproc
  82              		@ args = 0, pretend = 0, frame = 0
  83              		@ frame_needed = 0, uses_anonymous_args = 0
  84              		@ link register save eliminated.
  85              	.LVL2:
  76:..\FreeRTOS\Source/list.c **** ListItem_t * const pxIndex = pxList->pxIndex;
  86              		.loc 1 76 0
  87 0000 4368     		ldr	r3, [r0, #4]
  88              	.LVL3:
  77:..\FreeRTOS\Source/list.c **** 
  78:..\FreeRTOS\Source/list.c **** 	/* Only effective when configASSERT() is also defined, these tests may catch
  79:..\FreeRTOS\Source/list.c **** 	the list data structures being overwritten in memory.  They will not catch
  80:..\FreeRTOS\Source/list.c **** 	data errors caused by incorrect configuration or use of FreeRTOS. */
  81:..\FreeRTOS\Source/list.c **** 	listTEST_LIST_INTEGRITY( pxList );
  82:..\FreeRTOS\Source/list.c **** 	listTEST_LIST_ITEM_INTEGRITY( pxNewListItem );
  83:..\FreeRTOS\Source/list.c **** 
ARM GAS  C:\Users\samue\AppData\Local\Temp\ccDykOiD.s 			page 4


  84:..\FreeRTOS\Source/list.c **** 	/* Insert a new list item into pxList, but rather than sort the list,
  85:..\FreeRTOS\Source/list.c **** 	makes the new list item the last item to be removed by a call to
  86:..\FreeRTOS\Source/list.c **** 	listGET_OWNER_OF_NEXT_ENTRY(). */
  87:..\FreeRTOS\Source/list.c **** 	pxNewListItem->pxNext = pxIndex;
  89              		.loc 1 87 0
  90 0002 4B60     		str	r3, [r1, #4]
  88:..\FreeRTOS\Source/list.c **** 	pxNewListItem->pxPrevious = pxIndex->pxPrevious;
  91              		.loc 1 88 0
  92 0004 9A68     		ldr	r2, [r3, #8]
  93 0006 8A60     		str	r2, [r1, #8]
  89:..\FreeRTOS\Source/list.c **** 
  90:..\FreeRTOS\Source/list.c **** 	/* Only used during decision coverage testing. */
  91:..\FreeRTOS\Source/list.c **** 	mtCOVERAGE_TEST_DELAY();
  92:..\FreeRTOS\Source/list.c **** 
  93:..\FreeRTOS\Source/list.c **** 	pxIndex->pxPrevious->pxNext = pxNewListItem;
  94              		.loc 1 93 0
  95 0008 9A68     		ldr	r2, [r3, #8]
  96 000a 5160     		str	r1, [r2, #4]
  94:..\FreeRTOS\Source/list.c **** 	pxIndex->pxPrevious = pxNewListItem;
  97              		.loc 1 94 0
  98 000c 9960     		str	r1, [r3, #8]
  95:..\FreeRTOS\Source/list.c **** 
  96:..\FreeRTOS\Source/list.c **** 	/* Remember which list the item is in. */
  97:..\FreeRTOS\Source/list.c **** 	pxNewListItem->pvContainer = ( void * ) pxList;
  99              		.loc 1 97 0
 100 000e 0861     		str	r0, [r1, #16]
  98:..\FreeRTOS\Source/list.c **** 
  99:..\FreeRTOS\Source/list.c **** 	( pxList->uxNumberOfItems )++;
 101              		.loc 1 99 0
 102 0010 0368     		ldr	r3, [r0]
 103              	.LVL4:
 104 0012 0133     		adds	r3, r3, #1
 105 0014 0360     		str	r3, [r0]
 106 0016 7047     		bx	lr
 107              		.cfi_endproc
 108              	.LFE70:
 109              		.size	vListInsertEnd, .-vListInsertEnd
 110              		.section	.text.vListInsert,"ax",%progbits
 111              		.align	2
 112              		.global	vListInsert
 113              		.thumb
 114              		.thumb_func
 115              		.type	vListInsert, %function
 116              	vListInsert:
 117              	.LFB71:
 100:..\FreeRTOS\Source/list.c **** }
 101:..\FreeRTOS\Source/list.c **** /*-----------------------------------------------------------*/
 102:..\FreeRTOS\Source/list.c **** 
 103:..\FreeRTOS\Source/list.c **** void vListInsert( List_t * const pxList, ListItem_t * const pxNewListItem )
 104:..\FreeRTOS\Source/list.c **** {
 118              		.loc 1 104 0
 119              		.cfi_startproc
 120              		@ args = 0, pretend = 0, frame = 0
 121              		@ frame_needed = 0, uses_anonymous_args = 0
 122              		@ link register save eliminated.
 123              	.LVL5:
 124 0000 30B4     		push	{r4, r5}
ARM GAS  C:\Users\samue\AppData\Local\Temp\ccDykOiD.s 			page 5


 125              		.cfi_def_cfa_offset 8
 126              		.cfi_offset 4, -8
 127              		.cfi_offset 5, -4
 105:..\FreeRTOS\Source/list.c **** ListItem_t *pxIterator;
 106:..\FreeRTOS\Source/list.c **** const TickType_t xValueOfInsertion = pxNewListItem->xItemValue;
 128              		.loc 1 106 0
 129 0002 0D68     		ldr	r5, [r1]
 130              	.LVL6:
 107:..\FreeRTOS\Source/list.c **** 
 108:..\FreeRTOS\Source/list.c **** 	/* Only effective when configASSERT() is also defined, these tests may catch
 109:..\FreeRTOS\Source/list.c **** 	the list data structures being overwritten in memory.  They will not catch
 110:..\FreeRTOS\Source/list.c **** 	data errors caused by incorrect configuration or use of FreeRTOS. */
 111:..\FreeRTOS\Source/list.c **** 	listTEST_LIST_INTEGRITY( pxList );
 112:..\FreeRTOS\Source/list.c **** 	listTEST_LIST_ITEM_INTEGRITY( pxNewListItem );
 113:..\FreeRTOS\Source/list.c **** 
 114:..\FreeRTOS\Source/list.c **** 	/* Insert the new list item into the list, sorted in xItemValue order.
 115:..\FreeRTOS\Source/list.c **** 
 116:..\FreeRTOS\Source/list.c **** 	If the list already contains a list item with the same item value then the
 117:..\FreeRTOS\Source/list.c **** 	new list item should be placed after it.  This ensures that TCB's which are
 118:..\FreeRTOS\Source/list.c **** 	stored in ready lists (all of which have the same xItemValue value) get a
 119:..\FreeRTOS\Source/list.c **** 	share of the CPU.  However, if the xItemValue is the same as the back marker
 120:..\FreeRTOS\Source/list.c **** 	the iteration loop below will not end.  Therefore the value is checked
 121:..\FreeRTOS\Source/list.c **** 	first, and the algorithm slightly modified if necessary. */
 122:..\FreeRTOS\Source/list.c **** 	if( xValueOfInsertion == portMAX_DELAY )
 131              		.loc 1 122 0
 132 0004 B5F1FF3F 		cmp	r5, #-1
 133 0008 01D1     		bne	.L5
 123:..\FreeRTOS\Source/list.c **** 	{
 124:..\FreeRTOS\Source/list.c **** 		pxIterator = pxList->xListEnd.pxPrevious;
 134              		.loc 1 124 0
 135 000a 0269     		ldr	r2, [r0, #16]
 136              	.LVL7:
 137 000c 07E0     		b	.L6
 138              	.LVL8:
 139              	.L5:
 125:..\FreeRTOS\Source/list.c **** 	}
 126:..\FreeRTOS\Source/list.c **** 	else
 127:..\FreeRTOS\Source/list.c **** 	{
 128:..\FreeRTOS\Source/list.c **** 		/* *** NOTE ***********************************************************
 129:..\FreeRTOS\Source/list.c **** 		If you find your application is crashing here then likely causes are
 130:..\FreeRTOS\Source/list.c **** 		listed below.  In addition see http://www.freertos.org/FAQHelp.html for
 131:..\FreeRTOS\Source/list.c **** 		more tips, and ensure configASSERT() is defined!
 132:..\FreeRTOS\Source/list.c **** 		http://www.freertos.org/a00110.html#configASSERT
 133:..\FreeRTOS\Source/list.c **** 
 134:..\FreeRTOS\Source/list.c **** 			1) Stack overflow -
 135:..\FreeRTOS\Source/list.c **** 			   see http://www.freertos.org/Stacks-and-stack-overflow-checking.html
 136:..\FreeRTOS\Source/list.c **** 			2) Incorrect interrupt priority assignment, especially on Cortex-M
 137:..\FreeRTOS\Source/list.c **** 			   parts where numerically high priority values denote low actual
 138:..\FreeRTOS\Source/list.c **** 			   interrupt priorities, which can seem counter intuitive.  See
 139:..\FreeRTOS\Source/list.c **** 			   http://www.freertos.org/RTOS-Cortex-M3-M4.html and the definition
 140:..\FreeRTOS\Source/list.c **** 			   of configMAX_SYSCALL_INTERRUPT_PRIORITY on
 141:..\FreeRTOS\Source/list.c **** 			   http://www.freertos.org/a00110.html
 142:..\FreeRTOS\Source/list.c **** 			3) Calling an API function from within a critical section or when
 143:..\FreeRTOS\Source/list.c **** 			   the scheduler is suspended, or calling an API function that does
 144:..\FreeRTOS\Source/list.c **** 			   not end in "FromISR" from an interrupt.
 145:..\FreeRTOS\Source/list.c **** 			4) Using a queue or semaphore before it has been initialised or
 146:..\FreeRTOS\Source/list.c **** 			   before the scheduler has been started (are interrupts firing
ARM GAS  C:\Users\samue\AppData\Local\Temp\ccDykOiD.s 			page 6


 147:..\FreeRTOS\Source/list.c **** 			   before vTaskStartScheduler() has been called?).
 148:..\FreeRTOS\Source/list.c **** 		**********************************************************************/
 149:..\FreeRTOS\Source/list.c **** 
 150:..\FreeRTOS\Source/list.c **** 		for( pxIterator = ( ListItem_t * ) &( pxList->xListEnd ); pxIterator->pxNext->xItemValue <= xValu
 140              		.loc 1 150 0
 141 000e 00F10802 		add	r2, r0, #8
 142              	.LVL9:
 143 0012 00E0     		b	.L7
 144              	.L8:
 145 0014 1A46     		mov	r2, r3
 146              	.LVL10:
 147              	.L7:
 148              		.loc 1 150 0 is_stmt 0 discriminator 1
 149 0016 5368     		ldr	r3, [r2, #4]
 150 0018 1C68     		ldr	r4, [r3]
 151 001a A542     		cmp	r5, r4
 152 001c FAD2     		bcs	.L8
 153              	.L6:
 151:..\FreeRTOS\Source/list.c **** 		{
 152:..\FreeRTOS\Source/list.c **** 			/* There is nothing to do here, just iterating to the wanted
 153:..\FreeRTOS\Source/list.c **** 			insertion position. */
 154:..\FreeRTOS\Source/list.c **** 		}
 155:..\FreeRTOS\Source/list.c **** 	}
 156:..\FreeRTOS\Source/list.c **** 
 157:..\FreeRTOS\Source/list.c **** 	pxNewListItem->pxNext = pxIterator->pxNext;
 154              		.loc 1 157 0 is_stmt 1
 155 001e 5368     		ldr	r3, [r2, #4]
 156 0020 4B60     		str	r3, [r1, #4]
 158:..\FreeRTOS\Source/list.c **** 	pxNewListItem->pxNext->pxPrevious = pxNewListItem;
 157              		.loc 1 158 0
 158 0022 9960     		str	r1, [r3, #8]
 159:..\FreeRTOS\Source/list.c **** 	pxNewListItem->pxPrevious = pxIterator;
 159              		.loc 1 159 0
 160 0024 8A60     		str	r2, [r1, #8]
 160:..\FreeRTOS\Source/list.c **** 	pxIterator->pxNext = pxNewListItem;
 161              		.loc 1 160 0
 162 0026 5160     		str	r1, [r2, #4]
 161:..\FreeRTOS\Source/list.c **** 
 162:..\FreeRTOS\Source/list.c **** 	/* Remember which list the item is in.  This allows fast removal of the
 163:..\FreeRTOS\Source/list.c **** 	item later. */
 164:..\FreeRTOS\Source/list.c **** 	pxNewListItem->pvContainer = ( void * ) pxList;
 163              		.loc 1 164 0
 164 0028 0861     		str	r0, [r1, #16]
 165:..\FreeRTOS\Source/list.c **** 
 166:..\FreeRTOS\Source/list.c **** 	( pxList->uxNumberOfItems )++;
 165              		.loc 1 166 0
 166 002a 0368     		ldr	r3, [r0]
 167 002c 0133     		adds	r3, r3, #1
 168 002e 0360     		str	r3, [r0]
 167:..\FreeRTOS\Source/list.c **** }
 169              		.loc 1 167 0
 170 0030 30BC     		pop	{r4, r5}
 171              		.cfi_restore 5
 172              		.cfi_restore 4
 173              		.cfi_def_cfa_offset 0
 174              	.LVL11:
 175 0032 7047     		bx	lr
ARM GAS  C:\Users\samue\AppData\Local\Temp\ccDykOiD.s 			page 7


 176              		.cfi_endproc
 177              	.LFE71:
 178              		.size	vListInsert, .-vListInsert
 179              		.section	.text.uxListRemove,"ax",%progbits
 180              		.align	2
 181              		.global	uxListRemove
 182              		.thumb
 183              		.thumb_func
 184              		.type	uxListRemove, %function
 185              	uxListRemove:
 186              	.LFB72:
 168:..\FreeRTOS\Source/list.c **** /*-----------------------------------------------------------*/
 169:..\FreeRTOS\Source/list.c **** 
 170:..\FreeRTOS\Source/list.c **** UBaseType_t uxListRemove( ListItem_t * const pxItemToRemove )
 171:..\FreeRTOS\Source/list.c **** {
 187              		.loc 1 171 0
 188              		.cfi_startproc
 189              		@ args = 0, pretend = 0, frame = 0
 190              		@ frame_needed = 0, uses_anonymous_args = 0
 191              		@ link register save eliminated.
 192              	.LVL12:
 172:..\FreeRTOS\Source/list.c **** /* The list item knows which list it is in.  Obtain the list from the list
 173:..\FreeRTOS\Source/list.c **** item. */
 174:..\FreeRTOS\Source/list.c **** List_t * const pxList = ( List_t * ) pxItemToRemove->pvContainer;
 193              		.loc 1 174 0
 194 0000 0369     		ldr	r3, [r0, #16]
 195              	.LVL13:
 175:..\FreeRTOS\Source/list.c **** 
 176:..\FreeRTOS\Source/list.c **** 	pxItemToRemove->pxNext->pxPrevious = pxItemToRemove->pxPrevious;
 196              		.loc 1 176 0
 197 0002 4268     		ldr	r2, [r0, #4]
 198 0004 8168     		ldr	r1, [r0, #8]
 199 0006 9160     		str	r1, [r2, #8]
 177:..\FreeRTOS\Source/list.c **** 	pxItemToRemove->pxPrevious->pxNext = pxItemToRemove->pxNext;
 200              		.loc 1 177 0
 201 0008 8268     		ldr	r2, [r0, #8]
 202 000a 4168     		ldr	r1, [r0, #4]
 203 000c 5160     		str	r1, [r2, #4]
 178:..\FreeRTOS\Source/list.c **** 
 179:..\FreeRTOS\Source/list.c **** 	/* Only used during decision coverage testing. */
 180:..\FreeRTOS\Source/list.c **** 	mtCOVERAGE_TEST_DELAY();
 181:..\FreeRTOS\Source/list.c **** 
 182:..\FreeRTOS\Source/list.c **** 	/* Make sure the index is left pointing to a valid item. */
 183:..\FreeRTOS\Source/list.c **** 	if( pxList->pxIndex == pxItemToRemove )
 204              		.loc 1 183 0
 205 000e 5A68     		ldr	r2, [r3, #4]
 206 0010 9042     		cmp	r0, r2
 207 0012 01D1     		bne	.L11
 184:..\FreeRTOS\Source/list.c **** 	{
 185:..\FreeRTOS\Source/list.c **** 		pxList->pxIndex = pxItemToRemove->pxPrevious;
 208              		.loc 1 185 0
 209 0014 8268     		ldr	r2, [r0, #8]
 210 0016 5A60     		str	r2, [r3, #4]
 211              	.L11:
 186:..\FreeRTOS\Source/list.c **** 	}
 187:..\FreeRTOS\Source/list.c **** 	else
 188:..\FreeRTOS\Source/list.c **** 	{
ARM GAS  C:\Users\samue\AppData\Local\Temp\ccDykOiD.s 			page 8


 189:..\FreeRTOS\Source/list.c **** 		mtCOVERAGE_TEST_MARKER();
 190:..\FreeRTOS\Source/list.c **** 	}
 191:..\FreeRTOS\Source/list.c **** 
 192:..\FreeRTOS\Source/list.c **** 	pxItemToRemove->pvContainer = NULL;
 212              		.loc 1 192 0
 213 0018 0022     		movs	r2, #0
 214 001a 0261     		str	r2, [r0, #16]
 193:..\FreeRTOS\Source/list.c **** 	( pxList->uxNumberOfItems )--;
 215              		.loc 1 193 0
 216 001c 1A68     		ldr	r2, [r3]
 217 001e 013A     		subs	r2, r2, #1
 218 0020 1A60     		str	r2, [r3]
 194:..\FreeRTOS\Source/list.c **** 
 195:..\FreeRTOS\Source/list.c **** 	return pxList->uxNumberOfItems;
 219              		.loc 1 195 0
 220 0022 1868     		ldr	r0, [r3]
 221              	.LVL14:
 196:..\FreeRTOS\Source/list.c **** }
 222              		.loc 1 196 0
 223 0024 7047     		bx	lr
 224              		.cfi_endproc
 225              	.LFE72:
 226              		.size	uxListRemove, .-uxListRemove
 227 0026 00BF     		.text
 228              	.Letext0:
 229              		.file 2 "c:\\program files (x86)\\cypress\\psoc creator\\4.2\\psoc creator\\import\\gnu\\arm\\5.4.
 230              		.file 3 "c:\\program files (x86)\\cypress\\psoc creator\\4.2\\psoc creator\\import\\gnu\\arm\\5.4.
 231              		.file 4 "..\\FreeRTOS\\Source\\portable\\GCC\\ARM_CM3/portmacro.h"
 232              		.file 5 "..\\FreeRTOS\\Source\\include/list.h"
 233              		.file 6 "Generated_Source\\PSoC5/core_cm3.h"
 234              		.section	.debug_info,"",%progbits
 235              	.Ldebug_info0:
 236 0000 DB020000 		.4byte	0x2db
 237 0004 0400     		.2byte	0x4
 238 0006 00000000 		.4byte	.Ldebug_abbrev0
 239 000a 04       		.byte	0x4
 240 000b 01       		.uleb128 0x1
 241 000c 8E000000 		.4byte	.LASF44
 242 0010 0C       		.byte	0xc
 243 0011 82010000 		.4byte	.LASF45
 244 0015 9F020000 		.4byte	.LASF46
 245 0019 00000000 		.4byte	.Ldebug_ranges0+0
 246 001d 00000000 		.4byte	0
 247 0021 00000000 		.4byte	.Ldebug_line0
 248 0025 02       		.uleb128 0x2
 249 0026 04       		.byte	0x4
 250 0027 07       		.byte	0x7
 251 0028 C2010000 		.4byte	.LASF0
 252 002c 03       		.uleb128 0x3
 253 002d 04       		.byte	0x4
 254 002e 05       		.byte	0x5
 255 002f 696E7400 		.ascii	"int\000"
 256 0033 02       		.uleb128 0x2
 257 0034 08       		.byte	0x8
 258 0035 05       		.byte	0x5
 259 0036 2F020000 		.4byte	.LASF1
 260 003a 02       		.uleb128 0x2
ARM GAS  C:\Users\samue\AppData\Local\Temp\ccDykOiD.s 			page 9


 261 003b 08       		.byte	0x8
 262 003c 04       		.byte	0x4
 263 003d 1A020000 		.4byte	.LASF2
 264 0041 02       		.uleb128 0x2
 265 0042 01       		.byte	0x1
 266 0043 06       		.byte	0x6
 267 0044 86020000 		.4byte	.LASF3
 268 0048 02       		.uleb128 0x2
 269 0049 01       		.byte	0x1
 270 004a 08       		.byte	0x8
 271 004b 80000000 		.4byte	.LASF4
 272 004f 02       		.uleb128 0x2
 273 0050 02       		.byte	0x2
 274 0051 05       		.byte	0x5
 275 0052 4D020000 		.4byte	.LASF5
 276 0056 02       		.uleb128 0x2
 277 0057 02       		.byte	0x2
 278 0058 07       		.byte	0x7
 279 0059 43000000 		.4byte	.LASF6
 280 005d 04       		.uleb128 0x4
 281 005e 2E000000 		.4byte	.LASF8
 282 0062 02       		.byte	0x2
 283 0063 3F       		.byte	0x3f
 284 0064 68000000 		.4byte	0x68
 285 0068 02       		.uleb128 0x2
 286 0069 04       		.byte	0x4
 287 006a 05       		.byte	0x5
 288 006b 60020000 		.4byte	.LASF7
 289 006f 04       		.uleb128 0x4
 290 0070 77010000 		.4byte	.LASF9
 291 0074 02       		.byte	0x2
 292 0075 41       		.byte	0x41
 293 0076 7A000000 		.4byte	0x7a
 294 007a 02       		.uleb128 0x2
 295 007b 04       		.byte	0x4
 296 007c 07       		.byte	0x7
 297 007d 1C010000 		.4byte	.LASF10
 298 0081 02       		.uleb128 0x2
 299 0082 08       		.byte	0x8
 300 0083 07       		.byte	0x7
 301 0084 F1010000 		.4byte	.LASF11
 302 0088 02       		.uleb128 0x2
 303 0089 04       		.byte	0x4
 304 008a 07       		.byte	0x7
 305 008b 26020000 		.4byte	.LASF12
 306 008f 05       		.uleb128 0x5
 307 0090 04       		.byte	0x4
 308 0091 02       		.uleb128 0x2
 309 0092 01       		.byte	0x1
 310 0093 08       		.byte	0x8
 311 0094 3D020000 		.4byte	.LASF13
 312 0098 04       		.uleb128 0x4
 313 0099 72000000 		.4byte	.LASF14
 314 009d 03       		.byte	0x3
 315 009e 2C       		.byte	0x2c
 316 009f 5D000000 		.4byte	0x5d
 317 00a3 04       		.uleb128 0x4
ARM GAS  C:\Users\samue\AppData\Local\Temp\ccDykOiD.s 			page 10


 318 00a4 57020000 		.4byte	.LASF15
 319 00a8 03       		.byte	0x3
 320 00a9 30       		.byte	0x30
 321 00aa 6F000000 		.4byte	0x6f
 322 00ae 02       		.uleb128 0x2
 323 00af 04       		.byte	0x4
 324 00b0 04       		.byte	0x4
 325 00b1 7A000000 		.4byte	.LASF16
 326 00b5 02       		.uleb128 0x2
 327 00b6 08       		.byte	0x8
 328 00b7 04       		.byte	0x4
 329 00b8 70010000 		.4byte	.LASF17
 330 00bc 04       		.uleb128 0x4
 331 00bd D4020000 		.4byte	.LASF18
 332 00c1 04       		.byte	0x4
 333 00c2 39       		.byte	0x39
 334 00c3 7A000000 		.4byte	0x7a
 335 00c7 04       		.uleb128 0x4
 336 00c8 00000000 		.4byte	.LASF19
 337 00cc 04       		.byte	0x4
 338 00cd 3F       		.byte	0x3f
 339 00ce A3000000 		.4byte	0xa3
 340 00d2 06       		.uleb128 0x6
 341 00d3 67000000 		.4byte	.LASF26
 342 00d7 14       		.byte	0x14
 343 00d8 05       		.byte	0x5
 344 00d9 8B       		.byte	0x8b
 345 00da 1B010000 		.4byte	0x11b
 346 00de 07       		.uleb128 0x7
 347 00df 38000000 		.4byte	.LASF20
 348 00e3 05       		.byte	0x5
 349 00e4 8E       		.byte	0x8e
 350 00e5 C7000000 		.4byte	0xc7
 351 00e9 00       		.byte	0
 352 00ea 07       		.uleb128 0x7
 353 00eb BB010000 		.4byte	.LASF21
 354 00ef 05       		.byte	0x5
 355 00f0 8F       		.byte	0x8f
 356 00f1 1B010000 		.4byte	0x11b
 357 00f5 04       		.byte	0x4
 358 00f6 07       		.uleb128 0x7
 359 00f7 3D010000 		.4byte	.LASF22
 360 00fb 05       		.byte	0x5
 361 00fc 90       		.byte	0x90
 362 00fd 1B010000 		.4byte	0x11b
 363 0101 08       		.byte	0x8
 364 0102 07       		.uleb128 0x7
 365 0103 5F000000 		.4byte	.LASF23
 366 0107 05       		.byte	0x5
 367 0108 91       		.byte	0x91
 368 0109 8F000000 		.4byte	0x8f
 369 010d 0C       		.byte	0xc
 370 010e 07       		.uleb128 0x7
 371 010f 0B000000 		.4byte	.LASF24
 372 0113 05       		.byte	0x5
 373 0114 92       		.byte	0x92
 374 0115 8F000000 		.4byte	0x8f
ARM GAS  C:\Users\samue\AppData\Local\Temp\ccDykOiD.s 			page 11


 375 0119 10       		.byte	0x10
 376 011a 00       		.byte	0
 377 011b 08       		.uleb128 0x8
 378 011c 04       		.byte	0x4
 379 011d D2000000 		.4byte	0xd2
 380 0121 04       		.uleb128 0x4
 381 0122 0F020000 		.4byte	.LASF25
 382 0126 05       		.byte	0x5
 383 0127 95       		.byte	0x95
 384 0128 D2000000 		.4byte	0xd2
 385 012c 06       		.uleb128 0x6
 386 012d 76020000 		.4byte	.LASF27
 387 0131 0C       		.byte	0xc
 388 0132 05       		.byte	0x5
 389 0133 97       		.byte	0x97
 390 0134 5D010000 		.4byte	0x15d
 391 0138 07       		.uleb128 0x7
 392 0139 38000000 		.4byte	.LASF20
 393 013d 05       		.byte	0x5
 394 013e 9A       		.byte	0x9a
 395 013f C7000000 		.4byte	0xc7
 396 0143 00       		.byte	0
 397 0144 07       		.uleb128 0x7
 398 0145 BB010000 		.4byte	.LASF21
 399 0149 05       		.byte	0x5
 400 014a 9B       		.byte	0x9b
 401 014b 1B010000 		.4byte	0x11b
 402 014f 04       		.byte	0x4
 403 0150 07       		.uleb128 0x7
 404 0151 3D010000 		.4byte	.LASF22
 405 0155 05       		.byte	0x5
 406 0156 9C       		.byte	0x9c
 407 0157 1B010000 		.4byte	0x11b
 408 015b 08       		.byte	0x8
 409 015c 00       		.byte	0
 410 015d 04       		.uleb128 0x4
 411 015e 1F000000 		.4byte	.LASF28
 412 0162 05       		.byte	0x5
 413 0163 9E       		.byte	0x9e
 414 0164 2C010000 		.4byte	0x12c
 415 0168 06       		.uleb128 0x6
 416 0169 99020000 		.4byte	.LASF29
 417 016d 14       		.byte	0x14
 418 016e 05       		.byte	0x5
 419 016f A3       		.byte	0xa3
 420 0170 99010000 		.4byte	0x199
 421 0174 07       		.uleb128 0x7
 422 0175 9C010000 		.4byte	.LASF30
 423 0179 05       		.byte	0x5
 424 017a A6       		.byte	0xa6
 425 017b 99010000 		.4byte	0x199
 426 017f 00       		.byte	0
 427 0180 07       		.uleb128 0x7
 428 0181 17000000 		.4byte	.LASF31
 429 0185 05       		.byte	0x5
 430 0186 A7       		.byte	0xa7
 431 0187 9E010000 		.4byte	0x19e
ARM GAS  C:\Users\samue\AppData\Local\Temp\ccDykOiD.s 			page 12


 432 018b 04       		.byte	0x4
 433 018c 07       		.uleb128 0x7
 434 018d 56000000 		.4byte	.LASF32
 435 0191 05       		.byte	0x5
 436 0192 A8       		.byte	0xa8
 437 0193 5D010000 		.4byte	0x15d
 438 0197 08       		.byte	0x8
 439 0198 00       		.byte	0
 440 0199 09       		.uleb128 0x9
 441 019a BC000000 		.4byte	0xbc
 442 019e 08       		.uleb128 0x8
 443 019f 04       		.byte	0x4
 444 01a0 21010000 		.4byte	0x121
 445 01a4 04       		.uleb128 0x4
 446 01a5 69010000 		.4byte	.LASF33
 447 01a9 05       		.byte	0x5
 448 01aa AA       		.byte	0xaa
 449 01ab 68010000 		.4byte	0x168
 450 01af 0A       		.uleb128 0xa
 451 01b0 CF010000 		.4byte	.LASF34
 452 01b4 01       		.byte	0x1
 453 01b5 25       		.byte	0x25
 454 01b6 00000000 		.4byte	.LFB68
 455 01ba 16000000 		.4byte	.LFE68-.LFB68
 456 01be 01       		.uleb128 0x1
 457 01bf 9C       		.byte	0x9c
 458 01c0 D2010000 		.4byte	0x1d2
 459 01c4 0B       		.uleb128 0xb
 460 01c5 92020000 		.4byte	.LASF36
 461 01c9 01       		.byte	0x1
 462 01ca 25       		.byte	0x25
 463 01cb D8010000 		.4byte	0x1d8
 464 01cf 01       		.uleb128 0x1
 465 01d0 50       		.byte	0x50
 466 01d1 00       		.byte	0
 467 01d2 08       		.uleb128 0x8
 468 01d3 04       		.byte	0x4
 469 01d4 A4010000 		.4byte	0x1a4
 470 01d8 0C       		.uleb128 0xc
 471 01d9 D2010000 		.4byte	0x1d2
 472 01dd 0A       		.uleb128 0xa
 473 01de 55010000 		.4byte	.LASF35
 474 01e2 01       		.byte	0x1
 475 01e3 3E       		.byte	0x3e
 476 01e4 00000000 		.4byte	.LFB69
 477 01e8 06000000 		.4byte	.LFE69-.LFB69
 478 01ec 01       		.uleb128 0x1
 479 01ed 9C       		.byte	0x9c
 480 01ee 00020000 		.4byte	0x200
 481 01f2 0B       		.uleb128 0xb
 482 01f3 08020000 		.4byte	.LASF37
 483 01f7 01       		.byte	0x1
 484 01f8 3E       		.byte	0x3e
 485 01f9 00020000 		.4byte	0x200
 486 01fd 01       		.uleb128 0x1
 487 01fe 50       		.byte	0x50
 488 01ff 00       		.byte	0
ARM GAS  C:\Users\samue\AppData\Local\Temp\ccDykOiD.s 			page 13


 489 0200 0C       		.uleb128 0xc
 490 0201 9E010000 		.4byte	0x19e
 491 0205 0A       		.uleb128 0xa
 492 0206 AC010000 		.4byte	.LASF38
 493 020a 01       		.byte	0x1
 494 020b 4A       		.byte	0x4a
 495 020c 00000000 		.4byte	.LFB70
 496 0210 18000000 		.4byte	.LFE70-.LFB70
 497 0214 01       		.uleb128 0x1
 498 0215 9C       		.byte	0x9c
 499 0216 44020000 		.4byte	0x244
 500 021a 0B       		.uleb128 0xb
 501 021b 92020000 		.4byte	.LASF36
 502 021f 01       		.byte	0x1
 503 0220 4A       		.byte	0x4a
 504 0221 D8010000 		.4byte	0x1d8
 505 0225 01       		.uleb128 0x1
 506 0226 50       		.byte	0x50
 507 0227 0B       		.uleb128 0xb
 508 0228 E0020000 		.4byte	.LASF39
 509 022c 01       		.byte	0x1
 510 022d 4A       		.byte	0x4a
 511 022e 00020000 		.4byte	0x200
 512 0232 01       		.uleb128 0x1
 513 0233 51       		.byte	0x51
 514 0234 0D       		.uleb128 0xd
 515 0235 17000000 		.4byte	.LASF31
 516 0239 01       		.byte	0x1
 517 023a 4C       		.byte	0x4c
 518 023b 00020000 		.4byte	0x200
 519 023f 00000000 		.4byte	.LLST0
 520 0243 00       		.byte	0
 521 0244 0A       		.uleb128 0xa
 522 0245 EE020000 		.4byte	.LASF40
 523 0249 01       		.byte	0x1
 524 024a 67       		.byte	0x67
 525 024b 00000000 		.4byte	.LFB71
 526 024f 34000000 		.4byte	.LFE71-.LFB71
 527 0253 01       		.uleb128 0x1
 528 0254 9C       		.byte	0x9c
 529 0255 92020000 		.4byte	0x292
 530 0259 0B       		.uleb128 0xb
 531 025a 92020000 		.4byte	.LASF36
 532 025e 01       		.byte	0x1
 533 025f 67       		.byte	0x67
 534 0260 D8010000 		.4byte	0x1d8
 535 0264 01       		.uleb128 0x1
 536 0265 50       		.byte	0x50
 537 0266 0B       		.uleb128 0xb
 538 0267 E0020000 		.4byte	.LASF39
 539 026b 01       		.byte	0x1
 540 026c 67       		.byte	0x67
 541 026d 00020000 		.4byte	0x200
 542 0271 01       		.uleb128 0x1
 543 0272 51       		.byte	0x51
 544 0273 0D       		.uleb128 0xd
 545 0274 42020000 		.4byte	.LASF41
ARM GAS  C:\Users\samue\AppData\Local\Temp\ccDykOiD.s 			page 14


 546 0278 01       		.byte	0x1
 547 0279 69       		.byte	0x69
 548 027a 9E010000 		.4byte	0x19e
 549 027e 13000000 		.4byte	.LLST1
 550 0282 0D       		.uleb128 0xd
 551 0283 DF010000 		.4byte	.LASF42
 552 0287 01       		.byte	0x1
 553 0288 6A       		.byte	0x6a
 554 0289 92020000 		.4byte	0x292
 555 028d 31000000 		.4byte	.LLST2
 556 0291 00       		.byte	0
 557 0292 0C       		.uleb128 0xc
 558 0293 C7000000 		.4byte	0xc7
 559 0297 0E       		.uleb128 0xe
 560 0298 69020000 		.4byte	.LASF47
 561 029c 01       		.byte	0x1
 562 029d AA       		.byte	0xaa
 563 029e BC000000 		.4byte	0xbc
 564 02a2 00000000 		.4byte	.LFB72
 565 02a6 26000000 		.4byte	.LFE72-.LFB72
 566 02aa 01       		.uleb128 0x1
 567 02ab 9C       		.byte	0x9c
 568 02ac CD020000 		.4byte	0x2cd
 569 02b0 0F       		.uleb128 0xf
 570 02b1 2E010000 		.4byte	.LASF43
 571 02b5 01       		.byte	0x1
 572 02b6 AA       		.byte	0xaa
 573 02b7 00020000 		.4byte	0x200
 574 02bb 44000000 		.4byte	.LLST3
 575 02bf 10       		.uleb128 0x10
 576 02c0 92020000 		.4byte	.LASF36
 577 02c4 01       		.byte	0x1
 578 02c5 AE       		.byte	0xae
 579 02c6 D8010000 		.4byte	0x1d8
 580 02ca 01       		.uleb128 0x1
 581 02cb 53       		.byte	0x53
 582 02cc 00       		.byte	0
 583 02cd 11       		.uleb128 0x11
 584 02ce 48010000 		.4byte	.LASF48
 585 02d2 06       		.byte	0x6
 586 02d3 1207     		.2byte	0x712
 587 02d5 D9020000 		.4byte	0x2d9
 588 02d9 09       		.uleb128 0x9
 589 02da 98000000 		.4byte	0x98
 590 02de 00       		.byte	0
 591              		.section	.debug_abbrev,"",%progbits
 592              	.Ldebug_abbrev0:
 593 0000 01       		.uleb128 0x1
 594 0001 11       		.uleb128 0x11
 595 0002 01       		.byte	0x1
 596 0003 25       		.uleb128 0x25
 597 0004 0E       		.uleb128 0xe
 598 0005 13       		.uleb128 0x13
 599 0006 0B       		.uleb128 0xb
 600 0007 03       		.uleb128 0x3
 601 0008 0E       		.uleb128 0xe
 602 0009 1B       		.uleb128 0x1b
ARM GAS  C:\Users\samue\AppData\Local\Temp\ccDykOiD.s 			page 15


 603 000a 0E       		.uleb128 0xe
 604 000b 55       		.uleb128 0x55
 605 000c 17       		.uleb128 0x17
 606 000d 11       		.uleb128 0x11
 607 000e 01       		.uleb128 0x1
 608 000f 10       		.uleb128 0x10
 609 0010 17       		.uleb128 0x17
 610 0011 00       		.byte	0
 611 0012 00       		.byte	0
 612 0013 02       		.uleb128 0x2
 613 0014 24       		.uleb128 0x24
 614 0015 00       		.byte	0
 615 0016 0B       		.uleb128 0xb
 616 0017 0B       		.uleb128 0xb
 617 0018 3E       		.uleb128 0x3e
 618 0019 0B       		.uleb128 0xb
 619 001a 03       		.uleb128 0x3
 620 001b 0E       		.uleb128 0xe
 621 001c 00       		.byte	0
 622 001d 00       		.byte	0
 623 001e 03       		.uleb128 0x3
 624 001f 24       		.uleb128 0x24
 625 0020 00       		.byte	0
 626 0021 0B       		.uleb128 0xb
 627 0022 0B       		.uleb128 0xb
 628 0023 3E       		.uleb128 0x3e
 629 0024 0B       		.uleb128 0xb
 630 0025 03       		.uleb128 0x3
 631 0026 08       		.uleb128 0x8
 632 0027 00       		.byte	0
 633 0028 00       		.byte	0
 634 0029 04       		.uleb128 0x4
 635 002a 16       		.uleb128 0x16
 636 002b 00       		.byte	0
 637 002c 03       		.uleb128 0x3
 638 002d 0E       		.uleb128 0xe
 639 002e 3A       		.uleb128 0x3a
 640 002f 0B       		.uleb128 0xb
 641 0030 3B       		.uleb128 0x3b
 642 0031 0B       		.uleb128 0xb
 643 0032 49       		.uleb128 0x49
 644 0033 13       		.uleb128 0x13
 645 0034 00       		.byte	0
 646 0035 00       		.byte	0
 647 0036 05       		.uleb128 0x5
 648 0037 0F       		.uleb128 0xf
 649 0038 00       		.byte	0
 650 0039 0B       		.uleb128 0xb
 651 003a 0B       		.uleb128 0xb
 652 003b 00       		.byte	0
 653 003c 00       		.byte	0
 654 003d 06       		.uleb128 0x6
 655 003e 13       		.uleb128 0x13
 656 003f 01       		.byte	0x1
 657 0040 03       		.uleb128 0x3
 658 0041 0E       		.uleb128 0xe
 659 0042 0B       		.uleb128 0xb
ARM GAS  C:\Users\samue\AppData\Local\Temp\ccDykOiD.s 			page 16


 660 0043 0B       		.uleb128 0xb
 661 0044 3A       		.uleb128 0x3a
 662 0045 0B       		.uleb128 0xb
 663 0046 3B       		.uleb128 0x3b
 664 0047 0B       		.uleb128 0xb
 665 0048 01       		.uleb128 0x1
 666 0049 13       		.uleb128 0x13
 667 004a 00       		.byte	0
 668 004b 00       		.byte	0
 669 004c 07       		.uleb128 0x7
 670 004d 0D       		.uleb128 0xd
 671 004e 00       		.byte	0
 672 004f 03       		.uleb128 0x3
 673 0050 0E       		.uleb128 0xe
 674 0051 3A       		.uleb128 0x3a
 675 0052 0B       		.uleb128 0xb
 676 0053 3B       		.uleb128 0x3b
 677 0054 0B       		.uleb128 0xb
 678 0055 49       		.uleb128 0x49
 679 0056 13       		.uleb128 0x13
 680 0057 38       		.uleb128 0x38
 681 0058 0B       		.uleb128 0xb
 682 0059 00       		.byte	0
 683 005a 00       		.byte	0
 684 005b 08       		.uleb128 0x8
 685 005c 0F       		.uleb128 0xf
 686 005d 00       		.byte	0
 687 005e 0B       		.uleb128 0xb
 688 005f 0B       		.uleb128 0xb
 689 0060 49       		.uleb128 0x49
 690 0061 13       		.uleb128 0x13
 691 0062 00       		.byte	0
 692 0063 00       		.byte	0
 693 0064 09       		.uleb128 0x9
 694 0065 35       		.uleb128 0x35
 695 0066 00       		.byte	0
 696 0067 49       		.uleb128 0x49
 697 0068 13       		.uleb128 0x13
 698 0069 00       		.byte	0
 699 006a 00       		.byte	0
 700 006b 0A       		.uleb128 0xa
 701 006c 2E       		.uleb128 0x2e
 702 006d 01       		.byte	0x1
 703 006e 3F       		.uleb128 0x3f
 704 006f 19       		.uleb128 0x19
 705 0070 03       		.uleb128 0x3
 706 0071 0E       		.uleb128 0xe
 707 0072 3A       		.uleb128 0x3a
 708 0073 0B       		.uleb128 0xb
 709 0074 3B       		.uleb128 0x3b
 710 0075 0B       		.uleb128 0xb
 711 0076 27       		.uleb128 0x27
 712 0077 19       		.uleb128 0x19
 713 0078 11       		.uleb128 0x11
 714 0079 01       		.uleb128 0x1
 715 007a 12       		.uleb128 0x12
 716 007b 06       		.uleb128 0x6
ARM GAS  C:\Users\samue\AppData\Local\Temp\ccDykOiD.s 			page 17


 717 007c 40       		.uleb128 0x40
 718 007d 18       		.uleb128 0x18
 719 007e 9742     		.uleb128 0x2117
 720 0080 19       		.uleb128 0x19
 721 0081 01       		.uleb128 0x1
 722 0082 13       		.uleb128 0x13
 723 0083 00       		.byte	0
 724 0084 00       		.byte	0
 725 0085 0B       		.uleb128 0xb
 726 0086 05       		.uleb128 0x5
 727 0087 00       		.byte	0
 728 0088 03       		.uleb128 0x3
 729 0089 0E       		.uleb128 0xe
 730 008a 3A       		.uleb128 0x3a
 731 008b 0B       		.uleb128 0xb
 732 008c 3B       		.uleb128 0x3b
 733 008d 0B       		.uleb128 0xb
 734 008e 49       		.uleb128 0x49
 735 008f 13       		.uleb128 0x13
 736 0090 02       		.uleb128 0x2
 737 0091 18       		.uleb128 0x18
 738 0092 00       		.byte	0
 739 0093 00       		.byte	0
 740 0094 0C       		.uleb128 0xc
 741 0095 26       		.uleb128 0x26
 742 0096 00       		.byte	0
 743 0097 49       		.uleb128 0x49
 744 0098 13       		.uleb128 0x13
 745 0099 00       		.byte	0
 746 009a 00       		.byte	0
 747 009b 0D       		.uleb128 0xd
 748 009c 34       		.uleb128 0x34
 749 009d 00       		.byte	0
 750 009e 03       		.uleb128 0x3
 751 009f 0E       		.uleb128 0xe
 752 00a0 3A       		.uleb128 0x3a
 753 00a1 0B       		.uleb128 0xb
 754 00a2 3B       		.uleb128 0x3b
 755 00a3 0B       		.uleb128 0xb
 756 00a4 49       		.uleb128 0x49
 757 00a5 13       		.uleb128 0x13
 758 00a6 02       		.uleb128 0x2
 759 00a7 17       		.uleb128 0x17
 760 00a8 00       		.byte	0
 761 00a9 00       		.byte	0
 762 00aa 0E       		.uleb128 0xe
 763 00ab 2E       		.uleb128 0x2e
 764 00ac 01       		.byte	0x1
 765 00ad 3F       		.uleb128 0x3f
 766 00ae 19       		.uleb128 0x19
 767 00af 03       		.uleb128 0x3
 768 00b0 0E       		.uleb128 0xe
 769 00b1 3A       		.uleb128 0x3a
 770 00b2 0B       		.uleb128 0xb
 771 00b3 3B       		.uleb128 0x3b
 772 00b4 0B       		.uleb128 0xb
 773 00b5 27       		.uleb128 0x27
ARM GAS  C:\Users\samue\AppData\Local\Temp\ccDykOiD.s 			page 18


 774 00b6 19       		.uleb128 0x19
 775 00b7 49       		.uleb128 0x49
 776 00b8 13       		.uleb128 0x13
 777 00b9 11       		.uleb128 0x11
 778 00ba 01       		.uleb128 0x1
 779 00bb 12       		.uleb128 0x12
 780 00bc 06       		.uleb128 0x6
 781 00bd 40       		.uleb128 0x40
 782 00be 18       		.uleb128 0x18
 783 00bf 9742     		.uleb128 0x2117
 784 00c1 19       		.uleb128 0x19
 785 00c2 01       		.uleb128 0x1
 786 00c3 13       		.uleb128 0x13
 787 00c4 00       		.byte	0
 788 00c5 00       		.byte	0
 789 00c6 0F       		.uleb128 0xf
 790 00c7 05       		.uleb128 0x5
 791 00c8 00       		.byte	0
 792 00c9 03       		.uleb128 0x3
 793 00ca 0E       		.uleb128 0xe
 794 00cb 3A       		.uleb128 0x3a
 795 00cc 0B       		.uleb128 0xb
 796 00cd 3B       		.uleb128 0x3b
 797 00ce 0B       		.uleb128 0xb
 798 00cf 49       		.uleb128 0x49
 799 00d0 13       		.uleb128 0x13
 800 00d1 02       		.uleb128 0x2
 801 00d2 17       		.uleb128 0x17
 802 00d3 00       		.byte	0
 803 00d4 00       		.byte	0
 804 00d5 10       		.uleb128 0x10
 805 00d6 34       		.uleb128 0x34
 806 00d7 00       		.byte	0
 807 00d8 03       		.uleb128 0x3
 808 00d9 0E       		.uleb128 0xe
 809 00da 3A       		.uleb128 0x3a
 810 00db 0B       		.uleb128 0xb
 811 00dc 3B       		.uleb128 0x3b
 812 00dd 0B       		.uleb128 0xb
 813 00de 49       		.uleb128 0x49
 814 00df 13       		.uleb128 0x13
 815 00e0 02       		.uleb128 0x2
 816 00e1 18       		.uleb128 0x18
 817 00e2 00       		.byte	0
 818 00e3 00       		.byte	0
 819 00e4 11       		.uleb128 0x11
 820 00e5 34       		.uleb128 0x34
 821 00e6 00       		.byte	0
 822 00e7 03       		.uleb128 0x3
 823 00e8 0E       		.uleb128 0xe
 824 00e9 3A       		.uleb128 0x3a
 825 00ea 0B       		.uleb128 0xb
 826 00eb 3B       		.uleb128 0x3b
 827 00ec 05       		.uleb128 0x5
 828 00ed 49       		.uleb128 0x49
 829 00ee 13       		.uleb128 0x13
 830 00ef 3F       		.uleb128 0x3f
ARM GAS  C:\Users\samue\AppData\Local\Temp\ccDykOiD.s 			page 19


 831 00f0 19       		.uleb128 0x19
 832 00f1 3C       		.uleb128 0x3c
 833 00f2 19       		.uleb128 0x19
 834 00f3 00       		.byte	0
 835 00f4 00       		.byte	0
 836 00f5 00       		.byte	0
 837              		.section	.debug_loc,"",%progbits
 838              	.Ldebug_loc0:
 839              	.LLST0:
 840 0000 02000000 		.4byte	.LVL3
 841 0004 12000000 		.4byte	.LVL4
 842 0008 0100     		.2byte	0x1
 843 000a 53       		.byte	0x53
 844 000b 00000000 		.4byte	0
 845 000f 00000000 		.4byte	0
 846              	.LLST1:
 847 0013 0C000000 		.4byte	.LVL7
 848 0017 0E000000 		.4byte	.LVL8
 849 001b 0100     		.2byte	0x1
 850 001d 52       		.byte	0x52
 851 001e 12000000 		.4byte	.LVL9
 852 0022 34000000 		.4byte	.LFE71
 853 0026 0100     		.2byte	0x1
 854 0028 52       		.byte	0x52
 855 0029 00000000 		.4byte	0
 856 002d 00000000 		.4byte	0
 857              	.LLST2:
 858 0031 04000000 		.4byte	.LVL6
 859 0035 32000000 		.4byte	.LVL11
 860 0039 0100     		.2byte	0x1
 861 003b 55       		.byte	0x55
 862 003c 00000000 		.4byte	0
 863 0040 00000000 		.4byte	0
 864              	.LLST3:
 865 0044 00000000 		.4byte	.LVL12
 866 0048 24000000 		.4byte	.LVL14
 867 004c 0100     		.2byte	0x1
 868 004e 50       		.byte	0x50
 869 004f 24000000 		.4byte	.LVL14
 870 0053 26000000 		.4byte	.LFE72
 871 0057 0400     		.2byte	0x4
 872 0059 F3       		.byte	0xf3
 873 005a 01       		.uleb128 0x1
 874 005b 50       		.byte	0x50
 875 005c 9F       		.byte	0x9f
 876 005d 00000000 		.4byte	0
 877 0061 00000000 		.4byte	0
 878              		.section	.debug_aranges,"",%progbits
 879 0000 3C000000 		.4byte	0x3c
 880 0004 0200     		.2byte	0x2
 881 0006 00000000 		.4byte	.Ldebug_info0
 882 000a 04       		.byte	0x4
 883 000b 00       		.byte	0
 884 000c 0000     		.2byte	0
 885 000e 0000     		.2byte	0
 886 0010 00000000 		.4byte	.LFB68
 887 0014 16000000 		.4byte	.LFE68-.LFB68
ARM GAS  C:\Users\samue\AppData\Local\Temp\ccDykOiD.s 			page 20


 888 0018 00000000 		.4byte	.LFB69
 889 001c 06000000 		.4byte	.LFE69-.LFB69
 890 0020 00000000 		.4byte	.LFB70
 891 0024 18000000 		.4byte	.LFE70-.LFB70
 892 0028 00000000 		.4byte	.LFB71
 893 002c 34000000 		.4byte	.LFE71-.LFB71
 894 0030 00000000 		.4byte	.LFB72
 895 0034 26000000 		.4byte	.LFE72-.LFB72
 896 0038 00000000 		.4byte	0
 897 003c 00000000 		.4byte	0
 898              		.section	.debug_ranges,"",%progbits
 899              	.Ldebug_ranges0:
 900 0000 00000000 		.4byte	.LFB68
 901 0004 16000000 		.4byte	.LFE68
 902 0008 00000000 		.4byte	.LFB69
 903 000c 06000000 		.4byte	.LFE69
 904 0010 00000000 		.4byte	.LFB70
 905 0014 18000000 		.4byte	.LFE70
 906 0018 00000000 		.4byte	.LFB71
 907 001c 34000000 		.4byte	.LFE71
 908 0020 00000000 		.4byte	.LFB72
 909 0024 26000000 		.4byte	.LFE72
 910 0028 00000000 		.4byte	0
 911 002c 00000000 		.4byte	0
 912              		.section	.debug_line,"",%progbits
 913              	.Ldebug_line0:
 914 0000 30020000 		.section	.debug_str,"MS",%progbits,1
 914      0200AE01 
 914      00000201 
 914      FB0E0D00 
 914      01010101 
 915              	.LASF19:
 916 0000 5469636B 		.ascii	"TickType_t\000"
 916      54797065 
 916      5F7400
 917              	.LASF24:
 918 000b 7076436F 		.ascii	"pvContainer\000"
 918      6E746169 
 918      6E657200 
 919              	.LASF31:
 920 0017 7078496E 		.ascii	"pxIndex\000"
 920      64657800 
 921              	.LASF28:
 922 001f 4D696E69 		.ascii	"MiniListItem_t\000"
 922      4C697374 
 922      4974656D 
 922      5F7400
 923              	.LASF8:
 924 002e 5F5F696E 		.ascii	"__int32_t\000"
 924      7433325F 
 924      7400
 925              	.LASF20:
 926 0038 78497465 		.ascii	"xItemValue\000"
 926      6D56616C 
 926      756500
 927              	.LASF6:
 928 0043 73686F72 		.ascii	"short unsigned int\000"
ARM GAS  C:\Users\samue\AppData\Local\Temp\ccDykOiD.s 			page 21


 928      7420756E 
 928      7369676E 
 928      65642069 
 928      6E7400
 929              	.LASF32:
 930 0056 784C6973 		.ascii	"xListEnd\000"
 930      74456E64 
 930      00
 931              	.LASF23:
 932 005f 70764F77 		.ascii	"pvOwner\000"
 932      6E657200 
 933              	.LASF26:
 934 0067 784C4953 		.ascii	"xLIST_ITEM\000"
 934      545F4954 
 934      454D00
 935              	.LASF14:
 936 0072 696E7433 		.ascii	"int32_t\000"
 936      325F7400 
 937              	.LASF16:
 938 007a 666C6F61 		.ascii	"float\000"
 938      7400
 939              	.LASF4:
 940 0080 756E7369 		.ascii	"unsigned char\000"
 940      676E6564 
 940      20636861 
 940      7200
 941              	.LASF44:
 942 008e 474E5520 		.ascii	"GNU C11 5.4.1 20160609 (release) [ARM/embedded-5-br"
 942      43313120 
 942      352E342E 
 942      31203230 
 942      31363036 
 943 00c1 616E6368 		.ascii	"anch revision 237715] -mcpu=cortex-m3 -mthumb -g -O"
 943      20726576 
 943      6973696F 
 943      6E203233 
 943      37373135 
 944 00f4 67202D66 		.ascii	"g -ffunction-sections -ffat-lto-objects\000"
 944      66756E63 
 944      74696F6E 
 944      2D736563 
 944      74696F6E 
 945              	.LASF10:
 946 011c 6C6F6E67 		.ascii	"long unsigned int\000"
 946      20756E73 
 946      69676E65 
 946      6420696E 
 946      7400
 947              	.LASF43:
 948 012e 70784974 		.ascii	"pxItemToRemove\000"
 948      656D546F 
 948      52656D6F 
 948      766500
 949              	.LASF22:
 950 013d 70785072 		.ascii	"pxPrevious\000"
 950      6576696F 
 950      757300
ARM GAS  C:\Users\samue\AppData\Local\Temp\ccDykOiD.s 			page 22


 951              	.LASF48:
 952 0148 49544D5F 		.ascii	"ITM_RxBuffer\000"
 952      52784275 
 952      66666572 
 952      00
 953              	.LASF35:
 954 0155 764C6973 		.ascii	"vListInitialiseItem\000"
 954      74496E69 
 954      7469616C 
 954      69736549 
 954      74656D00 
 955              	.LASF33:
 956 0169 4C697374 		.ascii	"List_t\000"
 956      5F7400
 957              	.LASF17:
 958 0170 646F7562 		.ascii	"double\000"
 958      6C6500
 959              	.LASF9:
 960 0177 5F5F7569 		.ascii	"__uint32_t\000"
 960      6E743332 
 960      5F7400
 961              	.LASF45:
 962 0182 2E2E5C46 		.ascii	"..\\FreeRTOS\\Source\\list.c\000"
 962      72656552 
 962      544F535C 
 962      536F7572 
 962      63655C6C 
 963              	.LASF30:
 964 019c 75784E75 		.ascii	"uxNumberOfItems\000"
 964      6D626572 
 964      4F664974 
 964      656D7300 
 965              	.LASF38:
 966 01ac 764C6973 		.ascii	"vListInsertEnd\000"
 966      74496E73 
 966      65727445 
 966      6E6400
 967              	.LASF21:
 968 01bb 70784E65 		.ascii	"pxNext\000"
 968      787400
 969              	.LASF0:
 970 01c2 756E7369 		.ascii	"unsigned int\000"
 970      676E6564 
 970      20696E74 
 970      00
 971              	.LASF34:
 972 01cf 764C6973 		.ascii	"vListInitialise\000"
 972      74496E69 
 972      7469616C 
 972      69736500 
 973              	.LASF42:
 974 01df 7856616C 		.ascii	"xValueOfInsertion\000"
 974      75654F66 
 974      496E7365 
 974      7274696F 
 974      6E00
 975              	.LASF11:
ARM GAS  C:\Users\samue\AppData\Local\Temp\ccDykOiD.s 			page 23


 976 01f1 6C6F6E67 		.ascii	"long long unsigned int\000"
 976      206C6F6E 
 976      6720756E 
 976      7369676E 
 976      65642069 
 977              	.LASF37:
 978 0208 70784974 		.ascii	"pxItem\000"
 978      656D00
 979              	.LASF25:
 980 020f 4C697374 		.ascii	"ListItem_t\000"
 980      4974656D 
 980      5F7400
 981              	.LASF2:
 982 021a 6C6F6E67 		.ascii	"long double\000"
 982      20646F75 
 982      626C6500 
 983              	.LASF12:
 984 0226 73697A65 		.ascii	"sizetype\000"
 984      74797065 
 984      00
 985              	.LASF1:
 986 022f 6C6F6E67 		.ascii	"long long int\000"
 986      206C6F6E 
 986      6720696E 
 986      7400
 987              	.LASF13:
 988 023d 63686172 		.ascii	"char\000"
 988      00
 989              	.LASF41:
 990 0242 70784974 		.ascii	"pxIterator\000"
 990      65726174 
 990      6F7200
 991              	.LASF5:
 992 024d 73686F72 		.ascii	"short int\000"
 992      7420696E 
 992      7400
 993              	.LASF15:
 994 0257 75696E74 		.ascii	"uint32_t\000"
 994      33325F74 
 994      00
 995              	.LASF7:
 996 0260 6C6F6E67 		.ascii	"long int\000"
 996      20696E74 
 996      00
 997              	.LASF47:
 998 0269 75784C69 		.ascii	"uxListRemove\000"
 998      73745265 
 998      6D6F7665 
 998      00
 999              	.LASF27:
 1000 0276 784D494E 		.ascii	"xMINI_LIST_ITEM\000"
 1000      495F4C49 
 1000      53545F49 
 1000      54454D00 
 1001              	.LASF3:
 1002 0286 7369676E 		.ascii	"signed char\000"
 1002      65642063 
ARM GAS  C:\Users\samue\AppData\Local\Temp\ccDykOiD.s 			page 24


 1002      68617200 
 1003              	.LASF36:
 1004 0292 70784C69 		.ascii	"pxList\000"
 1004      737400
 1005              	.LASF29:
 1006 0299 784C4953 		.ascii	"xLIST\000"
 1006      5400
 1007              	.LASF46:
 1008 029f 433A5C55 		.ascii	"C:\\Users\\samue\\Desktop\\RobotRage2\\Zumo\\ZumoBo"
 1008      73657273 
 1008      5C73616D 
 1008      75655C44 
 1008      65736B74 
 1009 02cc 742E6379 		.ascii	"t.cydsn\000"
 1009      64736E00 
 1010              	.LASF18:
 1011 02d4 55426173 		.ascii	"UBaseType_t\000"
 1011      65547970 
 1011      655F7400 
 1012              	.LASF39:
 1013 02e0 70784E65 		.ascii	"pxNewListItem\000"
 1013      774C6973 
 1013      74497465 
 1013      6D00
 1014              	.LASF40:
 1015 02ee 764C6973 		.ascii	"vListInsert\000"
 1015      74496E73 
 1015      65727400 
 1016              		.ident	"GCC: (GNU Tools for ARM Embedded Processors) 5.4.1 20160609 (release) [ARM/embedded-5-bran
