ARM GAS  C:\Users\samue\AppData\Local\Temp\ccfb1FfY.s 			page 1


   1              		.syntax unified
   2              		.cpu cortex-m3
   3              		.fpu softvfp
   4              		.eabi_attribute 20, 1
   5              		.eabi_attribute 21, 1
   6              		.eabi_attribute 23, 3
   7              		.eabi_attribute 24, 1
   8              		.eabi_attribute 25, 1
   9              		.eabi_attribute 26, 1
  10              		.eabi_attribute 30, 1
  11              		.eabi_attribute 34, 1
  12              		.eabi_attribute 18, 4
  13              		.thumb
  14              		.syntax unified
  15              		.file	"Magnet.c"
  16              		.text
  17              	.Ltext0:
  18              		.cfi_sections	.debug_frame
  19              		.section	.text.heading,"ax",%progbits
  20              		.align	2
  21              		.global	heading
  22              		.thumb
  23              		.thumb_func
  24              		.type	heading, %function
  25              	heading:
  26              	.LFB69:
  27              		.file 1 "ZumoLibrary\\Magnet.c"
   1:ZumoLibrary/Magnet.c **** /**
   2:ZumoLibrary/Magnet.c ****  * @file    Magnet.c
   3:ZumoLibrary/Magnet.c ****  * @brief   Basic methods for operating magnetometer. For more details, please refer to Accel_magne
   4:ZumoLibrary/Magnet.c ****  * @details part number: LSM303D (simultaneously used with accelerometer and included in Zumo shiel
   5:ZumoLibrary/Magnet.c **** */
   6:ZumoLibrary/Magnet.c **** #include "FreeRTOS.h"
   7:ZumoLibrary/Magnet.c **** #include "task.h"
   8:ZumoLibrary/Magnet.c **** #include "Accel_magnet.h"
   9:ZumoLibrary/Magnet.c **** 
  10:ZumoLibrary/Magnet.c **** 
  11:ZumoLibrary/Magnet.c **** /**
  12:ZumoLibrary/Magnet.c **** * @brief    Heading
  13:ZumoLibrary/Magnet.c **** * @details  
  14:ZumoLibrary/Magnet.c **** * @param    double X_AXIS : X axis value
  15:ZumoLibrary/Magnet.c **** * @param    double Y_AXIS : Y axis value
  16:ZumoLibrary/Magnet.c **** */
  17:ZumoLibrary/Magnet.c **** void heading(double X_AXIS, double Y_AXIS)          // defined as the angle between X axis and Y ax
  18:ZumoLibrary/Magnet.c **** {
  28              		.loc 1 18 0
  29              		.cfi_startproc
  30              		@ args = 0, pretend = 0, frame = 0
  31              		@ frame_needed = 0, uses_anonymous_args = 0
  32              	.LVL0:
  33 0000 08B5     		push	{r3, lr}
  34              		.cfi_def_cfa_offset 8
  35              		.cfi_offset 3, -8
  36              		.cfi_offset 14, -4
  19:ZumoLibrary/Magnet.c ****     double heading;
  20:ZumoLibrary/Magnet.c ****     heading = 180 * atan2 (X_AXIS, Y_AXIS) / M_PI;
  37              		.loc 1 20 0
ARM GAS  C:\Users\samue\AppData\Local\Temp\ccfb1FfY.s 			page 2


  38 0002 FFF7FEFF 		bl	atan2
  39              	.LVL1:
  21:ZumoLibrary/Magnet.c ****     
  22:ZumoLibrary/Magnet.c ****     if(heading < 0)
  23:ZumoLibrary/Magnet.c ****         heading += 360;
  24:ZumoLibrary/Magnet.c ****     
  25:ZumoLibrary/Magnet.c ****     //If you want to print out the value  
  26:ZumoLibrary/Magnet.c ****     //printf("heading: %7.3f \r\n", heading);
  27:ZumoLibrary/Magnet.c ****     vTaskDelay(250);
  40              		.loc 1 27 0
  41 0006 FA20     		movs	r0, #250
  42 0008 FFF7FEFF 		bl	vTaskDelay
  43              	.LVL2:
  44 000c 08BD     		pop	{r3, pc}
  45              		.cfi_endproc
  46              	.LFE69:
  47              		.size	heading, .-heading
  48 000e 00BF     		.text
  49              	.Letext0:
  50              		.file 2 "c:\\program files (x86)\\cypress\\psoc creator\\4.2\\psoc creator\\import\\gnu\\arm\\5.4.
  51              		.file 3 "c:\\program files (x86)\\cypress\\psoc creator\\4.2\\psoc creator\\import\\gnu\\arm\\5.4.
  52              		.file 4 "c:\\program files (x86)\\cypress\\psoc creator\\4.2\\psoc creator\\import\\gnu\\arm\\5.4.
  53              		.file 5 "..\\FreeRTOS\\Source\\include/task.h"
  54              		.file 6 "Generated_Source\\PSoC5/core_cm3.h"
  55              		.section	.debug_info,"",%progbits
  56              	.Ldebug_info0:
  57 0000 42010000 		.4byte	0x142
  58 0004 0400     		.2byte	0x4
  59 0006 00000000 		.4byte	.Ldebug_abbrev0
  60 000a 04       		.byte	0x4
  61 000b 01       		.uleb128 0x1
  62 000c 30000000 		.4byte	.LASF20
  63 0010 0C       		.byte	0xc
  64 0011 86010000 		.4byte	.LASF21
  65 0015 FA000000 		.4byte	.LASF22
  66 0019 00000000 		.4byte	.Ldebug_ranges0+0
  67 001d 00000000 		.4byte	0
  68 0021 00000000 		.4byte	.Ldebug_line0
  69 0025 02       		.uleb128 0x2
  70 0026 08       		.byte	0x8
  71 0027 04       		.byte	0x4
  72 0028 48010000 		.4byte	.LASF0
  73 002c 03       		.uleb128 0x3
  74 002d 04       		.byte	0x4
  75 002e 05       		.byte	0x5
  76 002f 696E7400 		.ascii	"int\000"
  77 0033 02       		.uleb128 0x2
  78 0034 04       		.byte	0x4
  79 0035 07       		.byte	0x7
  80 0036 15000000 		.4byte	.LASF1
  81 003a 02       		.uleb128 0x2
  82 003b 08       		.byte	0x8
  83 003c 05       		.byte	0x5
  84 003d 00000000 		.4byte	.LASF2
  85 0041 02       		.uleb128 0x2
  86 0042 08       		.byte	0x8
  87 0043 04       		.byte	0x4
ARM GAS  C:\Users\samue\AppData\Local\Temp\ccfb1FfY.s 			page 3


  88 0044 68010000 		.4byte	.LASF3
  89 0048 02       		.uleb128 0x2
  90 0049 01       		.byte	0x1
  91 004a 06       		.byte	0x6
  92 004b 5C010000 		.4byte	.LASF4
  93 004f 02       		.uleb128 0x2
  94 0050 01       		.byte	0x1
  95 0051 08       		.byte	0x8
  96 0052 22000000 		.4byte	.LASF5
  97 0056 02       		.uleb128 0x2
  98 0057 02       		.byte	0x2
  99 0058 05       		.byte	0x5
 100 0059 AE010000 		.4byte	.LASF6
 101 005d 02       		.uleb128 0x2
 102 005e 02       		.byte	0x2
 103 005f 07       		.byte	0x7
 104 0060 E7000000 		.4byte	.LASF7
 105 0064 04       		.uleb128 0x4
 106 0065 7C010000 		.4byte	.LASF11
 107 0069 02       		.byte	0x2
 108 006a 3F       		.byte	0x3f
 109 006b 6F000000 		.4byte	0x6f
 110 006f 02       		.uleb128 0x2
 111 0070 04       		.byte	0x4
 112 0071 05       		.byte	0x5
 113 0072 3F010000 		.4byte	.LASF8
 114 0076 02       		.uleb128 0x2
 115 0077 04       		.byte	0x4
 116 0078 07       		.byte	0x7
 117 0079 BE000000 		.4byte	.LASF9
 118 007d 02       		.uleb128 0x2
 119 007e 08       		.byte	0x8
 120 007f 07       		.byte	0x7
 121 0080 D0000000 		.4byte	.LASF10
 122 0084 04       		.uleb128 0x4
 123 0085 B8010000 		.4byte	.LASF12
 124 0089 03       		.byte	0x3
 125 008a 2C       		.byte	0x2c
 126 008b 64000000 		.4byte	0x64
 127 008f 02       		.uleb128 0x2
 128 0090 04       		.byte	0x4
 129 0091 04       		.byte	0x4
 130 0092 9B010000 		.4byte	.LASF13
 131 0096 02       		.uleb128 0x2
 132 0097 01       		.byte	0x1
 133 0098 08       		.byte	0x8
 134 0099 3A010000 		.4byte	.LASF14
 135 009d 02       		.uleb128 0x2
 136 009e 04       		.byte	0x4
 137 009f 07       		.byte	0x7
 138 00a0 C0010000 		.4byte	.LASF15
 139 00a4 05       		.uleb128 0x5
 140 00a5 74010000 		.4byte	.LASF23
 141 00a9 01       		.byte	0x1
 142 00aa 11       		.byte	0x11
 143 00ab 00000000 		.4byte	.LFB69
 144 00af 0E000000 		.4byte	.LFE69-.LFB69
ARM GAS  C:\Users\samue\AppData\Local\Temp\ccfb1FfY.s 			page 4


 145 00b3 01       		.uleb128 0x1
 146 00b4 9C       		.byte	0x9c
 147 00b5 1D010000 		.4byte	0x11d
 148 00b9 06       		.uleb128 0x6
 149 00ba 0E000000 		.4byte	.LASF16
 150 00be 01       		.byte	0x1
 151 00bf 11       		.byte	0x11
 152 00c0 25000000 		.4byte	0x25
 153 00c4 00000000 		.4byte	.LLST0
 154 00c8 06       		.uleb128 0x6
 155 00c9 A1010000 		.4byte	.LASF17
 156 00cd 01       		.byte	0x1
 157 00ce 11       		.byte	0x11
 158 00cf 25000000 		.4byte	0x25
 159 00d3 28000000 		.4byte	.LLST1
 160 00d7 07       		.uleb128 0x7
 161 00d8 74010000 		.4byte	.LASF23
 162 00dc 01       		.byte	0x1
 163 00dd 13       		.byte	0x13
 164 00de 25000000 		.4byte	0x25
 165 00e2 08       		.uleb128 0x8
 166 00e3 06000000 		.4byte	.LVL1
 167 00e7 2E010000 		.4byte	0x12e
 168 00eb 0C010000 		.4byte	0x10c
 169 00ef 09       		.uleb128 0x9
 170 00f0 06       		.uleb128 0x6
 171 00f1 50       		.byte	0x50
 172 00f2 93       		.byte	0x93
 173 00f3 04       		.uleb128 0x4
 174 00f4 51       		.byte	0x51
 175 00f5 93       		.byte	0x93
 176 00f6 04       		.uleb128 0x4
 177 00f7 05       		.uleb128 0x5
 178 00f8 F3       		.byte	0xf3
 179 00f9 03       		.uleb128 0x3
 180 00fa F5       		.byte	0xf5
 181 00fb 00       		.uleb128 0
 182 00fc 25       		.uleb128 0x25
 183 00fd 09       		.uleb128 0x9
 184 00fe 06       		.uleb128 0x6
 185 00ff 52       		.byte	0x52
 186 0100 93       		.byte	0x93
 187 0101 04       		.uleb128 0x4
 188 0102 53       		.byte	0x53
 189 0103 93       		.byte	0x93
 190 0104 04       		.uleb128 0x4
 191 0105 05       		.uleb128 0x5
 192 0106 F3       		.byte	0xf3
 193 0107 03       		.uleb128 0x3
 194 0108 F5       		.byte	0xf5
 195 0109 02       		.uleb128 0x2
 196 010a 25       		.uleb128 0x25
 197 010b 00       		.byte	0
 198 010c 0A       		.uleb128 0xa
 199 010d 0C000000 		.4byte	.LVL2
 200 0111 39010000 		.4byte	0x139
 201 0115 09       		.uleb128 0x9
ARM GAS  C:\Users\samue\AppData\Local\Temp\ccfb1FfY.s 			page 5


 202 0116 01       		.uleb128 0x1
 203 0117 50       		.byte	0x50
 204 0118 02       		.uleb128 0x2
 205 0119 08       		.byte	0x8
 206 011a FA       		.byte	0xfa
 207 011b 00       		.byte	0
 208 011c 00       		.byte	0
 209 011d 0B       		.uleb128 0xb
 210 011e 4F010000 		.4byte	.LASF24
 211 0122 06       		.byte	0x6
 212 0123 1207     		.2byte	0x712
 213 0125 29010000 		.4byte	0x129
 214 0129 0C       		.uleb128 0xc
 215 012a 84000000 		.4byte	0x84
 216 012e 0D       		.uleb128 0xd
 217 012f A8010000 		.4byte	.LASF18
 218 0133 A8010000 		.4byte	.LASF18
 219 0137 04       		.byte	0x4
 220 0138 7F       		.byte	0x7f
 221 0139 0E       		.uleb128 0xe
 222 013a 2F010000 		.4byte	.LASF19
 223 013e 2F010000 		.4byte	.LASF19
 224 0142 05       		.byte	0x5
 225 0143 ED02     		.2byte	0x2ed
 226 0145 00       		.byte	0
 227              		.section	.debug_abbrev,"",%progbits
 228              	.Ldebug_abbrev0:
 229 0000 01       		.uleb128 0x1
 230 0001 11       		.uleb128 0x11
 231 0002 01       		.byte	0x1
 232 0003 25       		.uleb128 0x25
 233 0004 0E       		.uleb128 0xe
 234 0005 13       		.uleb128 0x13
 235 0006 0B       		.uleb128 0xb
 236 0007 03       		.uleb128 0x3
 237 0008 0E       		.uleb128 0xe
 238 0009 1B       		.uleb128 0x1b
 239 000a 0E       		.uleb128 0xe
 240 000b 55       		.uleb128 0x55
 241 000c 17       		.uleb128 0x17
 242 000d 11       		.uleb128 0x11
 243 000e 01       		.uleb128 0x1
 244 000f 10       		.uleb128 0x10
 245 0010 17       		.uleb128 0x17
 246 0011 00       		.byte	0
 247 0012 00       		.byte	0
 248 0013 02       		.uleb128 0x2
 249 0014 24       		.uleb128 0x24
 250 0015 00       		.byte	0
 251 0016 0B       		.uleb128 0xb
 252 0017 0B       		.uleb128 0xb
 253 0018 3E       		.uleb128 0x3e
 254 0019 0B       		.uleb128 0xb
 255 001a 03       		.uleb128 0x3
 256 001b 0E       		.uleb128 0xe
 257 001c 00       		.byte	0
 258 001d 00       		.byte	0
ARM GAS  C:\Users\samue\AppData\Local\Temp\ccfb1FfY.s 			page 6


 259 001e 03       		.uleb128 0x3
 260 001f 24       		.uleb128 0x24
 261 0020 00       		.byte	0
 262 0021 0B       		.uleb128 0xb
 263 0022 0B       		.uleb128 0xb
 264 0023 3E       		.uleb128 0x3e
 265 0024 0B       		.uleb128 0xb
 266 0025 03       		.uleb128 0x3
 267 0026 08       		.uleb128 0x8
 268 0027 00       		.byte	0
 269 0028 00       		.byte	0
 270 0029 04       		.uleb128 0x4
 271 002a 16       		.uleb128 0x16
 272 002b 00       		.byte	0
 273 002c 03       		.uleb128 0x3
 274 002d 0E       		.uleb128 0xe
 275 002e 3A       		.uleb128 0x3a
 276 002f 0B       		.uleb128 0xb
 277 0030 3B       		.uleb128 0x3b
 278 0031 0B       		.uleb128 0xb
 279 0032 49       		.uleb128 0x49
 280 0033 13       		.uleb128 0x13
 281 0034 00       		.byte	0
 282 0035 00       		.byte	0
 283 0036 05       		.uleb128 0x5
 284 0037 2E       		.uleb128 0x2e
 285 0038 01       		.byte	0x1
 286 0039 3F       		.uleb128 0x3f
 287 003a 19       		.uleb128 0x19
 288 003b 03       		.uleb128 0x3
 289 003c 0E       		.uleb128 0xe
 290 003d 3A       		.uleb128 0x3a
 291 003e 0B       		.uleb128 0xb
 292 003f 3B       		.uleb128 0x3b
 293 0040 0B       		.uleb128 0xb
 294 0041 27       		.uleb128 0x27
 295 0042 19       		.uleb128 0x19
 296 0043 11       		.uleb128 0x11
 297 0044 01       		.uleb128 0x1
 298 0045 12       		.uleb128 0x12
 299 0046 06       		.uleb128 0x6
 300 0047 40       		.uleb128 0x40
 301 0048 18       		.uleb128 0x18
 302 0049 9742     		.uleb128 0x2117
 303 004b 19       		.uleb128 0x19
 304 004c 01       		.uleb128 0x1
 305 004d 13       		.uleb128 0x13
 306 004e 00       		.byte	0
 307 004f 00       		.byte	0
 308 0050 06       		.uleb128 0x6
 309 0051 05       		.uleb128 0x5
 310 0052 00       		.byte	0
 311 0053 03       		.uleb128 0x3
 312 0054 0E       		.uleb128 0xe
 313 0055 3A       		.uleb128 0x3a
 314 0056 0B       		.uleb128 0xb
 315 0057 3B       		.uleb128 0x3b
ARM GAS  C:\Users\samue\AppData\Local\Temp\ccfb1FfY.s 			page 7


 316 0058 0B       		.uleb128 0xb
 317 0059 49       		.uleb128 0x49
 318 005a 13       		.uleb128 0x13
 319 005b 02       		.uleb128 0x2
 320 005c 17       		.uleb128 0x17
 321 005d 00       		.byte	0
 322 005e 00       		.byte	0
 323 005f 07       		.uleb128 0x7
 324 0060 34       		.uleb128 0x34
 325 0061 00       		.byte	0
 326 0062 03       		.uleb128 0x3
 327 0063 0E       		.uleb128 0xe
 328 0064 3A       		.uleb128 0x3a
 329 0065 0B       		.uleb128 0xb
 330 0066 3B       		.uleb128 0x3b
 331 0067 0B       		.uleb128 0xb
 332 0068 49       		.uleb128 0x49
 333 0069 13       		.uleb128 0x13
 334 006a 00       		.byte	0
 335 006b 00       		.byte	0
 336 006c 08       		.uleb128 0x8
 337 006d 898201   		.uleb128 0x4109
 338 0070 01       		.byte	0x1
 339 0071 11       		.uleb128 0x11
 340 0072 01       		.uleb128 0x1
 341 0073 31       		.uleb128 0x31
 342 0074 13       		.uleb128 0x13
 343 0075 01       		.uleb128 0x1
 344 0076 13       		.uleb128 0x13
 345 0077 00       		.byte	0
 346 0078 00       		.byte	0
 347 0079 09       		.uleb128 0x9
 348 007a 8A8201   		.uleb128 0x410a
 349 007d 00       		.byte	0
 350 007e 02       		.uleb128 0x2
 351 007f 18       		.uleb128 0x18
 352 0080 9142     		.uleb128 0x2111
 353 0082 18       		.uleb128 0x18
 354 0083 00       		.byte	0
 355 0084 00       		.byte	0
 356 0085 0A       		.uleb128 0xa
 357 0086 898201   		.uleb128 0x4109
 358 0089 01       		.byte	0x1
 359 008a 11       		.uleb128 0x11
 360 008b 01       		.uleb128 0x1
 361 008c 31       		.uleb128 0x31
 362 008d 13       		.uleb128 0x13
 363 008e 00       		.byte	0
 364 008f 00       		.byte	0
 365 0090 0B       		.uleb128 0xb
 366 0091 34       		.uleb128 0x34
 367 0092 00       		.byte	0
 368 0093 03       		.uleb128 0x3
 369 0094 0E       		.uleb128 0xe
 370 0095 3A       		.uleb128 0x3a
 371 0096 0B       		.uleb128 0xb
 372 0097 3B       		.uleb128 0x3b
ARM GAS  C:\Users\samue\AppData\Local\Temp\ccfb1FfY.s 			page 8


 373 0098 05       		.uleb128 0x5
 374 0099 49       		.uleb128 0x49
 375 009a 13       		.uleb128 0x13
 376 009b 3F       		.uleb128 0x3f
 377 009c 19       		.uleb128 0x19
 378 009d 3C       		.uleb128 0x3c
 379 009e 19       		.uleb128 0x19
 380 009f 00       		.byte	0
 381 00a0 00       		.byte	0
 382 00a1 0C       		.uleb128 0xc
 383 00a2 35       		.uleb128 0x35
 384 00a3 00       		.byte	0
 385 00a4 49       		.uleb128 0x49
 386 00a5 13       		.uleb128 0x13
 387 00a6 00       		.byte	0
 388 00a7 00       		.byte	0
 389 00a8 0D       		.uleb128 0xd
 390 00a9 2E       		.uleb128 0x2e
 391 00aa 00       		.byte	0
 392 00ab 3F       		.uleb128 0x3f
 393 00ac 19       		.uleb128 0x19
 394 00ad 3C       		.uleb128 0x3c
 395 00ae 19       		.uleb128 0x19
 396 00af 6E       		.uleb128 0x6e
 397 00b0 0E       		.uleb128 0xe
 398 00b1 03       		.uleb128 0x3
 399 00b2 0E       		.uleb128 0xe
 400 00b3 3A       		.uleb128 0x3a
 401 00b4 0B       		.uleb128 0xb
 402 00b5 3B       		.uleb128 0x3b
 403 00b6 0B       		.uleb128 0xb
 404 00b7 00       		.byte	0
 405 00b8 00       		.byte	0
 406 00b9 0E       		.uleb128 0xe
 407 00ba 2E       		.uleb128 0x2e
 408 00bb 00       		.byte	0
 409 00bc 3F       		.uleb128 0x3f
 410 00bd 19       		.uleb128 0x19
 411 00be 3C       		.uleb128 0x3c
 412 00bf 19       		.uleb128 0x19
 413 00c0 6E       		.uleb128 0x6e
 414 00c1 0E       		.uleb128 0xe
 415 00c2 03       		.uleb128 0x3
 416 00c3 0E       		.uleb128 0xe
 417 00c4 3A       		.uleb128 0x3a
 418 00c5 0B       		.uleb128 0xb
 419 00c6 3B       		.uleb128 0x3b
 420 00c7 05       		.uleb128 0x5
 421 00c8 00       		.byte	0
 422 00c9 00       		.byte	0
 423 00ca 00       		.byte	0
 424              		.section	.debug_loc,"",%progbits
 425              	.Ldebug_loc0:
 426              	.LLST0:
 427 0000 00000000 		.4byte	.LVL0
 428 0004 05000000 		.4byte	.LVL1-1
 429 0008 0600     		.2byte	0x6
ARM GAS  C:\Users\samue\AppData\Local\Temp\ccfb1FfY.s 			page 9


 430 000a 50       		.byte	0x50
 431 000b 93       		.byte	0x93
 432 000c 04       		.uleb128 0x4
 433 000d 51       		.byte	0x51
 434 000e 93       		.byte	0x93
 435 000f 04       		.uleb128 0x4
 436 0010 05000000 		.4byte	.LVL1-1
 437 0014 0E000000 		.4byte	.LFE69
 438 0018 0600     		.2byte	0x6
 439 001a F3       		.byte	0xf3
 440 001b 03       		.uleb128 0x3
 441 001c F5       		.byte	0xf5
 442 001d 00       		.uleb128 0
 443 001e 25       		.uleb128 0x25
 444 001f 9F       		.byte	0x9f
 445 0020 00000000 		.4byte	0
 446 0024 00000000 		.4byte	0
 447              	.LLST1:
 448 0028 00000000 		.4byte	.LVL0
 449 002c 05000000 		.4byte	.LVL1-1
 450 0030 0600     		.2byte	0x6
 451 0032 52       		.byte	0x52
 452 0033 93       		.byte	0x93
 453 0034 04       		.uleb128 0x4
 454 0035 53       		.byte	0x53
 455 0036 93       		.byte	0x93
 456 0037 04       		.uleb128 0x4
 457 0038 05000000 		.4byte	.LVL1-1
 458 003c 0E000000 		.4byte	.LFE69
 459 0040 0600     		.2byte	0x6
 460 0042 F3       		.byte	0xf3
 461 0043 03       		.uleb128 0x3
 462 0044 F5       		.byte	0xf5
 463 0045 02       		.uleb128 0x2
 464 0046 25       		.uleb128 0x25
 465 0047 9F       		.byte	0x9f
 466 0048 00000000 		.4byte	0
 467 004c 00000000 		.4byte	0
 468              		.section	.debug_aranges,"",%progbits
 469 0000 1C000000 		.4byte	0x1c
 470 0004 0200     		.2byte	0x2
 471 0006 00000000 		.4byte	.Ldebug_info0
 472 000a 04       		.byte	0x4
 473 000b 00       		.byte	0
 474 000c 0000     		.2byte	0
 475 000e 0000     		.2byte	0
 476 0010 00000000 		.4byte	.LFB69
 477 0014 0E000000 		.4byte	.LFE69-.LFB69
 478 0018 00000000 		.4byte	0
 479 001c 00000000 		.4byte	0
 480              		.section	.debug_ranges,"",%progbits
 481              	.Ldebug_ranges0:
 482 0000 00000000 		.4byte	.LFB69
 483 0004 0E000000 		.4byte	.LFE69
 484 0008 00000000 		.4byte	0
 485 000c 00000000 		.4byte	0
 486              		.section	.debug_line,"",%progbits
ARM GAS  C:\Users\samue\AppData\Local\Temp\ccfb1FfY.s 			page 10


 487              	.Ldebug_line0:
 488 0000 FB010000 		.section	.debug_str,"MS",%progbits,1
 488      0200E401 
 488      00000201 
 488      FB0E0D00 
 488      01010101 
 489              	.LASF2:
 490 0000 6C6F6E67 		.ascii	"long long int\000"
 490      206C6F6E 
 490      6720696E 
 490      7400
 491              	.LASF16:
 492 000e 585F4158 		.ascii	"X_AXIS\000"
 492      495300
 493              	.LASF1:
 494 0015 756E7369 		.ascii	"unsigned int\000"
 494      676E6564 
 494      20696E74 
 494      00
 495              	.LASF5:
 496 0022 756E7369 		.ascii	"unsigned char\000"
 496      676E6564 
 496      20636861 
 496      7200
 497              	.LASF20:
 498 0030 474E5520 		.ascii	"GNU C11 5.4.1 20160609 (release) [ARM/embedded-5-br"
 498      43313120 
 498      352E342E 
 498      31203230 
 498      31363036 
 499 0063 616E6368 		.ascii	"anch revision 237715] -mcpu=cortex-m3 -mthumb -g -O"
 499      20726576 
 499      6973696F 
 499      6E203233 
 499      37373135 
 500 0096 67202D66 		.ascii	"g -ffunction-sections -ffat-lto-objects\000"
 500      66756E63 
 500      74696F6E 
 500      2D736563 
 500      74696F6E 
 501              	.LASF9:
 502 00be 6C6F6E67 		.ascii	"long unsigned int\000"
 502      20756E73 
 502      69676E65 
 502      6420696E 
 502      7400
 503              	.LASF10:
 504 00d0 6C6F6E67 		.ascii	"long long unsigned int\000"
 504      206C6F6E 
 504      6720756E 
 504      7369676E 
 504      65642069 
 505              	.LASF7:
 506 00e7 73686F72 		.ascii	"short unsigned int\000"
 506      7420756E 
 506      7369676E 
 506      65642069 
ARM GAS  C:\Users\samue\AppData\Local\Temp\ccfb1FfY.s 			page 11


 506      6E7400
 507              	.LASF22:
 508 00fa 433A5C55 		.ascii	"C:\\Users\\samue\\Desktop\\RobotRage2\\Zumo\\ZumoBo"
 508      73657273 
 508      5C73616D 
 508      75655C44 
 508      65736B74 
 509 0127 742E6379 		.ascii	"t.cydsn\000"
 509      64736E00 
 510              	.LASF19:
 511 012f 76546173 		.ascii	"vTaskDelay\000"
 511      6B44656C 
 511      617900
 512              	.LASF14:
 513 013a 63686172 		.ascii	"char\000"
 513      00
 514              	.LASF8:
 515 013f 6C6F6E67 		.ascii	"long int\000"
 515      20696E74 
 515      00
 516              	.LASF0:
 517 0148 646F7562 		.ascii	"double\000"
 517      6C6500
 518              	.LASF24:
 519 014f 49544D5F 		.ascii	"ITM_RxBuffer\000"
 519      52784275 
 519      66666572 
 519      00
 520              	.LASF4:
 521 015c 7369676E 		.ascii	"signed char\000"
 521      65642063 
 521      68617200 
 522              	.LASF3:
 523 0168 6C6F6E67 		.ascii	"long double\000"
 523      20646F75 
 523      626C6500 
 524              	.LASF23:
 525 0174 68656164 		.ascii	"heading\000"
 525      696E6700 
 526              	.LASF11:
 527 017c 5F5F696E 		.ascii	"__int32_t\000"
 527      7433325F 
 527      7400
 528              	.LASF21:
 529 0186 5A756D6F 		.ascii	"ZumoLibrary\\Magnet.c\000"
 529      4C696272 
 529      6172795C 
 529      4D61676E 
 529      65742E63 
 530              	.LASF13:
 531 019b 666C6F61 		.ascii	"float\000"
 531      7400
 532              	.LASF17:
 533 01a1 595F4158 		.ascii	"Y_AXIS\000"
 533      495300
 534              	.LASF18:
 535 01a8 6174616E 		.ascii	"atan2\000"
ARM GAS  C:\Users\samue\AppData\Local\Temp\ccfb1FfY.s 			page 12


 535      3200
 536              	.LASF6:
 537 01ae 73686F72 		.ascii	"short int\000"
 537      7420696E 
 537      7400
 538              	.LASF12:
 539 01b8 696E7433 		.ascii	"int32_t\000"
 539      325F7400 
 540              	.LASF15:
 541 01c0 73697A65 		.ascii	"sizetype\000"
 541      74797065 
 541      00
 542              		.ident	"GCC: (GNU Tools for ARM Embedded Processors) 5.4.1 20160609 (release) [ARM/embedded-5-bran
