ARM GAS  C:\Users\samue\AppData\Local\Temp\ccFmHyac.s 			page 1


   1              		.syntax unified
   2              		.cpu cortex-m3
   3              		.fpu softvfp
   4              		.eabi_attribute 20, 1
   5              		.eabi_attribute 21, 1
   6              		.eabi_attribute 23, 3
   7              		.eabi_attribute 24, 1
   8              		.eabi_attribute 25, 1
   9              		.eabi_attribute 26, 1
  10              		.eabi_attribute 30, 1
  11              		.eabi_attribute 34, 1
  12              		.eabi_attribute 18, 4
  13              		.thumb
  14              		.syntax unified
  15              		.file	"Motor.c"
  16              		.text
  17              	.Ltext0:
  18              		.cfi_sections	.debug_frame
  19              		.section	.text.motor_start,"ax",%progbits
  20              		.align	2
  21              		.global	motor_start
  22              		.thumb
  23              		.thumb_func
  24              		.type	motor_start, %function
  25              	motor_start:
  26              	.LFB68:
  27              		.file 1 "ZumoLibrary\\Motor.c"
   1:ZumoLibrary/Motor.c **** /**
   2:ZumoLibrary/Motor.c ****  * @file    Motor.c
   3:ZumoLibrary/Motor.c ****  * @brief   Basic methods for operating motor sensor. For more details, please refer to Motor.h fil
   4:ZumoLibrary/Motor.c ****  * @details included in Zumo shield
   5:ZumoLibrary/Motor.c **** */
   6:ZumoLibrary/Motor.c **** #include "FreeRTOS.h"
   7:ZumoLibrary/Motor.c **** #include "task.h"
   8:ZumoLibrary/Motor.c **** #include "Motor.h"
   9:ZumoLibrary/Motor.c **** 
  10:ZumoLibrary/Motor.c **** 
  11:ZumoLibrary/Motor.c **** /**
  12:ZumoLibrary/Motor.c **** * @brief    Starting motor sensors
  13:ZumoLibrary/Motor.c **** * @details  
  14:ZumoLibrary/Motor.c **** */
  15:ZumoLibrary/Motor.c **** void motor_start()
  16:ZumoLibrary/Motor.c **** {
  28              		.loc 1 16 0
  29              		.cfi_startproc
  30              		@ args = 0, pretend = 0, frame = 0
  31              		@ frame_needed = 0, uses_anonymous_args = 0
  32 0000 08B5     		push	{r3, lr}
  33              		.cfi_def_cfa_offset 8
  34              		.cfi_offset 3, -8
  35              		.cfi_offset 14, -4
  17:ZumoLibrary/Motor.c ****     PWM_Start();
  36              		.loc 1 17 0
  37 0002 FFF7FEFF 		bl	PWM_Start
  38              	.LVL0:
  39 0006 08BD     		pop	{r3, pc}
  40              		.cfi_endproc
ARM GAS  C:\Users\samue\AppData\Local\Temp\ccFmHyac.s 			page 2


  41              	.LFE68:
  42              		.size	motor_start, .-motor_start
  43              		.section	.text.motor_stop,"ax",%progbits
  44              		.align	2
  45              		.global	motor_stop
  46              		.thumb
  47              		.thumb_func
  48              		.type	motor_stop, %function
  49              	motor_stop:
  50              	.LFB69:
  18:ZumoLibrary/Motor.c **** }
  19:ZumoLibrary/Motor.c **** 
  20:ZumoLibrary/Motor.c **** 
  21:ZumoLibrary/Motor.c **** /**
  22:ZumoLibrary/Motor.c **** * @brief    Stopping motor sensors
  23:ZumoLibrary/Motor.c **** * @details
  24:ZumoLibrary/Motor.c **** */
  25:ZumoLibrary/Motor.c **** void motor_stop()
  26:ZumoLibrary/Motor.c **** {
  51              		.loc 1 26 0
  52              		.cfi_startproc
  53              		@ args = 0, pretend = 0, frame = 0
  54              		@ frame_needed = 0, uses_anonymous_args = 0
  55 0000 08B5     		push	{r3, lr}
  56              		.cfi_def_cfa_offset 8
  57              		.cfi_offset 3, -8
  58              		.cfi_offset 14, -4
  27:ZumoLibrary/Motor.c ****     PWM_Stop();
  59              		.loc 1 27 0
  60 0002 FFF7FEFF 		bl	PWM_Stop
  61              	.LVL1:
  62 0006 08BD     		pop	{r3, pc}
  63              		.cfi_endproc
  64              	.LFE69:
  65              		.size	motor_stop, .-motor_stop
  66              		.section	.text.motor_forward,"ax",%progbits
  67              		.align	2
  68              		.global	motor_forward
  69              		.thumb
  70              		.thumb_func
  71              		.type	motor_forward, %function
  72              	motor_forward:
  73              	.LFB70:
  28:ZumoLibrary/Motor.c **** }
  29:ZumoLibrary/Motor.c **** 
  30:ZumoLibrary/Motor.c **** 
  31:ZumoLibrary/Motor.c **** /**
  32:ZumoLibrary/Motor.c **** * @brief    Moving motors forward
  33:ZumoLibrary/Motor.c **** * @details  giveing same speed to each side of PWM to make motors go forward
  34:ZumoLibrary/Motor.c **** * @param    uint8 speed : speed value
  35:ZumoLibrary/Motor.c **** * @param    uint32 delay : delay time
  36:ZumoLibrary/Motor.c **** */
  37:ZumoLibrary/Motor.c **** void motor_forward(uint8 speed,uint32 delay)
  38:ZumoLibrary/Motor.c **** {
  74              		.loc 1 38 0
  75              		.cfi_startproc
  76              		@ args = 0, pretend = 0, frame = 0
ARM GAS  C:\Users\samue\AppData\Local\Temp\ccFmHyac.s 			page 3


  77              		@ frame_needed = 0, uses_anonymous_args = 0
  78              	.LVL2:
  79 0000 38B5     		push	{r3, r4, r5, lr}
  80              		.cfi_def_cfa_offset 16
  81              		.cfi_offset 3, -16
  82              		.cfi_offset 4, -12
  83              		.cfi_offset 5, -8
  84              		.cfi_offset 14, -4
  85 0002 0446     		mov	r4, r0
  86 0004 0D46     		mov	r5, r1
  39:ZumoLibrary/Motor.c ****     MotorDirLeft_Write(0);      // set LeftMotor forward mode
  87              		.loc 1 39 0
  88 0006 0020     		movs	r0, #0
  89              	.LVL3:
  90 0008 FFF7FEFF 		bl	MotorDirLeft_Write
  91              	.LVL4:
  40:ZumoLibrary/Motor.c ****     MotorDirRight_Write(0);     // set RightMotor forward mode
  92              		.loc 1 40 0
  93 000c 0020     		movs	r0, #0
  94 000e FFF7FEFF 		bl	MotorDirRight_Write
  95              	.LVL5:
  41:ZumoLibrary/Motor.c ****     PWM_WriteCompare1(speed); 
  96              		.loc 1 41 0
  97 0012 2046     		mov	r0, r4
  98 0014 FFF7FEFF 		bl	PWM_WriteCompare1
  99              	.LVL6:
  42:ZumoLibrary/Motor.c ****     PWM_WriteCompare2(speed); 
 100              		.loc 1 42 0
 101 0018 2046     		mov	r0, r4
 102 001a FFF7FEFF 		bl	PWM_WriteCompare2
 103              	.LVL7:
  43:ZumoLibrary/Motor.c ****     vTaskDelay(delay);
 104              		.loc 1 43 0
 105 001e 2846     		mov	r0, r5
 106 0020 FFF7FEFF 		bl	vTaskDelay
 107              	.LVL8:
 108 0024 38BD     		pop	{r3, r4, r5, pc}
 109              		.cfi_endproc
 110              	.LFE70:
 111              		.size	motor_forward, .-motor_forward
 112 0026 00BF     		.section	.text.motor_turn,"ax",%progbits
 113              		.align	2
 114              		.global	motor_turn
 115              		.thumb
 116              		.thumb_func
 117              		.type	motor_turn, %function
 118              	motor_turn:
 119              	.LFB71:
  44:ZumoLibrary/Motor.c **** }
  45:ZumoLibrary/Motor.c **** 
  46:ZumoLibrary/Motor.c **** 
  47:ZumoLibrary/Motor.c **** /**
  48:ZumoLibrary/Motor.c **** * @brief    Moving motors to make a turn 
  49:ZumoLibrary/Motor.c **** * @details  moving left when l_speed < r_speed or moving right when l_speed > r_speed
  50:ZumoLibrary/Motor.c **** * @param    uint8 l_speed : left motor speed value
  51:ZumoLibrary/Motor.c **** * @param    uint8 r_speed : right motor speed value
  52:ZumoLibrary/Motor.c **** * @param    uint32 delay : delay time
ARM GAS  C:\Users\samue\AppData\Local\Temp\ccFmHyac.s 			page 4


  53:ZumoLibrary/Motor.c **** */
  54:ZumoLibrary/Motor.c **** void motor_turn(uint8 l_speed, uint8 r_speed, uint32 delay)
  55:ZumoLibrary/Motor.c **** {
 120              		.loc 1 55 0
 121              		.cfi_startproc
 122              		@ args = 0, pretend = 0, frame = 0
 123              		@ frame_needed = 0, uses_anonymous_args = 0
 124              	.LVL9:
 125 0000 38B5     		push	{r3, r4, r5, lr}
 126              		.cfi_def_cfa_offset 16
 127              		.cfi_offset 3, -16
 128              		.cfi_offset 4, -12
 129              		.cfi_offset 5, -8
 130              		.cfi_offset 14, -4
 131 0002 0D46     		mov	r5, r1
 132 0004 1446     		mov	r4, r2
  56:ZumoLibrary/Motor.c ****     PWM_WriteCompare1(l_speed); 
 133              		.loc 1 56 0
 134 0006 FFF7FEFF 		bl	PWM_WriteCompare1
 135              	.LVL10:
  57:ZumoLibrary/Motor.c ****     PWM_WriteCompare2(r_speed); 
 136              		.loc 1 57 0
 137 000a 2846     		mov	r0, r5
 138 000c FFF7FEFF 		bl	PWM_WriteCompare2
 139              	.LVL11:
  58:ZumoLibrary/Motor.c ****     vTaskDelay(delay);
 140              		.loc 1 58 0
 141 0010 2046     		mov	r0, r4
 142 0012 FFF7FEFF 		bl	vTaskDelay
 143              	.LVL12:
 144 0016 38BD     		pop	{r3, r4, r5, pc}
 145              		.cfi_endproc
 146              	.LFE71:
 147              		.size	motor_turn, .-motor_turn
 148              		.section	.text.motor_backward,"ax",%progbits
 149              		.align	2
 150              		.global	motor_backward
 151              		.thumb
 152              		.thumb_func
 153              		.type	motor_backward, %function
 154              	motor_backward:
 155              	.LFB72:
  59:ZumoLibrary/Motor.c **** }
  60:ZumoLibrary/Motor.c **** 
  61:ZumoLibrary/Motor.c **** 
  62:ZumoLibrary/Motor.c **** /**
  63:ZumoLibrary/Motor.c **** * @brief    Moving motors backward
  64:ZumoLibrary/Motor.c **** * @details  setting backward mode to each motors and gives same speed to each side of PWM
  65:ZumoLibrary/Motor.c **** * @param    uint8 speed : speed value
  66:ZumoLibrary/Motor.c **** * @param    uint32 delay : delay time
  67:ZumoLibrary/Motor.c **** */
  68:ZumoLibrary/Motor.c **** void motor_backward(uint8 speed,uint32 delay)
  69:ZumoLibrary/Motor.c **** {
 156              		.loc 1 69 0
 157              		.cfi_startproc
 158              		@ args = 0, pretend = 0, frame = 0
 159              		@ frame_needed = 0, uses_anonymous_args = 0
ARM GAS  C:\Users\samue\AppData\Local\Temp\ccFmHyac.s 			page 5


 160              	.LVL13:
 161 0000 38B5     		push	{r3, r4, r5, lr}
 162              		.cfi_def_cfa_offset 16
 163              		.cfi_offset 3, -16
 164              		.cfi_offset 4, -12
 165              		.cfi_offset 5, -8
 166              		.cfi_offset 14, -4
 167 0002 0446     		mov	r4, r0
 168 0004 0D46     		mov	r5, r1
  70:ZumoLibrary/Motor.c ****     MotorDirLeft_Write(1);      // set LeftMotor backward mode
 169              		.loc 1 70 0
 170 0006 0120     		movs	r0, #1
 171              	.LVL14:
 172 0008 FFF7FEFF 		bl	MotorDirLeft_Write
 173              	.LVL15:
  71:ZumoLibrary/Motor.c ****     MotorDirRight_Write(1);     // set RightMotor backward mode
 174              		.loc 1 71 0
 175 000c 0120     		movs	r0, #1
 176 000e FFF7FEFF 		bl	MotorDirRight_Write
 177              	.LVL16:
  72:ZumoLibrary/Motor.c ****     PWM_WriteCompare1(speed); 
 178              		.loc 1 72 0
 179 0012 2046     		mov	r0, r4
 180 0014 FFF7FEFF 		bl	PWM_WriteCompare1
 181              	.LVL17:
  73:ZumoLibrary/Motor.c ****     PWM_WriteCompare2(speed); 
 182              		.loc 1 73 0
 183 0018 2046     		mov	r0, r4
 184 001a FFF7FEFF 		bl	PWM_WriteCompare2
 185              	.LVL18:
  74:ZumoLibrary/Motor.c ****     vTaskDelay(delay);
 186              		.loc 1 74 0
 187 001e 2846     		mov	r0, r5
 188 0020 FFF7FEFF 		bl	vTaskDelay
 189              	.LVL19:
 190 0024 38BD     		pop	{r3, r4, r5, pc}
 191              		.cfi_endproc
 192              	.LFE72:
 193              		.size	motor_backward, .-motor_backward
 194 0026 00BF     		.text
 195              	.Letext0:
 196              		.file 2 "c:\\program files (x86)\\cypress\\psoc creator\\4.2\\psoc creator\\import\\gnu\\arm\\5.4.
 197              		.file 3 "c:\\program files (x86)\\cypress\\psoc creator\\4.2\\psoc creator\\import\\gnu\\arm\\5.4.
 198              		.file 4 "Generated_Source\\PSoC5/cytypes.h"
 199              		.file 5 "Generated_Source\\PSoC5/PWM.h"
 200              		.file 6 "Generated_Source\\PSoC5/MotorDirLeft.h"
 201              		.file 7 "Generated_Source\\PSoC5/MotorDirRight.h"
 202              		.file 8 "..\\FreeRTOS\\Source\\include/task.h"
 203              		.file 9 "Generated_Source\\PSoC5/core_cm3.h"
 204              		.section	.debug_info,"",%progbits
 205              	.Ldebug_info0:
 206 0000 EA020000 		.4byte	0x2ea
 207 0004 0400     		.2byte	0x4
 208 0006 00000000 		.4byte	.Ldebug_abbrev0
 209 000a 04       		.byte	0x4
 210 000b 01       		.uleb128 0x1
 211 000c 69000000 		.4byte	.LASF34
ARM GAS  C:\Users\samue\AppData\Local\Temp\ccFmHyac.s 			page 6


 212 0010 0C       		.byte	0xc
 213 0011 49010000 		.4byte	.LASF35
 214 0015 FF010000 		.4byte	.LASF36
 215 0019 00000000 		.4byte	.Ldebug_ranges0+0
 216 001d 00000000 		.4byte	0
 217 0021 00000000 		.4byte	.Ldebug_line0
 218 0025 02       		.uleb128 0x2
 219 0026 04       		.byte	0x4
 220 0027 05       		.byte	0x5
 221 0028 696E7400 		.ascii	"int\000"
 222 002c 03       		.uleb128 0x3
 223 002d 04       		.byte	0x4
 224 002e 07       		.byte	0x7
 225 002f 64010000 		.4byte	.LASF0
 226 0033 03       		.uleb128 0x3
 227 0034 08       		.byte	0x8
 228 0035 05       		.byte	0x5
 229 0036 CF010000 		.4byte	.LASF1
 230 003a 03       		.uleb128 0x3
 231 003b 08       		.byte	0x8
 232 003c 04       		.byte	0x4
 233 003d 48020000 		.4byte	.LASF2
 234 0041 03       		.uleb128 0x3
 235 0042 01       		.byte	0x1
 236 0043 06       		.byte	0x6
 237 0044 49000000 		.4byte	.LASF3
 238 0048 03       		.uleb128 0x3
 239 0049 01       		.byte	0x1
 240 004a 08       		.byte	0x8
 241 004b 5B000000 		.4byte	.LASF4
 242 004f 03       		.uleb128 0x3
 243 0050 02       		.byte	0x2
 244 0051 05       		.byte	0x5
 245 0052 E2010000 		.4byte	.LASF5
 246 0056 03       		.uleb128 0x3
 247 0057 02       		.byte	0x2
 248 0058 07       		.byte	0x7
 249 0059 5F020000 		.4byte	.LASF6
 250 005d 04       		.uleb128 0x4
 251 005e 00000000 		.4byte	.LASF10
 252 0062 02       		.byte	0x2
 253 0063 3F       		.byte	0x3f
 254 0064 68000000 		.4byte	0x68
 255 0068 03       		.uleb128 0x3
 256 0069 04       		.byte	0x4
 257 006a 05       		.byte	0x5
 258 006b 34020000 		.4byte	.LASF7
 259 006f 03       		.uleb128 0x3
 260 0070 04       		.byte	0x4
 261 0071 07       		.byte	0x7
 262 0072 F7000000 		.4byte	.LASF8
 263 0076 03       		.uleb128 0x3
 264 0077 08       		.byte	0x8
 265 0078 07       		.byte	0x7
 266 0079 79010000 		.4byte	.LASF9
 267 007d 04       		.uleb128 0x4
 268 007e 3B000000 		.4byte	.LASF11
ARM GAS  C:\Users\samue\AppData\Local\Temp\ccFmHyac.s 			page 7


 269 0082 03       		.byte	0x3
 270 0083 2C       		.byte	0x2c
 271 0084 5D000000 		.4byte	0x5d
 272 0088 05       		.uleb128 0x5
 273 0089 35000000 		.4byte	.LASF12
 274 008d 04       		.byte	0x4
 275 008e E401     		.2byte	0x1e4
 276 0090 48000000 		.4byte	0x48
 277 0094 05       		.uleb128 0x5
 278 0095 5D010000 		.4byte	.LASF13
 279 0099 04       		.byte	0x4
 280 009a E601     		.2byte	0x1e6
 281 009c 6F000000 		.4byte	0x6f
 282 00a0 03       		.uleb128 0x3
 283 00a1 04       		.byte	0x4
 284 00a2 04       		.byte	0x4
 285 00a3 43000000 		.4byte	.LASF14
 286 00a7 03       		.uleb128 0x3
 287 00a8 08       		.byte	0x8
 288 00a9 04       		.byte	0x4
 289 00aa 37010000 		.4byte	.LASF15
 290 00ae 03       		.uleb128 0x3
 291 00af 01       		.byte	0x1
 292 00b0 08       		.byte	0x8
 293 00b1 DD010000 		.4byte	.LASF16
 294 00b5 03       		.uleb128 0x3
 295 00b6 04       		.byte	0x4
 296 00b7 07       		.byte	0x7
 297 00b8 C6010000 		.4byte	.LASF17
 298 00bc 06       		.uleb128 0x6
 299 00bd 90010000 		.4byte	.LASF18
 300 00c1 01       		.byte	0x1
 301 00c2 0F       		.byte	0xf
 302 00c3 00000000 		.4byte	.LFB68
 303 00c7 08000000 		.4byte	.LFE68-.LFB68
 304 00cb 01       		.uleb128 0x1
 305 00cc 9C       		.byte	0x9c
 306 00cd DB000000 		.4byte	0xdb
 307 00d1 07       		.uleb128 0x7
 308 00d2 06000000 		.4byte	.LVL0
 309 00d6 9F020000 		.4byte	0x29f
 310 00da 00       		.byte	0
 311 00db 06       		.uleb128 0x6
 312 00dc 3E010000 		.4byte	.LASF19
 313 00e0 01       		.byte	0x1
 314 00e1 19       		.byte	0x19
 315 00e2 00000000 		.4byte	.LFB69
 316 00e6 08000000 		.4byte	.LFE69-.LFB69
 317 00ea 01       		.uleb128 0x1
 318 00eb 9C       		.byte	0x9c
 319 00ec FA000000 		.4byte	0xfa
 320 00f0 07       		.uleb128 0x7
 321 00f1 06000000 		.4byte	.LVL1
 322 00f5 AA020000 		.4byte	0x2aa
 323 00f9 00       		.byte	0
 324 00fa 08       		.uleb128 0x8
 325 00fb 29010000 		.4byte	.LASF22
ARM GAS  C:\Users\samue\AppData\Local\Temp\ccFmHyac.s 			page 8


 326 00ff 01       		.byte	0x1
 327 0100 25       		.byte	0x25
 328 0101 00000000 		.4byte	.LFB70
 329 0105 26000000 		.4byte	.LFE70-.LFB70
 330 0109 01       		.uleb128 0x1
 331 010a 9C       		.byte	0x9c
 332 010b 8C010000 		.4byte	0x18c
 333 010f 09       		.uleb128 0x9
 334 0110 C0010000 		.4byte	.LASF20
 335 0114 01       		.byte	0x1
 336 0115 25       		.byte	0x25
 337 0116 88000000 		.4byte	0x88
 338 011a 00000000 		.4byte	.LLST0
 339 011e 09       		.uleb128 0x9
 340 011f 55000000 		.4byte	.LASF21
 341 0123 01       		.byte	0x1
 342 0124 25       		.byte	0x25
 343 0125 94000000 		.4byte	0x94
 344 0129 21000000 		.4byte	.LLST1
 345 012d 0A       		.uleb128 0xa
 346 012e 0C000000 		.4byte	.LVL4
 347 0132 B5020000 		.4byte	0x2b5
 348 0136 40010000 		.4byte	0x140
 349 013a 0B       		.uleb128 0xb
 350 013b 01       		.uleb128 0x1
 351 013c 50       		.byte	0x50
 352 013d 01       		.uleb128 0x1
 353 013e 30       		.byte	0x30
 354 013f 00       		.byte	0
 355 0140 0A       		.uleb128 0xa
 356 0141 12000000 		.4byte	.LVL5
 357 0145 C0020000 		.4byte	0x2c0
 358 0149 53010000 		.4byte	0x153
 359 014d 0B       		.uleb128 0xb
 360 014e 01       		.uleb128 0x1
 361 014f 50       		.byte	0x50
 362 0150 01       		.uleb128 0x1
 363 0151 30       		.byte	0x30
 364 0152 00       		.byte	0
 365 0153 0A       		.uleb128 0xa
 366 0154 18000000 		.4byte	.LVL6
 367 0158 CB020000 		.4byte	0x2cb
 368 015c 67010000 		.4byte	0x167
 369 0160 0B       		.uleb128 0xb
 370 0161 01       		.uleb128 0x1
 371 0162 50       		.byte	0x50
 372 0163 02       		.uleb128 0x2
 373 0164 74       		.byte	0x74
 374 0165 00       		.sleb128 0
 375 0166 00       		.byte	0
 376 0167 0A       		.uleb128 0xa
 377 0168 1E000000 		.4byte	.LVL7
 378 016c D6020000 		.4byte	0x2d6
 379 0170 7B010000 		.4byte	0x17b
 380 0174 0B       		.uleb128 0xb
 381 0175 01       		.uleb128 0x1
 382 0176 50       		.byte	0x50
ARM GAS  C:\Users\samue\AppData\Local\Temp\ccFmHyac.s 			page 9


 383 0177 02       		.uleb128 0x2
 384 0178 74       		.byte	0x74
 385 0179 00       		.sleb128 0
 386 017a 00       		.byte	0
 387 017b 0C       		.uleb128 0xc
 388 017c 24000000 		.4byte	.LVL8
 389 0180 E1020000 		.4byte	0x2e1
 390 0184 0B       		.uleb128 0xb
 391 0185 01       		.uleb128 0x1
 392 0186 50       		.byte	0x50
 393 0187 02       		.uleb128 0x2
 394 0188 75       		.byte	0x75
 395 0189 00       		.sleb128 0
 396 018a 00       		.byte	0
 397 018b 00       		.byte	0
 398 018c 08       		.uleb128 0x8
 399 018d 54020000 		.4byte	.LASF23
 400 0191 01       		.byte	0x1
 401 0192 36       		.byte	0x36
 402 0193 00000000 		.4byte	.LFB71
 403 0197 18000000 		.4byte	.LFE71-.LFB71
 404 019b 01       		.uleb128 0x1
 405 019c 9C       		.byte	0x9c
 406 019d FC010000 		.4byte	0x1fc
 407 01a1 09       		.uleb128 0x9
 408 01a2 71010000 		.4byte	.LASF24
 409 01a6 01       		.byte	0x1
 410 01a7 36       		.byte	0x36
 411 01a8 88000000 		.4byte	0x88
 412 01ac 3F000000 		.4byte	.LLST2
 413 01b0 09       		.uleb128 0x9
 414 01b1 19000000 		.4byte	.LASF25
 415 01b5 01       		.byte	0x1
 416 01b6 36       		.byte	0x36
 417 01b7 88000000 		.4byte	0x88
 418 01bb 60000000 		.4byte	.LLST3
 419 01bf 09       		.uleb128 0x9
 420 01c0 55000000 		.4byte	.LASF21
 421 01c4 01       		.byte	0x1
 422 01c5 36       		.byte	0x36
 423 01c6 94000000 		.4byte	0x94
 424 01ca 81000000 		.4byte	.LLST4
 425 01ce 07       		.uleb128 0x7
 426 01cf 0A000000 		.4byte	.LVL10
 427 01d3 CB020000 		.4byte	0x2cb
 428 01d7 0A       		.uleb128 0xa
 429 01d8 10000000 		.4byte	.LVL11
 430 01dc D6020000 		.4byte	0x2d6
 431 01e0 EB010000 		.4byte	0x1eb
 432 01e4 0B       		.uleb128 0xb
 433 01e5 01       		.uleb128 0x1
 434 01e6 50       		.byte	0x50
 435 01e7 02       		.uleb128 0x2
 436 01e8 75       		.byte	0x75
 437 01e9 00       		.sleb128 0
 438 01ea 00       		.byte	0
 439 01eb 0C       		.uleb128 0xc
ARM GAS  C:\Users\samue\AppData\Local\Temp\ccFmHyac.s 			page 10


 440 01ec 16000000 		.4byte	.LVL12
 441 01f0 E1020000 		.4byte	0x2e1
 442 01f4 0B       		.uleb128 0xb
 443 01f5 01       		.uleb128 0x1
 444 01f6 50       		.byte	0x50
 445 01f7 02       		.uleb128 0x2
 446 01f8 74       		.byte	0x74
 447 01f9 00       		.sleb128 0
 448 01fa 00       		.byte	0
 449 01fb 00       		.byte	0
 450 01fc 08       		.uleb128 0x8
 451 01fd 0A000000 		.4byte	.LASF26
 452 0201 01       		.byte	0x1
 453 0202 44       		.byte	0x44
 454 0203 00000000 		.4byte	.LFB72
 455 0207 26000000 		.4byte	.LFE72-.LFB72
 456 020b 01       		.uleb128 0x1
 457 020c 9C       		.byte	0x9c
 458 020d 8E020000 		.4byte	0x28e
 459 0211 09       		.uleb128 0x9
 460 0212 C0010000 		.4byte	.LASF20
 461 0216 01       		.byte	0x1
 462 0217 44       		.byte	0x44
 463 0218 88000000 		.4byte	0x88
 464 021c 9F000000 		.4byte	.LLST5
 465 0220 09       		.uleb128 0x9
 466 0221 55000000 		.4byte	.LASF21
 467 0225 01       		.byte	0x1
 468 0226 44       		.byte	0x44
 469 0227 94000000 		.4byte	0x94
 470 022b C0000000 		.4byte	.LLST6
 471 022f 0A       		.uleb128 0xa
 472 0230 0C000000 		.4byte	.LVL15
 473 0234 B5020000 		.4byte	0x2b5
 474 0238 42020000 		.4byte	0x242
 475 023c 0B       		.uleb128 0xb
 476 023d 01       		.uleb128 0x1
 477 023e 50       		.byte	0x50
 478 023f 01       		.uleb128 0x1
 479 0240 31       		.byte	0x31
 480 0241 00       		.byte	0
 481 0242 0A       		.uleb128 0xa
 482 0243 12000000 		.4byte	.LVL16
 483 0247 C0020000 		.4byte	0x2c0
 484 024b 55020000 		.4byte	0x255
 485 024f 0B       		.uleb128 0xb
 486 0250 01       		.uleb128 0x1
 487 0251 50       		.byte	0x50
 488 0252 01       		.uleb128 0x1
 489 0253 31       		.byte	0x31
 490 0254 00       		.byte	0
 491 0255 0A       		.uleb128 0xa
 492 0256 18000000 		.4byte	.LVL17
 493 025a CB020000 		.4byte	0x2cb
 494 025e 69020000 		.4byte	0x269
 495 0262 0B       		.uleb128 0xb
 496 0263 01       		.uleb128 0x1
ARM GAS  C:\Users\samue\AppData\Local\Temp\ccFmHyac.s 			page 11


 497 0264 50       		.byte	0x50
 498 0265 02       		.uleb128 0x2
 499 0266 74       		.byte	0x74
 500 0267 00       		.sleb128 0
 501 0268 00       		.byte	0
 502 0269 0A       		.uleb128 0xa
 503 026a 1E000000 		.4byte	.LVL18
 504 026e D6020000 		.4byte	0x2d6
 505 0272 7D020000 		.4byte	0x27d
 506 0276 0B       		.uleb128 0xb
 507 0277 01       		.uleb128 0x1
 508 0278 50       		.byte	0x50
 509 0279 02       		.uleb128 0x2
 510 027a 74       		.byte	0x74
 511 027b 00       		.sleb128 0
 512 027c 00       		.byte	0
 513 027d 0C       		.uleb128 0xc
 514 027e 24000000 		.4byte	.LVL19
 515 0282 E1020000 		.4byte	0x2e1
 516 0286 0B       		.uleb128 0xb
 517 0287 01       		.uleb128 0x1
 518 0288 50       		.byte	0x50
 519 0289 02       		.uleb128 0x2
 520 028a 75       		.byte	0x75
 521 028b 00       		.sleb128 0
 522 028c 00       		.byte	0
 523 028d 00       		.byte	0
 524 028e 0D       		.uleb128 0xd
 525 028f 1C010000 		.4byte	.LASF37
 526 0293 09       		.byte	0x9
 527 0294 1207     		.2byte	0x712
 528 0296 9A020000 		.4byte	0x29a
 529 029a 0E       		.uleb128 0xe
 530 029b 7D000000 		.4byte	0x7d
 531 029f 0F       		.uleb128 0xf
 532 02a0 EC010000 		.4byte	.LASF27
 533 02a4 EC010000 		.4byte	.LASF27
 534 02a8 05       		.byte	0x5
 535 02a9 92       		.byte	0x92
 536 02aa 0F       		.uleb128 0xf
 537 02ab F6010000 		.4byte	.LASF28
 538 02af F6010000 		.4byte	.LASF28
 539 02b3 05       		.byte	0x5
 540 02b4 93       		.byte	0x93
 541 02b5 0F       		.uleb128 0xf
 542 02b6 09010000 		.4byte	.LASF29
 543 02ba 09010000 		.4byte	.LASF29
 544 02be 06       		.byte	0x6
 545 02bf 26       		.byte	0x26
 546 02c0 0F       		.uleb128 0xf
 547 02c1 21000000 		.4byte	.LASF30
 548 02c5 21000000 		.4byte	.LASF30
 549 02c9 07       		.byte	0x7
 550 02ca 26       		.byte	0x26
 551 02cb 0F       		.uleb128 0xf
 552 02cc 9C010000 		.4byte	.LASF31
 553 02d0 9C010000 		.4byte	.LASF31
ARM GAS  C:\Users\samue\AppData\Local\Temp\ccFmHyac.s 			page 12


 554 02d4 05       		.byte	0x5
 555 02d5 C7       		.byte	0xc7
 556 02d6 0F       		.uleb128 0xf
 557 02d7 AE010000 		.4byte	.LASF32
 558 02db AE010000 		.4byte	.LASF32
 559 02df 05       		.byte	0x5
 560 02e0 CA       		.byte	0xca
 561 02e1 10       		.uleb128 0x10
 562 02e2 3D020000 		.4byte	.LASF33
 563 02e6 3D020000 		.4byte	.LASF33
 564 02ea 08       		.byte	0x8
 565 02eb ED02     		.2byte	0x2ed
 566 02ed 00       		.byte	0
 567              		.section	.debug_abbrev,"",%progbits
 568              	.Ldebug_abbrev0:
 569 0000 01       		.uleb128 0x1
 570 0001 11       		.uleb128 0x11
 571 0002 01       		.byte	0x1
 572 0003 25       		.uleb128 0x25
 573 0004 0E       		.uleb128 0xe
 574 0005 13       		.uleb128 0x13
 575 0006 0B       		.uleb128 0xb
 576 0007 03       		.uleb128 0x3
 577 0008 0E       		.uleb128 0xe
 578 0009 1B       		.uleb128 0x1b
 579 000a 0E       		.uleb128 0xe
 580 000b 55       		.uleb128 0x55
 581 000c 17       		.uleb128 0x17
 582 000d 11       		.uleb128 0x11
 583 000e 01       		.uleb128 0x1
 584 000f 10       		.uleb128 0x10
 585 0010 17       		.uleb128 0x17
 586 0011 00       		.byte	0
 587 0012 00       		.byte	0
 588 0013 02       		.uleb128 0x2
 589 0014 24       		.uleb128 0x24
 590 0015 00       		.byte	0
 591 0016 0B       		.uleb128 0xb
 592 0017 0B       		.uleb128 0xb
 593 0018 3E       		.uleb128 0x3e
 594 0019 0B       		.uleb128 0xb
 595 001a 03       		.uleb128 0x3
 596 001b 08       		.uleb128 0x8
 597 001c 00       		.byte	0
 598 001d 00       		.byte	0
 599 001e 03       		.uleb128 0x3
 600 001f 24       		.uleb128 0x24
 601 0020 00       		.byte	0
 602 0021 0B       		.uleb128 0xb
 603 0022 0B       		.uleb128 0xb
 604 0023 3E       		.uleb128 0x3e
 605 0024 0B       		.uleb128 0xb
 606 0025 03       		.uleb128 0x3
 607 0026 0E       		.uleb128 0xe
 608 0027 00       		.byte	0
 609 0028 00       		.byte	0
 610 0029 04       		.uleb128 0x4
ARM GAS  C:\Users\samue\AppData\Local\Temp\ccFmHyac.s 			page 13


 611 002a 16       		.uleb128 0x16
 612 002b 00       		.byte	0
 613 002c 03       		.uleb128 0x3
 614 002d 0E       		.uleb128 0xe
 615 002e 3A       		.uleb128 0x3a
 616 002f 0B       		.uleb128 0xb
 617 0030 3B       		.uleb128 0x3b
 618 0031 0B       		.uleb128 0xb
 619 0032 49       		.uleb128 0x49
 620 0033 13       		.uleb128 0x13
 621 0034 00       		.byte	0
 622 0035 00       		.byte	0
 623 0036 05       		.uleb128 0x5
 624 0037 16       		.uleb128 0x16
 625 0038 00       		.byte	0
 626 0039 03       		.uleb128 0x3
 627 003a 0E       		.uleb128 0xe
 628 003b 3A       		.uleb128 0x3a
 629 003c 0B       		.uleb128 0xb
 630 003d 3B       		.uleb128 0x3b
 631 003e 05       		.uleb128 0x5
 632 003f 49       		.uleb128 0x49
 633 0040 13       		.uleb128 0x13
 634 0041 00       		.byte	0
 635 0042 00       		.byte	0
 636 0043 06       		.uleb128 0x6
 637 0044 2E       		.uleb128 0x2e
 638 0045 01       		.byte	0x1
 639 0046 3F       		.uleb128 0x3f
 640 0047 19       		.uleb128 0x19
 641 0048 03       		.uleb128 0x3
 642 0049 0E       		.uleb128 0xe
 643 004a 3A       		.uleb128 0x3a
 644 004b 0B       		.uleb128 0xb
 645 004c 3B       		.uleb128 0x3b
 646 004d 0B       		.uleb128 0xb
 647 004e 11       		.uleb128 0x11
 648 004f 01       		.uleb128 0x1
 649 0050 12       		.uleb128 0x12
 650 0051 06       		.uleb128 0x6
 651 0052 40       		.uleb128 0x40
 652 0053 18       		.uleb128 0x18
 653 0054 9742     		.uleb128 0x2117
 654 0056 19       		.uleb128 0x19
 655 0057 01       		.uleb128 0x1
 656 0058 13       		.uleb128 0x13
 657 0059 00       		.byte	0
 658 005a 00       		.byte	0
 659 005b 07       		.uleb128 0x7
 660 005c 898201   		.uleb128 0x4109
 661 005f 00       		.byte	0
 662 0060 11       		.uleb128 0x11
 663 0061 01       		.uleb128 0x1
 664 0062 31       		.uleb128 0x31
 665 0063 13       		.uleb128 0x13
 666 0064 00       		.byte	0
 667 0065 00       		.byte	0
ARM GAS  C:\Users\samue\AppData\Local\Temp\ccFmHyac.s 			page 14


 668 0066 08       		.uleb128 0x8
 669 0067 2E       		.uleb128 0x2e
 670 0068 01       		.byte	0x1
 671 0069 3F       		.uleb128 0x3f
 672 006a 19       		.uleb128 0x19
 673 006b 03       		.uleb128 0x3
 674 006c 0E       		.uleb128 0xe
 675 006d 3A       		.uleb128 0x3a
 676 006e 0B       		.uleb128 0xb
 677 006f 3B       		.uleb128 0x3b
 678 0070 0B       		.uleb128 0xb
 679 0071 27       		.uleb128 0x27
 680 0072 19       		.uleb128 0x19
 681 0073 11       		.uleb128 0x11
 682 0074 01       		.uleb128 0x1
 683 0075 12       		.uleb128 0x12
 684 0076 06       		.uleb128 0x6
 685 0077 40       		.uleb128 0x40
 686 0078 18       		.uleb128 0x18
 687 0079 9742     		.uleb128 0x2117
 688 007b 19       		.uleb128 0x19
 689 007c 01       		.uleb128 0x1
 690 007d 13       		.uleb128 0x13
 691 007e 00       		.byte	0
 692 007f 00       		.byte	0
 693 0080 09       		.uleb128 0x9
 694 0081 05       		.uleb128 0x5
 695 0082 00       		.byte	0
 696 0083 03       		.uleb128 0x3
 697 0084 0E       		.uleb128 0xe
 698 0085 3A       		.uleb128 0x3a
 699 0086 0B       		.uleb128 0xb
 700 0087 3B       		.uleb128 0x3b
 701 0088 0B       		.uleb128 0xb
 702 0089 49       		.uleb128 0x49
 703 008a 13       		.uleb128 0x13
 704 008b 02       		.uleb128 0x2
 705 008c 17       		.uleb128 0x17
 706 008d 00       		.byte	0
 707 008e 00       		.byte	0
 708 008f 0A       		.uleb128 0xa
 709 0090 898201   		.uleb128 0x4109
 710 0093 01       		.byte	0x1
 711 0094 11       		.uleb128 0x11
 712 0095 01       		.uleb128 0x1
 713 0096 31       		.uleb128 0x31
 714 0097 13       		.uleb128 0x13
 715 0098 01       		.uleb128 0x1
 716 0099 13       		.uleb128 0x13
 717 009a 00       		.byte	0
 718 009b 00       		.byte	0
 719 009c 0B       		.uleb128 0xb
 720 009d 8A8201   		.uleb128 0x410a
 721 00a0 00       		.byte	0
 722 00a1 02       		.uleb128 0x2
 723 00a2 18       		.uleb128 0x18
 724 00a3 9142     		.uleb128 0x2111
ARM GAS  C:\Users\samue\AppData\Local\Temp\ccFmHyac.s 			page 15


 725 00a5 18       		.uleb128 0x18
 726 00a6 00       		.byte	0
 727 00a7 00       		.byte	0
 728 00a8 0C       		.uleb128 0xc
 729 00a9 898201   		.uleb128 0x4109
 730 00ac 01       		.byte	0x1
 731 00ad 11       		.uleb128 0x11
 732 00ae 01       		.uleb128 0x1
 733 00af 31       		.uleb128 0x31
 734 00b0 13       		.uleb128 0x13
 735 00b1 00       		.byte	0
 736 00b2 00       		.byte	0
 737 00b3 0D       		.uleb128 0xd
 738 00b4 34       		.uleb128 0x34
 739 00b5 00       		.byte	0
 740 00b6 03       		.uleb128 0x3
 741 00b7 0E       		.uleb128 0xe
 742 00b8 3A       		.uleb128 0x3a
 743 00b9 0B       		.uleb128 0xb
 744 00ba 3B       		.uleb128 0x3b
 745 00bb 05       		.uleb128 0x5
 746 00bc 49       		.uleb128 0x49
 747 00bd 13       		.uleb128 0x13
 748 00be 3F       		.uleb128 0x3f
 749 00bf 19       		.uleb128 0x19
 750 00c0 3C       		.uleb128 0x3c
 751 00c1 19       		.uleb128 0x19
 752 00c2 00       		.byte	0
 753 00c3 00       		.byte	0
 754 00c4 0E       		.uleb128 0xe
 755 00c5 35       		.uleb128 0x35
 756 00c6 00       		.byte	0
 757 00c7 49       		.uleb128 0x49
 758 00c8 13       		.uleb128 0x13
 759 00c9 00       		.byte	0
 760 00ca 00       		.byte	0
 761 00cb 0F       		.uleb128 0xf
 762 00cc 2E       		.uleb128 0x2e
 763 00cd 00       		.byte	0
 764 00ce 3F       		.uleb128 0x3f
 765 00cf 19       		.uleb128 0x19
 766 00d0 3C       		.uleb128 0x3c
 767 00d1 19       		.uleb128 0x19
 768 00d2 6E       		.uleb128 0x6e
 769 00d3 0E       		.uleb128 0xe
 770 00d4 03       		.uleb128 0x3
 771 00d5 0E       		.uleb128 0xe
 772 00d6 3A       		.uleb128 0x3a
 773 00d7 0B       		.uleb128 0xb
 774 00d8 3B       		.uleb128 0x3b
 775 00d9 0B       		.uleb128 0xb
 776 00da 00       		.byte	0
 777 00db 00       		.byte	0
 778 00dc 10       		.uleb128 0x10
 779 00dd 2E       		.uleb128 0x2e
 780 00de 00       		.byte	0
 781 00df 3F       		.uleb128 0x3f
ARM GAS  C:\Users\samue\AppData\Local\Temp\ccFmHyac.s 			page 16


 782 00e0 19       		.uleb128 0x19
 783 00e1 3C       		.uleb128 0x3c
 784 00e2 19       		.uleb128 0x19
 785 00e3 6E       		.uleb128 0x6e
 786 00e4 0E       		.uleb128 0xe
 787 00e5 03       		.uleb128 0x3
 788 00e6 0E       		.uleb128 0xe
 789 00e7 3A       		.uleb128 0x3a
 790 00e8 0B       		.uleb128 0xb
 791 00e9 3B       		.uleb128 0x3b
 792 00ea 05       		.uleb128 0x5
 793 00eb 00       		.byte	0
 794 00ec 00       		.byte	0
 795 00ed 00       		.byte	0
 796              		.section	.debug_loc,"",%progbits
 797              	.Ldebug_loc0:
 798              	.LLST0:
 799 0000 00000000 		.4byte	.LVL2
 800 0004 08000000 		.4byte	.LVL3
 801 0008 0100     		.2byte	0x1
 802 000a 50       		.byte	0x50
 803 000b 08000000 		.4byte	.LVL3
 804 000f 26000000 		.4byte	.LFE70
 805 0013 0400     		.2byte	0x4
 806 0015 F3       		.byte	0xf3
 807 0016 01       		.uleb128 0x1
 808 0017 50       		.byte	0x50
 809 0018 9F       		.byte	0x9f
 810 0019 00000000 		.4byte	0
 811 001d 00000000 		.4byte	0
 812              	.LLST1:
 813 0021 00000000 		.4byte	.LVL2
 814 0025 0B000000 		.4byte	.LVL4-1
 815 0029 0100     		.2byte	0x1
 816 002b 51       		.byte	0x51
 817 002c 0B000000 		.4byte	.LVL4-1
 818 0030 26000000 		.4byte	.LFE70
 819 0034 0100     		.2byte	0x1
 820 0036 55       		.byte	0x55
 821 0037 00000000 		.4byte	0
 822 003b 00000000 		.4byte	0
 823              	.LLST2:
 824 003f 00000000 		.4byte	.LVL9
 825 0043 09000000 		.4byte	.LVL10-1
 826 0047 0100     		.2byte	0x1
 827 0049 50       		.byte	0x50
 828 004a 09000000 		.4byte	.LVL10-1
 829 004e 18000000 		.4byte	.LFE71
 830 0052 0400     		.2byte	0x4
 831 0054 F3       		.byte	0xf3
 832 0055 01       		.uleb128 0x1
 833 0056 50       		.byte	0x50
 834 0057 9F       		.byte	0x9f
 835 0058 00000000 		.4byte	0
 836 005c 00000000 		.4byte	0
 837              	.LLST3:
 838 0060 00000000 		.4byte	.LVL9
ARM GAS  C:\Users\samue\AppData\Local\Temp\ccFmHyac.s 			page 17


 839 0064 09000000 		.4byte	.LVL10-1
 840 0068 0100     		.2byte	0x1
 841 006a 51       		.byte	0x51
 842 006b 09000000 		.4byte	.LVL10-1
 843 006f 18000000 		.4byte	.LFE71
 844 0073 0400     		.2byte	0x4
 845 0075 F3       		.byte	0xf3
 846 0076 01       		.uleb128 0x1
 847 0077 51       		.byte	0x51
 848 0078 9F       		.byte	0x9f
 849 0079 00000000 		.4byte	0
 850 007d 00000000 		.4byte	0
 851              	.LLST4:
 852 0081 00000000 		.4byte	.LVL9
 853 0085 09000000 		.4byte	.LVL10-1
 854 0089 0100     		.2byte	0x1
 855 008b 52       		.byte	0x52
 856 008c 09000000 		.4byte	.LVL10-1
 857 0090 18000000 		.4byte	.LFE71
 858 0094 0100     		.2byte	0x1
 859 0096 54       		.byte	0x54
 860 0097 00000000 		.4byte	0
 861 009b 00000000 		.4byte	0
 862              	.LLST5:
 863 009f 00000000 		.4byte	.LVL13
 864 00a3 08000000 		.4byte	.LVL14
 865 00a7 0100     		.2byte	0x1
 866 00a9 50       		.byte	0x50
 867 00aa 08000000 		.4byte	.LVL14
 868 00ae 26000000 		.4byte	.LFE72
 869 00b2 0400     		.2byte	0x4
 870 00b4 F3       		.byte	0xf3
 871 00b5 01       		.uleb128 0x1
 872 00b6 50       		.byte	0x50
 873 00b7 9F       		.byte	0x9f
 874 00b8 00000000 		.4byte	0
 875 00bc 00000000 		.4byte	0
 876              	.LLST6:
 877 00c0 00000000 		.4byte	.LVL13
 878 00c4 0B000000 		.4byte	.LVL15-1
 879 00c8 0100     		.2byte	0x1
 880 00ca 51       		.byte	0x51
 881 00cb 0B000000 		.4byte	.LVL15-1
 882 00cf 26000000 		.4byte	.LFE72
 883 00d3 0100     		.2byte	0x1
 884 00d5 55       		.byte	0x55
 885 00d6 00000000 		.4byte	0
 886 00da 00000000 		.4byte	0
 887              		.section	.debug_aranges,"",%progbits
 888 0000 3C000000 		.4byte	0x3c
 889 0004 0200     		.2byte	0x2
 890 0006 00000000 		.4byte	.Ldebug_info0
 891 000a 04       		.byte	0x4
 892 000b 00       		.byte	0
 893 000c 0000     		.2byte	0
 894 000e 0000     		.2byte	0
 895 0010 00000000 		.4byte	.LFB68
ARM GAS  C:\Users\samue\AppData\Local\Temp\ccFmHyac.s 			page 18


 896 0014 08000000 		.4byte	.LFE68-.LFB68
 897 0018 00000000 		.4byte	.LFB69
 898 001c 08000000 		.4byte	.LFE69-.LFB69
 899 0020 00000000 		.4byte	.LFB70
 900 0024 26000000 		.4byte	.LFE70-.LFB70
 901 0028 00000000 		.4byte	.LFB71
 902 002c 18000000 		.4byte	.LFE71-.LFB71
 903 0030 00000000 		.4byte	.LFB72
 904 0034 26000000 		.4byte	.LFE72-.LFB72
 905 0038 00000000 		.4byte	0
 906 003c 00000000 		.4byte	0
 907              		.section	.debug_ranges,"",%progbits
 908              	.Ldebug_ranges0:
 909 0000 00000000 		.4byte	.LFB68
 910 0004 08000000 		.4byte	.LFE68
 911 0008 00000000 		.4byte	.LFB69
 912 000c 08000000 		.4byte	.LFE69
 913 0010 00000000 		.4byte	.LFB70
 914 0014 26000000 		.4byte	.LFE70
 915 0018 00000000 		.4byte	.LFB71
 916 001c 18000000 		.4byte	.LFE71
 917 0020 00000000 		.4byte	.LFB72
 918 0024 26000000 		.4byte	.LFE72
 919 0028 00000000 		.4byte	0
 920 002c 00000000 		.4byte	0
 921              		.section	.debug_line,"",%progbits
 922              	.Ldebug_line0:
 923 0000 0D020000 		.section	.debug_str,"MS",%progbits,1
 923      0200AC01 
 923      00000201 
 923      FB0E0D00 
 923      01010101 
 924              	.LASF10:
 925 0000 5F5F696E 		.ascii	"__int32_t\000"
 925      7433325F 
 925      7400
 926              	.LASF26:
 927 000a 6D6F746F 		.ascii	"motor_backward\000"
 927      725F6261 
 927      636B7761 
 927      726400
 928              	.LASF25:
 929 0019 725F7370 		.ascii	"r_speed\000"
 929      65656400 
 930              	.LASF30:
 931 0021 4D6F746F 		.ascii	"MotorDirRight_Write\000"
 931      72446972 
 931      52696768 
 931      745F5772 
 931      69746500 
 932              	.LASF12:
 933 0035 75696E74 		.ascii	"uint8\000"
 933      3800
 934              	.LASF11:
 935 003b 696E7433 		.ascii	"int32_t\000"
 935      325F7400 
 936              	.LASF14:
ARM GAS  C:\Users\samue\AppData\Local\Temp\ccFmHyac.s 			page 19


 937 0043 666C6F61 		.ascii	"float\000"
 937      7400
 938              	.LASF3:
 939 0049 7369676E 		.ascii	"signed char\000"
 939      65642063 
 939      68617200 
 940              	.LASF21:
 941 0055 64656C61 		.ascii	"delay\000"
 941      7900
 942              	.LASF4:
 943 005b 756E7369 		.ascii	"unsigned char\000"
 943      676E6564 
 943      20636861 
 943      7200
 944              	.LASF34:
 945 0069 474E5520 		.ascii	"GNU C11 5.4.1 20160609 (release) [ARM/embedded-5-br"
 945      43313120 
 945      352E342E 
 945      31203230 
 945      31363036 
 946 009c 616E6368 		.ascii	"anch revision 237715] -mcpu=cortex-m3 -mthumb -g -O"
 946      20726576 
 946      6973696F 
 946      6E203233 
 946      37373135 
 947 00cf 67202D66 		.ascii	"g -ffunction-sections -ffat-lto-objects\000"
 947      66756E63 
 947      74696F6E 
 947      2D736563 
 947      74696F6E 
 948              	.LASF8:
 949 00f7 6C6F6E67 		.ascii	"long unsigned int\000"
 949      20756E73 
 949      69676E65 
 949      6420696E 
 949      7400
 950              	.LASF29:
 951 0109 4D6F746F 		.ascii	"MotorDirLeft_Write\000"
 951      72446972 
 951      4C656674 
 951      5F577269 
 951      746500
 952              	.LASF37:
 953 011c 49544D5F 		.ascii	"ITM_RxBuffer\000"
 953      52784275 
 953      66666572 
 953      00
 954              	.LASF22:
 955 0129 6D6F746F 		.ascii	"motor_forward\000"
 955      725F666F 
 955      72776172 
 955      6400
 956              	.LASF15:
 957 0137 646F7562 		.ascii	"double\000"
 957      6C6500
 958              	.LASF19:
 959 013e 6D6F746F 		.ascii	"motor_stop\000"
ARM GAS  C:\Users\samue\AppData\Local\Temp\ccFmHyac.s 			page 20


 959      725F7374 
 959      6F7000
 960              	.LASF35:
 961 0149 5A756D6F 		.ascii	"ZumoLibrary\\Motor.c\000"
 961      4C696272 
 961      6172795C 
 961      4D6F746F 
 961      722E6300 
 962              	.LASF13:
 963 015d 75696E74 		.ascii	"uint32\000"
 963      333200
 964              	.LASF0:
 965 0164 756E7369 		.ascii	"unsigned int\000"
 965      676E6564 
 965      20696E74 
 965      00
 966              	.LASF24:
 967 0171 6C5F7370 		.ascii	"l_speed\000"
 967      65656400 
 968              	.LASF9:
 969 0179 6C6F6E67 		.ascii	"long long unsigned int\000"
 969      206C6F6E 
 969      6720756E 
 969      7369676E 
 969      65642069 
 970              	.LASF18:
 971 0190 6D6F746F 		.ascii	"motor_start\000"
 971      725F7374 
 971      61727400 
 972              	.LASF31:
 973 019c 50574D5F 		.ascii	"PWM_WriteCompare1\000"
 973      57726974 
 973      65436F6D 
 973      70617265 
 973      3100
 974              	.LASF32:
 975 01ae 50574D5F 		.ascii	"PWM_WriteCompare2\000"
 975      57726974 
 975      65436F6D 
 975      70617265 
 975      3200
 976              	.LASF20:
 977 01c0 73706565 		.ascii	"speed\000"
 977      6400
 978              	.LASF17:
 979 01c6 73697A65 		.ascii	"sizetype\000"
 979      74797065 
 979      00
 980              	.LASF1:
 981 01cf 6C6F6E67 		.ascii	"long long int\000"
 981      206C6F6E 
 981      6720696E 
 981      7400
 982              	.LASF16:
 983 01dd 63686172 		.ascii	"char\000"
 983      00
 984              	.LASF5:
ARM GAS  C:\Users\samue\AppData\Local\Temp\ccFmHyac.s 			page 21


 985 01e2 73686F72 		.ascii	"short int\000"
 985      7420696E 
 985      7400
 986              	.LASF27:
 987 01ec 50574D5F 		.ascii	"PWM_Start\000"
 987      53746172 
 987      7400
 988              	.LASF28:
 989 01f6 50574D5F 		.ascii	"PWM_Stop\000"
 989      53746F70 
 989      00
 990              	.LASF36:
 991 01ff 433A5C55 		.ascii	"C:\\Users\\samue\\Desktop\\RobotRage2\\Zumo\\ZumoBo"
 991      73657273 
 991      5C73616D 
 991      75655C44 
 991      65736B74 
 992 022c 742E6379 		.ascii	"t.cydsn\000"
 992      64736E00 
 993              	.LASF7:
 994 0234 6C6F6E67 		.ascii	"long int\000"
 994      20696E74 
 994      00
 995              	.LASF33:
 996 023d 76546173 		.ascii	"vTaskDelay\000"
 996      6B44656C 
 996      617900
 997              	.LASF2:
 998 0248 6C6F6E67 		.ascii	"long double\000"
 998      20646F75 
 998      626C6500 
 999              	.LASF23:
 1000 0254 6D6F746F 		.ascii	"motor_turn\000"
 1000      725F7475 
 1000      726E00
 1001              	.LASF6:
 1002 025f 73686F72 		.ascii	"short unsigned int\000"
 1002      7420756E 
 1002      7369676E 
 1002      65642069 
 1002      6E7400
 1003              		.ident	"GCC: (GNU Tools for ARM Embedded Processors) 5.4.1 20160609 (release) [ARM/embedded-5-bran
