ARM GAS  C:\Users\samue\AppData\Local\Temp\cc0osMLv.s 			page 1


   1              		.syntax unified
   2              		.cpu cortex-m3
   3              		.fpu softvfp
   4              		.eabi_attribute 20, 1
   5              		.eabi_attribute 21, 1
   6              		.eabi_attribute 23, 3
   7              		.eabi_attribute 24, 1
   8              		.eabi_attribute 25, 1
   9              		.eabi_attribute 26, 1
  10              		.eabi_attribute 30, 1
  11              		.eabi_attribute 34, 1
  12              		.eabi_attribute 18, 4
  13              		.thumb
  14              		.syntax unified
  15              		.file	"MQTTSubscribeClient.c"
  16              		.text
  17              	.Ltext0:
  18              		.cfi_sections	.debug_frame
  19              		.section	.text.MQTTSerialize_subscribeLength,"ax",%progbits
  20              		.align	2
  21              		.global	MQTTSerialize_subscribeLength
  22              		.thumb
  23              		.thumb_func
  24              		.type	MQTTSerialize_subscribeLength, %function
  25              	MQTTSerialize_subscribeLength:
  26              	.LFB1:
  27              		.file 1 "..\\paho.mqtt.embedded-c\\MQTTPacket\\src\\MQTTSubscribeClient.c"
   1:..\paho.mqtt.embedded-c\MQTTPacket\src/MQTTSubscribeClient.c **** /*******************************************************************************
   2:..\paho.mqtt.embedded-c\MQTTPacket\src/MQTTSubscribeClient.c ****  * Copyright (c) 2014 IBM Corp.
   3:..\paho.mqtt.embedded-c\MQTTPacket\src/MQTTSubscribeClient.c ****  *
   4:..\paho.mqtt.embedded-c\MQTTPacket\src/MQTTSubscribeClient.c ****  * All rights reserved. This program and the accompanying materials
   5:..\paho.mqtt.embedded-c\MQTTPacket\src/MQTTSubscribeClient.c ****  * are made available under the terms of the Eclipse Public License v1.0
   6:..\paho.mqtt.embedded-c\MQTTPacket\src/MQTTSubscribeClient.c ****  * and Eclipse Distribution License v1.0 which accompany this distribution.
   7:..\paho.mqtt.embedded-c\MQTTPacket\src/MQTTSubscribeClient.c ****  *
   8:..\paho.mqtt.embedded-c\MQTTPacket\src/MQTTSubscribeClient.c ****  * The Eclipse Public License is available at
   9:..\paho.mqtt.embedded-c\MQTTPacket\src/MQTTSubscribeClient.c ****  *    http://www.eclipse.org/legal/epl-v10.html
  10:..\paho.mqtt.embedded-c\MQTTPacket\src/MQTTSubscribeClient.c ****  * and the Eclipse Distribution License is available at
  11:..\paho.mqtt.embedded-c\MQTTPacket\src/MQTTSubscribeClient.c ****  *   http://www.eclipse.org/org/documents/edl-v10.php.
  12:..\paho.mqtt.embedded-c\MQTTPacket\src/MQTTSubscribeClient.c ****  *
  13:..\paho.mqtt.embedded-c\MQTTPacket\src/MQTTSubscribeClient.c ****  * Contributors:
  14:..\paho.mqtt.embedded-c\MQTTPacket\src/MQTTSubscribeClient.c ****  *    Ian Craggs - initial API and implementation and/or initial documentation
  15:..\paho.mqtt.embedded-c\MQTTPacket\src/MQTTSubscribeClient.c ****  *******************************************************************************/
  16:..\paho.mqtt.embedded-c\MQTTPacket\src/MQTTSubscribeClient.c **** 
  17:..\paho.mqtt.embedded-c\MQTTPacket\src/MQTTSubscribeClient.c **** #include "MQTTPacket.h"
  18:..\paho.mqtt.embedded-c\MQTTPacket\src/MQTTSubscribeClient.c **** #include "StackTrace.h"
  19:..\paho.mqtt.embedded-c\MQTTPacket\src/MQTTSubscribeClient.c **** 
  20:..\paho.mqtt.embedded-c\MQTTPacket\src/MQTTSubscribeClient.c **** #include <string.h>
  21:..\paho.mqtt.embedded-c\MQTTPacket\src/MQTTSubscribeClient.c **** 
  22:..\paho.mqtt.embedded-c\MQTTPacket\src/MQTTSubscribeClient.c **** /**
  23:..\paho.mqtt.embedded-c\MQTTPacket\src/MQTTSubscribeClient.c ****   * Determines the length of the MQTT subscribe packet that would be produced using the supplied pa
  24:..\paho.mqtt.embedded-c\MQTTPacket\src/MQTTSubscribeClient.c ****   * @param count the number of topic filter strings in topicFilters
  25:..\paho.mqtt.embedded-c\MQTTPacket\src/MQTTSubscribeClient.c ****   * @param topicFilters the array of topic filter strings to be used in the publish
  26:..\paho.mqtt.embedded-c\MQTTPacket\src/MQTTSubscribeClient.c ****   * @return the length of buffer needed to contain the serialized version of the packet
  27:..\paho.mqtt.embedded-c\MQTTPacket\src/MQTTSubscribeClient.c ****   */
  28:..\paho.mqtt.embedded-c\MQTTPacket\src/MQTTSubscribeClient.c **** int MQTTSerialize_subscribeLength(int count, MQTTString topicFilters[])
  29:..\paho.mqtt.embedded-c\MQTTPacket\src/MQTTSubscribeClient.c **** {
  28              		.loc 1 29 0
ARM GAS  C:\Users\samue\AppData\Local\Temp\cc0osMLv.s 			page 2


  29              		.cfi_startproc
  30              		@ args = 0, pretend = 0, frame = 0
  31              		@ frame_needed = 0, uses_anonymous_args = 0
  32              	.LVL0:
  33 0000 F8B5     		push	{r3, r4, r5, r6, r7, lr}
  34              		.cfi_def_cfa_offset 24
  35              		.cfi_offset 3, -24
  36              		.cfi_offset 4, -20
  37              		.cfi_offset 5, -16
  38              		.cfi_offset 6, -12
  39              		.cfi_offset 7, -8
  40              		.cfi_offset 14, -4
  41 0002 0646     		mov	r6, r0
  42 0004 0F46     		mov	r7, r1
  43              	.LVL1:
  30:..\paho.mqtt.embedded-c\MQTTPacket\src/MQTTSubscribeClient.c **** 	int i;
  31:..\paho.mqtt.embedded-c\MQTTPacket\src/MQTTSubscribeClient.c **** 	int len = 2; /* packetid */
  44              		.loc 1 31 0
  45 0006 0225     		movs	r5, #2
  32:..\paho.mqtt.embedded-c\MQTTPacket\src/MQTTSubscribeClient.c **** 
  33:..\paho.mqtt.embedded-c\MQTTPacket\src/MQTTSubscribeClient.c **** 	for (i = 0; i < count; ++i)
  46              		.loc 1 33 0
  47 0008 0024     		movs	r4, #0
  48 000a 0AE0     		b	.L2
  49              	.LVL2:
  50              	.L3:
  34:..\paho.mqtt.embedded-c\MQTTPacket\src/MQTTSubscribeClient.c **** 		len += 2 + MQTTstrlen(topicFilters[i]) + 1; /* length + topic + req_qos */
  51              		.loc 1 34 0 discriminator 3
  52 000c 04EB4402 		add	r2, r4, r4, lsl #1
  53 0010 9300     		lsls	r3, r2, #2
  54 0012 3B44     		add	r3, r3, r7
  55 0014 93E80700 		ldmia	r3, {r0, r1, r2}
  56 0018 FFF7FEFF 		bl	MQTTstrlen
  57              	.LVL3:
  58 001c 0330     		adds	r0, r0, #3
  59 001e 0544     		add	r5, r5, r0
  60              	.LVL4:
  33:..\paho.mqtt.embedded-c\MQTTPacket\src/MQTTSubscribeClient.c **** 		len += 2 + MQTTstrlen(topicFilters[i]) + 1; /* length + topic + req_qos */
  61              		.loc 1 33 0 discriminator 3
  62 0020 0134     		adds	r4, r4, #1
  63              	.LVL5:
  64              	.L2:
  33:..\paho.mqtt.embedded-c\MQTTPacket\src/MQTTSubscribeClient.c **** 		len += 2 + MQTTstrlen(topicFilters[i]) + 1; /* length + topic + req_qos */
  65              		.loc 1 33 0 is_stmt 0 discriminator 1
  66 0022 B442     		cmp	r4, r6
  67 0024 F2DB     		blt	.L3
  35:..\paho.mqtt.embedded-c\MQTTPacket\src/MQTTSubscribeClient.c **** 	return len;
  36:..\paho.mqtt.embedded-c\MQTTPacket\src/MQTTSubscribeClient.c **** }
  68              		.loc 1 36 0 is_stmt 1
  69 0026 2846     		mov	r0, r5
  70 0028 F8BD     		pop	{r3, r4, r5, r6, r7, pc}
  71              		.cfi_endproc
  72              	.LFE1:
  73              		.size	MQTTSerialize_subscribeLength, .-MQTTSerialize_subscribeLength
  74 002a 00BF     		.section	.text.MQTTSerialize_subscribe,"ax",%progbits
  75              		.align	2
  76              		.global	MQTTSerialize_subscribe
ARM GAS  C:\Users\samue\AppData\Local\Temp\cc0osMLv.s 			page 3


  77              		.thumb
  78              		.thumb_func
  79              		.type	MQTTSerialize_subscribe, %function
  80              	MQTTSerialize_subscribe:
  81              	.LFB2:
  37:..\paho.mqtt.embedded-c\MQTTPacket\src/MQTTSubscribeClient.c **** 
  38:..\paho.mqtt.embedded-c\MQTTPacket\src/MQTTSubscribeClient.c **** 
  39:..\paho.mqtt.embedded-c\MQTTPacket\src/MQTTSubscribeClient.c **** /**
  40:..\paho.mqtt.embedded-c\MQTTPacket\src/MQTTSubscribeClient.c ****   * Serializes the supplied subscribe data into the supplied buffer, ready for sending
  41:..\paho.mqtt.embedded-c\MQTTPacket\src/MQTTSubscribeClient.c ****   * @param buf the buffer into which the packet will be serialized
  42:..\paho.mqtt.embedded-c\MQTTPacket\src/MQTTSubscribeClient.c ****   * @param buflen the length in bytes of the supplied bufferr
  43:..\paho.mqtt.embedded-c\MQTTPacket\src/MQTTSubscribeClient.c ****   * @param dup integer - the MQTT dup flag
  44:..\paho.mqtt.embedded-c\MQTTPacket\src/MQTTSubscribeClient.c ****   * @param packetid integer - the MQTT packet identifier
  45:..\paho.mqtt.embedded-c\MQTTPacket\src/MQTTSubscribeClient.c ****   * @param count - number of members in the topicFilters and reqQos arrays
  46:..\paho.mqtt.embedded-c\MQTTPacket\src/MQTTSubscribeClient.c ****   * @param topicFilters - array of topic filter names
  47:..\paho.mqtt.embedded-c\MQTTPacket\src/MQTTSubscribeClient.c ****   * @param requestedQoSs - array of requested QoS
  48:..\paho.mqtt.embedded-c\MQTTPacket\src/MQTTSubscribeClient.c ****   * @return the length of the serialized data.  <= 0 indicates error
  49:..\paho.mqtt.embedded-c\MQTTPacket\src/MQTTSubscribeClient.c ****   */
  50:..\paho.mqtt.embedded-c\MQTTPacket\src/MQTTSubscribeClient.c **** int MQTTSerialize_subscribe(unsigned char* buf, int buflen, unsigned char dup, unsigned short packe
  51:..\paho.mqtt.embedded-c\MQTTPacket\src/MQTTSubscribeClient.c **** 		MQTTString topicFilters[], int requestedQoSs[])
  52:..\paho.mqtt.embedded-c\MQTTPacket\src/MQTTSubscribeClient.c **** {
  82              		.loc 1 52 0
  83              		.cfi_startproc
  84              		@ args = 12, pretend = 0, frame = 16
  85              		@ frame_needed = 0, uses_anonymous_args = 0
  86              	.LVL6:
  87 0000 2DE9F04F 		push	{r4, r5, r6, r7, r8, r9, r10, fp, lr}
  88              		.cfi_def_cfa_offset 36
  89              		.cfi_offset 4, -36
  90              		.cfi_offset 5, -32
  91              		.cfi_offset 6, -28
  92              		.cfi_offset 7, -24
  93              		.cfi_offset 8, -20
  94              		.cfi_offset 9, -16
  95              		.cfi_offset 10, -12
  96              		.cfi_offset 11, -8
  97              		.cfi_offset 14, -4
  98 0004 85B0     		sub	sp, sp, #20
  99              		.cfi_def_cfa_offset 56
 100 0006 8046     		mov	r8, r0
 101 0008 8946     		mov	r9, r1
 102 000a 9346     		mov	fp, r2
 103 000c 0193     		str	r3, [sp, #4]
 104 000e 0E9C     		ldr	r4, [sp, #56]
 105 0010 0F9D     		ldr	r5, [sp, #60]
 106 0012 109E     		ldr	r6, [sp, #64]
  53:..\paho.mqtt.embedded-c\MQTTPacket\src/MQTTSubscribeClient.c **** 	unsigned char *ptr = buf;
 107              		.loc 1 53 0
 108 0014 0390     		str	r0, [sp, #12]
 109              	.LVL7:
  54:..\paho.mqtt.embedded-c\MQTTPacket\src/MQTTSubscribeClient.c **** 	MQTTHeader header = {0};
  55:..\paho.mqtt.embedded-c\MQTTPacket\src/MQTTSubscribeClient.c **** 	int rem_len = 0;
  56:..\paho.mqtt.embedded-c\MQTTPacket\src/MQTTSubscribeClient.c **** 	int rc = 0;
  57:..\paho.mqtt.embedded-c\MQTTPacket\src/MQTTSubscribeClient.c **** 	int i = 0;
  58:..\paho.mqtt.embedded-c\MQTTPacket\src/MQTTSubscribeClient.c **** 
  59:..\paho.mqtt.embedded-c\MQTTPacket\src/MQTTSubscribeClient.c **** 	FUNC_ENTRY;
  60:..\paho.mqtt.embedded-c\MQTTPacket\src/MQTTSubscribeClient.c **** 	if (MQTTPacket_len(rem_len = MQTTSerialize_subscribeLength(count, topicFilters)) > buflen)
ARM GAS  C:\Users\samue\AppData\Local\Temp\cc0osMLv.s 			page 4


 110              		.loc 1 60 0
 111 0016 2946     		mov	r1, r5
 112              	.LVL8:
 113 0018 2046     		mov	r0, r4
 114              	.LVL9:
 115 001a FFF7FEFF 		bl	MQTTSerialize_subscribeLength
 116              	.LVL10:
 117 001e 8246     		mov	r10, r0
 118              	.LVL11:
 119 0020 FFF7FEFF 		bl	MQTTPacket_len
 120              	.LVL12:
 121 0024 4845     		cmp	r0, r9
 122 0026 2DDC     		bgt	.L9
 123 0028 0027     		movs	r7, #0
 124              	.LVL13:
  61:..\paho.mqtt.embedded-c\MQTTPacket\src/MQTTSubscribeClient.c **** 	{
  62:..\paho.mqtt.embedded-c\MQTTPacket\src/MQTTSubscribeClient.c **** 		rc = MQTTPACKET_BUFFER_TOO_SHORT;
  63:..\paho.mqtt.embedded-c\MQTTPacket\src/MQTTSubscribeClient.c **** 		goto exit;
  64:..\paho.mqtt.embedded-c\MQTTPacket\src/MQTTSubscribeClient.c **** 	}
  65:..\paho.mqtt.embedded-c\MQTTPacket\src/MQTTSubscribeClient.c **** 
  66:..\paho.mqtt.embedded-c\MQTTPacket\src/MQTTSubscribeClient.c **** 	header.byte = 0;
  67:..\paho.mqtt.embedded-c\MQTTPacket\src/MQTTSubscribeClient.c **** 	header.bits.type = SUBSCRIBE;
 125              		.loc 1 67 0
 126 002a 0823     		movs	r3, #8
 127 002c 63F30717 		bfi	r7, r3, #4, #4
 128              	.LVL14:
  68:..\paho.mqtt.embedded-c\MQTTPacket\src/MQTTSubscribeClient.c **** 	header.bits.dup = dup;
 129              		.loc 1 68 0
 130 0030 6BF3C307 		bfi	r7, fp, #3, #1
  69:..\paho.mqtt.embedded-c\MQTTPacket\src/MQTTSubscribeClient.c **** 	header.bits.qos = 1;
 131              		.loc 1 69 0
 132 0034 0123     		movs	r3, #1
 133 0036 63F34207 		bfi	r7, r3, #1, #2
  70:..\paho.mqtt.embedded-c\MQTTPacket\src/MQTTSubscribeClient.c **** 	writeChar(&ptr, header.byte); /* write header */
 134              		.loc 1 70 0
 135 003a F9B2     		uxtb	r1, r7
 136 003c 03A8     		add	r0, sp, #12
 137 003e FFF7FEFF 		bl	writeChar
 138              	.LVL15:
  71:..\paho.mqtt.embedded-c\MQTTPacket\src/MQTTSubscribeClient.c **** 
  72:..\paho.mqtt.embedded-c\MQTTPacket\src/MQTTSubscribeClient.c **** 	ptr += MQTTPacket_encode(ptr, rem_len); /* write remaining length */;
 139              		.loc 1 72 0
 140 0042 5146     		mov	r1, r10
 141 0044 0398     		ldr	r0, [sp, #12]
 142 0046 FFF7FEFF 		bl	MQTTPacket_encode
 143              	.LVL16:
 144 004a 039B     		ldr	r3, [sp, #12]
 145 004c 1844     		add	r0, r0, r3
 146 004e 0390     		str	r0, [sp, #12]
  73:..\paho.mqtt.embedded-c\MQTTPacket\src/MQTTSubscribeClient.c **** 
  74:..\paho.mqtt.embedded-c\MQTTPacket\src/MQTTSubscribeClient.c **** 	writeInt(&ptr, packetid);
 147              		.loc 1 74 0
 148 0050 0199     		ldr	r1, [sp, #4]
 149 0052 03A8     		add	r0, sp, #12
 150 0054 FFF7FEFF 		bl	writeInt
 151              	.LVL17:
  75:..\paho.mqtt.embedded-c\MQTTPacket\src/MQTTSubscribeClient.c **** 
ARM GAS  C:\Users\samue\AppData\Local\Temp\cc0osMLv.s 			page 5


  76:..\paho.mqtt.embedded-c\MQTTPacket\src/MQTTSubscribeClient.c **** 	for (i = 0; i < count; ++i)
 152              		.loc 1 76 0
 153 0058 0027     		movs	r7, #0
 154              	.LVL18:
 155 005a 0DE0     		b	.L7
 156              	.LVL19:
 157              	.L8:
  77:..\paho.mqtt.embedded-c\MQTTPacket\src/MQTTSubscribeClient.c **** 	{
  78:..\paho.mqtt.embedded-c\MQTTPacket\src/MQTTSubscribeClient.c **** 		writeMQTTString(&ptr, topicFilters[i]);
 158              		.loc 1 78 0 discriminator 3
 159 005c 07EB4702 		add	r2, r7, r7, lsl #1
 160 0060 9300     		lsls	r3, r2, #2
 161 0062 2B44     		add	r3, r3, r5
 162 0064 0ECB     		ldmia	r3, {r1, r2, r3}
 163 0066 03A8     		add	r0, sp, #12
 164 0068 FFF7FEFF 		bl	writeMQTTString
 165              	.LVL20:
  79:..\paho.mqtt.embedded-c\MQTTPacket\src/MQTTSubscribeClient.c **** 		writeChar(&ptr, requestedQoSs[i]);
 166              		.loc 1 79 0 discriminator 3
 167 006c 16F82710 		ldrb	r1, [r6, r7, lsl #2]	@ zero_extendqisi2
 168 0070 03A8     		add	r0, sp, #12
 169 0072 FFF7FEFF 		bl	writeChar
 170              	.LVL21:
  76:..\paho.mqtt.embedded-c\MQTTPacket\src/MQTTSubscribeClient.c **** 	{
 171              		.loc 1 76 0 discriminator 3
 172 0076 0137     		adds	r7, r7, #1
 173              	.LVL22:
 174              	.L7:
  76:..\paho.mqtt.embedded-c\MQTTPacket\src/MQTTSubscribeClient.c **** 	{
 175              		.loc 1 76 0 is_stmt 0 discriminator 1
 176 0078 A742     		cmp	r7, r4
 177 007a EFDB     		blt	.L8
  80:..\paho.mqtt.embedded-c\MQTTPacket\src/MQTTSubscribeClient.c **** 	}
  81:..\paho.mqtt.embedded-c\MQTTPacket\src/MQTTSubscribeClient.c **** 
  82:..\paho.mqtt.embedded-c\MQTTPacket\src/MQTTSubscribeClient.c **** 	rc = ptr - buf;
 178              		.loc 1 82 0 is_stmt 1
 179 007c 0398     		ldr	r0, [sp, #12]
 180 007e C8EB0000 		rsb	r0, r8, r0
 181              	.LVL23:
 182 0082 01E0     		b	.L6
 183              	.LVL24:
 184              	.L9:
  62:..\paho.mqtt.embedded-c\MQTTPacket\src/MQTTSubscribeClient.c **** 		goto exit;
 185              		.loc 1 62 0
 186 0084 6FF00100 		mvn	r0, #1
 187              	.LVL25:
 188              	.L6:
  83:..\paho.mqtt.embedded-c\MQTTPacket\src/MQTTSubscribeClient.c **** exit:
  84:..\paho.mqtt.embedded-c\MQTTPacket\src/MQTTSubscribeClient.c **** 	FUNC_EXIT_RC(rc);
  85:..\paho.mqtt.embedded-c\MQTTPacket\src/MQTTSubscribeClient.c **** 	return rc;
  86:..\paho.mqtt.embedded-c\MQTTPacket\src/MQTTSubscribeClient.c **** }
 189              		.loc 1 86 0
 190 0088 05B0     		add	sp, sp, #20
 191              		.cfi_def_cfa_offset 36
 192              		@ sp needed
 193 008a BDE8F08F 		pop	{r4, r5, r6, r7, r8, r9, r10, fp, pc}
 194              		.cfi_endproc
ARM GAS  C:\Users\samue\AppData\Local\Temp\cc0osMLv.s 			page 6


 195              	.LFE2:
 196              		.size	MQTTSerialize_subscribe, .-MQTTSerialize_subscribe
 197 008e 00BF     		.section	.text.MQTTDeserialize_suback,"ax",%progbits
 198              		.align	2
 199              		.global	MQTTDeserialize_suback
 200              		.thumb
 201              		.thumb_func
 202              		.type	MQTTDeserialize_suback, %function
 203              	MQTTDeserialize_suback:
 204              	.LFB3:
  87:..\paho.mqtt.embedded-c\MQTTPacket\src/MQTTSubscribeClient.c **** 
  88:..\paho.mqtt.embedded-c\MQTTPacket\src/MQTTSubscribeClient.c **** 
  89:..\paho.mqtt.embedded-c\MQTTPacket\src/MQTTSubscribeClient.c **** 
  90:..\paho.mqtt.embedded-c\MQTTPacket\src/MQTTSubscribeClient.c **** /**
  91:..\paho.mqtt.embedded-c\MQTTPacket\src/MQTTSubscribeClient.c ****   * Deserializes the supplied (wire) buffer into suback data
  92:..\paho.mqtt.embedded-c\MQTTPacket\src/MQTTSubscribeClient.c ****   * @param packetid returned integer - the MQTT packet identifier
  93:..\paho.mqtt.embedded-c\MQTTPacket\src/MQTTSubscribeClient.c ****   * @param maxcount - the maximum number of members allowed in the grantedQoSs array
  94:..\paho.mqtt.embedded-c\MQTTPacket\src/MQTTSubscribeClient.c ****   * @param count returned integer - number of members in the grantedQoSs array
  95:..\paho.mqtt.embedded-c\MQTTPacket\src/MQTTSubscribeClient.c ****   * @param grantedQoSs returned array of integers - the granted qualities of service
  96:..\paho.mqtt.embedded-c\MQTTPacket\src/MQTTSubscribeClient.c ****   * @param buf the raw buffer data, of the correct length determined by the remaining length field
  97:..\paho.mqtt.embedded-c\MQTTPacket\src/MQTTSubscribeClient.c ****   * @param buflen the length in bytes of the data in the supplied buffer
  98:..\paho.mqtt.embedded-c\MQTTPacket\src/MQTTSubscribeClient.c ****   * @return error code.  1 is success, 0 is failure
  99:..\paho.mqtt.embedded-c\MQTTPacket\src/MQTTSubscribeClient.c ****   */
 100:..\paho.mqtt.embedded-c\MQTTPacket\src/MQTTSubscribeClient.c **** int MQTTDeserialize_suback(unsigned short* packetid, int maxcount, int* count, int grantedQoSs[], u
 101:..\paho.mqtt.embedded-c\MQTTPacket\src/MQTTSubscribeClient.c **** {
 205              		.loc 1 101 0
 206              		.cfi_startproc
 207              		@ args = 8, pretend = 0, frame = 8
 208              		@ frame_needed = 0, uses_anonymous_args = 0
 209              	.LVL26:
 210 0000 2DE9F041 		push	{r4, r5, r6, r7, r8, lr}
 211              		.cfi_def_cfa_offset 24
 212              		.cfi_offset 4, -24
 213              		.cfi_offset 5, -20
 214              		.cfi_offset 6, -16
 215              		.cfi_offset 7, -12
 216              		.cfi_offset 8, -8
 217              		.cfi_offset 14, -4
 218 0004 82B0     		sub	sp, sp, #8
 219              		.cfi_def_cfa_offset 32
 220 0006 0446     		mov	r4, r0
 221 0008 0F46     		mov	r7, r1
 222 000a 1546     		mov	r5, r2
 223 000c 9846     		mov	r8, r3
 102:..\paho.mqtt.embedded-c\MQTTPacket\src/MQTTSubscribeClient.c **** 	MQTTHeader header = {0};
 103:..\paho.mqtt.embedded-c\MQTTPacket\src/MQTTSubscribeClient.c **** 	unsigned char* curdata = buf;
 224              		.loc 1 103 0
 225 000e 02A8     		add	r0, sp, #8
 226              	.LVL27:
 227 0010 089B     		ldr	r3, [sp, #32]
 228              	.LVL28:
 229 0012 40F8043D 		str	r3, [r0, #-4]!
 230              	.LVL29:
 104:..\paho.mqtt.embedded-c\MQTTPacket\src/MQTTSubscribeClient.c **** 	unsigned char* enddata = NULL;
 105:..\paho.mqtt.embedded-c\MQTTPacket\src/MQTTSubscribeClient.c **** 	int rc = 0;
 106:..\paho.mqtt.embedded-c\MQTTPacket\src/MQTTSubscribeClient.c **** 	int mylen;
 107:..\paho.mqtt.embedded-c\MQTTPacket\src/MQTTSubscribeClient.c **** 
ARM GAS  C:\Users\samue\AppData\Local\Temp\cc0osMLv.s 			page 7


 108:..\paho.mqtt.embedded-c\MQTTPacket\src/MQTTSubscribeClient.c **** 	FUNC_ENTRY;
 109:..\paho.mqtt.embedded-c\MQTTPacket\src/MQTTSubscribeClient.c **** 	header.byte = readChar(&curdata);
 231              		.loc 1 109 0
 232 0016 FFF7FEFF 		bl	readChar
 233              	.LVL30:
 110:..\paho.mqtt.embedded-c\MQTTPacket\src/MQTTSubscribeClient.c **** 	if (header.bits.type != SUBACK)
 234              		.loc 1 110 0
 235 001a 00F0F000 		and	r0, r0, #240
 236 001e 9028     		cmp	r0, #144
 237 0020 20D1     		bne	.L15
 111:..\paho.mqtt.embedded-c\MQTTPacket\src/MQTTSubscribeClient.c **** 		goto exit;
 112:..\paho.mqtt.embedded-c\MQTTPacket\src/MQTTSubscribeClient.c **** 
 113:..\paho.mqtt.embedded-c\MQTTPacket\src/MQTTSubscribeClient.c **** 	curdata += (rc = MQTTPacket_decodeBuf(curdata, &mylen)); /* read remaining length */
 238              		.loc 1 113 0
 239 0022 6946     		mov	r1, sp
 240 0024 0198     		ldr	r0, [sp, #4]
 241 0026 FFF7FEFF 		bl	MQTTPacket_decodeBuf
 242              	.LVL31:
 243 002a 019E     		ldr	r6, [sp, #4]
 244 002c 0644     		add	r6, r6, r0
 245 002e 0196     		str	r6, [sp, #4]
 114:..\paho.mqtt.embedded-c\MQTTPacket\src/MQTTSubscribeClient.c **** 	enddata = curdata + mylen;
 246              		.loc 1 114 0
 247 0030 009B     		ldr	r3, [sp]
 248 0032 1E44     		add	r6, r6, r3
 249              	.LVL32:
 115:..\paho.mqtt.embedded-c\MQTTPacket\src/MQTTSubscribeClient.c **** 	if (enddata - curdata < 2)
 250              		.loc 1 115 0
 251 0034 012B     		cmp	r3, #1
 252 0036 19DD     		ble	.L12
 116:..\paho.mqtt.embedded-c\MQTTPacket\src/MQTTSubscribeClient.c **** 		goto exit;
 117:..\paho.mqtt.embedded-c\MQTTPacket\src/MQTTSubscribeClient.c **** 
 118:..\paho.mqtt.embedded-c\MQTTPacket\src/MQTTSubscribeClient.c **** 	*packetid = readInt(&curdata);
 253              		.loc 1 118 0
 254 0038 01A8     		add	r0, sp, #4
 255              	.LVL33:
 256 003a FFF7FEFF 		bl	readInt
 257              	.LVL34:
 258 003e 2080     		strh	r0, [r4]	@ movhi
 119:..\paho.mqtt.embedded-c\MQTTPacket\src/MQTTSubscribeClient.c **** 
 120:..\paho.mqtt.embedded-c\MQTTPacket\src/MQTTSubscribeClient.c **** 	*count = 0;
 259              		.loc 1 120 0
 260 0040 0023     		movs	r3, #0
 261 0042 2B60     		str	r3, [r5]
 121:..\paho.mqtt.embedded-c\MQTTPacket\src/MQTTSubscribeClient.c **** 	while (curdata < enddata)
 262              		.loc 1 121 0
 263 0044 09E0     		b	.L13
 264              	.LVL35:
 265              	.L14:
 122:..\paho.mqtt.embedded-c\MQTTPacket\src/MQTTSubscribeClient.c **** 	{
 123:..\paho.mqtt.embedded-c\MQTTPacket\src/MQTTSubscribeClient.c **** 		if (*count > maxcount)
 266              		.loc 1 123 0
 267 0046 2C68     		ldr	r4, [r5]
 268 0048 BC42     		cmp	r4, r7
 269 004a 0DDC     		bgt	.L16
 124:..\paho.mqtt.embedded-c\MQTTPacket\src/MQTTSubscribeClient.c **** 		{
 125:..\paho.mqtt.embedded-c\MQTTPacket\src/MQTTSubscribeClient.c **** 			rc = -1;
ARM GAS  C:\Users\samue\AppData\Local\Temp\cc0osMLv.s 			page 8


 126:..\paho.mqtt.embedded-c\MQTTPacket\src/MQTTSubscribeClient.c **** 			goto exit;
 127:..\paho.mqtt.embedded-c\MQTTPacket\src/MQTTSubscribeClient.c **** 		}
 128:..\paho.mqtt.embedded-c\MQTTPacket\src/MQTTSubscribeClient.c **** 		grantedQoSs[(*count)++] = readChar(&curdata);
 270              		.loc 1 128 0
 271 004c 631C     		adds	r3, r4, #1
 272 004e 2B60     		str	r3, [r5]
 273 0050 01A8     		add	r0, sp, #4
 274 0052 FFF7FEFF 		bl	readChar
 275              	.LVL36:
 276 0056 48F82400 		str	r0, [r8, r4, lsl #2]
 277              	.L13:
 121:..\paho.mqtt.embedded-c\MQTTPacket\src/MQTTSubscribeClient.c **** 	{
 278              		.loc 1 121 0
 279 005a 019B     		ldr	r3, [sp, #4]
 280 005c 9E42     		cmp	r6, r3
 281 005e F2D8     		bhi	.L14
 129:..\paho.mqtt.embedded-c\MQTTPacket\src/MQTTSubscribeClient.c **** 	}
 130:..\paho.mqtt.embedded-c\MQTTPacket\src/MQTTSubscribeClient.c **** 
 131:..\paho.mqtt.embedded-c\MQTTPacket\src/MQTTSubscribeClient.c **** 	rc = 1;
 282              		.loc 1 131 0
 283 0060 0120     		movs	r0, #1
 284 0062 03E0     		b	.L12
 285              	.LVL37:
 286              	.L15:
 105:..\paho.mqtt.embedded-c\MQTTPacket\src/MQTTSubscribeClient.c **** 	int mylen;
 287              		.loc 1 105 0
 288 0064 0020     		movs	r0, #0
 289 0066 01E0     		b	.L12
 290              	.LVL38:
 291              	.L16:
 125:..\paho.mqtt.embedded-c\MQTTPacket\src/MQTTSubscribeClient.c **** 			goto exit;
 292              		.loc 1 125 0
 293 0068 4FF0FF30 		mov	r0, #-1
 294              	.LVL39:
 295              	.L12:
 132:..\paho.mqtt.embedded-c\MQTTPacket\src/MQTTSubscribeClient.c **** exit:
 133:..\paho.mqtt.embedded-c\MQTTPacket\src/MQTTSubscribeClient.c **** 	FUNC_EXIT_RC(rc);
 134:..\paho.mqtt.embedded-c\MQTTPacket\src/MQTTSubscribeClient.c **** 	return rc;
 135:..\paho.mqtt.embedded-c\MQTTPacket\src/MQTTSubscribeClient.c **** }
 296              		.loc 1 135 0
 297 006c 02B0     		add	sp, sp, #8
 298              		.cfi_def_cfa_offset 24
 299              		@ sp needed
 300 006e BDE8F081 		pop	{r4, r5, r6, r7, r8, pc}
 301              		.cfi_endproc
 302              	.LFE3:
 303              		.size	MQTTDeserialize_suback, .-MQTTDeserialize_suback
 304 0072 00BF     		.text
 305              	.Letext0:
 306              		.file 2 "..\\paho.mqtt.embedded-c\\MQTTPacket\\src\\MQTTPacket.h"
 307              		.section	.debug_info,"",%progbits
 308              	.Ldebug_info0:
 309 0000 24050000 		.4byte	0x524
 310 0004 0400     		.2byte	0x4
 311 0006 00000000 		.4byte	.Ldebug_abbrev0
 312 000a 04       		.byte	0x4
 313 000b 01       		.uleb128 0x1
ARM GAS  C:\Users\samue\AppData\Local\Temp\cc0osMLv.s 			page 9


 314 000c F3020000 		.4byte	.LASF66
 315 0010 0C       		.byte	0xc
 316 0011 4F010000 		.4byte	.LASF67
 317 0015 82020000 		.4byte	.LASF68
 318 0019 00000000 		.4byte	.Ldebug_ranges0+0
 319 001d 00000000 		.4byte	0
 320 0021 00000000 		.4byte	.Ldebug_line0
 321 0025 02       		.uleb128 0x2
 322 0026 0E010000 		.4byte	.LASF3
 323 002a 01       		.byte	0x1
 324 002b 48000000 		.4byte	0x48
 325 002f 02       		.byte	0x2
 326 0030 24       		.byte	0x24
 327 0031 48000000 		.4byte	0x48
 328 0035 03       		.uleb128 0x3
 329 0036 00000000 		.4byte	.LASF0
 330 003a 7E       		.sleb128 -2
 331 003b 03       		.uleb128 0x3
 332 003c 86000000 		.4byte	.LASF1
 333 0040 7F       		.sleb128 -1
 334 0041 04       		.uleb128 0x4
 335 0042 8C010000 		.4byte	.LASF2
 336 0046 00       		.byte	0
 337 0047 00       		.byte	0
 338 0048 05       		.uleb128 0x5
 339 0049 01       		.byte	0x1
 340 004a 06       		.byte	0x6
 341 004b AA000000 		.4byte	.LASF19
 342 004f 02       		.uleb128 0x2
 343 0050 F0000000 		.4byte	.LASF4
 344 0054 01       		.byte	0x1
 345 0055 B4000000 		.4byte	0xb4
 346 0059 02       		.byte	0x2
 347 005a 2B       		.byte	0x2b
 348 005b B4000000 		.4byte	0xb4
 349 005f 04       		.uleb128 0x4
 350 0060 C0020000 		.4byte	.LASF5
 351 0064 01       		.byte	0x1
 352 0065 04       		.uleb128 0x4
 353 0066 06010000 		.4byte	.LASF6
 354 006a 02       		.byte	0x2
 355 006b 04       		.uleb128 0x4
 356 006c EB020000 		.4byte	.LASF7
 357 0070 03       		.byte	0x3
 358 0071 04       		.uleb128 0x4
 359 0072 B5030000 		.4byte	.LASF8
 360 0076 04       		.byte	0x4
 361 0077 04       		.uleb128 0x4
 362 0078 CE030000 		.4byte	.LASF9
 363 007c 05       		.byte	0x5
 364 007d 04       		.uleb128 0x4
 365 007e D5030000 		.4byte	.LASF10
 366 0082 06       		.byte	0x6
 367 0083 04       		.uleb128 0x4
 368 0084 BC030000 		.4byte	.LASF11
 369 0088 07       		.byte	0x7
 370 0089 04       		.uleb128 0x4
ARM GAS  C:\Users\samue\AppData\Local\Temp\cc0osMLv.s 			page 10


 371 008a A6030000 		.4byte	.LASF12
 372 008e 08       		.byte	0x8
 373 008f 04       		.uleb128 0x4
 374 0090 A5010000 		.4byte	.LASF13
 375 0094 09       		.byte	0x9
 376 0095 04       		.uleb128 0x4
 377 0096 CD000000 		.4byte	.LASF14
 378 009a 0A       		.byte	0xa
 379 009b 04       		.uleb128 0x4
 380 009c 4C000000 		.4byte	.LASF15
 381 00a0 0B       		.byte	0xb
 382 00a1 04       		.uleb128 0x4
 383 00a2 DC030000 		.4byte	.LASF16
 384 00a6 0C       		.byte	0xc
 385 00a7 04       		.uleb128 0x4
 386 00a8 B7020000 		.4byte	.LASF17
 387 00ac 0D       		.byte	0xd
 388 00ad 04       		.uleb128 0x4
 389 00ae 27020000 		.4byte	.LASF18
 390 00b2 0E       		.byte	0xe
 391 00b3 00       		.byte	0
 392 00b4 05       		.uleb128 0x5
 393 00b5 01       		.byte	0x1
 394 00b6 08       		.byte	0x8
 395 00b7 C8020000 		.4byte	.LASF20
 396 00bb 06       		.uleb128 0x6
 397 00bc 04       		.byte	0x4
 398 00bd 02       		.byte	0x2
 399 00be 41       		.byte	0x41
 400 00bf 00010000 		.4byte	0x100
 401 00c3 07       		.uleb128 0x7
 402 00c4 55000000 		.4byte	.LASF21
 403 00c8 02       		.byte	0x2
 404 00c9 43       		.byte	0x43
 405 00ca 00010000 		.4byte	0x100
 406 00ce 04       		.byte	0x4
 407 00cf 01       		.byte	0x1
 408 00d0 1F       		.byte	0x1f
 409 00d1 00       		.byte	0
 410 00d2 08       		.uleb128 0x8
 411 00d3 716F7300 		.ascii	"qos\000"
 412 00d7 02       		.byte	0x2
 413 00d8 44       		.byte	0x44
 414 00d9 00010000 		.4byte	0x100
 415 00dd 04       		.byte	0x4
 416 00de 02       		.byte	0x2
 417 00df 1D       		.byte	0x1d
 418 00e0 00       		.byte	0
 419 00e1 08       		.uleb128 0x8
 420 00e2 64757000 		.ascii	"dup\000"
 421 00e6 02       		.byte	0x2
 422 00e7 45       		.byte	0x45
 423 00e8 00010000 		.4byte	0x100
 424 00ec 04       		.byte	0x4
 425 00ed 01       		.byte	0x1
 426 00ee 1C       		.byte	0x1c
 427 00ef 00       		.byte	0
ARM GAS  C:\Users\samue\AppData\Local\Temp\cc0osMLv.s 			page 11


 428 00f0 07       		.uleb128 0x7
 429 00f1 47000000 		.4byte	.LASF22
 430 00f5 02       		.byte	0x2
 431 00f6 46       		.byte	0x46
 432 00f7 00010000 		.4byte	0x100
 433 00fb 04       		.byte	0x4
 434 00fc 04       		.byte	0x4
 435 00fd 18       		.byte	0x18
 436 00fe 00       		.byte	0
 437 00ff 00       		.byte	0
 438 0100 05       		.uleb128 0x5
 439 0101 04       		.byte	0x4
 440 0102 07       		.byte	0x7
 441 0103 F9000000 		.4byte	.LASF23
 442 0107 09       		.uleb128 0x9
 443 0108 04       		.byte	0x4
 444 0109 02       		.byte	0x2
 445 010a 35       		.byte	0x35
 446 010b 26010000 		.4byte	0x126
 447 010f 0A       		.uleb128 0xa
 448 0110 D9000000 		.4byte	.LASF24
 449 0114 02       		.byte	0x2
 450 0115 37       		.byte	0x37
 451 0116 B4000000 		.4byte	0xb4
 452 011a 0A       		.uleb128 0xa
 453 011b BF000000 		.4byte	.LASF25
 454 011f 02       		.byte	0x2
 455 0120 47       		.byte	0x47
 456 0121 BB000000 		.4byte	0xbb
 457 0125 00       		.byte	0
 458 0126 0B       		.uleb128 0xb
 459 0127 8D030000 		.4byte	.LASF28
 460 012b 02       		.byte	0x2
 461 012c 49       		.byte	0x49
 462 012d 07010000 		.4byte	0x107
 463 0131 06       		.uleb128 0x6
 464 0132 08       		.byte	0x8
 465 0133 02       		.byte	0x2
 466 0134 4B       		.byte	0x4b
 467 0135 52010000 		.4byte	0x152
 468 0139 0C       		.uleb128 0xc
 469 013a 6C656E00 		.ascii	"len\000"
 470 013e 02       		.byte	0x2
 471 013f 4D       		.byte	0x4d
 472 0140 52010000 		.4byte	0x152
 473 0144 00       		.byte	0
 474 0145 0D       		.uleb128 0xd
 475 0146 37010000 		.4byte	.LASF26
 476 014a 02       		.byte	0x2
 477 014b 4E       		.byte	0x4e
 478 014c 59010000 		.4byte	0x159
 479 0150 04       		.byte	0x4
 480 0151 00       		.byte	0
 481 0152 0E       		.uleb128 0xe
 482 0153 04       		.byte	0x4
 483 0154 05       		.byte	0x5
 484 0155 696E7400 		.ascii	"int\000"
ARM GAS  C:\Users\samue\AppData\Local\Temp\cc0osMLv.s 			page 12


 485 0159 0F       		.uleb128 0xf
 486 015a 04       		.byte	0x4
 487 015b 5F010000 		.4byte	0x15f
 488 015f 05       		.uleb128 0x5
 489 0160 01       		.byte	0x1
 490 0161 08       		.byte	0x8
 491 0162 B0030000 		.4byte	.LASF27
 492 0166 0B       		.uleb128 0xb
 493 0167 98030000 		.4byte	.LASF29
 494 016b 02       		.byte	0x2
 495 016c 4F       		.byte	0x4f
 496 016d 31010000 		.4byte	0x131
 497 0171 06       		.uleb128 0x6
 498 0172 0C       		.byte	0xc
 499 0173 02       		.byte	0x2
 500 0174 51       		.byte	0x51
 501 0175 92010000 		.4byte	0x192
 502 0179 0D       		.uleb128 0xd
 503 017a 1F020000 		.4byte	.LASF30
 504 017e 02       		.byte	0x2
 505 017f 53       		.byte	0x53
 506 0180 59010000 		.4byte	0x159
 507 0184 00       		.byte	0
 508 0185 0D       		.uleb128 0xd
 509 0186 5C000000 		.4byte	.LASF31
 510 018a 02       		.byte	0x2
 511 018b 54       		.byte	0x54
 512 018c 66010000 		.4byte	0x166
 513 0190 04       		.byte	0x4
 514 0191 00       		.byte	0
 515 0192 0B       		.uleb128 0xb
 516 0193 AC010000 		.4byte	.LASF32
 517 0197 02       		.byte	0x2
 518 0198 55       		.byte	0x55
 519 0199 71010000 		.4byte	0x171
 520 019d 05       		.uleb128 0x5
 521 019e 04       		.byte	0x4
 522 019f 07       		.byte	0x7
 523 01a0 ED010000 		.4byte	.LASF33
 524 01a4 05       		.uleb128 0x5
 525 01a5 02       		.byte	0x2
 526 01a6 07       		.byte	0x7
 527 01a7 3C010000 		.4byte	.LASF34
 528 01ab 05       		.uleb128 0x5
 529 01ac 02       		.byte	0x2
 530 01ad 05       		.byte	0x5
 531 01ae E1020000 		.4byte	.LASF35
 532 01b2 05       		.uleb128 0x5
 533 01b3 04       		.byte	0x4
 534 01b4 05       		.byte	0x5
 535 01b5 C4000000 		.4byte	.LASF36
 536 01b9 05       		.uleb128 0x5
 537 01ba 04       		.byte	0x4
 538 01bb 07       		.byte	0x7
 539 01bc 15010000 		.4byte	.LASF37
 540 01c0 05       		.uleb128 0x5
 541 01c1 08       		.byte	0x8
ARM GAS  C:\Users\samue\AppData\Local\Temp\cc0osMLv.s 			page 13


 542 01c2 05       		.byte	0x5
 543 01c3 9C000000 		.4byte	.LASF38
 544 01c7 05       		.uleb128 0x5
 545 01c8 08       		.byte	0x8
 546 01c9 07       		.byte	0x7
 547 01ca 66000000 		.4byte	.LASF39
 548 01ce 05       		.uleb128 0x5
 549 01cf 08       		.byte	0x8
 550 01d0 04       		.byte	0x4
 551 01d1 06020000 		.4byte	.LASF40
 552 01d5 0F       		.uleb128 0xf
 553 01d6 04       		.byte	0x4
 554 01d7 B4000000 		.4byte	0xb4
 555 01db 10       		.uleb128 0x10
 556 01dc 47020000 		.4byte	.LASF43
 557 01e0 01       		.byte	0x1
 558 01e1 1C       		.byte	0x1c
 559 01e2 52010000 		.4byte	0x152
 560 01e6 00000000 		.4byte	.LFB1
 561 01ea 2A000000 		.4byte	.LFE1-.LFB1
 562 01ee 01       		.uleb128 0x1
 563 01ef 9C       		.byte	0x9c
 564 01f0 38020000 		.4byte	0x238
 565 01f4 11       		.uleb128 0x11
 566 01f5 1C000000 		.4byte	.LASF41
 567 01f9 01       		.byte	0x1
 568 01fa 1C       		.byte	0x1c
 569 01fb 52010000 		.4byte	0x152
 570 01ff 00000000 		.4byte	.LLST0
 571 0203 11       		.uleb128 0x11
 572 0204 12020000 		.4byte	.LASF42
 573 0208 01       		.byte	0x1
 574 0209 1C       		.byte	0x1c
 575 020a 38020000 		.4byte	0x238
 576 020e 1E000000 		.4byte	.LLST1
 577 0212 12       		.uleb128 0x12
 578 0213 6900     		.ascii	"i\000"
 579 0215 01       		.byte	0x1
 580 0216 1E       		.byte	0x1e
 581 0217 52010000 		.4byte	0x152
 582 021b 3C000000 		.4byte	.LLST2
 583 021f 12       		.uleb128 0x12
 584 0220 6C656E00 		.ascii	"len\000"
 585 0224 01       		.byte	0x1
 586 0225 1F       		.byte	0x1f
 587 0226 52010000 		.4byte	0x152
 588 022a 5B000000 		.4byte	.LLST3
 589 022e 13       		.uleb128 0x13
 590 022f 1C000000 		.4byte	.LVL3
 591 0233 C4040000 		.4byte	0x4c4
 592 0237 00       		.byte	0
 593 0238 0F       		.uleb128 0xf
 594 0239 04       		.byte	0x4
 595 023a 92010000 		.4byte	0x192
 596 023e 10       		.uleb128 0x10
 597 023f CC010000 		.4byte	.LASF44
 598 0243 01       		.byte	0x1
ARM GAS  C:\Users\samue\AppData\Local\Temp\cc0osMLv.s 			page 14


 599 0244 32       		.byte	0x32
 600 0245 52010000 		.4byte	0x152
 601 0249 00000000 		.4byte	.LFB2
 602 024d 8E000000 		.4byte	.LFE2-.LFB2
 603 0251 01       		.uleb128 0x1
 604 0252 9C       		.byte	0x9c
 605 0253 AB030000 		.4byte	0x3ab
 606 0257 14       		.uleb128 0x14
 607 0258 62756600 		.ascii	"buf\000"
 608 025c 01       		.byte	0x1
 609 025d 32       		.byte	0x32
 610 025e D5010000 		.4byte	0x1d5
 611 0262 7A000000 		.4byte	.LLST4
 612 0266 11       		.uleb128 0x11
 613 0267 81030000 		.4byte	.LASF45
 614 026b 01       		.byte	0x1
 615 026c 32       		.byte	0x32
 616 026d 52010000 		.4byte	0x152
 617 0271 98000000 		.4byte	.LLST5
 618 0275 14       		.uleb128 0x14
 619 0276 64757000 		.ascii	"dup\000"
 620 027a 01       		.byte	0x1
 621 027b 32       		.byte	0x32
 622 027c B4000000 		.4byte	0xb4
 623 0280 B6000000 		.4byte	.LLST6
 624 0284 11       		.uleb128 0x11
 625 0285 C3010000 		.4byte	.LASF46
 626 0289 01       		.byte	0x1
 627 028a 32       		.byte	0x32
 628 028b A4010000 		.4byte	0x1a4
 629 028f D7000000 		.4byte	.LLST7
 630 0293 15       		.uleb128 0x15
 631 0294 1C000000 		.4byte	.LASF41
 632 0298 01       		.byte	0x1
 633 0299 32       		.byte	0x32
 634 029a 52010000 		.4byte	0x152
 635 029e 02       		.uleb128 0x2
 636 029f 91       		.byte	0x91
 637 02a0 00       		.sleb128 0
 638 02a1 15       		.uleb128 0x15
 639 02a2 12020000 		.4byte	.LASF42
 640 02a6 01       		.byte	0x1
 641 02a7 33       		.byte	0x33
 642 02a8 38020000 		.4byte	0x238
 643 02ac 02       		.uleb128 0x2
 644 02ad 91       		.byte	0x91
 645 02ae 04       		.sleb128 4
 646 02af 15       		.uleb128 0x15
 647 02b0 22000000 		.4byte	.LASF47
 648 02b4 01       		.byte	0x1
 649 02b5 33       		.byte	0x33
 650 02b6 AB030000 		.4byte	0x3ab
 651 02ba 02       		.uleb128 0x2
 652 02bb 91       		.byte	0x91
 653 02bc 08       		.sleb128 8
 654 02bd 16       		.uleb128 0x16
 655 02be 70747200 		.ascii	"ptr\000"
ARM GAS  C:\Users\samue\AppData\Local\Temp\cc0osMLv.s 			page 15


 656 02c2 01       		.byte	0x1
 657 02c3 35       		.byte	0x35
 658 02c4 D5010000 		.4byte	0x1d5
 659 02c8 02       		.uleb128 0x2
 660 02c9 91       		.byte	0x91
 661 02ca 54       		.sleb128 -44
 662 02cb 17       		.uleb128 0x17
 663 02cc EC030000 		.4byte	.LASF48
 664 02d0 01       		.byte	0x1
 665 02d1 36       		.byte	0x36
 666 02d2 26010000 		.4byte	0x126
 667 02d6 F8000000 		.4byte	.LLST8
 668 02da 17       		.uleb128 0x17
 669 02db 2F010000 		.4byte	.LASF49
 670 02df 01       		.byte	0x1
 671 02e0 37       		.byte	0x37
 672 02e1 52010000 		.4byte	0x152
 673 02e5 0B010000 		.4byte	.LLST9
 674 02e9 12       		.uleb128 0x12
 675 02ea 726300   		.ascii	"rc\000"
 676 02ed 01       		.byte	0x1
 677 02ee 38       		.byte	0x38
 678 02ef 52010000 		.4byte	0x152
 679 02f3 35010000 		.4byte	.LLST10
 680 02f7 12       		.uleb128 0x12
 681 02f8 6900     		.ascii	"i\000"
 682 02fa 01       		.byte	0x1
 683 02fb 39       		.byte	0x39
 684 02fc 52010000 		.4byte	0x152
 685 0300 6B010000 		.4byte	.LLST11
 686 0304 18       		.uleb128 0x18
 687 0305 88030000 		.4byte	.LASF56
 688 0309 01       		.byte	0x1
 689 030a 53       		.byte	0x53
 690 030b 88000000 		.4byte	.L6
 691 030f 19       		.uleb128 0x19
 692 0310 1E000000 		.4byte	.LVL10
 693 0314 DB010000 		.4byte	0x1db
 694 0318 29030000 		.4byte	0x329
 695 031c 1A       		.uleb128 0x1a
 696 031d 01       		.uleb128 0x1
 697 031e 50       		.byte	0x50
 698 031f 02       		.uleb128 0x2
 699 0320 74       		.byte	0x74
 700 0321 00       		.sleb128 0
 701 0322 1A       		.uleb128 0x1a
 702 0323 01       		.uleb128 0x1
 703 0324 51       		.byte	0x51
 704 0325 02       		.uleb128 0x2
 705 0326 75       		.byte	0x75
 706 0327 00       		.sleb128 0
 707 0328 00       		.byte	0
 708 0329 19       		.uleb128 0x19
 709 032a 24000000 		.4byte	.LVL12
 710 032e CF040000 		.4byte	0x4cf
 711 0332 3D030000 		.4byte	0x33d
 712 0336 1A       		.uleb128 0x1a
ARM GAS  C:\Users\samue\AppData\Local\Temp\cc0osMLv.s 			page 16


 713 0337 01       		.uleb128 0x1
 714 0338 50       		.byte	0x50
 715 0339 02       		.uleb128 0x2
 716 033a 7A       		.byte	0x7a
 717 033b 00       		.sleb128 0
 718 033c 00       		.byte	0
 719 033d 19       		.uleb128 0x19
 720 033e 42000000 		.4byte	.LVL15
 721 0342 DA040000 		.4byte	0x4da
 722 0346 57030000 		.4byte	0x357
 723 034a 1A       		.uleb128 0x1a
 724 034b 01       		.uleb128 0x1
 725 034c 50       		.byte	0x50
 726 034d 02       		.uleb128 0x2
 727 034e 91       		.byte	0x91
 728 034f 54       		.sleb128 -44
 729 0350 1A       		.uleb128 0x1a
 730 0351 01       		.uleb128 0x1
 731 0352 51       		.byte	0x51
 732 0353 02       		.uleb128 0x2
 733 0354 77       		.byte	0x77
 734 0355 00       		.sleb128 0
 735 0356 00       		.byte	0
 736 0357 19       		.uleb128 0x19
 737 0358 4A000000 		.4byte	.LVL16
 738 035c E5040000 		.4byte	0x4e5
 739 0360 6B030000 		.4byte	0x36b
 740 0364 1A       		.uleb128 0x1a
 741 0365 01       		.uleb128 0x1
 742 0366 51       		.byte	0x51
 743 0367 02       		.uleb128 0x2
 744 0368 7A       		.byte	0x7a
 745 0369 00       		.sleb128 0
 746 036a 00       		.byte	0
 747 036b 19       		.uleb128 0x19
 748 036c 58000000 		.4byte	.LVL17
 749 0370 F0040000 		.4byte	0x4f0
 750 0374 86030000 		.4byte	0x386
 751 0378 1A       		.uleb128 0x1a
 752 0379 01       		.uleb128 0x1
 753 037a 50       		.byte	0x50
 754 037b 02       		.uleb128 0x2
 755 037c 91       		.byte	0x91
 756 037d 54       		.sleb128 -44
 757 037e 1A       		.uleb128 0x1a
 758 037f 01       		.uleb128 0x1
 759 0380 51       		.byte	0x51
 760 0381 03       		.uleb128 0x3
 761 0382 91       		.byte	0x91
 762 0383 4C       		.sleb128 -52
 763 0384 06       		.byte	0x6
 764 0385 00       		.byte	0
 765 0386 19       		.uleb128 0x19
 766 0387 6C000000 		.4byte	.LVL20
 767 038b FB040000 		.4byte	0x4fb
 768 038f 9A030000 		.4byte	0x39a
 769 0393 1A       		.uleb128 0x1a
ARM GAS  C:\Users\samue\AppData\Local\Temp\cc0osMLv.s 			page 17


 770 0394 01       		.uleb128 0x1
 771 0395 50       		.byte	0x50
 772 0396 02       		.uleb128 0x2
 773 0397 91       		.byte	0x91
 774 0398 54       		.sleb128 -44
 775 0399 00       		.byte	0
 776 039a 1B       		.uleb128 0x1b
 777 039b 76000000 		.4byte	.LVL21
 778 039f DA040000 		.4byte	0x4da
 779 03a3 1A       		.uleb128 0x1a
 780 03a4 01       		.uleb128 0x1
 781 03a5 50       		.byte	0x50
 782 03a6 02       		.uleb128 0x2
 783 03a7 91       		.byte	0x91
 784 03a8 54       		.sleb128 -44
 785 03a9 00       		.byte	0
 786 03aa 00       		.byte	0
 787 03ab 0F       		.uleb128 0xf
 788 03ac 04       		.byte	0x4
 789 03ad 52010000 		.4byte	0x152
 790 03b1 10       		.uleb128 0x10
 791 03b2 65020000 		.4byte	.LASF50
 792 03b6 01       		.byte	0x1
 793 03b7 64       		.byte	0x64
 794 03b8 52010000 		.4byte	0x152
 795 03bc 00000000 		.4byte	.LFB3
 796 03c0 72000000 		.4byte	.LFE3-.LFB3
 797 03c4 01       		.uleb128 0x1
 798 03c5 9C       		.byte	0x9c
 799 03c6 BE040000 		.4byte	0x4be
 800 03ca 11       		.uleb128 0x11
 801 03cb C3010000 		.4byte	.LASF46
 802 03cf 01       		.byte	0x1
 803 03d0 64       		.byte	0x64
 804 03d1 BE040000 		.4byte	0x4be
 805 03d5 96010000 		.4byte	.LLST12
 806 03d9 11       		.uleb128 0x11
 807 03da 7D000000 		.4byte	.LASF51
 808 03de 01       		.byte	0x1
 809 03df 64       		.byte	0x64
 810 03e0 52010000 		.4byte	0x152
 811 03e4 DB010000 		.4byte	.LLST13
 812 03e8 11       		.uleb128 0x11
 813 03e9 1C000000 		.4byte	.LASF41
 814 03ed 01       		.byte	0x1
 815 03ee 64       		.byte	0x64
 816 03ef AB030000 		.4byte	0x3ab
 817 03f3 F9010000 		.4byte	.LLST14
 818 03f7 11       		.uleb128 0x11
 819 03f8 B7010000 		.4byte	.LASF52
 820 03fc 01       		.byte	0x1
 821 03fd 64       		.byte	0x64
 822 03fe AB030000 		.4byte	0x3ab
 823 0402 17020000 		.4byte	.LLST15
 824 0406 1C       		.uleb128 0x1c
 825 0407 62756600 		.ascii	"buf\000"
 826 040b 01       		.byte	0x1
ARM GAS  C:\Users\samue\AppData\Local\Temp\cc0osMLv.s 			page 18


 827 040c 64       		.byte	0x64
 828 040d D5010000 		.4byte	0x1d5
 829 0411 02       		.uleb128 0x2
 830 0412 91       		.byte	0x91
 831 0413 00       		.sleb128 0
 832 0414 15       		.uleb128 0x15
 833 0415 81030000 		.4byte	.LASF45
 834 0419 01       		.byte	0x1
 835 041a 64       		.byte	0x64
 836 041b 52010000 		.4byte	0x152
 837 041f 02       		.uleb128 0x2
 838 0420 91       		.byte	0x91
 839 0421 04       		.sleb128 4
 840 0422 1D       		.uleb128 0x1d
 841 0423 EC030000 		.4byte	.LASF48
 842 0427 01       		.byte	0x1
 843 0428 66       		.byte	0x66
 844 0429 26010000 		.4byte	0x126
 845 042d 1E       		.uleb128 0x1e
 846 042e E4030000 		.4byte	.LASF53
 847 0432 01       		.byte	0x1
 848 0433 67       		.byte	0x67
 849 0434 D5010000 		.4byte	0x1d5
 850 0438 02       		.uleb128 0x2
 851 0439 91       		.byte	0x91
 852 043a 64       		.sleb128 -28
 853 043b 17       		.uleb128 0x17
 854 043c 27010000 		.4byte	.LASF54
 855 0440 01       		.byte	0x1
 856 0441 68       		.byte	0x68
 857 0442 D5010000 		.4byte	0x1d5
 858 0446 35020000 		.4byte	.LLST16
 859 044a 12       		.uleb128 0x12
 860 044b 726300   		.ascii	"rc\000"
 861 044e 01       		.byte	0x1
 862 044f 69       		.byte	0x69
 863 0450 52010000 		.4byte	0x152
 864 0454 6B020000 		.4byte	.LLST17
 865 0458 1E       		.uleb128 0x1e
 866 0459 7C020000 		.4byte	.LASF55
 867 045d 01       		.byte	0x1
 868 045e 6A       		.byte	0x6a
 869 045f 52010000 		.4byte	0x152
 870 0463 02       		.uleb128 0x2
 871 0464 91       		.byte	0x91
 872 0465 60       		.sleb128 -32
 873 0466 18       		.uleb128 0x18
 874 0467 88030000 		.4byte	.LASF56
 875 046b 01       		.byte	0x1
 876 046c 84       		.byte	0x84
 877 046d 6C000000 		.4byte	.L12
 878 0471 19       		.uleb128 0x19
 879 0472 1A000000 		.4byte	.LVL30
 880 0476 06050000 		.4byte	0x506
 881 047a 85040000 		.4byte	0x485
 882 047e 1A       		.uleb128 0x1a
 883 047f 01       		.uleb128 0x1
ARM GAS  C:\Users\samue\AppData\Local\Temp\cc0osMLv.s 			page 19


 884 0480 50       		.byte	0x50
 885 0481 02       		.uleb128 0x2
 886 0482 91       		.byte	0x91
 887 0483 64       		.sleb128 -28
 888 0484 00       		.byte	0
 889 0485 19       		.uleb128 0x19
 890 0486 2A000000 		.4byte	.LVL31
 891 048a 11050000 		.4byte	0x511
 892 048e 99040000 		.4byte	0x499
 893 0492 1A       		.uleb128 0x1a
 894 0493 01       		.uleb128 0x1
 895 0494 51       		.byte	0x51
 896 0495 02       		.uleb128 0x2
 897 0496 7D       		.byte	0x7d
 898 0497 00       		.sleb128 0
 899 0498 00       		.byte	0
 900 0499 19       		.uleb128 0x19
 901 049a 3E000000 		.4byte	.LVL34
 902 049e 1C050000 		.4byte	0x51c
 903 04a2 AD040000 		.4byte	0x4ad
 904 04a6 1A       		.uleb128 0x1a
 905 04a7 01       		.uleb128 0x1
 906 04a8 50       		.byte	0x50
 907 04a9 02       		.uleb128 0x2
 908 04aa 91       		.byte	0x91
 909 04ab 64       		.sleb128 -28
 910 04ac 00       		.byte	0
 911 04ad 1B       		.uleb128 0x1b
 912 04ae 56000000 		.4byte	.LVL36
 913 04b2 06050000 		.4byte	0x506
 914 04b6 1A       		.uleb128 0x1a
 915 04b7 01       		.uleb128 0x1
 916 04b8 50       		.byte	0x50
 917 04b9 02       		.uleb128 0x2
 918 04ba 91       		.byte	0x91
 919 04bb 64       		.sleb128 -28
 920 04bc 00       		.byte	0
 921 04bd 00       		.byte	0
 922 04be 0F       		.uleb128 0xf
 923 04bf 04       		.byte	0x4
 924 04c0 A4010000 		.4byte	0x1a4
 925 04c4 1F       		.uleb128 0x1f
 926 04c5 D6020000 		.4byte	.LASF57
 927 04c9 D6020000 		.4byte	.LASF57
 928 04cd 02       		.byte	0x2
 929 04ce 59       		.byte	0x59
 930 04cf 1F       		.uleb128 0x1f
 931 04d0 30000000 		.4byte	.LASF58
 932 04d4 30000000 		.4byte	.LASF58
 933 04d8 02       		.byte	0x2
 934 04d9 64       		.byte	0x64
 935 04da 1F       		.uleb128 0x1f
 936 04db C4030000 		.4byte	.LASF59
 937 04df C4030000 		.4byte	.LASF59
 938 04e3 02       		.byte	0x2
 939 04e4 6D       		.byte	0x6d
 940 04e5 1F       		.uleb128 0x1f
ARM GAS  C:\Users\samue\AppData\Local\Temp\cc0osMLv.s 			page 20


 941 04e6 DE000000 		.4byte	.LASF60
 942 04ea DE000000 		.4byte	.LASF60
 943 04ee 02       		.byte	0x2
 944 04ef 67       		.byte	0x67
 945 04f0 1F       		.uleb128 0x1f
 946 04f1 B6000000 		.4byte	.LASF61
 947 04f5 B6000000 		.4byte	.LASF61
 948 04f9 02       		.byte	0x2
 949 04fa 6E       		.byte	0x6e
 950 04fb 1F       		.uleb128 0x1f
 951 04fc F6010000 		.4byte	.LASF62
 952 0500 F6010000 		.4byte	.LASF62
 953 0504 02       		.byte	0x2
 954 0505 71       		.byte	0x71
 955 0506 1F       		.uleb128 0x1f
 956 0507 E4010000 		.4byte	.LASF63
 957 050b E4010000 		.4byte	.LASF63
 958 050f 02       		.byte	0x2
 959 0510 6C       		.byte	0x6c
 960 0511 1F       		.uleb128 0x1f
 961 0512 32020000 		.4byte	.LASF64
 962 0516 32020000 		.4byte	.LASF64
 963 051a 02       		.byte	0x2
 964 051b 69       		.byte	0x69
 965 051c 1F       		.uleb128 0x1f
 966 051d 3F000000 		.4byte	.LASF65
 967 0521 3F000000 		.4byte	.LASF65
 968 0525 02       		.byte	0x2
 969 0526 6B       		.byte	0x6b
 970 0527 00       		.byte	0
 971              		.section	.debug_abbrev,"",%progbits
 972              	.Ldebug_abbrev0:
 973 0000 01       		.uleb128 0x1
 974 0001 11       		.uleb128 0x11
 975 0002 01       		.byte	0x1
 976 0003 25       		.uleb128 0x25
 977 0004 0E       		.uleb128 0xe
 978 0005 13       		.uleb128 0x13
 979 0006 0B       		.uleb128 0xb
 980 0007 03       		.uleb128 0x3
 981 0008 0E       		.uleb128 0xe
 982 0009 1B       		.uleb128 0x1b
 983 000a 0E       		.uleb128 0xe
 984 000b 55       		.uleb128 0x55
 985 000c 17       		.uleb128 0x17
 986 000d 11       		.uleb128 0x11
 987 000e 01       		.uleb128 0x1
 988 000f 10       		.uleb128 0x10
 989 0010 17       		.uleb128 0x17
 990 0011 00       		.byte	0
 991 0012 00       		.byte	0
 992 0013 02       		.uleb128 0x2
 993 0014 04       		.uleb128 0x4
 994 0015 01       		.byte	0x1
 995 0016 03       		.uleb128 0x3
 996 0017 0E       		.uleb128 0xe
 997 0018 0B       		.uleb128 0xb
ARM GAS  C:\Users\samue\AppData\Local\Temp\cc0osMLv.s 			page 21


 998 0019 0B       		.uleb128 0xb
 999 001a 49       		.uleb128 0x49
 1000 001b 13       		.uleb128 0x13
 1001 001c 3A       		.uleb128 0x3a
 1002 001d 0B       		.uleb128 0xb
 1003 001e 3B       		.uleb128 0x3b
 1004 001f 0B       		.uleb128 0xb
 1005 0020 01       		.uleb128 0x1
 1006 0021 13       		.uleb128 0x13
 1007 0022 00       		.byte	0
 1008 0023 00       		.byte	0
 1009 0024 03       		.uleb128 0x3
 1010 0025 28       		.uleb128 0x28
 1011 0026 00       		.byte	0
 1012 0027 03       		.uleb128 0x3
 1013 0028 0E       		.uleb128 0xe
 1014 0029 1C       		.uleb128 0x1c
 1015 002a 0D       		.uleb128 0xd
 1016 002b 00       		.byte	0
 1017 002c 00       		.byte	0
 1018 002d 04       		.uleb128 0x4
 1019 002e 28       		.uleb128 0x28
 1020 002f 00       		.byte	0
 1021 0030 03       		.uleb128 0x3
 1022 0031 0E       		.uleb128 0xe
 1023 0032 1C       		.uleb128 0x1c
 1024 0033 0B       		.uleb128 0xb
 1025 0034 00       		.byte	0
 1026 0035 00       		.byte	0
 1027 0036 05       		.uleb128 0x5
 1028 0037 24       		.uleb128 0x24
 1029 0038 00       		.byte	0
 1030 0039 0B       		.uleb128 0xb
 1031 003a 0B       		.uleb128 0xb
 1032 003b 3E       		.uleb128 0x3e
 1033 003c 0B       		.uleb128 0xb
 1034 003d 03       		.uleb128 0x3
 1035 003e 0E       		.uleb128 0xe
 1036 003f 00       		.byte	0
 1037 0040 00       		.byte	0
 1038 0041 06       		.uleb128 0x6
 1039 0042 13       		.uleb128 0x13
 1040 0043 01       		.byte	0x1
 1041 0044 0B       		.uleb128 0xb
 1042 0045 0B       		.uleb128 0xb
 1043 0046 3A       		.uleb128 0x3a
 1044 0047 0B       		.uleb128 0xb
 1045 0048 3B       		.uleb128 0x3b
 1046 0049 0B       		.uleb128 0xb
 1047 004a 01       		.uleb128 0x1
 1048 004b 13       		.uleb128 0x13
 1049 004c 00       		.byte	0
 1050 004d 00       		.byte	0
 1051 004e 07       		.uleb128 0x7
 1052 004f 0D       		.uleb128 0xd
 1053 0050 00       		.byte	0
 1054 0051 03       		.uleb128 0x3
ARM GAS  C:\Users\samue\AppData\Local\Temp\cc0osMLv.s 			page 22


 1055 0052 0E       		.uleb128 0xe
 1056 0053 3A       		.uleb128 0x3a
 1057 0054 0B       		.uleb128 0xb
 1058 0055 3B       		.uleb128 0x3b
 1059 0056 0B       		.uleb128 0xb
 1060 0057 49       		.uleb128 0x49
 1061 0058 13       		.uleb128 0x13
 1062 0059 0B       		.uleb128 0xb
 1063 005a 0B       		.uleb128 0xb
 1064 005b 0D       		.uleb128 0xd
 1065 005c 0B       		.uleb128 0xb
 1066 005d 0C       		.uleb128 0xc
 1067 005e 0B       		.uleb128 0xb
 1068 005f 38       		.uleb128 0x38
 1069 0060 0B       		.uleb128 0xb
 1070 0061 00       		.byte	0
 1071 0062 00       		.byte	0
 1072 0063 08       		.uleb128 0x8
 1073 0064 0D       		.uleb128 0xd
 1074 0065 00       		.byte	0
 1075 0066 03       		.uleb128 0x3
 1076 0067 08       		.uleb128 0x8
 1077 0068 3A       		.uleb128 0x3a
 1078 0069 0B       		.uleb128 0xb
 1079 006a 3B       		.uleb128 0x3b
 1080 006b 0B       		.uleb128 0xb
 1081 006c 49       		.uleb128 0x49
 1082 006d 13       		.uleb128 0x13
 1083 006e 0B       		.uleb128 0xb
 1084 006f 0B       		.uleb128 0xb
 1085 0070 0D       		.uleb128 0xd
 1086 0071 0B       		.uleb128 0xb
 1087 0072 0C       		.uleb128 0xc
 1088 0073 0B       		.uleb128 0xb
 1089 0074 38       		.uleb128 0x38
 1090 0075 0B       		.uleb128 0xb
 1091 0076 00       		.byte	0
 1092 0077 00       		.byte	0
 1093 0078 09       		.uleb128 0x9
 1094 0079 17       		.uleb128 0x17
 1095 007a 01       		.byte	0x1
 1096 007b 0B       		.uleb128 0xb
 1097 007c 0B       		.uleb128 0xb
 1098 007d 3A       		.uleb128 0x3a
 1099 007e 0B       		.uleb128 0xb
 1100 007f 3B       		.uleb128 0x3b
 1101 0080 0B       		.uleb128 0xb
 1102 0081 01       		.uleb128 0x1
 1103 0082 13       		.uleb128 0x13
 1104 0083 00       		.byte	0
 1105 0084 00       		.byte	0
 1106 0085 0A       		.uleb128 0xa
 1107 0086 0D       		.uleb128 0xd
 1108 0087 00       		.byte	0
 1109 0088 03       		.uleb128 0x3
 1110 0089 0E       		.uleb128 0xe
 1111 008a 3A       		.uleb128 0x3a
ARM GAS  C:\Users\samue\AppData\Local\Temp\cc0osMLv.s 			page 23


 1112 008b 0B       		.uleb128 0xb
 1113 008c 3B       		.uleb128 0x3b
 1114 008d 0B       		.uleb128 0xb
 1115 008e 49       		.uleb128 0x49
 1116 008f 13       		.uleb128 0x13
 1117 0090 00       		.byte	0
 1118 0091 00       		.byte	0
 1119 0092 0B       		.uleb128 0xb
 1120 0093 16       		.uleb128 0x16
 1121 0094 00       		.byte	0
 1122 0095 03       		.uleb128 0x3
 1123 0096 0E       		.uleb128 0xe
 1124 0097 3A       		.uleb128 0x3a
 1125 0098 0B       		.uleb128 0xb
 1126 0099 3B       		.uleb128 0x3b
 1127 009a 0B       		.uleb128 0xb
 1128 009b 49       		.uleb128 0x49
 1129 009c 13       		.uleb128 0x13
 1130 009d 00       		.byte	0
 1131 009e 00       		.byte	0
 1132 009f 0C       		.uleb128 0xc
 1133 00a0 0D       		.uleb128 0xd
 1134 00a1 00       		.byte	0
 1135 00a2 03       		.uleb128 0x3
 1136 00a3 08       		.uleb128 0x8
 1137 00a4 3A       		.uleb128 0x3a
 1138 00a5 0B       		.uleb128 0xb
 1139 00a6 3B       		.uleb128 0x3b
 1140 00a7 0B       		.uleb128 0xb
 1141 00a8 49       		.uleb128 0x49
 1142 00a9 13       		.uleb128 0x13
 1143 00aa 38       		.uleb128 0x38
 1144 00ab 0B       		.uleb128 0xb
 1145 00ac 00       		.byte	0
 1146 00ad 00       		.byte	0
 1147 00ae 0D       		.uleb128 0xd
 1148 00af 0D       		.uleb128 0xd
 1149 00b0 00       		.byte	0
 1150 00b1 03       		.uleb128 0x3
 1151 00b2 0E       		.uleb128 0xe
 1152 00b3 3A       		.uleb128 0x3a
 1153 00b4 0B       		.uleb128 0xb
 1154 00b5 3B       		.uleb128 0x3b
 1155 00b6 0B       		.uleb128 0xb
 1156 00b7 49       		.uleb128 0x49
 1157 00b8 13       		.uleb128 0x13
 1158 00b9 38       		.uleb128 0x38
 1159 00ba 0B       		.uleb128 0xb
 1160 00bb 00       		.byte	0
 1161 00bc 00       		.byte	0
 1162 00bd 0E       		.uleb128 0xe
 1163 00be 24       		.uleb128 0x24
 1164 00bf 00       		.byte	0
 1165 00c0 0B       		.uleb128 0xb
 1166 00c1 0B       		.uleb128 0xb
 1167 00c2 3E       		.uleb128 0x3e
 1168 00c3 0B       		.uleb128 0xb
ARM GAS  C:\Users\samue\AppData\Local\Temp\cc0osMLv.s 			page 24


 1169 00c4 03       		.uleb128 0x3
 1170 00c5 08       		.uleb128 0x8
 1171 00c6 00       		.byte	0
 1172 00c7 00       		.byte	0
 1173 00c8 0F       		.uleb128 0xf
 1174 00c9 0F       		.uleb128 0xf
 1175 00ca 00       		.byte	0
 1176 00cb 0B       		.uleb128 0xb
 1177 00cc 0B       		.uleb128 0xb
 1178 00cd 49       		.uleb128 0x49
 1179 00ce 13       		.uleb128 0x13
 1180 00cf 00       		.byte	0
 1181 00d0 00       		.byte	0
 1182 00d1 10       		.uleb128 0x10
 1183 00d2 2E       		.uleb128 0x2e
 1184 00d3 01       		.byte	0x1
 1185 00d4 3F       		.uleb128 0x3f
 1186 00d5 19       		.uleb128 0x19
 1187 00d6 03       		.uleb128 0x3
 1188 00d7 0E       		.uleb128 0xe
 1189 00d8 3A       		.uleb128 0x3a
 1190 00d9 0B       		.uleb128 0xb
 1191 00da 3B       		.uleb128 0x3b
 1192 00db 0B       		.uleb128 0xb
 1193 00dc 27       		.uleb128 0x27
 1194 00dd 19       		.uleb128 0x19
 1195 00de 49       		.uleb128 0x49
 1196 00df 13       		.uleb128 0x13
 1197 00e0 11       		.uleb128 0x11
 1198 00e1 01       		.uleb128 0x1
 1199 00e2 12       		.uleb128 0x12
 1200 00e3 06       		.uleb128 0x6
 1201 00e4 40       		.uleb128 0x40
 1202 00e5 18       		.uleb128 0x18
 1203 00e6 9742     		.uleb128 0x2117
 1204 00e8 19       		.uleb128 0x19
 1205 00e9 01       		.uleb128 0x1
 1206 00ea 13       		.uleb128 0x13
 1207 00eb 00       		.byte	0
 1208 00ec 00       		.byte	0
 1209 00ed 11       		.uleb128 0x11
 1210 00ee 05       		.uleb128 0x5
 1211 00ef 00       		.byte	0
 1212 00f0 03       		.uleb128 0x3
 1213 00f1 0E       		.uleb128 0xe
 1214 00f2 3A       		.uleb128 0x3a
 1215 00f3 0B       		.uleb128 0xb
 1216 00f4 3B       		.uleb128 0x3b
 1217 00f5 0B       		.uleb128 0xb
 1218 00f6 49       		.uleb128 0x49
 1219 00f7 13       		.uleb128 0x13
 1220 00f8 02       		.uleb128 0x2
 1221 00f9 17       		.uleb128 0x17
 1222 00fa 00       		.byte	0
 1223 00fb 00       		.byte	0
 1224 00fc 12       		.uleb128 0x12
 1225 00fd 34       		.uleb128 0x34
ARM GAS  C:\Users\samue\AppData\Local\Temp\cc0osMLv.s 			page 25


 1226 00fe 00       		.byte	0
 1227 00ff 03       		.uleb128 0x3
 1228 0100 08       		.uleb128 0x8
 1229 0101 3A       		.uleb128 0x3a
 1230 0102 0B       		.uleb128 0xb
 1231 0103 3B       		.uleb128 0x3b
 1232 0104 0B       		.uleb128 0xb
 1233 0105 49       		.uleb128 0x49
 1234 0106 13       		.uleb128 0x13
 1235 0107 02       		.uleb128 0x2
 1236 0108 17       		.uleb128 0x17
 1237 0109 00       		.byte	0
 1238 010a 00       		.byte	0
 1239 010b 13       		.uleb128 0x13
 1240 010c 898201   		.uleb128 0x4109
 1241 010f 00       		.byte	0
 1242 0110 11       		.uleb128 0x11
 1243 0111 01       		.uleb128 0x1
 1244 0112 31       		.uleb128 0x31
 1245 0113 13       		.uleb128 0x13
 1246 0114 00       		.byte	0
 1247 0115 00       		.byte	0
 1248 0116 14       		.uleb128 0x14
 1249 0117 05       		.uleb128 0x5
 1250 0118 00       		.byte	0
 1251 0119 03       		.uleb128 0x3
 1252 011a 08       		.uleb128 0x8
 1253 011b 3A       		.uleb128 0x3a
 1254 011c 0B       		.uleb128 0xb
 1255 011d 3B       		.uleb128 0x3b
 1256 011e 0B       		.uleb128 0xb
 1257 011f 49       		.uleb128 0x49
 1258 0120 13       		.uleb128 0x13
 1259 0121 02       		.uleb128 0x2
 1260 0122 17       		.uleb128 0x17
 1261 0123 00       		.byte	0
 1262 0124 00       		.byte	0
 1263 0125 15       		.uleb128 0x15
 1264 0126 05       		.uleb128 0x5
 1265 0127 00       		.byte	0
 1266 0128 03       		.uleb128 0x3
 1267 0129 0E       		.uleb128 0xe
 1268 012a 3A       		.uleb128 0x3a
 1269 012b 0B       		.uleb128 0xb
 1270 012c 3B       		.uleb128 0x3b
 1271 012d 0B       		.uleb128 0xb
 1272 012e 49       		.uleb128 0x49
 1273 012f 13       		.uleb128 0x13
 1274 0130 02       		.uleb128 0x2
 1275 0131 18       		.uleb128 0x18
 1276 0132 00       		.byte	0
 1277 0133 00       		.byte	0
 1278 0134 16       		.uleb128 0x16
 1279 0135 34       		.uleb128 0x34
 1280 0136 00       		.byte	0
 1281 0137 03       		.uleb128 0x3
 1282 0138 08       		.uleb128 0x8
ARM GAS  C:\Users\samue\AppData\Local\Temp\cc0osMLv.s 			page 26


 1283 0139 3A       		.uleb128 0x3a
 1284 013a 0B       		.uleb128 0xb
 1285 013b 3B       		.uleb128 0x3b
 1286 013c 0B       		.uleb128 0xb
 1287 013d 49       		.uleb128 0x49
 1288 013e 13       		.uleb128 0x13
 1289 013f 02       		.uleb128 0x2
 1290 0140 18       		.uleb128 0x18
 1291 0141 00       		.byte	0
 1292 0142 00       		.byte	0
 1293 0143 17       		.uleb128 0x17
 1294 0144 34       		.uleb128 0x34
 1295 0145 00       		.byte	0
 1296 0146 03       		.uleb128 0x3
 1297 0147 0E       		.uleb128 0xe
 1298 0148 3A       		.uleb128 0x3a
 1299 0149 0B       		.uleb128 0xb
 1300 014a 3B       		.uleb128 0x3b
 1301 014b 0B       		.uleb128 0xb
 1302 014c 49       		.uleb128 0x49
 1303 014d 13       		.uleb128 0x13
 1304 014e 02       		.uleb128 0x2
 1305 014f 17       		.uleb128 0x17
 1306 0150 00       		.byte	0
 1307 0151 00       		.byte	0
 1308 0152 18       		.uleb128 0x18
 1309 0153 0A       		.uleb128 0xa
 1310 0154 00       		.byte	0
 1311 0155 03       		.uleb128 0x3
 1312 0156 0E       		.uleb128 0xe
 1313 0157 3A       		.uleb128 0x3a
 1314 0158 0B       		.uleb128 0xb
 1315 0159 3B       		.uleb128 0x3b
 1316 015a 0B       		.uleb128 0xb
 1317 015b 11       		.uleb128 0x11
 1318 015c 01       		.uleb128 0x1
 1319 015d 00       		.byte	0
 1320 015e 00       		.byte	0
 1321 015f 19       		.uleb128 0x19
 1322 0160 898201   		.uleb128 0x4109
 1323 0163 01       		.byte	0x1
 1324 0164 11       		.uleb128 0x11
 1325 0165 01       		.uleb128 0x1
 1326 0166 31       		.uleb128 0x31
 1327 0167 13       		.uleb128 0x13
 1328 0168 01       		.uleb128 0x1
 1329 0169 13       		.uleb128 0x13
 1330 016a 00       		.byte	0
 1331 016b 00       		.byte	0
 1332 016c 1A       		.uleb128 0x1a
 1333 016d 8A8201   		.uleb128 0x410a
 1334 0170 00       		.byte	0
 1335 0171 02       		.uleb128 0x2
 1336 0172 18       		.uleb128 0x18
 1337 0173 9142     		.uleb128 0x2111
 1338 0175 18       		.uleb128 0x18
 1339 0176 00       		.byte	0
ARM GAS  C:\Users\samue\AppData\Local\Temp\cc0osMLv.s 			page 27


 1340 0177 00       		.byte	0
 1341 0178 1B       		.uleb128 0x1b
 1342 0179 898201   		.uleb128 0x4109
 1343 017c 01       		.byte	0x1
 1344 017d 11       		.uleb128 0x11
 1345 017e 01       		.uleb128 0x1
 1346 017f 31       		.uleb128 0x31
 1347 0180 13       		.uleb128 0x13
 1348 0181 00       		.byte	0
 1349 0182 00       		.byte	0
 1350 0183 1C       		.uleb128 0x1c
 1351 0184 05       		.uleb128 0x5
 1352 0185 00       		.byte	0
 1353 0186 03       		.uleb128 0x3
 1354 0187 08       		.uleb128 0x8
 1355 0188 3A       		.uleb128 0x3a
 1356 0189 0B       		.uleb128 0xb
 1357 018a 3B       		.uleb128 0x3b
 1358 018b 0B       		.uleb128 0xb
 1359 018c 49       		.uleb128 0x49
 1360 018d 13       		.uleb128 0x13
 1361 018e 02       		.uleb128 0x2
 1362 018f 18       		.uleb128 0x18
 1363 0190 00       		.byte	0
 1364 0191 00       		.byte	0
 1365 0192 1D       		.uleb128 0x1d
 1366 0193 34       		.uleb128 0x34
 1367 0194 00       		.byte	0
 1368 0195 03       		.uleb128 0x3
 1369 0196 0E       		.uleb128 0xe
 1370 0197 3A       		.uleb128 0x3a
 1371 0198 0B       		.uleb128 0xb
 1372 0199 3B       		.uleb128 0x3b
 1373 019a 0B       		.uleb128 0xb
 1374 019b 49       		.uleb128 0x49
 1375 019c 13       		.uleb128 0x13
 1376 019d 00       		.byte	0
 1377 019e 00       		.byte	0
 1378 019f 1E       		.uleb128 0x1e
 1379 01a0 34       		.uleb128 0x34
 1380 01a1 00       		.byte	0
 1381 01a2 03       		.uleb128 0x3
 1382 01a3 0E       		.uleb128 0xe
 1383 01a4 3A       		.uleb128 0x3a
 1384 01a5 0B       		.uleb128 0xb
 1385 01a6 3B       		.uleb128 0x3b
 1386 01a7 0B       		.uleb128 0xb
 1387 01a8 49       		.uleb128 0x49
 1388 01a9 13       		.uleb128 0x13
 1389 01aa 02       		.uleb128 0x2
 1390 01ab 18       		.uleb128 0x18
 1391 01ac 00       		.byte	0
 1392 01ad 00       		.byte	0
 1393 01ae 1F       		.uleb128 0x1f
 1394 01af 2E       		.uleb128 0x2e
 1395 01b0 00       		.byte	0
 1396 01b1 3F       		.uleb128 0x3f
ARM GAS  C:\Users\samue\AppData\Local\Temp\cc0osMLv.s 			page 28


 1397 01b2 19       		.uleb128 0x19
 1398 01b3 3C       		.uleb128 0x3c
 1399 01b4 19       		.uleb128 0x19
 1400 01b5 6E       		.uleb128 0x6e
 1401 01b6 0E       		.uleb128 0xe
 1402 01b7 03       		.uleb128 0x3
 1403 01b8 0E       		.uleb128 0xe
 1404 01b9 3A       		.uleb128 0x3a
 1405 01ba 0B       		.uleb128 0xb
 1406 01bb 3B       		.uleb128 0x3b
 1407 01bc 0B       		.uleb128 0xb
 1408 01bd 00       		.byte	0
 1409 01be 00       		.byte	0
 1410 01bf 00       		.byte	0
 1411              		.section	.debug_loc,"",%progbits
 1412              	.Ldebug_loc0:
 1413              	.LLST0:
 1414 0000 00000000 		.4byte	.LVL0
 1415 0004 0C000000 		.4byte	.LVL2
 1416 0008 0100     		.2byte	0x1
 1417 000a 50       		.byte	0x50
 1418 000b 0C000000 		.4byte	.LVL2
 1419 000f 2A000000 		.4byte	.LFE1
 1420 0013 0100     		.2byte	0x1
 1421 0015 56       		.byte	0x56
 1422 0016 00000000 		.4byte	0
 1423 001a 00000000 		.4byte	0
 1424              	.LLST1:
 1425 001e 00000000 		.4byte	.LVL0
 1426 0022 0C000000 		.4byte	.LVL2
 1427 0026 0100     		.2byte	0x1
 1428 0028 51       		.byte	0x51
 1429 0029 0C000000 		.4byte	.LVL2
 1430 002d 2A000000 		.4byte	.LFE1
 1431 0031 0100     		.2byte	0x1
 1432 0033 57       		.byte	0x57
 1433 0034 00000000 		.4byte	0
 1434 0038 00000000 		.4byte	0
 1435              	.LLST2:
 1436 003c 06000000 		.4byte	.LVL1
 1437 0040 0C000000 		.4byte	.LVL2
 1438 0044 0200     		.2byte	0x2
 1439 0046 30       		.byte	0x30
 1440 0047 9F       		.byte	0x9f
 1441 0048 0C000000 		.4byte	.LVL2
 1442 004c 2A000000 		.4byte	.LFE1
 1443 0050 0100     		.2byte	0x1
 1444 0052 54       		.byte	0x54
 1445 0053 00000000 		.4byte	0
 1446 0057 00000000 		.4byte	0
 1447              	.LLST3:
 1448 005b 06000000 		.4byte	.LVL1
 1449 005f 0C000000 		.4byte	.LVL2
 1450 0063 0200     		.2byte	0x2
 1451 0065 32       		.byte	0x32
 1452 0066 9F       		.byte	0x9f
 1453 0067 0C000000 		.4byte	.LVL2
ARM GAS  C:\Users\samue\AppData\Local\Temp\cc0osMLv.s 			page 29


 1454 006b 2A000000 		.4byte	.LFE1
 1455 006f 0100     		.2byte	0x1
 1456 0071 55       		.byte	0x55
 1457 0072 00000000 		.4byte	0
 1458 0076 00000000 		.4byte	0
 1459              	.LLST4:
 1460 007a 00000000 		.4byte	.LVL6
 1461 007e 1A000000 		.4byte	.LVL9
 1462 0082 0100     		.2byte	0x1
 1463 0084 50       		.byte	0x50
 1464 0085 1A000000 		.4byte	.LVL9
 1465 0089 8E000000 		.4byte	.LFE2
 1466 008d 0100     		.2byte	0x1
 1467 008f 58       		.byte	0x58
 1468 0090 00000000 		.4byte	0
 1469 0094 00000000 		.4byte	0
 1470              	.LLST5:
 1471 0098 00000000 		.4byte	.LVL6
 1472 009c 18000000 		.4byte	.LVL8
 1473 00a0 0100     		.2byte	0x1
 1474 00a2 51       		.byte	0x51
 1475 00a3 18000000 		.4byte	.LVL8
 1476 00a7 8E000000 		.4byte	.LFE2
 1477 00ab 0100     		.2byte	0x1
 1478 00ad 59       		.byte	0x59
 1479 00ae 00000000 		.4byte	0
 1480 00b2 00000000 		.4byte	0
 1481              	.LLST6:
 1482 00b6 00000000 		.4byte	.LVL6
 1483 00ba 1D000000 		.4byte	.LVL10-1
 1484 00be 0100     		.2byte	0x1
 1485 00c0 52       		.byte	0x52
 1486 00c1 1D000000 		.4byte	.LVL10-1
 1487 00c5 8E000000 		.4byte	.LFE2
 1488 00c9 0400     		.2byte	0x4
 1489 00cb F3       		.byte	0xf3
 1490 00cc 01       		.uleb128 0x1
 1491 00cd 52       		.byte	0x52
 1492 00ce 9F       		.byte	0x9f
 1493 00cf 00000000 		.4byte	0
 1494 00d3 00000000 		.4byte	0
 1495              	.LLST7:
 1496 00d7 00000000 		.4byte	.LVL6
 1497 00db 1D000000 		.4byte	.LVL10-1
 1498 00df 0100     		.2byte	0x1
 1499 00e1 53       		.byte	0x53
 1500 00e2 1D000000 		.4byte	.LVL10-1
 1501 00e6 8E000000 		.4byte	.LFE2
 1502 00ea 0400     		.2byte	0x4
 1503 00ec F3       		.byte	0xf3
 1504 00ed 01       		.uleb128 0x1
 1505 00ee 53       		.byte	0x53
 1506 00ef 9F       		.byte	0x9f
 1507 00f0 00000000 		.4byte	0
 1508 00f4 00000000 		.4byte	0
 1509              	.LLST8:
 1510 00f8 30000000 		.4byte	.LVL14
ARM GAS  C:\Users\samue\AppData\Local\Temp\cc0osMLv.s 			page 30


 1511 00fc 5A000000 		.4byte	.LVL18
 1512 0100 0100     		.2byte	0x1
 1513 0102 57       		.byte	0x57
 1514 0103 00000000 		.4byte	0
 1515 0107 00000000 		.4byte	0
 1516              	.LLST9:
 1517 010b 16000000 		.4byte	.LVL7
 1518 010f 20000000 		.4byte	.LVL11
 1519 0113 0200     		.2byte	0x2
 1520 0115 30       		.byte	0x30
 1521 0116 9F       		.byte	0x9f
 1522 0117 20000000 		.4byte	.LVL11
 1523 011b 23000000 		.4byte	.LVL12-1
 1524 011f 0100     		.2byte	0x1
 1525 0121 50       		.byte	0x50
 1526 0122 23000000 		.4byte	.LVL12-1
 1527 0126 8E000000 		.4byte	.LFE2
 1528 012a 0100     		.2byte	0x1
 1529 012c 5A       		.byte	0x5a
 1530 012d 00000000 		.4byte	0
 1531 0131 00000000 		.4byte	0
 1532              	.LLST10:
 1533 0135 16000000 		.4byte	.LVL7
 1534 0139 82000000 		.4byte	.LVL23
 1535 013d 0200     		.2byte	0x2
 1536 013f 30       		.byte	0x30
 1537 0140 9F       		.byte	0x9f
 1538 0141 82000000 		.4byte	.LVL23
 1539 0145 84000000 		.4byte	.LVL24
 1540 0149 0100     		.2byte	0x1
 1541 014b 50       		.byte	0x50
 1542 014c 84000000 		.4byte	.LVL24
 1543 0150 88000000 		.4byte	.LVL25
 1544 0154 0200     		.2byte	0x2
 1545 0156 30       		.byte	0x30
 1546 0157 9F       		.byte	0x9f
 1547 0158 88000000 		.4byte	.LVL25
 1548 015c 8E000000 		.4byte	.LFE2
 1549 0160 0100     		.2byte	0x1
 1550 0162 50       		.byte	0x50
 1551 0163 00000000 		.4byte	0
 1552 0167 00000000 		.4byte	0
 1553              	.LLST11:
 1554 016b 16000000 		.4byte	.LVL7
 1555 016f 5C000000 		.4byte	.LVL19
 1556 0173 0200     		.2byte	0x2
 1557 0175 30       		.byte	0x30
 1558 0176 9F       		.byte	0x9f
 1559 0177 5C000000 		.4byte	.LVL19
 1560 017b 84000000 		.4byte	.LVL24
 1561 017f 0100     		.2byte	0x1
 1562 0181 57       		.byte	0x57
 1563 0182 84000000 		.4byte	.LVL24
 1564 0186 88000000 		.4byte	.LVL25
 1565 018a 0200     		.2byte	0x2
 1566 018c 30       		.byte	0x30
 1567 018d 9F       		.byte	0x9f
ARM GAS  C:\Users\samue\AppData\Local\Temp\cc0osMLv.s 			page 31


 1568 018e 00000000 		.4byte	0
 1569 0192 00000000 		.4byte	0
 1570              	.LLST12:
 1571 0196 00000000 		.4byte	.LVL26
 1572 019a 10000000 		.4byte	.LVL27
 1573 019e 0100     		.2byte	0x1
 1574 01a0 50       		.byte	0x50
 1575 01a1 10000000 		.4byte	.LVL27
 1576 01a5 46000000 		.4byte	.LVL35
 1577 01a9 0100     		.2byte	0x1
 1578 01ab 54       		.byte	0x54
 1579 01ac 46000000 		.4byte	.LVL35
 1580 01b0 64000000 		.4byte	.LVL37
 1581 01b4 0400     		.2byte	0x4
 1582 01b6 F3       		.byte	0xf3
 1583 01b7 01       		.uleb128 0x1
 1584 01b8 50       		.byte	0x50
 1585 01b9 9F       		.byte	0x9f
 1586 01ba 64000000 		.4byte	.LVL37
 1587 01be 68000000 		.4byte	.LVL38
 1588 01c2 0100     		.2byte	0x1
 1589 01c4 54       		.byte	0x54
 1590 01c5 68000000 		.4byte	.LVL38
 1591 01c9 72000000 		.4byte	.LFE3
 1592 01cd 0400     		.2byte	0x4
 1593 01cf F3       		.byte	0xf3
 1594 01d0 01       		.uleb128 0x1
 1595 01d1 50       		.byte	0x50
 1596 01d2 9F       		.byte	0x9f
 1597 01d3 00000000 		.4byte	0
 1598 01d7 00000000 		.4byte	0
 1599              	.LLST13:
 1600 01db 00000000 		.4byte	.LVL26
 1601 01df 19000000 		.4byte	.LVL30-1
 1602 01e3 0100     		.2byte	0x1
 1603 01e5 51       		.byte	0x51
 1604 01e6 19000000 		.4byte	.LVL30-1
 1605 01ea 72000000 		.4byte	.LFE3
 1606 01ee 0100     		.2byte	0x1
 1607 01f0 57       		.byte	0x57
 1608 01f1 00000000 		.4byte	0
 1609 01f5 00000000 		.4byte	0
 1610              	.LLST14:
 1611 01f9 00000000 		.4byte	.LVL26
 1612 01fd 19000000 		.4byte	.LVL30-1
 1613 0201 0100     		.2byte	0x1
 1614 0203 52       		.byte	0x52
 1615 0204 19000000 		.4byte	.LVL30-1
 1616 0208 72000000 		.4byte	.LFE3
 1617 020c 0100     		.2byte	0x1
 1618 020e 55       		.byte	0x55
 1619 020f 00000000 		.4byte	0
 1620 0213 00000000 		.4byte	0
 1621              	.LLST15:
 1622 0217 00000000 		.4byte	.LVL26
 1623 021b 12000000 		.4byte	.LVL28
 1624 021f 0100     		.2byte	0x1
ARM GAS  C:\Users\samue\AppData\Local\Temp\cc0osMLv.s 			page 32


 1625 0221 53       		.byte	0x53
 1626 0222 12000000 		.4byte	.LVL28
 1627 0226 72000000 		.4byte	.LFE3
 1628 022a 0100     		.2byte	0x1
 1629 022c 58       		.byte	0x58
 1630 022d 00000000 		.4byte	0
 1631 0231 00000000 		.4byte	0
 1632              	.LLST16:
 1633 0235 16000000 		.4byte	.LVL29
 1634 0239 34000000 		.4byte	.LVL32
 1635 023d 0200     		.2byte	0x2
 1636 023f 30       		.byte	0x30
 1637 0240 9F       		.byte	0x9f
 1638 0241 34000000 		.4byte	.LVL32
 1639 0245 64000000 		.4byte	.LVL37
 1640 0249 0100     		.2byte	0x1
 1641 024b 56       		.byte	0x56
 1642 024c 64000000 		.4byte	.LVL37
 1643 0250 68000000 		.4byte	.LVL38
 1644 0254 0200     		.2byte	0x2
 1645 0256 30       		.byte	0x30
 1646 0257 9F       		.byte	0x9f
 1647 0258 68000000 		.4byte	.LVL38
 1648 025c 6C000000 		.4byte	.LVL39
 1649 0260 0100     		.2byte	0x1
 1650 0262 56       		.byte	0x56
 1651 0263 00000000 		.4byte	0
 1652 0267 00000000 		.4byte	0
 1653              	.LLST17:
 1654 026b 16000000 		.4byte	.LVL29
 1655 026f 2A000000 		.4byte	.LVL31
 1656 0273 0200     		.2byte	0x2
 1657 0275 30       		.byte	0x30
 1658 0276 9F       		.byte	0x9f
 1659 0277 2A000000 		.4byte	.LVL31
 1660 027b 3A000000 		.4byte	.LVL33
 1661 027f 0100     		.2byte	0x1
 1662 0281 50       		.byte	0x50
 1663 0282 64000000 		.4byte	.LVL37
 1664 0286 68000000 		.4byte	.LVL38
 1665 028a 0200     		.2byte	0x2
 1666 028c 30       		.byte	0x30
 1667 028d 9F       		.byte	0x9f
 1668 028e 6C000000 		.4byte	.LVL39
 1669 0292 72000000 		.4byte	.LFE3
 1670 0296 0100     		.2byte	0x1
 1671 0298 50       		.byte	0x50
 1672 0299 00000000 		.4byte	0
 1673 029d 00000000 		.4byte	0
 1674              		.section	.debug_aranges,"",%progbits
 1675 0000 2C000000 		.4byte	0x2c
 1676 0004 0200     		.2byte	0x2
 1677 0006 00000000 		.4byte	.Ldebug_info0
 1678 000a 04       		.byte	0x4
 1679 000b 00       		.byte	0
 1680 000c 0000     		.2byte	0
 1681 000e 0000     		.2byte	0
ARM GAS  C:\Users\samue\AppData\Local\Temp\cc0osMLv.s 			page 33


 1682 0010 00000000 		.4byte	.LFB1
 1683 0014 2A000000 		.4byte	.LFE1-.LFB1
 1684 0018 00000000 		.4byte	.LFB2
 1685 001c 8E000000 		.4byte	.LFE2-.LFB2
 1686 0020 00000000 		.4byte	.LFB3
 1687 0024 72000000 		.4byte	.LFE3-.LFB3
 1688 0028 00000000 		.4byte	0
 1689 002c 00000000 		.4byte	0
 1690              		.section	.debug_ranges,"",%progbits
 1691              	.Ldebug_ranges0:
 1692 0000 00000000 		.4byte	.LFB1
 1693 0004 2A000000 		.4byte	.LFE1
 1694 0008 00000000 		.4byte	.LFB2
 1695 000c 8E000000 		.4byte	.LFE2
 1696 0010 00000000 		.4byte	.LFB3
 1697 0014 72000000 		.4byte	.LFE3
 1698 0018 00000000 		.4byte	0
 1699 001c 00000000 		.4byte	0
 1700              		.section	.debug_line,"",%progbits
 1701              	.Ldebug_line0:
 1702 0000 EB000000 		.section	.debug_str,"MS",%progbits,1
 1702      02006300 
 1702      00000201 
 1702      FB0E0D00 
 1702      01010101 
 1703              	.LASF0:
 1704 0000 4D515454 		.ascii	"MQTTPACKET_BUFFER_TOO_SHORT\000"
 1704      5041434B 
 1704      45545F42 
 1704      55464645 
 1704      525F544F 
 1705              	.LASF41:
 1706 001c 636F756E 		.ascii	"count\000"
 1706      7400
 1707              	.LASF47:
 1708 0022 72657175 		.ascii	"requestedQoSs\000"
 1708      65737465 
 1708      64516F53 
 1708      7300
 1709              	.LASF58:
 1710 0030 4D515454 		.ascii	"MQTTPacket_len\000"
 1710      5061636B 
 1710      65745F6C 
 1710      656E00
 1711              	.LASF65:
 1712 003f 72656164 		.ascii	"readInt\000"
 1712      496E7400 
 1713              	.LASF22:
 1714 0047 74797065 		.ascii	"type\000"
 1714      00
 1715              	.LASF15:
 1716 004c 554E5355 		.ascii	"UNSUBACK\000"
 1716      4241434B 
 1716      00
 1717              	.LASF21:
 1718 0055 72657461 		.ascii	"retain\000"
 1718      696E00
ARM GAS  C:\Users\samue\AppData\Local\Temp\cc0osMLv.s 			page 34


 1719              	.LASF31:
 1720 005c 6C656E73 		.ascii	"lenstring\000"
 1720      7472696E 
 1720      6700
 1721              	.LASF39:
 1722 0066 6C6F6E67 		.ascii	"long long unsigned int\000"
 1722      206C6F6E 
 1722      6720756E 
 1722      7369676E 
 1722      65642069 
 1723              	.LASF51:
 1724 007d 6D617863 		.ascii	"maxcount\000"
 1724      6F756E74 
 1724      00
 1725              	.LASF1:
 1726 0086 4D515454 		.ascii	"MQTTPACKET_READ_ERROR\000"
 1726      5041434B 
 1726      45545F52 
 1726      4541445F 
 1726      4552524F 
 1727              	.LASF38:
 1728 009c 6C6F6E67 		.ascii	"long long int\000"
 1728      206C6F6E 
 1728      6720696E 
 1728      7400
 1729              	.LASF19:
 1730 00aa 7369676E 		.ascii	"signed char\000"
 1730      65642063 
 1730      68617200 
 1731              	.LASF61:
 1732 00b6 77726974 		.ascii	"writeInt\000"
 1732      65496E74 
 1732      00
 1733              	.LASF25:
 1734 00bf 62697473 		.ascii	"bits\000"
 1734      00
 1735              	.LASF36:
 1736 00c4 6C6F6E67 		.ascii	"long int\000"
 1736      20696E74 
 1736      00
 1737              	.LASF14:
 1738 00cd 554E5355 		.ascii	"UNSUBSCRIBE\000"
 1738      42534352 
 1738      49424500 
 1739              	.LASF24:
 1740 00d9 62797465 		.ascii	"byte\000"
 1740      00
 1741              	.LASF60:
 1742 00de 4D515454 		.ascii	"MQTTPacket_encode\000"
 1742      5061636B 
 1742      65745F65 
 1742      6E636F64 
 1742      6500
 1743              	.LASF4:
 1744 00f0 6D736754 		.ascii	"msgTypes\000"
 1744      79706573 
 1744      00
ARM GAS  C:\Users\samue\AppData\Local\Temp\cc0osMLv.s 			page 35


 1745              	.LASF23:
 1746 00f9 756E7369 		.ascii	"unsigned int\000"
 1746      676E6564 
 1746      20696E74 
 1746      00
 1747              	.LASF6:
 1748 0106 434F4E4E 		.ascii	"CONNACK\000"
 1748      41434B00 
 1749              	.LASF3:
 1750 010e 6572726F 		.ascii	"errors\000"
 1750      727300
 1751              	.LASF37:
 1752 0115 6C6F6E67 		.ascii	"long unsigned int\000"
 1752      20756E73 
 1752      69676E65 
 1752      6420696E 
 1752      7400
 1753              	.LASF54:
 1754 0127 656E6464 		.ascii	"enddata\000"
 1754      61746100 
 1755              	.LASF49:
 1756 012f 72656D5F 		.ascii	"rem_len\000"
 1756      6C656E00 
 1757              	.LASF26:
 1758 0137 64617461 		.ascii	"data\000"
 1758      00
 1759              	.LASF34:
 1760 013c 73686F72 		.ascii	"short unsigned int\000"
 1760      7420756E 
 1760      7369676E 
 1760      65642069 
 1760      6E7400
 1761              	.LASF67:
 1762 014f 2E2E5C70 		.ascii	"..\\paho.mqtt.embedded-c\\MQTTPacket\\src\\MQTTSubs"
 1762      61686F2E 
 1762      6D717474 
 1762      2E656D62 
 1762      65646465 
 1763 017e 63726962 		.ascii	"cribeClient.c\000"
 1763      65436C69 
 1763      656E742E 
 1763      6300
 1764              	.LASF2:
 1765 018c 4D515454 		.ascii	"MQTTPACKET_READ_COMPLETE\000"
 1765      5041434B 
 1765      45545F52 
 1765      4541445F 
 1765      434F4D50 
 1766              	.LASF13:
 1767 01a5 53554241 		.ascii	"SUBACK\000"
 1767      434B00
 1768              	.LASF32:
 1769 01ac 4D515454 		.ascii	"MQTTString\000"
 1769      53747269 
 1769      6E6700
 1770              	.LASF52:
 1771 01b7 6772616E 		.ascii	"grantedQoSs\000"
ARM GAS  C:\Users\samue\AppData\Local\Temp\cc0osMLv.s 			page 36


 1771      74656451 
 1771      6F537300 
 1772              	.LASF46:
 1773 01c3 7061636B 		.ascii	"packetid\000"
 1773      65746964 
 1773      00
 1774              	.LASF44:
 1775 01cc 4D515454 		.ascii	"MQTTSerialize_subscribe\000"
 1775      53657269 
 1775      616C697A 
 1775      655F7375 
 1775      62736372 
 1776              	.LASF63:
 1777 01e4 72656164 		.ascii	"readChar\000"
 1777      43686172 
 1777      00
 1778              	.LASF33:
 1779 01ed 73697A65 		.ascii	"sizetype\000"
 1779      74797065 
 1779      00
 1780              	.LASF62:
 1781 01f6 77726974 		.ascii	"writeMQTTString\000"
 1781      654D5154 
 1781      54537472 
 1781      696E6700 
 1782              	.LASF40:
 1783 0206 6C6F6E67 		.ascii	"long double\000"
 1783      20646F75 
 1783      626C6500 
 1784              	.LASF42:
 1785 0212 746F7069 		.ascii	"topicFilters\000"
 1785      6346696C 
 1785      74657273 
 1785      00
 1786              	.LASF30:
 1787 021f 63737472 		.ascii	"cstring\000"
 1787      696E6700 
 1788              	.LASF18:
 1789 0227 44495343 		.ascii	"DISCONNECT\000"
 1789      4F4E4E45 
 1789      435400
 1790              	.LASF64:
 1791 0232 4D515454 		.ascii	"MQTTPacket_decodeBuf\000"
 1791      5061636B 
 1791      65745F64 
 1791      65636F64 
 1791      65427566 
 1792              	.LASF43:
 1793 0247 4D515454 		.ascii	"MQTTSerialize_subscribeLength\000"
 1793      53657269 
 1793      616C697A 
 1793      655F7375 
 1793      62736372 
 1794              	.LASF50:
 1795 0265 4D515454 		.ascii	"MQTTDeserialize_suback\000"
 1795      44657365 
 1795      7269616C 
ARM GAS  C:\Users\samue\AppData\Local\Temp\cc0osMLv.s 			page 37


 1795      697A655F 
 1795      73756261 
 1796              	.LASF55:
 1797 027c 6D796C65 		.ascii	"mylen\000"
 1797      6E00
 1798              	.LASF68:
 1799 0282 433A5C55 		.ascii	"C:\\Users\\samue\\Desktop\\RobotRage2\\Zumo\\ZumoBo"
 1799      73657273 
 1799      5C73616D 
 1799      75655C44 
 1799      65736B74 
 1800 02af 742E6379 		.ascii	"t.cydsn\000"
 1800      64736E00 
 1801              	.LASF17:
 1802 02b7 50494E47 		.ascii	"PINGRESP\000"
 1802      52455350 
 1802      00
 1803              	.LASF5:
 1804 02c0 434F4E4E 		.ascii	"CONNECT\000"
 1804      45435400 
 1805              	.LASF20:
 1806 02c8 756E7369 		.ascii	"unsigned char\000"
 1806      676E6564 
 1806      20636861 
 1806      7200
 1807              	.LASF57:
 1808 02d6 4D515454 		.ascii	"MQTTstrlen\000"
 1808      7374726C 
 1808      656E00
 1809              	.LASF35:
 1810 02e1 73686F72 		.ascii	"short int\000"
 1810      7420696E 
 1810      7400
 1811              	.LASF7:
 1812 02eb 5055424C 		.ascii	"PUBLISH\000"
 1812      49534800 
 1813              	.LASF66:
 1814 02f3 474E5520 		.ascii	"GNU C11 5.4.1 20160609 (release) [ARM/embedded-5-br"
 1814      43313120 
 1814      352E342E 
 1814      31203230 
 1814      31363036 
 1815 0326 616E6368 		.ascii	"anch revision 237715] -mcpu=cortex-m3 -mthumb -g -O"
 1815      20726576 
 1815      6973696F 
 1815      6E203233 
 1815      37373135 
 1816 0359 67202D66 		.ascii	"g -ffunction-sections -ffat-lto-objects\000"
 1816      66756E63 
 1816      74696F6E 
 1816      2D736563 
 1816      74696F6E 
 1817              	.LASF45:
 1818 0381 6275666C 		.ascii	"buflen\000"
 1818      656E00
 1819              	.LASF56:
 1820 0388 65786974 		.ascii	"exit\000"
ARM GAS  C:\Users\samue\AppData\Local\Temp\cc0osMLv.s 			page 38


 1820      00
 1821              	.LASF28:
 1822 038d 4D515454 		.ascii	"MQTTHeader\000"
 1822      48656164 
 1822      657200
 1823              	.LASF29:
 1824 0398 4D515454 		.ascii	"MQTTLenString\000"
 1824      4C656E53 
 1824      7472696E 
 1824      6700
 1825              	.LASF12:
 1826 03a6 53554253 		.ascii	"SUBSCRIBE\000"
 1826      43524942 
 1826      4500
 1827              	.LASF27:
 1828 03b0 63686172 		.ascii	"char\000"
 1828      00
 1829              	.LASF8:
 1830 03b5 50554241 		.ascii	"PUBACK\000"
 1830      434B00
 1831              	.LASF11:
 1832 03bc 50554243 		.ascii	"PUBCOMP\000"
 1832      4F4D5000 
 1833              	.LASF59:
 1834 03c4 77726974 		.ascii	"writeChar\000"
 1834      65436861 
 1834      7200
 1835              	.LASF9:
 1836 03ce 50554252 		.ascii	"PUBREC\000"
 1836      454300
 1837              	.LASF10:
 1838 03d5 50554252 		.ascii	"PUBREL\000"
 1838      454C00
 1839              	.LASF16:
 1840 03dc 50494E47 		.ascii	"PINGREQ\000"
 1840      52455100 
 1841              	.LASF53:
 1842 03e4 63757264 		.ascii	"curdata\000"
 1842      61746100 
 1843              	.LASF48:
 1844 03ec 68656164 		.ascii	"header\000"
 1844      657200
 1845              		.ident	"GCC: (GNU Tools for ARM Embedded Processors) 5.4.1 20160609 (release) [ARM/embedded-5-bran
