ARM GAS  C:\Users\samue\AppData\Local\Temp\ccE7tJzb.s 			page 1


   1              		.syntax unified
   2              		.cpu cortex-m3
   3              		.fpu softvfp
   4              		.eabi_attribute 20, 1
   5              		.eabi_attribute 21, 1
   6              		.eabi_attribute 23, 3
   7              		.eabi_attribute 24, 1
   8              		.eabi_attribute 25, 1
   9              		.eabi_attribute 26, 1
  10              		.eabi_attribute 30, 1
  11              		.eabi_attribute 34, 1
  12              		.eabi_attribute 18, 4
  13              		.thumb
  14              		.syntax unified
  15              		.file	"MQTTUnsubscribeServer.c"
  16              		.text
  17              	.Ltext0:
  18              		.cfi_sections	.debug_frame
  19              		.section	.text.MQTTDeserialize_unsubscribe,"ax",%progbits
  20              		.align	2
  21              		.global	MQTTDeserialize_unsubscribe
  22              		.thumb
  23              		.thumb_func
  24              		.type	MQTTDeserialize_unsubscribe, %function
  25              	MQTTDeserialize_unsubscribe:
  26              	.LFB1:
  27              		.file 1 "..\\paho.mqtt.embedded-c\\MQTTPacket\\src\\MQTTUnsubscribeServer.c"
   1:..\paho.mqtt.embedded-c\MQTTPacket\src/MQTTUnsubscribeServer.c **** /*******************************************************************************
   2:..\paho.mqtt.embedded-c\MQTTPacket\src/MQTTUnsubscribeServer.c ****  * Copyright (c) 2014 IBM Corp.
   3:..\paho.mqtt.embedded-c\MQTTPacket\src/MQTTUnsubscribeServer.c ****  *
   4:..\paho.mqtt.embedded-c\MQTTPacket\src/MQTTUnsubscribeServer.c ****  * All rights reserved. This program and the accompanying materials
   5:..\paho.mqtt.embedded-c\MQTTPacket\src/MQTTUnsubscribeServer.c ****  * are made available under the terms of the Eclipse Public License v1.0
   6:..\paho.mqtt.embedded-c\MQTTPacket\src/MQTTUnsubscribeServer.c ****  * and Eclipse Distribution License v1.0 which accompany this distribution.
   7:..\paho.mqtt.embedded-c\MQTTPacket\src/MQTTUnsubscribeServer.c ****  *
   8:..\paho.mqtt.embedded-c\MQTTPacket\src/MQTTUnsubscribeServer.c ****  * The Eclipse Public License is available at
   9:..\paho.mqtt.embedded-c\MQTTPacket\src/MQTTUnsubscribeServer.c ****  *    http://www.eclipse.org/legal/epl-v10.html
  10:..\paho.mqtt.embedded-c\MQTTPacket\src/MQTTUnsubscribeServer.c ****  * and the Eclipse Distribution License is available at
  11:..\paho.mqtt.embedded-c\MQTTPacket\src/MQTTUnsubscribeServer.c ****  *   http://www.eclipse.org/org/documents/edl-v10.php.
  12:..\paho.mqtt.embedded-c\MQTTPacket\src/MQTTUnsubscribeServer.c ****  *
  13:..\paho.mqtt.embedded-c\MQTTPacket\src/MQTTUnsubscribeServer.c ****  * Contributors:
  14:..\paho.mqtt.embedded-c\MQTTPacket\src/MQTTUnsubscribeServer.c ****  *    Ian Craggs - initial API and implementation and/or initial documentation
  15:..\paho.mqtt.embedded-c\MQTTPacket\src/MQTTUnsubscribeServer.c ****  *******************************************************************************/
  16:..\paho.mqtt.embedded-c\MQTTPacket\src/MQTTUnsubscribeServer.c **** 
  17:..\paho.mqtt.embedded-c\MQTTPacket\src/MQTTUnsubscribeServer.c **** #include "MQTTPacket.h"
  18:..\paho.mqtt.embedded-c\MQTTPacket\src/MQTTUnsubscribeServer.c **** #include "StackTrace.h"
  19:..\paho.mqtt.embedded-c\MQTTPacket\src/MQTTUnsubscribeServer.c **** 
  20:..\paho.mqtt.embedded-c\MQTTPacket\src/MQTTUnsubscribeServer.c **** #include <string.h>
  21:..\paho.mqtt.embedded-c\MQTTPacket\src/MQTTUnsubscribeServer.c **** 
  22:..\paho.mqtt.embedded-c\MQTTPacket\src/MQTTUnsubscribeServer.c **** 
  23:..\paho.mqtt.embedded-c\MQTTPacket\src/MQTTUnsubscribeServer.c **** /**
  24:..\paho.mqtt.embedded-c\MQTTPacket\src/MQTTUnsubscribeServer.c ****   * Deserializes the supplied (wire) buffer into unsubscribe data
  25:..\paho.mqtt.embedded-c\MQTTPacket\src/MQTTUnsubscribeServer.c ****   * @param dup integer returned - the MQTT dup flag
  26:..\paho.mqtt.embedded-c\MQTTPacket\src/MQTTUnsubscribeServer.c ****   * @param packetid integer returned - the MQTT packet identifier
  27:..\paho.mqtt.embedded-c\MQTTPacket\src/MQTTUnsubscribeServer.c ****   * @param maxcount - the maximum number of members allowed in the topicFilters and requestedQoSs a
  28:..\paho.mqtt.embedded-c\MQTTPacket\src/MQTTUnsubscribeServer.c ****   * @param count - number of members in the topicFilters and requestedQoSs arrays
  29:..\paho.mqtt.embedded-c\MQTTPacket\src/MQTTUnsubscribeServer.c ****   * @param topicFilters - array of topic filter names
  30:..\paho.mqtt.embedded-c\MQTTPacket\src/MQTTUnsubscribeServer.c ****   * @param buf the raw buffer data, of the correct length determined by the remaining length field
ARM GAS  C:\Users\samue\AppData\Local\Temp\ccE7tJzb.s 			page 2


  31:..\paho.mqtt.embedded-c\MQTTPacket\src/MQTTUnsubscribeServer.c ****   * @param buflen the length in bytes of the data in the supplied buffer
  32:..\paho.mqtt.embedded-c\MQTTPacket\src/MQTTUnsubscribeServer.c ****   * @return the length of the serialized data.  <= 0 indicates error
  33:..\paho.mqtt.embedded-c\MQTTPacket\src/MQTTUnsubscribeServer.c ****   */
  34:..\paho.mqtt.embedded-c\MQTTPacket\src/MQTTUnsubscribeServer.c **** int MQTTDeserialize_unsubscribe(unsigned char* dup, unsigned short* packetid, int maxcount, int* co
  35:..\paho.mqtt.embedded-c\MQTTPacket\src/MQTTUnsubscribeServer.c **** 		unsigned char* buf, int len)
  36:..\paho.mqtt.embedded-c\MQTTPacket\src/MQTTUnsubscribeServer.c **** {
  28              		.loc 1 36 0
  29              		.cfi_startproc
  30              		@ args = 12, pretend = 0, frame = 8
  31              		@ frame_needed = 0, uses_anonymous_args = 0
  32              	.LVL0:
  33 0000 2DE9F041 		push	{r4, r5, r6, r7, r8, lr}
  34              		.cfi_def_cfa_offset 24
  35              		.cfi_offset 4, -24
  36              		.cfi_offset 5, -20
  37              		.cfi_offset 6, -16
  38              		.cfi_offset 7, -12
  39              		.cfi_offset 8, -8
  40              		.cfi_offset 14, -4
  41 0004 82B0     		sub	sp, sp, #8
  42              		.cfi_def_cfa_offset 32
  43 0006 0546     		mov	r5, r0
  44 0008 8846     		mov	r8, r1
  45 000a 1C46     		mov	r4, r3
  46 000c 089E     		ldr	r6, [sp, #32]
  37:..\paho.mqtt.embedded-c\MQTTPacket\src/MQTTUnsubscribeServer.c **** 	MQTTHeader header = {0};
  38:..\paho.mqtt.embedded-c\MQTTPacket\src/MQTTUnsubscribeServer.c **** 	unsigned char* curdata = buf;
  47              		.loc 1 38 0
  48 000e 099B     		ldr	r3, [sp, #36]
  49              	.LVL1:
  50 0010 0193     		str	r3, [sp, #4]
  51              	.LVL2:
  39:..\paho.mqtt.embedded-c\MQTTPacket\src/MQTTUnsubscribeServer.c **** 	unsigned char* enddata = NULL;
  40:..\paho.mqtt.embedded-c\MQTTPacket\src/MQTTUnsubscribeServer.c **** 	int rc = 0;
  41:..\paho.mqtt.embedded-c\MQTTPacket\src/MQTTUnsubscribeServer.c **** 	int mylen = 0;
  52              		.loc 1 41 0
  53 0012 0023     		movs	r3, #0
  54 0014 0093     		str	r3, [sp]
  42:..\paho.mqtt.embedded-c\MQTTPacket\src/MQTTUnsubscribeServer.c **** 
  43:..\paho.mqtt.embedded-c\MQTTPacket\src/MQTTUnsubscribeServer.c **** 	FUNC_ENTRY;
  44:..\paho.mqtt.embedded-c\MQTTPacket\src/MQTTUnsubscribeServer.c **** 	header.byte = readChar(&curdata);
  55              		.loc 1 44 0
  56 0016 01A8     		add	r0, sp, #4
  57              	.LVL3:
  58 0018 FFF7FEFF 		bl	readChar
  59              	.LVL4:
  60 001c 0023     		movs	r3, #0
  61              	.LVL5:
  62 001e 60F30703 		bfi	r3, r0, #0, #8
  63              	.LVL6:
  45:..\paho.mqtt.embedded-c\MQTTPacket\src/MQTTUnsubscribeServer.c **** 	if (header.bits.type != UNSUBSCRIBE)
  64              		.loc 1 45 0
  65 0022 03F0F002 		and	r2, r3, #240
  66 0026 A02A     		cmp	r2, #160
  67 0028 26D1     		bne	.L5
  46:..\paho.mqtt.embedded-c\MQTTPacket\src/MQTTUnsubscribeServer.c **** 		goto exit;
  47:..\paho.mqtt.embedded-c\MQTTPacket\src/MQTTUnsubscribeServer.c **** 	*dup = header.bits.dup;
ARM GAS  C:\Users\samue\AppData\Local\Temp\ccE7tJzb.s 			page 3


  68              		.loc 1 47 0
  69 002a C3F3C003 		ubfx	r3, r3, #3, #1
  70              	.LVL7:
  71 002e 2B70     		strb	r3, [r5]
  48:..\paho.mqtt.embedded-c\MQTTPacket\src/MQTTUnsubscribeServer.c **** 
  49:..\paho.mqtt.embedded-c\MQTTPacket\src/MQTTUnsubscribeServer.c **** 	curdata += (rc = MQTTPacket_decodeBuf(curdata, &mylen)); /* read remaining length */
  72              		.loc 1 49 0
  73 0030 6946     		mov	r1, sp
  74 0032 0198     		ldr	r0, [sp, #4]
  75 0034 FFF7FEFF 		bl	MQTTPacket_decodeBuf
  76              	.LVL8:
  77 0038 0746     		mov	r7, r0
  78              	.LVL9:
  79 003a 019D     		ldr	r5, [sp, #4]
  80              	.LVL10:
  81 003c 2B18     		adds	r3, r5, r0
  82 003e 0193     		str	r3, [sp, #4]
  50:..\paho.mqtt.embedded-c\MQTTPacket\src/MQTTUnsubscribeServer.c **** 	enddata = curdata + mylen;
  83              		.loc 1 50 0
  84 0040 009D     		ldr	r5, [sp]
  85 0042 1D44     		add	r5, r5, r3
  86              	.LVL11:
  51:..\paho.mqtt.embedded-c\MQTTPacket\src/MQTTUnsubscribeServer.c **** 
  52:..\paho.mqtt.embedded-c\MQTTPacket\src/MQTTUnsubscribeServer.c **** 	*packetid = readInt(&curdata);
  87              		.loc 1 52 0
  88 0044 01A8     		add	r0, sp, #4
  89              	.LVL12:
  90 0046 FFF7FEFF 		bl	readInt
  91              	.LVL13:
  92 004a A8F80000 		strh	r0, [r8]	@ movhi
  53:..\paho.mqtt.embedded-c\MQTTPacket\src/MQTTUnsubscribeServer.c **** 
  54:..\paho.mqtt.embedded-c\MQTTPacket\src/MQTTUnsubscribeServer.c **** 	*count = 0;
  93              		.loc 1 54 0
  94 004e 0023     		movs	r3, #0
  95 0050 2360     		str	r3, [r4]
  55:..\paho.mqtt.embedded-c\MQTTPacket\src/MQTTUnsubscribeServer.c **** 	while (curdata < enddata)
  96              		.loc 1 55 0
  97 0052 0CE0     		b	.L3
  98              	.L4:
  56:..\paho.mqtt.embedded-c\MQTTPacket\src/MQTTUnsubscribeServer.c **** 	{
  57:..\paho.mqtt.embedded-c\MQTTPacket\src/MQTTUnsubscribeServer.c **** 		if (!readMQTTLenString(&topicFilters[*count], &curdata, enddata))
  99              		.loc 1 57 0
 100 0054 2068     		ldr	r0, [r4]
 101 0056 00EB4000 		add	r0, r0, r0, lsl #1
 102 005a 2A46     		mov	r2, r5
 103 005c 01A9     		add	r1, sp, #4
 104 005e 06EB8000 		add	r0, r6, r0, lsl #2
 105 0062 FFF7FEFF 		bl	readMQTTLenString
 106              	.LVL14:
 107 0066 40B1     		cbz	r0, .L2
  58:..\paho.mqtt.embedded-c\MQTTPacket\src/MQTTUnsubscribeServer.c **** 			goto exit;
  59:..\paho.mqtt.embedded-c\MQTTPacket\src/MQTTUnsubscribeServer.c **** 		(*count)++;
 108              		.loc 1 59 0
 109 0068 2368     		ldr	r3, [r4]
 110 006a 0133     		adds	r3, r3, #1
 111 006c 2360     		str	r3, [r4]
 112              	.L3:
ARM GAS  C:\Users\samue\AppData\Local\Temp\ccE7tJzb.s 			page 4


  55:..\paho.mqtt.embedded-c\MQTTPacket\src/MQTTUnsubscribeServer.c **** 	{
 113              		.loc 1 55 0
 114 006e 019B     		ldr	r3, [sp, #4]
 115 0070 9D42     		cmp	r5, r3
 116 0072 EFD8     		bhi	.L4
  60:..\paho.mqtt.embedded-c\MQTTPacket\src/MQTTUnsubscribeServer.c **** 	}
  61:..\paho.mqtt.embedded-c\MQTTPacket\src/MQTTUnsubscribeServer.c **** 
  62:..\paho.mqtt.embedded-c\MQTTPacket\src/MQTTUnsubscribeServer.c **** 	rc = 1;
 117              		.loc 1 62 0
 118 0074 0127     		movs	r7, #1
 119              	.LVL15:
 120 0076 00E0     		b	.L2
 121              	.LVL16:
 122              	.L5:
  40:..\paho.mqtt.embedded-c\MQTTPacket\src/MQTTUnsubscribeServer.c **** 	int mylen = 0;
 123              		.loc 1 40 0
 124 0078 0027     		movs	r7, #0
 125              	.LVL17:
 126              	.L2:
  63:..\paho.mqtt.embedded-c\MQTTPacket\src/MQTTUnsubscribeServer.c **** exit:
  64:..\paho.mqtt.embedded-c\MQTTPacket\src/MQTTUnsubscribeServer.c **** 	FUNC_EXIT_RC(rc);
  65:..\paho.mqtt.embedded-c\MQTTPacket\src/MQTTUnsubscribeServer.c **** 	return rc;
  66:..\paho.mqtt.embedded-c\MQTTPacket\src/MQTTUnsubscribeServer.c **** }
 127              		.loc 1 66 0
 128 007a 3846     		mov	r0, r7
 129 007c 02B0     		add	sp, sp, #8
 130              		.cfi_def_cfa_offset 24
 131              		@ sp needed
 132 007e BDE8F081 		pop	{r4, r5, r6, r7, r8, pc}
 133              		.cfi_endproc
 134              	.LFE1:
 135              		.size	MQTTDeserialize_unsubscribe, .-MQTTDeserialize_unsubscribe
 136 0082 00BF     		.section	.text.MQTTSerialize_unsuback,"ax",%progbits
 137              		.align	2
 138              		.global	MQTTSerialize_unsuback
 139              		.thumb
 140              		.thumb_func
 141              		.type	MQTTSerialize_unsuback, %function
 142              	MQTTSerialize_unsuback:
 143              	.LFB2:
  67:..\paho.mqtt.embedded-c\MQTTPacket\src/MQTTUnsubscribeServer.c **** 
  68:..\paho.mqtt.embedded-c\MQTTPacket\src/MQTTUnsubscribeServer.c **** 
  69:..\paho.mqtt.embedded-c\MQTTPacket\src/MQTTUnsubscribeServer.c **** /**
  70:..\paho.mqtt.embedded-c\MQTTPacket\src/MQTTUnsubscribeServer.c ****   * Serializes the supplied unsuback data into the supplied buffer, ready for sending
  71:..\paho.mqtt.embedded-c\MQTTPacket\src/MQTTUnsubscribeServer.c ****   * @param buf the buffer into which the packet will be serialized
  72:..\paho.mqtt.embedded-c\MQTTPacket\src/MQTTUnsubscribeServer.c ****   * @param buflen the length in bytes of the supplied buffer
  73:..\paho.mqtt.embedded-c\MQTTPacket\src/MQTTUnsubscribeServer.c ****   * @param packetid integer - the MQTT packet identifier
  74:..\paho.mqtt.embedded-c\MQTTPacket\src/MQTTUnsubscribeServer.c ****   * @return the length of the serialized data.  <= 0 indicates error
  75:..\paho.mqtt.embedded-c\MQTTPacket\src/MQTTUnsubscribeServer.c ****   */
  76:..\paho.mqtt.embedded-c\MQTTPacket\src/MQTTUnsubscribeServer.c **** int MQTTSerialize_unsuback(unsigned char* buf, int buflen, unsigned short packetid)
  77:..\paho.mqtt.embedded-c\MQTTPacket\src/MQTTUnsubscribeServer.c **** {
 144              		.loc 1 77 0
 145              		.cfi_startproc
 146              		@ args = 0, pretend = 0, frame = 8
 147              		@ frame_needed = 0, uses_anonymous_args = 0
 148              	.LVL18:
 149 0000 30B5     		push	{r4, r5, lr}
ARM GAS  C:\Users\samue\AppData\Local\Temp\ccE7tJzb.s 			page 5


 150              		.cfi_def_cfa_offset 12
 151              		.cfi_offset 4, -12
 152              		.cfi_offset 5, -8
 153              		.cfi_offset 14, -4
 154 0002 83B0     		sub	sp, sp, #12
 155              		.cfi_def_cfa_offset 24
 156              	.LVL19:
  78:..\paho.mqtt.embedded-c\MQTTPacket\src/MQTTUnsubscribeServer.c **** 	MQTTHeader header = {0};
  79:..\paho.mqtt.embedded-c\MQTTPacket\src/MQTTUnsubscribeServer.c **** 	int rc = 0;
  80:..\paho.mqtt.embedded-c\MQTTPacket\src/MQTTUnsubscribeServer.c **** 	unsigned char *ptr = buf;
 157              		.loc 1 80 0
 158 0004 0190     		str	r0, [sp, #4]
  81:..\paho.mqtt.embedded-c\MQTTPacket\src/MQTTUnsubscribeServer.c **** 
  82:..\paho.mqtt.embedded-c\MQTTPacket\src/MQTTUnsubscribeServer.c **** 	FUNC_ENTRY;
  83:..\paho.mqtt.embedded-c\MQTTPacket\src/MQTTUnsubscribeServer.c **** 	if (buflen < 2)
 159              		.loc 1 83 0
 160 0006 0129     		cmp	r1, #1
 161 0008 13DD     		ble	.L9
 162 000a 1546     		mov	r5, r2
 163 000c 0446     		mov	r4, r0
  84:..\paho.mqtt.embedded-c\MQTTPacket\src/MQTTUnsubscribeServer.c **** 	{
  85:..\paho.mqtt.embedded-c\MQTTPacket\src/MQTTUnsubscribeServer.c **** 		rc = MQTTPACKET_BUFFER_TOO_SHORT;
  86:..\paho.mqtt.embedded-c\MQTTPacket\src/MQTTUnsubscribeServer.c **** 		goto exit;
  87:..\paho.mqtt.embedded-c\MQTTPacket\src/MQTTUnsubscribeServer.c **** 	}
  88:..\paho.mqtt.embedded-c\MQTTPacket\src/MQTTUnsubscribeServer.c **** 	header.byte = 0;
  89:..\paho.mqtt.embedded-c\MQTTPacket\src/MQTTUnsubscribeServer.c **** 	header.bits.type = UNSUBACK;
  90:..\paho.mqtt.embedded-c\MQTTPacket\src/MQTTUnsubscribeServer.c **** 	writeChar(&ptr, header.byte); /* write header */
 164              		.loc 1 90 0
 165 000e B021     		movs	r1, #176
 166              	.LVL20:
 167 0010 01A8     		add	r0, sp, #4
 168              	.LVL21:
 169 0012 FFF7FEFF 		bl	writeChar
 170              	.LVL22:
  91:..\paho.mqtt.embedded-c\MQTTPacket\src/MQTTUnsubscribeServer.c **** 
  92:..\paho.mqtt.embedded-c\MQTTPacket\src/MQTTUnsubscribeServer.c **** 	ptr += MQTTPacket_encode(ptr, 2); /* write remaining length */
 171              		.loc 1 92 0
 172 0016 0221     		movs	r1, #2
 173 0018 0198     		ldr	r0, [sp, #4]
 174 001a FFF7FEFF 		bl	MQTTPacket_encode
 175              	.LVL23:
 176 001e 019B     		ldr	r3, [sp, #4]
 177 0020 1844     		add	r0, r0, r3
 178 0022 0190     		str	r0, [sp, #4]
  93:..\paho.mqtt.embedded-c\MQTTPacket\src/MQTTUnsubscribeServer.c **** 
  94:..\paho.mqtt.embedded-c\MQTTPacket\src/MQTTUnsubscribeServer.c **** 	writeInt(&ptr, packetid);
 179              		.loc 1 94 0
 180 0024 2946     		mov	r1, r5
 181 0026 01A8     		add	r0, sp, #4
 182 0028 FFF7FEFF 		bl	writeInt
 183              	.LVL24:
  95:..\paho.mqtt.embedded-c\MQTTPacket\src/MQTTUnsubscribeServer.c **** 
  96:..\paho.mqtt.embedded-c\MQTTPacket\src/MQTTUnsubscribeServer.c **** 	rc = ptr - buf;
 184              		.loc 1 96 0
 185 002c 0198     		ldr	r0, [sp, #4]
 186 002e 001B     		subs	r0, r0, r4
 187              	.LVL25:
ARM GAS  C:\Users\samue\AppData\Local\Temp\ccE7tJzb.s 			page 6


 188 0030 01E0     		b	.L8
 189              	.LVL26:
 190              	.L9:
  85:..\paho.mqtt.embedded-c\MQTTPacket\src/MQTTUnsubscribeServer.c **** 		goto exit;
 191              		.loc 1 85 0
 192 0032 6FF00100 		mvn	r0, #1
 193              	.LVL27:
 194              	.L8:
  97:..\paho.mqtt.embedded-c\MQTTPacket\src/MQTTUnsubscribeServer.c **** exit:
  98:..\paho.mqtt.embedded-c\MQTTPacket\src/MQTTUnsubscribeServer.c **** 	FUNC_EXIT_RC(rc);
  99:..\paho.mqtt.embedded-c\MQTTPacket\src/MQTTUnsubscribeServer.c **** 	return rc;
 100:..\paho.mqtt.embedded-c\MQTTPacket\src/MQTTUnsubscribeServer.c **** }
 195              		.loc 1 100 0
 196 0036 03B0     		add	sp, sp, #12
 197              		.cfi_def_cfa_offset 12
 198              		@ sp needed
 199 0038 30BD     		pop	{r4, r5, pc}
 200              		.cfi_endproc
 201              	.LFE2:
 202              		.size	MQTTSerialize_unsuback, .-MQTTSerialize_unsuback
 203 003a 00BF     		.text
 204              	.Letext0:
 205              		.file 2 "..\\paho.mqtt.embedded-c\\MQTTPacket\\src\\MQTTPacket.h"
 206              		.section	.debug_info,"",%progbits
 207              	.Ldebug_info0:
 208 0000 18040000 		.4byte	0x418
 209 0004 0400     		.2byte	0x4
 210 0006 00000000 		.4byte	.Ldebug_abbrev0
 211 000a 04       		.byte	0x4
 212 000b 01       		.uleb128 0x1
 213 000c 4E020000 		.4byte	.LASF60
 214 0010 0C       		.byte	0xc
 215 0011 10030000 		.4byte	.LASF61
 216 0015 E8010000 		.4byte	.LASF62
 217 0019 00000000 		.4byte	.Ldebug_ranges0+0
 218 001d 00000000 		.4byte	0
 219 0021 00000000 		.4byte	.Ldebug_line0
 220 0025 02       		.uleb128 0x2
 221 0026 0C010000 		.4byte	.LASF3
 222 002a 01       		.byte	0x1
 223 002b 48000000 		.4byte	0x48
 224 002f 02       		.byte	0x2
 225 0030 24       		.byte	0x24
 226 0031 48000000 		.4byte	0x48
 227 0035 03       		.uleb128 0x3
 228 0036 00000000 		.4byte	.LASF0
 229 003a 7E       		.sleb128 -2
 230 003b 03       		.uleb128 0x3
 231 003c 7B000000 		.4byte	.LASF1
 232 0040 7F       		.sleb128 -1
 233 0041 04       		.uleb128 0x4
 234 0042 45010000 		.4byte	.LASF2
 235 0046 00       		.byte	0
 236 0047 00       		.byte	0
 237 0048 05       		.uleb128 0x5
 238 0049 01       		.byte	0x1
 239 004a 06       		.byte	0x6
ARM GAS  C:\Users\samue\AppData\Local\Temp\ccE7tJzb.s 			page 7


 240 004b 9F000000 		.4byte	.LASF19
 241 004f 02       		.uleb128 0x2
 242 0050 EE000000 		.4byte	.LASF4
 243 0054 01       		.byte	0x1
 244 0055 B4000000 		.4byte	0xb4
 245 0059 02       		.byte	0x2
 246 005a 2B       		.byte	0x2b
 247 005b B4000000 		.4byte	0xb4
 248 005f 04       		.uleb128 0x4
 249 0060 26020000 		.4byte	.LASF5
 250 0064 01       		.byte	0x1
 251 0065 04       		.uleb128 0x4
 252 0066 04010000 		.4byte	.LASF6
 253 006a 02       		.byte	0x2
 254 006b 04       		.uleb128 0x4
 255 006c 46020000 		.4byte	.LASF7
 256 0070 03       		.byte	0x3
 257 0071 04       		.uleb128 0x4
 258 0072 4F030000 		.4byte	.LASF8
 259 0076 04       		.byte	0x4
 260 0077 04       		.uleb128 0x4
 261 0078 68030000 		.4byte	.LASF9
 262 007c 05       		.byte	0x5
 263 007d 04       		.uleb128 0x4
 264 007e 8B030000 		.4byte	.LASF10
 265 0082 06       		.byte	0x6
 266 0083 04       		.uleb128 0x4
 267 0084 56030000 		.4byte	.LASF11
 268 0088 07       		.byte	0x7
 269 0089 04       		.uleb128 0x4
 270 008a 01030000 		.4byte	.LASF12
 271 008e 08       		.byte	0x8
 272 008f 04       		.uleb128 0x4
 273 0090 5E010000 		.4byte	.LASF13
 274 0094 09       		.byte	0x9
 275 0095 04       		.uleb128 0x4
 276 0096 CB000000 		.4byte	.LASF14
 277 009a 0A       		.byte	0xa
 278 009b 04       		.uleb128 0x4
 279 009c 41000000 		.4byte	.LASF15
 280 00a0 0B       		.byte	0xb
 281 00a1 04       		.uleb128 0x4
 282 00a2 92030000 		.4byte	.LASF16
 283 00a6 0C       		.byte	0xc
 284 00a7 04       		.uleb128 0x4
 285 00a8 1D020000 		.4byte	.LASF17
 286 00ac 0D       		.byte	0xd
 287 00ad 04       		.uleb128 0x4
 288 00ae A3010000 		.4byte	.LASF18
 289 00b2 0E       		.byte	0xe
 290 00b3 00       		.byte	0
 291 00b4 05       		.uleb128 0x5
 292 00b5 01       		.byte	0x1
 293 00b6 08       		.byte	0x8
 294 00b7 2E020000 		.4byte	.LASF20
 295 00bb 06       		.uleb128 0x6
 296 00bc 04       		.byte	0x4
ARM GAS  C:\Users\samue\AppData\Local\Temp\ccE7tJzb.s 			page 8


 297 00bd 02       		.byte	0x2
 298 00be 41       		.byte	0x41
 299 00bf 00010000 		.4byte	0x100
 300 00c3 07       		.uleb128 0x7
 301 00c4 4A000000 		.4byte	.LASF21
 302 00c8 02       		.byte	0x2
 303 00c9 43       		.byte	0x43
 304 00ca 00010000 		.4byte	0x100
 305 00ce 04       		.byte	0x4
 306 00cf 01       		.byte	0x1
 307 00d0 1F       		.byte	0x1f
 308 00d1 00       		.byte	0
 309 00d2 08       		.uleb128 0x8
 310 00d3 716F7300 		.ascii	"qos\000"
 311 00d7 02       		.byte	0x2
 312 00d8 44       		.byte	0x44
 313 00d9 00010000 		.4byte	0x100
 314 00dd 04       		.byte	0x4
 315 00de 02       		.byte	0x2
 316 00df 1D       		.byte	0x1d
 317 00e0 00       		.byte	0
 318 00e1 08       		.uleb128 0x8
 319 00e2 64757000 		.ascii	"dup\000"
 320 00e6 02       		.byte	0x2
 321 00e7 45       		.byte	0x45
 322 00e8 00010000 		.4byte	0x100
 323 00ec 04       		.byte	0x4
 324 00ed 01       		.byte	0x1
 325 00ee 1C       		.byte	0x1c
 326 00ef 00       		.byte	0
 327 00f0 07       		.uleb128 0x7
 328 00f1 2A000000 		.4byte	.LASF22
 329 00f5 02       		.byte	0x2
 330 00f6 46       		.byte	0x46
 331 00f7 00010000 		.4byte	0x100
 332 00fb 04       		.byte	0x4
 333 00fc 04       		.byte	0x4
 334 00fd 18       		.byte	0x18
 335 00fe 00       		.byte	0
 336 00ff 00       		.byte	0
 337 0100 05       		.uleb128 0x5
 338 0101 04       		.byte	0x4
 339 0102 07       		.byte	0x7
 340 0103 F7000000 		.4byte	.LASF23
 341 0107 09       		.uleb128 0x9
 342 0108 04       		.byte	0x4
 343 0109 02       		.byte	0x2
 344 010a 35       		.byte	0x35
 345 010b 26010000 		.4byte	0x126
 346 010f 0A       		.uleb128 0xa
 347 0110 D7000000 		.4byte	.LASF24
 348 0114 02       		.byte	0x2
 349 0115 37       		.byte	0x37
 350 0116 B4000000 		.4byte	0xb4
 351 011a 0A       		.uleb128 0xa
 352 011b B4000000 		.4byte	.LASF25
 353 011f 02       		.byte	0x2
ARM GAS  C:\Users\samue\AppData\Local\Temp\ccE7tJzb.s 			page 9


 354 0120 47       		.byte	0x47
 355 0121 BB000000 		.4byte	0xbb
 356 0125 00       		.byte	0
 357 0126 0B       		.uleb128 0xb
 358 0127 E8020000 		.4byte	.LASF28
 359 012b 02       		.byte	0x2
 360 012c 49       		.byte	0x49
 361 012d 07010000 		.4byte	0x107
 362 0131 06       		.uleb128 0x6
 363 0132 08       		.byte	0x8
 364 0133 02       		.byte	0x2
 365 0134 4B       		.byte	0x4b
 366 0135 52010000 		.4byte	0x152
 367 0139 0C       		.uleb128 0xc
 368 013a 6C656E00 		.ascii	"len\000"
 369 013e 02       		.byte	0x2
 370 013f 4D       		.byte	0x4d
 371 0140 52010000 		.4byte	0x152
 372 0144 00       		.byte	0
 373 0145 0D       		.uleb128 0xd
 374 0146 2D010000 		.4byte	.LASF26
 375 014a 02       		.byte	0x2
 376 014b 4E       		.byte	0x4e
 377 014c 59010000 		.4byte	0x159
 378 0150 04       		.byte	0x4
 379 0151 00       		.byte	0
 380 0152 0E       		.uleb128 0xe
 381 0153 04       		.byte	0x4
 382 0154 05       		.byte	0x5
 383 0155 696E7400 		.ascii	"int\000"
 384 0159 0F       		.uleb128 0xf
 385 015a 04       		.byte	0x4
 386 015b 5F010000 		.4byte	0x15f
 387 015f 05       		.uleb128 0x5
 388 0160 01       		.byte	0x1
 389 0161 08       		.byte	0x8
 390 0162 0B030000 		.4byte	.LASF27
 391 0166 0B       		.uleb128 0xb
 392 0167 F3020000 		.4byte	.LASF29
 393 016b 02       		.byte	0x2
 394 016c 4F       		.byte	0x4f
 395 016d 31010000 		.4byte	0x131
 396 0171 06       		.uleb128 0x6
 397 0172 0C       		.byte	0xc
 398 0173 02       		.byte	0x2
 399 0174 51       		.byte	0x51
 400 0175 92010000 		.4byte	0x192
 401 0179 0D       		.uleb128 0xd
 402 017a 9B010000 		.4byte	.LASF30
 403 017e 02       		.byte	0x2
 404 017f 53       		.byte	0x53
 405 0180 59010000 		.4byte	0x159
 406 0184 00       		.byte	0
 407 0185 0D       		.uleb128 0xd
 408 0186 51000000 		.4byte	.LASF31
 409 018a 02       		.byte	0x2
 410 018b 54       		.byte	0x54
ARM GAS  C:\Users\samue\AppData\Local\Temp\ccE7tJzb.s 			page 10


 411 018c 66010000 		.4byte	0x166
 412 0190 04       		.byte	0x4
 413 0191 00       		.byte	0
 414 0192 0B       		.uleb128 0xb
 415 0193 65010000 		.4byte	.LASF32
 416 0197 02       		.byte	0x2
 417 0198 55       		.byte	0x55
 418 0199 71010000 		.4byte	0x171
 419 019d 05       		.uleb128 0x5
 420 019e 04       		.byte	0x4
 421 019f 07       		.byte	0x7
 422 01a0 79010000 		.4byte	.LASF33
 423 01a4 05       		.uleb128 0x5
 424 01a5 02       		.byte	0x2
 425 01a6 07       		.byte	0x7
 426 01a7 32010000 		.4byte	.LASF34
 427 01ab 05       		.uleb128 0x5
 428 01ac 02       		.byte	0x2
 429 01ad 05       		.byte	0x5
 430 01ae 3C020000 		.4byte	.LASF35
 431 01b2 05       		.uleb128 0x5
 432 01b3 04       		.byte	0x4
 433 01b4 05       		.byte	0x5
 434 01b5 B9000000 		.4byte	.LASF36
 435 01b9 05       		.uleb128 0x5
 436 01ba 04       		.byte	0x4
 437 01bb 07       		.byte	0x7
 438 01bc 13010000 		.4byte	.LASF37
 439 01c0 05       		.uleb128 0x5
 440 01c1 08       		.byte	0x8
 441 01c2 05       		.byte	0x5
 442 01c3 91000000 		.4byte	.LASF38
 443 01c7 05       		.uleb128 0x5
 444 01c8 08       		.byte	0x8
 445 01c9 07       		.byte	0x7
 446 01ca 5B000000 		.4byte	.LASF39
 447 01ce 05       		.uleb128 0x5
 448 01cf 08       		.byte	0x8
 449 01d0 04       		.byte	0x4
 450 01d1 82010000 		.4byte	.LASF40
 451 01d5 0F       		.uleb128 0xf
 452 01d6 04       		.byte	0x4
 453 01d7 B4000000 		.4byte	0xb4
 454 01db 10       		.uleb128 0x10
 455 01dc 6F030000 		.4byte	.LASF49
 456 01e0 01       		.byte	0x1
 457 01e1 22       		.byte	0x22
 458 01e2 52010000 		.4byte	0x152
 459 01e6 00000000 		.4byte	.LFB1
 460 01ea 82000000 		.4byte	.LFE1-.LFB1
 461 01ee 01       		.uleb128 0x1
 462 01ef 9C       		.byte	0x9c
 463 01f0 00030000 		.4byte	0x300
 464 01f4 11       		.uleb128 0x11
 465 01f5 64757000 		.ascii	"dup\000"
 466 01f9 01       		.byte	0x1
 467 01fa 22       		.byte	0x22
ARM GAS  C:\Users\samue\AppData\Local\Temp\ccE7tJzb.s 			page 11


 468 01fb D5010000 		.4byte	0x1d5
 469 01ff 00000000 		.4byte	.LLST0
 470 0203 12       		.uleb128 0x12
 471 0204 70010000 		.4byte	.LASF41
 472 0208 01       		.byte	0x1
 473 0209 22       		.byte	0x22
 474 020a 00030000 		.4byte	0x300
 475 020e 45000000 		.4byte	.LLST1
 476 0212 12       		.uleb128 0x12
 477 0213 72000000 		.4byte	.LASF42
 478 0217 01       		.byte	0x1
 479 0218 22       		.byte	0x22
 480 0219 52010000 		.4byte	0x152
 481 021d 63000000 		.4byte	.LLST2
 482 0221 12       		.uleb128 0x12
 483 0222 1C000000 		.4byte	.LASF43
 484 0226 01       		.byte	0x1
 485 0227 22       		.byte	0x22
 486 0228 06030000 		.4byte	0x306
 487 022c 84000000 		.4byte	.LLST3
 488 0230 13       		.uleb128 0x13
 489 0231 8E010000 		.4byte	.LASF44
 490 0235 01       		.byte	0x1
 491 0236 22       		.byte	0x22
 492 0237 0C030000 		.4byte	0x30c
 493 023b 02       		.uleb128 0x2
 494 023c 91       		.byte	0x91
 495 023d 00       		.sleb128 0
 496 023e 14       		.uleb128 0x14
 497 023f 62756600 		.ascii	"buf\000"
 498 0243 01       		.byte	0x1
 499 0244 23       		.byte	0x23
 500 0245 D5010000 		.4byte	0x1d5
 501 0249 02       		.uleb128 0x2
 502 024a 91       		.byte	0x91
 503 024b 04       		.sleb128 4
 504 024c 14       		.uleb128 0x14
 505 024d 6C656E00 		.ascii	"len\000"
 506 0251 01       		.byte	0x1
 507 0252 23       		.byte	0x23
 508 0253 52010000 		.4byte	0x152
 509 0257 02       		.uleb128 0x2
 510 0258 91       		.byte	0x91
 511 0259 08       		.sleb128 8
 512 025a 15       		.uleb128 0x15
 513 025b 9A030000 		.4byte	.LASF45
 514 025f 01       		.byte	0x1
 515 0260 25       		.byte	0x25
 516 0261 26010000 		.4byte	0x126
 517 0265 A2000000 		.4byte	.LLST4
 518 0269 16       		.uleb128 0x16
 519 026a C3010000 		.4byte	.LASF46
 520 026e 01       		.byte	0x1
 521 026f 26       		.byte	0x26
 522 0270 D5010000 		.4byte	0x1d5
 523 0274 02       		.uleb128 0x2
 524 0275 91       		.byte	0x91
ARM GAS  C:\Users\samue\AppData\Local\Temp\ccE7tJzb.s 			page 12


 525 0276 64       		.sleb128 -28
 526 0277 15       		.uleb128 0x15
 527 0278 25010000 		.4byte	.LASF47
 528 027c 01       		.byte	0x1
 529 027d 27       		.byte	0x27
 530 027e D5010000 		.4byte	0x1d5
 531 0282 C0000000 		.4byte	.LLST5
 532 0286 17       		.uleb128 0x17
 533 0287 726300   		.ascii	"rc\000"
 534 028a 01       		.byte	0x1
 535 028b 28       		.byte	0x28
 536 028c 52010000 		.4byte	0x152
 537 0290 EB000000 		.4byte	.LLST6
 538 0294 16       		.uleb128 0x16
 539 0295 CB010000 		.4byte	.LASF48
 540 0299 01       		.byte	0x1
 541 029a 29       		.byte	0x29
 542 029b 52010000 		.4byte	0x152
 543 029f 02       		.uleb128 0x2
 544 02a0 91       		.byte	0x91
 545 02a1 60       		.sleb128 -32
 546 02a2 18       		.uleb128 0x18
 547 02a3 E3020000 		.4byte	.LASF52
 548 02a7 01       		.byte	0x1
 549 02a8 3F       		.byte	0x3f
 550 02a9 7A000000 		.4byte	.L2
 551 02ad 19       		.uleb128 0x19
 552 02ae 1C000000 		.4byte	.LVL4
 553 02b2 CE030000 		.4byte	0x3ce
 554 02b6 C1020000 		.4byte	0x2c1
 555 02ba 1A       		.uleb128 0x1a
 556 02bb 01       		.uleb128 0x1
 557 02bc 50       		.byte	0x50
 558 02bd 02       		.uleb128 0x2
 559 02be 91       		.byte	0x91
 560 02bf 64       		.sleb128 -28
 561 02c0 00       		.byte	0
 562 02c1 19       		.uleb128 0x19
 563 02c2 38000000 		.4byte	.LVL8
 564 02c6 D9030000 		.4byte	0x3d9
 565 02ca D5020000 		.4byte	0x2d5
 566 02ce 1A       		.uleb128 0x1a
 567 02cf 01       		.uleb128 0x1
 568 02d0 51       		.byte	0x51
 569 02d1 02       		.uleb128 0x2
 570 02d2 7D       		.byte	0x7d
 571 02d3 00       		.sleb128 0
 572 02d4 00       		.byte	0
 573 02d5 19       		.uleb128 0x19
 574 02d6 4A000000 		.4byte	.LVL13
 575 02da E4030000 		.4byte	0x3e4
 576 02de E9020000 		.4byte	0x2e9
 577 02e2 1A       		.uleb128 0x1a
 578 02e3 01       		.uleb128 0x1
 579 02e4 50       		.byte	0x50
 580 02e5 02       		.uleb128 0x2
 581 02e6 91       		.byte	0x91
ARM GAS  C:\Users\samue\AppData\Local\Temp\ccE7tJzb.s 			page 13


 582 02e7 64       		.sleb128 -28
 583 02e8 00       		.byte	0
 584 02e9 1B       		.uleb128 0x1b
 585 02ea 66000000 		.4byte	.LVL14
 586 02ee EF030000 		.4byte	0x3ef
 587 02f2 1A       		.uleb128 0x1a
 588 02f3 01       		.uleb128 0x1
 589 02f4 51       		.byte	0x51
 590 02f5 02       		.uleb128 0x2
 591 02f6 91       		.byte	0x91
 592 02f7 64       		.sleb128 -28
 593 02f8 1A       		.uleb128 0x1a
 594 02f9 01       		.uleb128 0x1
 595 02fa 52       		.byte	0x52
 596 02fb 02       		.uleb128 0x2
 597 02fc 75       		.byte	0x75
 598 02fd 00       		.sleb128 0
 599 02fe 00       		.byte	0
 600 02ff 00       		.byte	0
 601 0300 0F       		.uleb128 0xf
 602 0301 04       		.byte	0x4
 603 0302 A4010000 		.4byte	0x1a4
 604 0306 0F       		.uleb128 0xf
 605 0307 04       		.byte	0x4
 606 0308 52010000 		.4byte	0x152
 607 030c 0F       		.uleb128 0xf
 608 030d 04       		.byte	0x4
 609 030e 92010000 		.4byte	0x192
 610 0312 10       		.uleb128 0x10
 611 0313 D1010000 		.4byte	.LASF50
 612 0317 01       		.byte	0x1
 613 0318 4C       		.byte	0x4c
 614 0319 52010000 		.4byte	0x152
 615 031d 00000000 		.4byte	.LFB2
 616 0321 3A000000 		.4byte	.LFE2-.LFB2
 617 0325 01       		.uleb128 0x1
 618 0326 9C       		.byte	0x9c
 619 0327 CE030000 		.4byte	0x3ce
 620 032b 11       		.uleb128 0x11
 621 032c 62756600 		.ascii	"buf\000"
 622 0330 01       		.byte	0x1
 623 0331 4C       		.byte	0x4c
 624 0332 D5010000 		.4byte	0x1d5
 625 0336 2C010000 		.4byte	.LLST7
 626 033a 12       		.uleb128 0x12
 627 033b DC020000 		.4byte	.LASF51
 628 033f 01       		.byte	0x1
 629 0340 4C       		.byte	0x4c
 630 0341 52010000 		.4byte	0x152
 631 0345 63010000 		.4byte	.LLST8
 632 0349 12       		.uleb128 0x12
 633 034a 70010000 		.4byte	.LASF41
 634 034e 01       		.byte	0x1
 635 034f 4C       		.byte	0x4c
 636 0350 A4010000 		.4byte	0x1a4
 637 0354 9D010000 		.4byte	.LLST9
 638 0358 1C       		.uleb128 0x1c
ARM GAS  C:\Users\samue\AppData\Local\Temp\ccE7tJzb.s 			page 14


 639 0359 9A030000 		.4byte	.LASF45
 640 035d 01       		.byte	0x1
 641 035e 4E       		.byte	0x4e
 642 035f 26010000 		.4byte	0x126
 643 0363 17       		.uleb128 0x17
 644 0364 726300   		.ascii	"rc\000"
 645 0367 01       		.byte	0x1
 646 0368 4F       		.byte	0x4f
 647 0369 52010000 		.4byte	0x152
 648 036d D7010000 		.4byte	.LLST10
 649 0371 1D       		.uleb128 0x1d
 650 0372 70747200 		.ascii	"ptr\000"
 651 0376 01       		.byte	0x1
 652 0377 50       		.byte	0x50
 653 0378 D5010000 		.4byte	0x1d5
 654 037c 02       		.uleb128 0x2
 655 037d 91       		.byte	0x91
 656 037e 6C       		.sleb128 -20
 657 037f 18       		.uleb128 0x18
 658 0380 E3020000 		.4byte	.LASF52
 659 0384 01       		.byte	0x1
 660 0385 61       		.byte	0x61
 661 0386 36000000 		.4byte	.L8
 662 038a 19       		.uleb128 0x19
 663 038b 16000000 		.4byte	.LVL22
 664 038f FA030000 		.4byte	0x3fa
 665 0393 A4030000 		.4byte	0x3a4
 666 0397 1A       		.uleb128 0x1a
 667 0398 01       		.uleb128 0x1
 668 0399 50       		.byte	0x50
 669 039a 02       		.uleb128 0x2
 670 039b 91       		.byte	0x91
 671 039c 6C       		.sleb128 -20
 672 039d 1A       		.uleb128 0x1a
 673 039e 01       		.uleb128 0x1
 674 039f 51       		.byte	0x51
 675 03a0 02       		.uleb128 0x2
 676 03a1 09       		.byte	0x9
 677 03a2 B0       		.byte	0xb0
 678 03a3 00       		.byte	0
 679 03a4 19       		.uleb128 0x19
 680 03a5 1E000000 		.4byte	.LVL23
 681 03a9 05040000 		.4byte	0x405
 682 03ad B7030000 		.4byte	0x3b7
 683 03b1 1A       		.uleb128 0x1a
 684 03b2 01       		.uleb128 0x1
 685 03b3 51       		.byte	0x51
 686 03b4 01       		.uleb128 0x1
 687 03b5 32       		.byte	0x32
 688 03b6 00       		.byte	0
 689 03b7 1B       		.uleb128 0x1b
 690 03b8 2C000000 		.4byte	.LVL24
 691 03bc 10040000 		.4byte	0x410
 692 03c0 1A       		.uleb128 0x1a
 693 03c1 01       		.uleb128 0x1
 694 03c2 50       		.byte	0x50
 695 03c3 02       		.uleb128 0x2
ARM GAS  C:\Users\samue\AppData\Local\Temp\ccE7tJzb.s 			page 15


 696 03c4 91       		.byte	0x91
 697 03c5 6C       		.sleb128 -20
 698 03c6 1A       		.uleb128 0x1a
 699 03c7 01       		.uleb128 0x1
 700 03c8 51       		.byte	0x51
 701 03c9 02       		.uleb128 0x2
 702 03ca 75       		.byte	0x75
 703 03cb 00       		.sleb128 0
 704 03cc 00       		.byte	0
 705 03cd 00       		.byte	0
 706 03ce 1E       		.uleb128 0x1e
 707 03cf AB000000 		.4byte	.LASF53
 708 03d3 AB000000 		.4byte	.LASF53
 709 03d7 02       		.byte	0x2
 710 03d8 6C       		.byte	0x6c
 711 03d9 1E       		.uleb128 0x1e
 712 03da AE010000 		.4byte	.LASF54
 713 03de AE010000 		.4byte	.LASF54
 714 03e2 02       		.byte	0x2
 715 03e3 69       		.byte	0x69
 716 03e4 1E       		.uleb128 0x1e
 717 03e5 22000000 		.4byte	.LASF55
 718 03e9 22000000 		.4byte	.LASF55
 719 03ed 02       		.byte	0x2
 720 03ee 6B       		.byte	0x6b
 721 03ef 1E       		.uleb128 0x1e
 722 03f0 2F000000 		.4byte	.LASF56
 723 03f4 2F000000 		.4byte	.LASF56
 724 03f8 02       		.byte	0x2
 725 03f9 6F       		.byte	0x6f
 726 03fa 1E       		.uleb128 0x1e
 727 03fb 5E030000 		.4byte	.LASF57
 728 03ff 5E030000 		.4byte	.LASF57
 729 0403 02       		.byte	0x2
 730 0404 6D       		.byte	0x6d
 731 0405 1E       		.uleb128 0x1e
 732 0406 DC000000 		.4byte	.LASF58
 733 040a DC000000 		.4byte	.LASF58
 734 040e 02       		.byte	0x2
 735 040f 67       		.byte	0x67
 736 0410 1E       		.uleb128 0x1e
 737 0411 C2000000 		.4byte	.LASF59
 738 0415 C2000000 		.4byte	.LASF59
 739 0419 02       		.byte	0x2
 740 041a 6E       		.byte	0x6e
 741 041b 00       		.byte	0
 742              		.section	.debug_abbrev,"",%progbits
 743              	.Ldebug_abbrev0:
 744 0000 01       		.uleb128 0x1
 745 0001 11       		.uleb128 0x11
 746 0002 01       		.byte	0x1
 747 0003 25       		.uleb128 0x25
 748 0004 0E       		.uleb128 0xe
 749 0005 13       		.uleb128 0x13
 750 0006 0B       		.uleb128 0xb
 751 0007 03       		.uleb128 0x3
 752 0008 0E       		.uleb128 0xe
ARM GAS  C:\Users\samue\AppData\Local\Temp\ccE7tJzb.s 			page 16


 753 0009 1B       		.uleb128 0x1b
 754 000a 0E       		.uleb128 0xe
 755 000b 55       		.uleb128 0x55
 756 000c 17       		.uleb128 0x17
 757 000d 11       		.uleb128 0x11
 758 000e 01       		.uleb128 0x1
 759 000f 10       		.uleb128 0x10
 760 0010 17       		.uleb128 0x17
 761 0011 00       		.byte	0
 762 0012 00       		.byte	0
 763 0013 02       		.uleb128 0x2
 764 0014 04       		.uleb128 0x4
 765 0015 01       		.byte	0x1
 766 0016 03       		.uleb128 0x3
 767 0017 0E       		.uleb128 0xe
 768 0018 0B       		.uleb128 0xb
 769 0019 0B       		.uleb128 0xb
 770 001a 49       		.uleb128 0x49
 771 001b 13       		.uleb128 0x13
 772 001c 3A       		.uleb128 0x3a
 773 001d 0B       		.uleb128 0xb
 774 001e 3B       		.uleb128 0x3b
 775 001f 0B       		.uleb128 0xb
 776 0020 01       		.uleb128 0x1
 777 0021 13       		.uleb128 0x13
 778 0022 00       		.byte	0
 779 0023 00       		.byte	0
 780 0024 03       		.uleb128 0x3
 781 0025 28       		.uleb128 0x28
 782 0026 00       		.byte	0
 783 0027 03       		.uleb128 0x3
 784 0028 0E       		.uleb128 0xe
 785 0029 1C       		.uleb128 0x1c
 786 002a 0D       		.uleb128 0xd
 787 002b 00       		.byte	0
 788 002c 00       		.byte	0
 789 002d 04       		.uleb128 0x4
 790 002e 28       		.uleb128 0x28
 791 002f 00       		.byte	0
 792 0030 03       		.uleb128 0x3
 793 0031 0E       		.uleb128 0xe
 794 0032 1C       		.uleb128 0x1c
 795 0033 0B       		.uleb128 0xb
 796 0034 00       		.byte	0
 797 0035 00       		.byte	0
 798 0036 05       		.uleb128 0x5
 799 0037 24       		.uleb128 0x24
 800 0038 00       		.byte	0
 801 0039 0B       		.uleb128 0xb
 802 003a 0B       		.uleb128 0xb
 803 003b 3E       		.uleb128 0x3e
 804 003c 0B       		.uleb128 0xb
 805 003d 03       		.uleb128 0x3
 806 003e 0E       		.uleb128 0xe
 807 003f 00       		.byte	0
 808 0040 00       		.byte	0
 809 0041 06       		.uleb128 0x6
ARM GAS  C:\Users\samue\AppData\Local\Temp\ccE7tJzb.s 			page 17


 810 0042 13       		.uleb128 0x13
 811 0043 01       		.byte	0x1
 812 0044 0B       		.uleb128 0xb
 813 0045 0B       		.uleb128 0xb
 814 0046 3A       		.uleb128 0x3a
 815 0047 0B       		.uleb128 0xb
 816 0048 3B       		.uleb128 0x3b
 817 0049 0B       		.uleb128 0xb
 818 004a 01       		.uleb128 0x1
 819 004b 13       		.uleb128 0x13
 820 004c 00       		.byte	0
 821 004d 00       		.byte	0
 822 004e 07       		.uleb128 0x7
 823 004f 0D       		.uleb128 0xd
 824 0050 00       		.byte	0
 825 0051 03       		.uleb128 0x3
 826 0052 0E       		.uleb128 0xe
 827 0053 3A       		.uleb128 0x3a
 828 0054 0B       		.uleb128 0xb
 829 0055 3B       		.uleb128 0x3b
 830 0056 0B       		.uleb128 0xb
 831 0057 49       		.uleb128 0x49
 832 0058 13       		.uleb128 0x13
 833 0059 0B       		.uleb128 0xb
 834 005a 0B       		.uleb128 0xb
 835 005b 0D       		.uleb128 0xd
 836 005c 0B       		.uleb128 0xb
 837 005d 0C       		.uleb128 0xc
 838 005e 0B       		.uleb128 0xb
 839 005f 38       		.uleb128 0x38
 840 0060 0B       		.uleb128 0xb
 841 0061 00       		.byte	0
 842 0062 00       		.byte	0
 843 0063 08       		.uleb128 0x8
 844 0064 0D       		.uleb128 0xd
 845 0065 00       		.byte	0
 846 0066 03       		.uleb128 0x3
 847 0067 08       		.uleb128 0x8
 848 0068 3A       		.uleb128 0x3a
 849 0069 0B       		.uleb128 0xb
 850 006a 3B       		.uleb128 0x3b
 851 006b 0B       		.uleb128 0xb
 852 006c 49       		.uleb128 0x49
 853 006d 13       		.uleb128 0x13
 854 006e 0B       		.uleb128 0xb
 855 006f 0B       		.uleb128 0xb
 856 0070 0D       		.uleb128 0xd
 857 0071 0B       		.uleb128 0xb
 858 0072 0C       		.uleb128 0xc
 859 0073 0B       		.uleb128 0xb
 860 0074 38       		.uleb128 0x38
 861 0075 0B       		.uleb128 0xb
 862 0076 00       		.byte	0
 863 0077 00       		.byte	0
 864 0078 09       		.uleb128 0x9
 865 0079 17       		.uleb128 0x17
 866 007a 01       		.byte	0x1
ARM GAS  C:\Users\samue\AppData\Local\Temp\ccE7tJzb.s 			page 18


 867 007b 0B       		.uleb128 0xb
 868 007c 0B       		.uleb128 0xb
 869 007d 3A       		.uleb128 0x3a
 870 007e 0B       		.uleb128 0xb
 871 007f 3B       		.uleb128 0x3b
 872 0080 0B       		.uleb128 0xb
 873 0081 01       		.uleb128 0x1
 874 0082 13       		.uleb128 0x13
 875 0083 00       		.byte	0
 876 0084 00       		.byte	0
 877 0085 0A       		.uleb128 0xa
 878 0086 0D       		.uleb128 0xd
 879 0087 00       		.byte	0
 880 0088 03       		.uleb128 0x3
 881 0089 0E       		.uleb128 0xe
 882 008a 3A       		.uleb128 0x3a
 883 008b 0B       		.uleb128 0xb
 884 008c 3B       		.uleb128 0x3b
 885 008d 0B       		.uleb128 0xb
 886 008e 49       		.uleb128 0x49
 887 008f 13       		.uleb128 0x13
 888 0090 00       		.byte	0
 889 0091 00       		.byte	0
 890 0092 0B       		.uleb128 0xb
 891 0093 16       		.uleb128 0x16
 892 0094 00       		.byte	0
 893 0095 03       		.uleb128 0x3
 894 0096 0E       		.uleb128 0xe
 895 0097 3A       		.uleb128 0x3a
 896 0098 0B       		.uleb128 0xb
 897 0099 3B       		.uleb128 0x3b
 898 009a 0B       		.uleb128 0xb
 899 009b 49       		.uleb128 0x49
 900 009c 13       		.uleb128 0x13
 901 009d 00       		.byte	0
 902 009e 00       		.byte	0
 903 009f 0C       		.uleb128 0xc
 904 00a0 0D       		.uleb128 0xd
 905 00a1 00       		.byte	0
 906 00a2 03       		.uleb128 0x3
 907 00a3 08       		.uleb128 0x8
 908 00a4 3A       		.uleb128 0x3a
 909 00a5 0B       		.uleb128 0xb
 910 00a6 3B       		.uleb128 0x3b
 911 00a7 0B       		.uleb128 0xb
 912 00a8 49       		.uleb128 0x49
 913 00a9 13       		.uleb128 0x13
 914 00aa 38       		.uleb128 0x38
 915 00ab 0B       		.uleb128 0xb
 916 00ac 00       		.byte	0
 917 00ad 00       		.byte	0
 918 00ae 0D       		.uleb128 0xd
 919 00af 0D       		.uleb128 0xd
 920 00b0 00       		.byte	0
 921 00b1 03       		.uleb128 0x3
 922 00b2 0E       		.uleb128 0xe
 923 00b3 3A       		.uleb128 0x3a
ARM GAS  C:\Users\samue\AppData\Local\Temp\ccE7tJzb.s 			page 19


 924 00b4 0B       		.uleb128 0xb
 925 00b5 3B       		.uleb128 0x3b
 926 00b6 0B       		.uleb128 0xb
 927 00b7 49       		.uleb128 0x49
 928 00b8 13       		.uleb128 0x13
 929 00b9 38       		.uleb128 0x38
 930 00ba 0B       		.uleb128 0xb
 931 00bb 00       		.byte	0
 932 00bc 00       		.byte	0
 933 00bd 0E       		.uleb128 0xe
 934 00be 24       		.uleb128 0x24
 935 00bf 00       		.byte	0
 936 00c0 0B       		.uleb128 0xb
 937 00c1 0B       		.uleb128 0xb
 938 00c2 3E       		.uleb128 0x3e
 939 00c3 0B       		.uleb128 0xb
 940 00c4 03       		.uleb128 0x3
 941 00c5 08       		.uleb128 0x8
 942 00c6 00       		.byte	0
 943 00c7 00       		.byte	0
 944 00c8 0F       		.uleb128 0xf
 945 00c9 0F       		.uleb128 0xf
 946 00ca 00       		.byte	0
 947 00cb 0B       		.uleb128 0xb
 948 00cc 0B       		.uleb128 0xb
 949 00cd 49       		.uleb128 0x49
 950 00ce 13       		.uleb128 0x13
 951 00cf 00       		.byte	0
 952 00d0 00       		.byte	0
 953 00d1 10       		.uleb128 0x10
 954 00d2 2E       		.uleb128 0x2e
 955 00d3 01       		.byte	0x1
 956 00d4 3F       		.uleb128 0x3f
 957 00d5 19       		.uleb128 0x19
 958 00d6 03       		.uleb128 0x3
 959 00d7 0E       		.uleb128 0xe
 960 00d8 3A       		.uleb128 0x3a
 961 00d9 0B       		.uleb128 0xb
 962 00da 3B       		.uleb128 0x3b
 963 00db 0B       		.uleb128 0xb
 964 00dc 27       		.uleb128 0x27
 965 00dd 19       		.uleb128 0x19
 966 00de 49       		.uleb128 0x49
 967 00df 13       		.uleb128 0x13
 968 00e0 11       		.uleb128 0x11
 969 00e1 01       		.uleb128 0x1
 970 00e2 12       		.uleb128 0x12
 971 00e3 06       		.uleb128 0x6
 972 00e4 40       		.uleb128 0x40
 973 00e5 18       		.uleb128 0x18
 974 00e6 9742     		.uleb128 0x2117
 975 00e8 19       		.uleb128 0x19
 976 00e9 01       		.uleb128 0x1
 977 00ea 13       		.uleb128 0x13
 978 00eb 00       		.byte	0
 979 00ec 00       		.byte	0
 980 00ed 11       		.uleb128 0x11
ARM GAS  C:\Users\samue\AppData\Local\Temp\ccE7tJzb.s 			page 20


 981 00ee 05       		.uleb128 0x5
 982 00ef 00       		.byte	0
 983 00f0 03       		.uleb128 0x3
 984 00f1 08       		.uleb128 0x8
 985 00f2 3A       		.uleb128 0x3a
 986 00f3 0B       		.uleb128 0xb
 987 00f4 3B       		.uleb128 0x3b
 988 00f5 0B       		.uleb128 0xb
 989 00f6 49       		.uleb128 0x49
 990 00f7 13       		.uleb128 0x13
 991 00f8 02       		.uleb128 0x2
 992 00f9 17       		.uleb128 0x17
 993 00fa 00       		.byte	0
 994 00fb 00       		.byte	0
 995 00fc 12       		.uleb128 0x12
 996 00fd 05       		.uleb128 0x5
 997 00fe 00       		.byte	0
 998 00ff 03       		.uleb128 0x3
 999 0100 0E       		.uleb128 0xe
 1000 0101 3A       		.uleb128 0x3a
 1001 0102 0B       		.uleb128 0xb
 1002 0103 3B       		.uleb128 0x3b
 1003 0104 0B       		.uleb128 0xb
 1004 0105 49       		.uleb128 0x49
 1005 0106 13       		.uleb128 0x13
 1006 0107 02       		.uleb128 0x2
 1007 0108 17       		.uleb128 0x17
 1008 0109 00       		.byte	0
 1009 010a 00       		.byte	0
 1010 010b 13       		.uleb128 0x13
 1011 010c 05       		.uleb128 0x5
 1012 010d 00       		.byte	0
 1013 010e 03       		.uleb128 0x3
 1014 010f 0E       		.uleb128 0xe
 1015 0110 3A       		.uleb128 0x3a
 1016 0111 0B       		.uleb128 0xb
 1017 0112 3B       		.uleb128 0x3b
 1018 0113 0B       		.uleb128 0xb
 1019 0114 49       		.uleb128 0x49
 1020 0115 13       		.uleb128 0x13
 1021 0116 02       		.uleb128 0x2
 1022 0117 18       		.uleb128 0x18
 1023 0118 00       		.byte	0
 1024 0119 00       		.byte	0
 1025 011a 14       		.uleb128 0x14
 1026 011b 05       		.uleb128 0x5
 1027 011c 00       		.byte	0
 1028 011d 03       		.uleb128 0x3
 1029 011e 08       		.uleb128 0x8
 1030 011f 3A       		.uleb128 0x3a
 1031 0120 0B       		.uleb128 0xb
 1032 0121 3B       		.uleb128 0x3b
 1033 0122 0B       		.uleb128 0xb
 1034 0123 49       		.uleb128 0x49
 1035 0124 13       		.uleb128 0x13
 1036 0125 02       		.uleb128 0x2
 1037 0126 18       		.uleb128 0x18
ARM GAS  C:\Users\samue\AppData\Local\Temp\ccE7tJzb.s 			page 21


 1038 0127 00       		.byte	0
 1039 0128 00       		.byte	0
 1040 0129 15       		.uleb128 0x15
 1041 012a 34       		.uleb128 0x34
 1042 012b 00       		.byte	0
 1043 012c 03       		.uleb128 0x3
 1044 012d 0E       		.uleb128 0xe
 1045 012e 3A       		.uleb128 0x3a
 1046 012f 0B       		.uleb128 0xb
 1047 0130 3B       		.uleb128 0x3b
 1048 0131 0B       		.uleb128 0xb
 1049 0132 49       		.uleb128 0x49
 1050 0133 13       		.uleb128 0x13
 1051 0134 02       		.uleb128 0x2
 1052 0135 17       		.uleb128 0x17
 1053 0136 00       		.byte	0
 1054 0137 00       		.byte	0
 1055 0138 16       		.uleb128 0x16
 1056 0139 34       		.uleb128 0x34
 1057 013a 00       		.byte	0
 1058 013b 03       		.uleb128 0x3
 1059 013c 0E       		.uleb128 0xe
 1060 013d 3A       		.uleb128 0x3a
 1061 013e 0B       		.uleb128 0xb
 1062 013f 3B       		.uleb128 0x3b
 1063 0140 0B       		.uleb128 0xb
 1064 0141 49       		.uleb128 0x49
 1065 0142 13       		.uleb128 0x13
 1066 0143 02       		.uleb128 0x2
 1067 0144 18       		.uleb128 0x18
 1068 0145 00       		.byte	0
 1069 0146 00       		.byte	0
 1070 0147 17       		.uleb128 0x17
 1071 0148 34       		.uleb128 0x34
 1072 0149 00       		.byte	0
 1073 014a 03       		.uleb128 0x3
 1074 014b 08       		.uleb128 0x8
 1075 014c 3A       		.uleb128 0x3a
 1076 014d 0B       		.uleb128 0xb
 1077 014e 3B       		.uleb128 0x3b
 1078 014f 0B       		.uleb128 0xb
 1079 0150 49       		.uleb128 0x49
 1080 0151 13       		.uleb128 0x13
 1081 0152 02       		.uleb128 0x2
 1082 0153 17       		.uleb128 0x17
 1083 0154 00       		.byte	0
 1084 0155 00       		.byte	0
 1085 0156 18       		.uleb128 0x18
 1086 0157 0A       		.uleb128 0xa
 1087 0158 00       		.byte	0
 1088 0159 03       		.uleb128 0x3
 1089 015a 0E       		.uleb128 0xe
 1090 015b 3A       		.uleb128 0x3a
 1091 015c 0B       		.uleb128 0xb
 1092 015d 3B       		.uleb128 0x3b
 1093 015e 0B       		.uleb128 0xb
 1094 015f 11       		.uleb128 0x11
ARM GAS  C:\Users\samue\AppData\Local\Temp\ccE7tJzb.s 			page 22


 1095 0160 01       		.uleb128 0x1
 1096 0161 00       		.byte	0
 1097 0162 00       		.byte	0
 1098 0163 19       		.uleb128 0x19
 1099 0164 898201   		.uleb128 0x4109
 1100 0167 01       		.byte	0x1
 1101 0168 11       		.uleb128 0x11
 1102 0169 01       		.uleb128 0x1
 1103 016a 31       		.uleb128 0x31
 1104 016b 13       		.uleb128 0x13
 1105 016c 01       		.uleb128 0x1
 1106 016d 13       		.uleb128 0x13
 1107 016e 00       		.byte	0
 1108 016f 00       		.byte	0
 1109 0170 1A       		.uleb128 0x1a
 1110 0171 8A8201   		.uleb128 0x410a
 1111 0174 00       		.byte	0
 1112 0175 02       		.uleb128 0x2
 1113 0176 18       		.uleb128 0x18
 1114 0177 9142     		.uleb128 0x2111
 1115 0179 18       		.uleb128 0x18
 1116 017a 00       		.byte	0
 1117 017b 00       		.byte	0
 1118 017c 1B       		.uleb128 0x1b
 1119 017d 898201   		.uleb128 0x4109
 1120 0180 01       		.byte	0x1
 1121 0181 11       		.uleb128 0x11
 1122 0182 01       		.uleb128 0x1
 1123 0183 31       		.uleb128 0x31
 1124 0184 13       		.uleb128 0x13
 1125 0185 00       		.byte	0
 1126 0186 00       		.byte	0
 1127 0187 1C       		.uleb128 0x1c
 1128 0188 34       		.uleb128 0x34
 1129 0189 00       		.byte	0
 1130 018a 03       		.uleb128 0x3
 1131 018b 0E       		.uleb128 0xe
 1132 018c 3A       		.uleb128 0x3a
 1133 018d 0B       		.uleb128 0xb
 1134 018e 3B       		.uleb128 0x3b
 1135 018f 0B       		.uleb128 0xb
 1136 0190 49       		.uleb128 0x49
 1137 0191 13       		.uleb128 0x13
 1138 0192 00       		.byte	0
 1139 0193 00       		.byte	0
 1140 0194 1D       		.uleb128 0x1d
 1141 0195 34       		.uleb128 0x34
 1142 0196 00       		.byte	0
 1143 0197 03       		.uleb128 0x3
 1144 0198 08       		.uleb128 0x8
 1145 0199 3A       		.uleb128 0x3a
 1146 019a 0B       		.uleb128 0xb
 1147 019b 3B       		.uleb128 0x3b
 1148 019c 0B       		.uleb128 0xb
 1149 019d 49       		.uleb128 0x49
 1150 019e 13       		.uleb128 0x13
 1151 019f 02       		.uleb128 0x2
ARM GAS  C:\Users\samue\AppData\Local\Temp\ccE7tJzb.s 			page 23


 1152 01a0 18       		.uleb128 0x18
 1153 01a1 00       		.byte	0
 1154 01a2 00       		.byte	0
 1155 01a3 1E       		.uleb128 0x1e
 1156 01a4 2E       		.uleb128 0x2e
 1157 01a5 00       		.byte	0
 1158 01a6 3F       		.uleb128 0x3f
 1159 01a7 19       		.uleb128 0x19
 1160 01a8 3C       		.uleb128 0x3c
 1161 01a9 19       		.uleb128 0x19
 1162 01aa 6E       		.uleb128 0x6e
 1163 01ab 0E       		.uleb128 0xe
 1164 01ac 03       		.uleb128 0x3
 1165 01ad 0E       		.uleb128 0xe
 1166 01ae 3A       		.uleb128 0x3a
 1167 01af 0B       		.uleb128 0xb
 1168 01b0 3B       		.uleb128 0x3b
 1169 01b1 0B       		.uleb128 0xb
 1170 01b2 00       		.byte	0
 1171 01b3 00       		.byte	0
 1172 01b4 00       		.byte	0
 1173              		.section	.debug_loc,"",%progbits
 1174              	.Ldebug_loc0:
 1175              	.LLST0:
 1176 0000 00000000 		.4byte	.LVL0
 1177 0004 18000000 		.4byte	.LVL3
 1178 0008 0100     		.2byte	0x1
 1179 000a 50       		.byte	0x50
 1180 000b 18000000 		.4byte	.LVL3
 1181 000f 3C000000 		.4byte	.LVL10
 1182 0013 0100     		.2byte	0x1
 1183 0015 55       		.byte	0x55
 1184 0016 3C000000 		.4byte	.LVL10
 1185 001a 78000000 		.4byte	.LVL16
 1186 001e 0400     		.2byte	0x4
 1187 0020 F3       		.byte	0xf3
 1188 0021 01       		.uleb128 0x1
 1189 0022 50       		.byte	0x50
 1190 0023 9F       		.byte	0x9f
 1191 0024 78000000 		.4byte	.LVL16
 1192 0028 7A000000 		.4byte	.LVL17
 1193 002c 0100     		.2byte	0x1
 1194 002e 55       		.byte	0x55
 1195 002f 7A000000 		.4byte	.LVL17
 1196 0033 82000000 		.4byte	.LFE1
 1197 0037 0400     		.2byte	0x4
 1198 0039 F3       		.byte	0xf3
 1199 003a 01       		.uleb128 0x1
 1200 003b 50       		.byte	0x50
 1201 003c 9F       		.byte	0x9f
 1202 003d 00000000 		.4byte	0
 1203 0041 00000000 		.4byte	0
 1204              	.LLST1:
 1205 0045 00000000 		.4byte	.LVL0
 1206 0049 1B000000 		.4byte	.LVL4-1
 1207 004d 0100     		.2byte	0x1
 1208 004f 51       		.byte	0x51
ARM GAS  C:\Users\samue\AppData\Local\Temp\ccE7tJzb.s 			page 24


 1209 0050 1B000000 		.4byte	.LVL4-1
 1210 0054 82000000 		.4byte	.LFE1
 1211 0058 0100     		.2byte	0x1
 1212 005a 58       		.byte	0x58
 1213 005b 00000000 		.4byte	0
 1214 005f 00000000 		.4byte	0
 1215              	.LLST2:
 1216 0063 00000000 		.4byte	.LVL0
 1217 0067 1B000000 		.4byte	.LVL4-1
 1218 006b 0100     		.2byte	0x1
 1219 006d 52       		.byte	0x52
 1220 006e 1B000000 		.4byte	.LVL4-1
 1221 0072 82000000 		.4byte	.LFE1
 1222 0076 0400     		.2byte	0x4
 1223 0078 F3       		.byte	0xf3
 1224 0079 01       		.uleb128 0x1
 1225 007a 52       		.byte	0x52
 1226 007b 9F       		.byte	0x9f
 1227 007c 00000000 		.4byte	0
 1228 0080 00000000 		.4byte	0
 1229              	.LLST3:
 1230 0084 00000000 		.4byte	.LVL0
 1231 0088 10000000 		.4byte	.LVL1
 1232 008c 0100     		.2byte	0x1
 1233 008e 53       		.byte	0x53
 1234 008f 10000000 		.4byte	.LVL1
 1235 0093 82000000 		.4byte	.LFE1
 1236 0097 0100     		.2byte	0x1
 1237 0099 54       		.byte	0x54
 1238 009a 00000000 		.4byte	0
 1239 009e 00000000 		.4byte	0
 1240              	.LLST4:
 1241 00a2 22000000 		.4byte	.LVL6
 1242 00a6 2E000000 		.4byte	.LVL7
 1243 00aa 0100     		.2byte	0x1
 1244 00ac 53       		.byte	0x53
 1245 00ad 78000000 		.4byte	.LVL16
 1246 00b1 82000000 		.4byte	.LFE1
 1247 00b5 0100     		.2byte	0x1
 1248 00b7 53       		.byte	0x53
 1249 00b8 00000000 		.4byte	0
 1250 00bc 00000000 		.4byte	0
 1251              	.LLST5:
 1252 00c0 12000000 		.4byte	.LVL2
 1253 00c4 44000000 		.4byte	.LVL11
 1254 00c8 0200     		.2byte	0x2
 1255 00ca 30       		.byte	0x30
 1256 00cb 9F       		.byte	0x9f
 1257 00cc 44000000 		.4byte	.LVL11
 1258 00d0 78000000 		.4byte	.LVL16
 1259 00d4 0100     		.2byte	0x1
 1260 00d6 55       		.byte	0x55
 1261 00d7 78000000 		.4byte	.LVL16
 1262 00db 7A000000 		.4byte	.LVL17
 1263 00df 0200     		.2byte	0x2
 1264 00e1 30       		.byte	0x30
 1265 00e2 9F       		.byte	0x9f
ARM GAS  C:\Users\samue\AppData\Local\Temp\ccE7tJzb.s 			page 25


 1266 00e3 00000000 		.4byte	0
 1267 00e7 00000000 		.4byte	0
 1268              	.LLST6:
 1269 00eb 12000000 		.4byte	.LVL2
 1270 00ef 3A000000 		.4byte	.LVL9
 1271 00f3 0200     		.2byte	0x2
 1272 00f5 30       		.byte	0x30
 1273 00f6 9F       		.byte	0x9f
 1274 00f7 3A000000 		.4byte	.LVL9
 1275 00fb 46000000 		.4byte	.LVL12
 1276 00ff 0100     		.2byte	0x1
 1277 0101 50       		.byte	0x50
 1278 0102 46000000 		.4byte	.LVL12
 1279 0106 76000000 		.4byte	.LVL15
 1280 010a 0100     		.2byte	0x1
 1281 010c 57       		.byte	0x57
 1282 010d 78000000 		.4byte	.LVL16
 1283 0111 7A000000 		.4byte	.LVL17
 1284 0115 0200     		.2byte	0x2
 1285 0117 30       		.byte	0x30
 1286 0118 9F       		.byte	0x9f
 1287 0119 7A000000 		.4byte	.LVL17
 1288 011d 82000000 		.4byte	.LFE1
 1289 0121 0100     		.2byte	0x1
 1290 0123 57       		.byte	0x57
 1291 0124 00000000 		.4byte	0
 1292 0128 00000000 		.4byte	0
 1293              	.LLST7:
 1294 012c 00000000 		.4byte	.LVL18
 1295 0130 12000000 		.4byte	.LVL21
 1296 0134 0100     		.2byte	0x1
 1297 0136 50       		.byte	0x50
 1298 0137 12000000 		.4byte	.LVL21
 1299 013b 32000000 		.4byte	.LVL26
 1300 013f 0100     		.2byte	0x1
 1301 0141 54       		.byte	0x54
 1302 0142 32000000 		.4byte	.LVL26
 1303 0146 36000000 		.4byte	.LVL27
 1304 014a 0100     		.2byte	0x1
 1305 014c 50       		.byte	0x50
 1306 014d 36000000 		.4byte	.LVL27
 1307 0151 3A000000 		.4byte	.LFE2
 1308 0155 0400     		.2byte	0x4
 1309 0157 F3       		.byte	0xf3
 1310 0158 01       		.uleb128 0x1
 1311 0159 50       		.byte	0x50
 1312 015a 9F       		.byte	0x9f
 1313 015b 00000000 		.4byte	0
 1314 015f 00000000 		.4byte	0
 1315              	.LLST8:
 1316 0163 00000000 		.4byte	.LVL18
 1317 0167 10000000 		.4byte	.LVL20
 1318 016b 0100     		.2byte	0x1
 1319 016d 51       		.byte	0x51
 1320 016e 10000000 		.4byte	.LVL20
 1321 0172 32000000 		.4byte	.LVL26
 1322 0176 0400     		.2byte	0x4
ARM GAS  C:\Users\samue\AppData\Local\Temp\ccE7tJzb.s 			page 26


 1323 0178 F3       		.byte	0xf3
 1324 0179 01       		.uleb128 0x1
 1325 017a 51       		.byte	0x51
 1326 017b 9F       		.byte	0x9f
 1327 017c 32000000 		.4byte	.LVL26
 1328 0180 36000000 		.4byte	.LVL27
 1329 0184 0100     		.2byte	0x1
 1330 0186 51       		.byte	0x51
 1331 0187 36000000 		.4byte	.LVL27
 1332 018b 3A000000 		.4byte	.LFE2
 1333 018f 0400     		.2byte	0x4
 1334 0191 F3       		.byte	0xf3
 1335 0192 01       		.uleb128 0x1
 1336 0193 51       		.byte	0x51
 1337 0194 9F       		.byte	0x9f
 1338 0195 00000000 		.4byte	0
 1339 0199 00000000 		.4byte	0
 1340              	.LLST9:
 1341 019d 00000000 		.4byte	.LVL18
 1342 01a1 15000000 		.4byte	.LVL22-1
 1343 01a5 0100     		.2byte	0x1
 1344 01a7 52       		.byte	0x52
 1345 01a8 15000000 		.4byte	.LVL22-1
 1346 01ac 32000000 		.4byte	.LVL26
 1347 01b0 0400     		.2byte	0x4
 1348 01b2 F3       		.byte	0xf3
 1349 01b3 01       		.uleb128 0x1
 1350 01b4 52       		.byte	0x52
 1351 01b5 9F       		.byte	0x9f
 1352 01b6 32000000 		.4byte	.LVL26
 1353 01ba 36000000 		.4byte	.LVL27
 1354 01be 0100     		.2byte	0x1
 1355 01c0 52       		.byte	0x52
 1356 01c1 36000000 		.4byte	.LVL27
 1357 01c5 3A000000 		.4byte	.LFE2
 1358 01c9 0400     		.2byte	0x4
 1359 01cb F3       		.byte	0xf3
 1360 01cc 01       		.uleb128 0x1
 1361 01cd 52       		.byte	0x52
 1362 01ce 9F       		.byte	0x9f
 1363 01cf 00000000 		.4byte	0
 1364 01d3 00000000 		.4byte	0
 1365              	.LLST10:
 1366 01d7 04000000 		.4byte	.LVL19
 1367 01db 30000000 		.4byte	.LVL25
 1368 01df 0200     		.2byte	0x2
 1369 01e1 30       		.byte	0x30
 1370 01e2 9F       		.byte	0x9f
 1371 01e3 30000000 		.4byte	.LVL25
 1372 01e7 32000000 		.4byte	.LVL26
 1373 01eb 0100     		.2byte	0x1
 1374 01ed 50       		.byte	0x50
 1375 01ee 32000000 		.4byte	.LVL26
 1376 01f2 36000000 		.4byte	.LVL27
 1377 01f6 0200     		.2byte	0x2
 1378 01f8 30       		.byte	0x30
 1379 01f9 9F       		.byte	0x9f
ARM GAS  C:\Users\samue\AppData\Local\Temp\ccE7tJzb.s 			page 27


 1380 01fa 36000000 		.4byte	.LVL27
 1381 01fe 3A000000 		.4byte	.LFE2
 1382 0202 0100     		.2byte	0x1
 1383 0204 50       		.byte	0x50
 1384 0205 00000000 		.4byte	0
 1385 0209 00000000 		.4byte	0
 1386              		.section	.debug_aranges,"",%progbits
 1387 0000 24000000 		.4byte	0x24
 1388 0004 0200     		.2byte	0x2
 1389 0006 00000000 		.4byte	.Ldebug_info0
 1390 000a 04       		.byte	0x4
 1391 000b 00       		.byte	0
 1392 000c 0000     		.2byte	0
 1393 000e 0000     		.2byte	0
 1394 0010 00000000 		.4byte	.LFB1
 1395 0014 82000000 		.4byte	.LFE1-.LFB1
 1396 0018 00000000 		.4byte	.LFB2
 1397 001c 3A000000 		.4byte	.LFE2-.LFB2
 1398 0020 00000000 		.4byte	0
 1399 0024 00000000 		.4byte	0
 1400              		.section	.debug_ranges,"",%progbits
 1401              	.Ldebug_ranges0:
 1402 0000 00000000 		.4byte	.LFB1
 1403 0004 82000000 		.4byte	.LFE1
 1404 0008 00000000 		.4byte	.LFB2
 1405 000c 3A000000 		.4byte	.LFE2
 1406 0010 00000000 		.4byte	0
 1407 0014 00000000 		.4byte	0
 1408              		.section	.debug_line,"",%progbits
 1409              	.Ldebug_line0:
 1410 0000 AA000000 		.section	.debug_str,"MS",%progbits,1
 1410      02006500 
 1410      00000201 
 1410      FB0E0D00 
 1410      01010101 
 1411              	.LASF0:
 1412 0000 4D515454 		.ascii	"MQTTPACKET_BUFFER_TOO_SHORT\000"
 1412      5041434B 
 1412      45545F42 
 1412      55464645 
 1412      525F544F 
 1413              	.LASF43:
 1414 001c 636F756E 		.ascii	"count\000"
 1414      7400
 1415              	.LASF55:
 1416 0022 72656164 		.ascii	"readInt\000"
 1416      496E7400 
 1417              	.LASF22:
 1418 002a 74797065 		.ascii	"type\000"
 1418      00
 1419              	.LASF56:
 1420 002f 72656164 		.ascii	"readMQTTLenString\000"
 1420      4D515454 
 1420      4C656E53 
 1420      7472696E 
 1420      6700
 1421              	.LASF15:
ARM GAS  C:\Users\samue\AppData\Local\Temp\ccE7tJzb.s 			page 28


 1422 0041 554E5355 		.ascii	"UNSUBACK\000"
 1422      4241434B 
 1422      00
 1423              	.LASF21:
 1424 004a 72657461 		.ascii	"retain\000"
 1424      696E00
 1425              	.LASF31:
 1426 0051 6C656E73 		.ascii	"lenstring\000"
 1426      7472696E 
 1426      6700
 1427              	.LASF39:
 1428 005b 6C6F6E67 		.ascii	"long long unsigned int\000"
 1428      206C6F6E 
 1428      6720756E 
 1428      7369676E 
 1428      65642069 
 1429              	.LASF42:
 1430 0072 6D617863 		.ascii	"maxcount\000"
 1430      6F756E74 
 1430      00
 1431              	.LASF1:
 1432 007b 4D515454 		.ascii	"MQTTPACKET_READ_ERROR\000"
 1432      5041434B 
 1432      45545F52 
 1432      4541445F 
 1432      4552524F 
 1433              	.LASF38:
 1434 0091 6C6F6E67 		.ascii	"long long int\000"
 1434      206C6F6E 
 1434      6720696E 
 1434      7400
 1435              	.LASF19:
 1436 009f 7369676E 		.ascii	"signed char\000"
 1436      65642063 
 1436      68617200 
 1437              	.LASF53:
 1438 00ab 72656164 		.ascii	"readChar\000"
 1438      43686172 
 1438      00
 1439              	.LASF25:
 1440 00b4 62697473 		.ascii	"bits\000"
 1440      00
 1441              	.LASF36:
 1442 00b9 6C6F6E67 		.ascii	"long int\000"
 1442      20696E74 
 1442      00
 1443              	.LASF59:
 1444 00c2 77726974 		.ascii	"writeInt\000"
 1444      65496E74 
 1444      00
 1445              	.LASF14:
 1446 00cb 554E5355 		.ascii	"UNSUBSCRIBE\000"
 1446      42534352 
 1446      49424500 
 1447              	.LASF24:
 1448 00d7 62797465 		.ascii	"byte\000"
 1448      00
ARM GAS  C:\Users\samue\AppData\Local\Temp\ccE7tJzb.s 			page 29


 1449              	.LASF58:
 1450 00dc 4D515454 		.ascii	"MQTTPacket_encode\000"
 1450      5061636B 
 1450      65745F65 
 1450      6E636F64 
 1450      6500
 1451              	.LASF4:
 1452 00ee 6D736754 		.ascii	"msgTypes\000"
 1452      79706573 
 1452      00
 1453              	.LASF23:
 1454 00f7 756E7369 		.ascii	"unsigned int\000"
 1454      676E6564 
 1454      20696E74 
 1454      00
 1455              	.LASF6:
 1456 0104 434F4E4E 		.ascii	"CONNACK\000"
 1456      41434B00 
 1457              	.LASF3:
 1458 010c 6572726F 		.ascii	"errors\000"
 1458      727300
 1459              	.LASF37:
 1460 0113 6C6F6E67 		.ascii	"long unsigned int\000"
 1460      20756E73 
 1460      69676E65 
 1460      6420696E 
 1460      7400
 1461              	.LASF47:
 1462 0125 656E6464 		.ascii	"enddata\000"
 1462      61746100 
 1463              	.LASF26:
 1464 012d 64617461 		.ascii	"data\000"
 1464      00
 1465              	.LASF34:
 1466 0132 73686F72 		.ascii	"short unsigned int\000"
 1466      7420756E 
 1466      7369676E 
 1466      65642069 
 1466      6E7400
 1467              	.LASF2:
 1468 0145 4D515454 		.ascii	"MQTTPACKET_READ_COMPLETE\000"
 1468      5041434B 
 1468      45545F52 
 1468      4541445F 
 1468      434F4D50 
 1469              	.LASF13:
 1470 015e 53554241 		.ascii	"SUBACK\000"
 1470      434B00
 1471              	.LASF32:
 1472 0165 4D515454 		.ascii	"MQTTString\000"
 1472      53747269 
 1472      6E6700
 1473              	.LASF41:
 1474 0170 7061636B 		.ascii	"packetid\000"
 1474      65746964 
 1474      00
 1475              	.LASF33:
ARM GAS  C:\Users\samue\AppData\Local\Temp\ccE7tJzb.s 			page 30


 1476 0179 73697A65 		.ascii	"sizetype\000"
 1476      74797065 
 1476      00
 1477              	.LASF40:
 1478 0182 6C6F6E67 		.ascii	"long double\000"
 1478      20646F75 
 1478      626C6500 
 1479              	.LASF44:
 1480 018e 746F7069 		.ascii	"topicFilters\000"
 1480      6346696C 
 1480      74657273 
 1480      00
 1481              	.LASF30:
 1482 019b 63737472 		.ascii	"cstring\000"
 1482      696E6700 
 1483              	.LASF18:
 1484 01a3 44495343 		.ascii	"DISCONNECT\000"
 1484      4F4E4E45 
 1484      435400
 1485              	.LASF54:
 1486 01ae 4D515454 		.ascii	"MQTTPacket_decodeBuf\000"
 1486      5061636B 
 1486      65745F64 
 1486      65636F64 
 1486      65427566 
 1487              	.LASF46:
 1488 01c3 63757264 		.ascii	"curdata\000"
 1488      61746100 
 1489              	.LASF48:
 1490 01cb 6D796C65 		.ascii	"mylen\000"
 1490      6E00
 1491              	.LASF50:
 1492 01d1 4D515454 		.ascii	"MQTTSerialize_unsuback\000"
 1492      53657269 
 1492      616C697A 
 1492      655F756E 
 1492      73756261 
 1493              	.LASF62:
 1494 01e8 433A5C55 		.ascii	"C:\\Users\\samue\\Desktop\\RobotRage2\\Zumo\\ZumoBo"
 1494      73657273 
 1494      5C73616D 
 1494      75655C44 
 1494      65736B74 
 1495 0215 742E6379 		.ascii	"t.cydsn\000"
 1495      64736E00 
 1496              	.LASF17:
 1497 021d 50494E47 		.ascii	"PINGRESP\000"
 1497      52455350 
 1497      00
 1498              	.LASF5:
 1499 0226 434F4E4E 		.ascii	"CONNECT\000"
 1499      45435400 
 1500              	.LASF20:
 1501 022e 756E7369 		.ascii	"unsigned char\000"
 1501      676E6564 
 1501      20636861 
 1501      7200
ARM GAS  C:\Users\samue\AppData\Local\Temp\ccE7tJzb.s 			page 31


 1502              	.LASF35:
 1503 023c 73686F72 		.ascii	"short int\000"
 1503      7420696E 
 1503      7400
 1504              	.LASF7:
 1505 0246 5055424C 		.ascii	"PUBLISH\000"
 1505      49534800 
 1506              	.LASF60:
 1507 024e 474E5520 		.ascii	"GNU C11 5.4.1 20160609 (release) [ARM/embedded-5-br"
 1507      43313120 
 1507      352E342E 
 1507      31203230 
 1507      31363036 
 1508 0281 616E6368 		.ascii	"anch revision 237715] -mcpu=cortex-m3 -mthumb -g -O"
 1508      20726576 
 1508      6973696F 
 1508      6E203233 
 1508      37373135 
 1509 02b4 67202D66 		.ascii	"g -ffunction-sections -ffat-lto-objects\000"
 1509      66756E63 
 1509      74696F6E 
 1509      2D736563 
 1509      74696F6E 
 1510              	.LASF51:
 1511 02dc 6275666C 		.ascii	"buflen\000"
 1511      656E00
 1512              	.LASF52:
 1513 02e3 65786974 		.ascii	"exit\000"
 1513      00
 1514              	.LASF28:
 1515 02e8 4D515454 		.ascii	"MQTTHeader\000"
 1515      48656164 
 1515      657200
 1516              	.LASF29:
 1517 02f3 4D515454 		.ascii	"MQTTLenString\000"
 1517      4C656E53 
 1517      7472696E 
 1517      6700
 1518              	.LASF12:
 1519 0301 53554253 		.ascii	"SUBSCRIBE\000"
 1519      43524942 
 1519      4500
 1520              	.LASF27:
 1521 030b 63686172 		.ascii	"char\000"
 1521      00
 1522              	.LASF61:
 1523 0310 2E2E5C70 		.ascii	"..\\paho.mqtt.embedded-c\\MQTTPacket\\src\\MQTTUnsu"
 1523      61686F2E 
 1523      6D717474 
 1523      2E656D62 
 1523      65646465 
 1524 033f 62736372 		.ascii	"bscribeServer.c\000"
 1524      69626553 
 1524      65727665 
 1524      722E6300 
 1525              	.LASF8:
 1526 034f 50554241 		.ascii	"PUBACK\000"
ARM GAS  C:\Users\samue\AppData\Local\Temp\ccE7tJzb.s 			page 32


 1526      434B00
 1527              	.LASF11:
 1528 0356 50554243 		.ascii	"PUBCOMP\000"
 1528      4F4D5000 
 1529              	.LASF57:
 1530 035e 77726974 		.ascii	"writeChar\000"
 1530      65436861 
 1530      7200
 1531              	.LASF9:
 1532 0368 50554252 		.ascii	"PUBREC\000"
 1532      454300
 1533              	.LASF49:
 1534 036f 4D515454 		.ascii	"MQTTDeserialize_unsubscribe\000"
 1534      44657365 
 1534      7269616C 
 1534      697A655F 
 1534      756E7375 
 1535              	.LASF10:
 1536 038b 50554252 		.ascii	"PUBREL\000"
 1536      454C00
 1537              	.LASF16:
 1538 0392 50494E47 		.ascii	"PINGREQ\000"
 1538      52455100 
 1539              	.LASF45:
 1540 039a 68656164 		.ascii	"header\000"
 1540      657200
 1541              		.ident	"GCC: (GNU Tools for ARM Embedded Processors) 5.4.1 20160609 (release) [ARM/embedded-5-bran
