ARM GAS  C:\Users\samue\AppData\Local\Temp\ccGDktMv.s 			page 1


   1              		.syntax unified
   2              		.cpu cortex-m3
   3              		.fpu softvfp
   4              		.eabi_attribute 20, 1
   5              		.eabi_attribute 21, 1
   6              		.eabi_attribute 23, 3
   7              		.eabi_attribute 24, 1
   8              		.eabi_attribute 25, 1
   9              		.eabi_attribute 26, 1
  10              		.eabi_attribute 30, 1
  11              		.eabi_attribute 34, 1
  12              		.eabi_attribute 18, 4
  13              		.thumb
  14              		.syntax unified
  15              		.file	"serial1.c"
  16              		.text
  17              	.Ltext0:
  18              		.cfi_sections	.debug_frame
  19              		.section	.text.vUart1RxISR,"ax",%progbits
  20              		.align	2
  21              		.global	vUart1RxISR
  22              		.thumb
  23              		.thumb_func
  24              		.type	vUart1RxISR, %function
  25              	vUart1RxISR:
  26              	.LFB72:
  27              		.file 1 "ZumoLibrary\\serial1.c"
   1:ZumoLibrary/serial1.c **** /*
   2:ZumoLibrary/serial1.c ****  * FreeRTOS Kernel V10.0.1
   3:ZumoLibrary/serial1.c ****  * Copyright (C) 2017 Amazon.com, Inc. or its affiliates.  All Rights Reserved.
   4:ZumoLibrary/serial1.c ****  *
   5:ZumoLibrary/serial1.c ****  * Permission is hereby granted, free of charge, to any person obtaining a copy of
   6:ZumoLibrary/serial1.c ****  * this software and associated documentation files (the "Software"), to deal in
   7:ZumoLibrary/serial1.c ****  * the Software without restriction, including without limitation the rights to
   8:ZumoLibrary/serial1.c ****  * use, copy, modify, merge, publish, distribute, sublicense, and/or sell copies of
   9:ZumoLibrary/serial1.c ****  * the Software, and to permit persons to whom the Software is furnished to do so,
  10:ZumoLibrary/serial1.c ****  * subject to the following conditions:
  11:ZumoLibrary/serial1.c ****  *
  12:ZumoLibrary/serial1.c ****  * The above copyright notice and this permission notice shall be included in all
  13:ZumoLibrary/serial1.c ****  * copies or substantial portions of the Software.
  14:ZumoLibrary/serial1.c ****  *
  15:ZumoLibrary/serial1.c ****  * THE SOFTWARE IS PROVIDED "AS IS", WITHOUT WARRANTY OF ANY KIND, EXPRESS OR
  16:ZumoLibrary/serial1.c ****  * IMPLIED, INCLUDING BUT NOT LIMITED TO THE WARRANTIES OF MERCHANTABILITY, FITNESS
  17:ZumoLibrary/serial1.c ****  * FOR A PARTICULAR PURPOSE AND NONINFRINGEMENT. IN NO EVENT SHALL THE AUTHORS OR
  18:ZumoLibrary/serial1.c ****  * COPYRIGHT HOLDERS BE LIABLE FOR ANY CLAIM, DAMAGES OR OTHER LIABILITY, WHETHER
  19:ZumoLibrary/serial1.c ****  * IN AN ACTION OF CONTRACT, TORT OR OTHERWISE, ARISING FROM, OUT OF OR IN
  20:ZumoLibrary/serial1.c ****  * CONNECTION WITH THE SOFTWARE OR THE USE OR OTHER DEALINGS IN THE SOFTWARE.
  21:ZumoLibrary/serial1.c ****  *
  22:ZumoLibrary/serial1.c ****  * http://www.FreeRTOS.org
  23:ZumoLibrary/serial1.c ****  * http://aws.amazon.com/freertos
  24:ZumoLibrary/serial1.c ****  *
  25:ZumoLibrary/serial1.c ****  * 1 tab == 4 spaces!
  26:ZumoLibrary/serial1.c ****  */
  27:ZumoLibrary/serial1.c **** 
  28:ZumoLibrary/serial1.c **** #include <project.h>
  29:ZumoLibrary/serial1.c **** #include "FreeRTOS.h"
  30:ZumoLibrary/serial1.c **** #include "queue.h"
ARM GAS  C:\Users\samue\AppData\Local\Temp\ccGDktMv.s 			page 2


  31:ZumoLibrary/serial1.c **** #include "task.h"
  32:ZumoLibrary/serial1.c **** #include "semphr.h"
  33:ZumoLibrary/serial1.c **** #include "serial1.h"
  34:ZumoLibrary/serial1.c **** /*---------------------------------------------------------------------------*/
  35:ZumoLibrary/serial1.c **** 
  36:ZumoLibrary/serial1.c **** #define serialSTRING_DELAY_TICKS		( portMAX_DELAY )
  37:ZumoLibrary/serial1.c **** /*---------------------------------------------------------------------------*/
  38:ZumoLibrary/serial1.c **** 
  39:ZumoLibrary/serial1.c **** CY_ISR_PROTO( vUart1RxISR );
  40:ZumoLibrary/serial1.c **** CY_ISR_PROTO( vUart1TxISR );
  41:ZumoLibrary/serial1.c **** /*---------------------------------------------------------------------------*/
  42:ZumoLibrary/serial1.c **** 
  43:ZumoLibrary/serial1.c **** static QueueHandle_t xSerialTxQueue = NULL;
  44:ZumoLibrary/serial1.c **** static QueueHandle_t xSerialRxQueue = NULL;
  45:ZumoLibrary/serial1.c **** /*---------------------------------------------------------------------------*/
  46:ZumoLibrary/serial1.c **** 
  47:ZumoLibrary/serial1.c **** void vSerial1PortInitMinimal(unsigned portBASE_TYPE uxQueueLength )
  48:ZumoLibrary/serial1.c **** {
  49:ZumoLibrary/serial1.c ****     /* seems that occasionally receiver gets in a weird state if received data is available when in
  50:ZumoLibrary/serial1.c ****     while(UART_1_ReadRxStatus() & UART_1_RX_STS_FIFO_NOTEMPTY) UART_1_ReadRxData();
  51:ZumoLibrary/serial1.c **** 
  52:ZumoLibrary/serial1.c ****     /* Configure Rx. */
  53:ZumoLibrary/serial1.c **** 	xSerialRxQueue = xQueueCreate( uxQueueLength, sizeof( signed char ) );	
  54:ZumoLibrary/serial1.c **** 	isr_U1_RX_ClearPending();
  55:ZumoLibrary/serial1.c **** 	isr_U1_RX_StartEx(vUart1RxISR);
  56:ZumoLibrary/serial1.c **** 
  57:ZumoLibrary/serial1.c **** 	/* Configure Tx */
  58:ZumoLibrary/serial1.c **** #if 1    
  59:ZumoLibrary/serial1.c **** 	xSerialTxQueue = xQueueCreate( uxQueueLength, sizeof( signed char ) );
  60:ZumoLibrary/serial1.c **** 	isr_U1_TX_ClearPending() ;
  61:ZumoLibrary/serial1.c **** 	isr_U1_TX_StartEx(vUart1TxISR);
  62:ZumoLibrary/serial1.c ****     
  63:ZumoLibrary/serial1.c **** 	/* Clear the interrupt modes for the Tx for the time being. */
  64:ZumoLibrary/serial1.c **** 	UART_1_SetTxInterruptMode( 0 );
  65:ZumoLibrary/serial1.c **** #endif
  66:ZumoLibrary/serial1.c **** 	/* Both configured successfully. */
  67:ZumoLibrary/serial1.c **** 	//return ( xComPortHandle )( xSerialTxQueue && xSerialRxQueue );
  68:ZumoLibrary/serial1.c **** }
  69:ZumoLibrary/serial1.c **** /*---------------------------------------------------------------------------*/
  70:ZumoLibrary/serial1.c **** 
  71:ZumoLibrary/serial1.c **** void vSerial1PutString(const char * const pcString, unsigned short usStringLength )
  72:ZumoLibrary/serial1.c **** {
  73:ZumoLibrary/serial1.c **** unsigned short usIndex = 0;
  74:ZumoLibrary/serial1.c **** 
  75:ZumoLibrary/serial1.c **** 	for( usIndex = 0; usIndex < usStringLength; usIndex++ )
  76:ZumoLibrary/serial1.c **** 	{
  77:ZumoLibrary/serial1.c **** 		/* Check for pre-mature end of line. */
  78:ZumoLibrary/serial1.c **** 		if( '\0' == pcString[ usIndex ] )
  79:ZumoLibrary/serial1.c **** 		{
  80:ZumoLibrary/serial1.c **** 			break;
  81:ZumoLibrary/serial1.c **** 		}
  82:ZumoLibrary/serial1.c **** 		
  83:ZumoLibrary/serial1.c **** 		/* Send out, one character at a time. */
  84:ZumoLibrary/serial1.c **** 		if( pdTRUE != xSerial1PutChar(pcString[ usIndex ], serialSTRING_DELAY_TICKS ) )
  85:ZumoLibrary/serial1.c **** 		{
  86:ZumoLibrary/serial1.c **** 			/* Failed to send, this will be picked up in the receive comtest task. */
  87:ZumoLibrary/serial1.c **** 		}
ARM GAS  C:\Users\samue\AppData\Local\Temp\ccGDktMv.s 			page 3


  88:ZumoLibrary/serial1.c **** 	}
  89:ZumoLibrary/serial1.c **** }
  90:ZumoLibrary/serial1.c **** /*---------------------------------------------------------------------------*/
  91:ZumoLibrary/serial1.c **** 
  92:ZumoLibrary/serial1.c **** signed portBASE_TYPE xSerial1GetChar(char *pcRxedChar, TickType_t xBlockTime )
  93:ZumoLibrary/serial1.c **** {
  94:ZumoLibrary/serial1.c **** portBASE_TYPE xReturn = pdFALSE;
  95:ZumoLibrary/serial1.c **** 
  96:ZumoLibrary/serial1.c **** 	if( pdTRUE == xQueueReceive( xSerialRxQueue, pcRxedChar, xBlockTime ) )
  97:ZumoLibrary/serial1.c **** 	{
  98:ZumoLibrary/serial1.c **** 		/* Picked up a character. */
  99:ZumoLibrary/serial1.c **** 		xReturn = pdTRUE;
 100:ZumoLibrary/serial1.c **** 	}
 101:ZumoLibrary/serial1.c **** 	return xReturn;
 102:ZumoLibrary/serial1.c **** }
 103:ZumoLibrary/serial1.c **** /*---------------------------------------------------------------------------*/
 104:ZumoLibrary/serial1.c **** 
 105:ZumoLibrary/serial1.c **** signed portBASE_TYPE xSerial1PutChar(char cOutChar, TickType_t xBlockTime )
 106:ZumoLibrary/serial1.c **** {
 107:ZumoLibrary/serial1.c **** portBASE_TYPE xReturn = pdFALSE;
 108:ZumoLibrary/serial1.c **** 
 109:ZumoLibrary/serial1.c **** 	/* The ISR is processing characters is so just add to the end of the queue. */
 110:ZumoLibrary/serial1.c **** 	if( pdTRUE == xQueueSend( xSerialTxQueue, &cOutChar, xBlockTime ) )
 111:ZumoLibrary/serial1.c **** 	{	
 112:ZumoLibrary/serial1.c **** 		xReturn = pdTRUE;
 113:ZumoLibrary/serial1.c **** 	}
 114:ZumoLibrary/serial1.c **** 	else
 115:ZumoLibrary/serial1.c **** 	{
 116:ZumoLibrary/serial1.c **** 		/* The queue is probably full. */
 117:ZumoLibrary/serial1.c **** 		xReturn = pdFALSE;
 118:ZumoLibrary/serial1.c **** 	}
 119:ZumoLibrary/serial1.c **** 
 120:ZumoLibrary/serial1.c **** 	/* Make sure that the interrupt will fire in the case where:
 121:ZumoLibrary/serial1.c **** 	    Currently sending so the Tx Complete will fire.
 122:ZumoLibrary/serial1.c **** 	    Not sending so the Empty will fire.	*/
 123:ZumoLibrary/serial1.c **** 	taskENTER_CRITICAL();
 124:ZumoLibrary/serial1.c **** 		UART_1_SetTxInterruptMode( UART_1_TX_STS_COMPLETE | UART_1_TX_STS_FIFO_EMPTY );
 125:ZumoLibrary/serial1.c **** 	taskEXIT_CRITICAL();
 126:ZumoLibrary/serial1.c **** 	
 127:ZumoLibrary/serial1.c **** 	return xReturn;
 128:ZumoLibrary/serial1.c **** }
 129:ZumoLibrary/serial1.c **** /*---------------------------------------------------------------------------*/
 130:ZumoLibrary/serial1.c **** 
 131:ZumoLibrary/serial1.c **** 
 132:ZumoLibrary/serial1.c **** CY_ISR(vUart1RxISR)
 133:ZumoLibrary/serial1.c **** {
  28              		.loc 1 133 0
  29              		.cfi_startproc
  30              		@ args = 0, pretend = 0, frame = 8
  31              		@ frame_needed = 0, uses_anonymous_args = 0
  32 0000 00B5     		push	{lr}
  33              		.cfi_def_cfa_offset 4
  34              		.cfi_offset 14, -4
  35 0002 83B0     		sub	sp, sp, #12
  36              		.cfi_def_cfa_offset 16
 134:ZumoLibrary/serial1.c **** BaseType_t xHigherPriorityTaskWoken = pdFALSE;
  37              		.loc 1 134 0
ARM GAS  C:\Users\samue\AppData\Local\Temp\ccGDktMv.s 			page 4


  38 0004 0023     		movs	r3, #0
  39 0006 0193     		str	r3, [sp, #4]
 135:ZumoLibrary/serial1.c **** volatile unsigned char ucStatus = 0;
  40              		.loc 1 135 0
  41 0008 8DF80330 		strb	r3, [sp, #3]
 136:ZumoLibrary/serial1.c **** signed char cInChar = 0;
  42              		.loc 1 136 0
  43 000c 8DF80230 		strb	r3, [sp, #2]
 137:ZumoLibrary/serial1.c **** 
 138:ZumoLibrary/serial1.c **** 	/* Read the status to acknowledge. */
 139:ZumoLibrary/serial1.c **** 	ucStatus = UART_1_ReadRxStatus();
  44              		.loc 1 139 0
  45 0010 FFF7FEFF 		bl	UART_1_ReadRxStatus
  46              	.LVL0:
  47 0014 8DF80300 		strb	r0, [sp, #3]
 140:ZumoLibrary/serial1.c **** 
 141:ZumoLibrary/serial1.c **** 	/* Only interested in a character being received. */
 142:ZumoLibrary/serial1.c **** 	if( 0 != ( ucStatus & UART_1_RX_STS_FIFO_NOTEMPTY ) )
  48              		.loc 1 142 0
  49 0018 9DF80330 		ldrb	r3, [sp, #3]	@ zero_extendqisi2
  50 001c 13F0200F 		tst	r3, #32
  51 0020 0BD0     		beq	.L2
 143:ZumoLibrary/serial1.c **** 	{
 144:ZumoLibrary/serial1.c **** 		/* Get the character. */
 145:ZumoLibrary/serial1.c **** 		cInChar = UART_1_ReadRxData();
  52              		.loc 1 145 0
  53 0022 FFF7FEFF 		bl	UART_1_ReadRxData
  54              	.LVL1:
  55 0026 8DF80200 		strb	r0, [sp, #2]
 146:ZumoLibrary/serial1.c **** 		/* Try to deliver the character. */
 147:ZumoLibrary/serial1.c **** 		if( pdTRUE != xQueueSendFromISR( xSerialRxQueue, &cInChar, &xHigherPriorityTaskWoken ) )
  56              		.loc 1 147 0
  57 002a 0023     		movs	r3, #0
  58 002c 01AA     		add	r2, sp, #4
  59 002e 0DF10201 		add	r1, sp, #2
  60 0032 0848     		ldr	r0, .L5
  61 0034 0068     		ldr	r0, [r0]
  62 0036 FFF7FEFF 		bl	xQueueGenericSendFromISR
  63              	.LVL2:
  64              	.L2:
 148:ZumoLibrary/serial1.c **** 		{
 149:ZumoLibrary/serial1.c **** 			/* Run out of space. */
 150:ZumoLibrary/serial1.c **** 		}
 151:ZumoLibrary/serial1.c **** 	}
 152:ZumoLibrary/serial1.c **** 
 153:ZumoLibrary/serial1.c **** 	/* If we delivered the character then a context switch might be required.
 154:ZumoLibrary/serial1.c **** 	xHigherPriorityTaskWoken was set to pdFALSE on interrupt entry.  If calling 
 155:ZumoLibrary/serial1.c **** 	xQueueSendFromISR() caused a task to unblock, and the unblocked task has
 156:ZumoLibrary/serial1.c **** 	a priority equal to or higher than the currently running task (the task this
 157:ZumoLibrary/serial1.c **** 	ISR interrupted), then xHigherPriorityTaskWoken will have been set to pdTRUE and
 158:ZumoLibrary/serial1.c **** 	portEND_SWITCHING_ISR() will request a context switch to the newly unblocked
 159:ZumoLibrary/serial1.c **** 	task. */
 160:ZumoLibrary/serial1.c **** 	portEND_SWITCHING_ISR( xHigherPriorityTaskWoken );
  65              		.loc 1 160 0
  66 003a 019B     		ldr	r3, [sp, #4]
  67 003c 3BB1     		cbz	r3, .L1
  68              		.loc 1 160 0 is_stmt 0 discriminator 1
ARM GAS  C:\Users\samue\AppData\Local\Temp\ccGDktMv.s 			page 5


  69 003e 4FF08052 		mov	r2, #268435456
  70 0042 054B     		ldr	r3, .L5+4
  71 0044 1A60     		str	r2, [r3]
  72              		.syntax unified
  73              	@ 160 "ZumoLibrary\serial1.c" 1
  74 0046 BFF34F8F 		dsb
  75              	@ 0 "" 2
  76              	@ 160 "ZumoLibrary\serial1.c" 1
  77 004a BFF36F8F 		isb
  78              	@ 0 "" 2
  79              		.thumb
  80              		.syntax unified
  81              	.L1:
 161:ZumoLibrary/serial1.c **** }
  82              		.loc 1 161 0 is_stmt 1
  83 004e 03B0     		add	sp, sp, #12
  84              		.cfi_def_cfa_offset 4
  85              		@ sp needed
  86 0050 5DF804FB 		ldr	pc, [sp], #4
  87              	.L6:
  88              		.align	2
  89              	.L5:
  90 0054 00000000 		.word	.LANCHOR0
  91 0058 04ED00E0 		.word	-536810236
  92              		.cfi_endproc
  93              	.LFE72:
  94              		.size	vUart1RxISR, .-vUart1RxISR
  95              		.section	.text.vUart1TxISR,"ax",%progbits
  96              		.align	2
  97              		.global	vUart1TxISR
  98              		.thumb
  99              		.thumb_func
 100              		.type	vUart1TxISR, %function
 101              	vUart1TxISR:
 102              	.LFB73:
 162:ZumoLibrary/serial1.c **** /*---------------------------------------------------------------------------*/
 163:ZumoLibrary/serial1.c **** 
 164:ZumoLibrary/serial1.c **** CY_ISR(vUart1TxISR)
 165:ZumoLibrary/serial1.c **** {
 103              		.loc 1 165 0
 104              		.cfi_startproc
 105              		@ args = 0, pretend = 0, frame = 8
 106              		@ frame_needed = 0, uses_anonymous_args = 0
 107 0000 00B5     		push	{lr}
 108              		.cfi_def_cfa_offset 4
 109              		.cfi_offset 14, -4
 110 0002 83B0     		sub	sp, sp, #12
 111              		.cfi_def_cfa_offset 16
 166:ZumoLibrary/serial1.c **** BaseType_t xHigherPriorityTaskWoken = pdFALSE;
 112              		.loc 1 166 0
 113 0004 0023     		movs	r3, #0
 114 0006 0193     		str	r3, [sp, #4]
 167:ZumoLibrary/serial1.c **** volatile unsigned char ucStatus = 0;
 115              		.loc 1 167 0
 116 0008 8DF80330 		strb	r3, [sp, #3]
 168:ZumoLibrary/serial1.c **** signed char cOutChar = 0;
 117              		.loc 1 168 0
ARM GAS  C:\Users\samue\AppData\Local\Temp\ccGDktMv.s 			page 6


 118 000c 8DF80230 		strb	r3, [sp, #2]
 169:ZumoLibrary/serial1.c **** 
 170:ZumoLibrary/serial1.c **** 	/* Read the status to acknowledge. */
 171:ZumoLibrary/serial1.c **** 	ucStatus = UART_1_ReadTxStatus();
 119              		.loc 1 171 0
 120 0010 FFF7FEFF 		bl	UART_1_ReadTxStatus
 121              	.LVL3:
 122 0014 8DF80300 		strb	r0, [sp, #3]
 172:ZumoLibrary/serial1.c **** 	
 173:ZumoLibrary/serial1.c **** 	/* Check to see whether this is a genuine interrupt. */
 174:ZumoLibrary/serial1.c **** 	if( 0 != ( ucStatus & UART_1_TX_STS_FIFO_EMPTY ) )
 123              		.loc 1 174 0
 124 0018 9DF80330 		ldrb	r3, [sp, #3]	@ zero_extendqisi2
 125 001c 13F0020F 		tst	r3, #2
 126 0020 15D0     		beq	.L8
 127              	.L10:
 175:ZumoLibrary/serial1.c **** 	{	
 176:ZumoLibrary/serial1.c ****         do
 177:ZumoLibrary/serial1.c **** 		{
 178:ZumoLibrary/serial1.c **** 			if( pdTRUE == xQueueReceiveFromISR( xSerialTxQueue, &cOutChar, &xHigherPriorityTaskWoken ) )
 128              		.loc 1 178 0
 129 0022 01AA     		add	r2, sp, #4
 130 0024 0DF10201 		add	r1, sp, #2
 131 0028 0F4B     		ldr	r3, .L13
 132 002a 5868     		ldr	r0, [r3, #4]
 133 002c FFF7FEFF 		bl	xQueueReceiveFromISR
 134              	.LVL4:
 135 0030 0128     		cmp	r0, #1
 136 0032 09D1     		bne	.L9
 179:ZumoLibrary/serial1.c **** 			{
 180:ZumoLibrary/serial1.c **** 				/* Send the next character. */
 181:ZumoLibrary/serial1.c **** 				UART_1_PutChar( cOutChar );			
 137              		.loc 1 181 0
 138 0034 9DF80200 		ldrb	r0, [sp, #2]	@ zero_extendqisi2
 139 0038 FFF7FEFF 		bl	UART_1_PutChar
 140              	.LVL5:
 182:ZumoLibrary/serial1.c **** 			}
 183:ZumoLibrary/serial1.c **** 			else
 184:ZumoLibrary/serial1.c **** 			{
 185:ZumoLibrary/serial1.c **** 				/* There is no work left so disable the interrupt until the application 
 186:ZumoLibrary/serial1.c **** 				puts more into the queue. */
 187:ZumoLibrary/serial1.c **** 				UART_1_SetTxInterruptMode( 0 );
 188:ZumoLibrary/serial1.c ****                 break;
 189:ZumoLibrary/serial1.c **** 			}
 190:ZumoLibrary/serial1.c **** 		} while((UART_1_ReadTxStatus() & UART_1_TX_STS_FIFO_FULL) == 0);
 141              		.loc 1 190 0
 142 003c FFF7FEFF 		bl	UART_1_ReadTxStatus
 143              	.LVL6:
 144 0040 10F0040F 		tst	r0, #4
 145 0044 EDD0     		beq	.L10
 146 0046 02E0     		b	.L8
 147              	.L9:
 187:ZumoLibrary/serial1.c ****                 break;
 148              		.loc 1 187 0
 149 0048 0020     		movs	r0, #0
 150 004a FFF7FEFF 		bl	UART_1_SetTxInterruptMode
 151              	.LVL7:
ARM GAS  C:\Users\samue\AppData\Local\Temp\ccGDktMv.s 			page 7


 152              	.L8:
 191:ZumoLibrary/serial1.c **** 	}
 192:ZumoLibrary/serial1.c **** 
 193:ZumoLibrary/serial1.c **** 	/* If we delivered the character then a context switch might be required.
 194:ZumoLibrary/serial1.c **** 	xHigherPriorityTaskWoken was set to pdFALSE on interrupt entry.  If calling 
 195:ZumoLibrary/serial1.c **** 	xQueueSendFromISR() caused a task to unblock, and the unblocked task has
 196:ZumoLibrary/serial1.c **** 	a priority equal to or higher than the currently running task (the task this
 197:ZumoLibrary/serial1.c **** 	ISR interrupted), then xHigherPriorityTaskWoken will have been set to pdTRUE and
 198:ZumoLibrary/serial1.c **** 	portEND_SWITCHING_ISR() will request a context switch to the newly unblocked
 199:ZumoLibrary/serial1.c **** 	task. */
 200:ZumoLibrary/serial1.c **** 	portEND_SWITCHING_ISR( xHigherPriorityTaskWoken );
 153              		.loc 1 200 0
 154 004e 019B     		ldr	r3, [sp, #4]
 155 0050 3BB1     		cbz	r3, .L7
 156              		.loc 1 200 0 is_stmt 0 discriminator 1
 157 0052 4FF08052 		mov	r2, #268435456
 158 0056 054B     		ldr	r3, .L13+4
 159 0058 1A60     		str	r2, [r3]
 160              		.syntax unified
 161              	@ 200 "ZumoLibrary\serial1.c" 1
 162 005a BFF34F8F 		dsb
 163              	@ 0 "" 2
 164              	@ 200 "ZumoLibrary\serial1.c" 1
 165 005e BFF36F8F 		isb
 166              	@ 0 "" 2
 167              		.thumb
 168              		.syntax unified
 169              	.L7:
 201:ZumoLibrary/serial1.c **** }
 170              		.loc 1 201 0 is_stmt 1
 171 0062 03B0     		add	sp, sp, #12
 172              		.cfi_def_cfa_offset 4
 173              		@ sp needed
 174 0064 5DF804FB 		ldr	pc, [sp], #4
 175              	.L14:
 176              		.align	2
 177              	.L13:
 178 0068 00000000 		.word	.LANCHOR0
 179 006c 04ED00E0 		.word	-536810236
 180              		.cfi_endproc
 181              	.LFE73:
 182              		.size	vUart1TxISR, .-vUart1TxISR
 183              		.section	.text.vSerial1PortInitMinimal,"ax",%progbits
 184              		.align	2
 185              		.global	vSerial1PortInitMinimal
 186              		.thumb
 187              		.thumb_func
 188              		.type	vSerial1PortInitMinimal, %function
 189              	vSerial1PortInitMinimal:
 190              	.LFB68:
  48:ZumoLibrary/serial1.c ****     /* seems that occasionally receiver gets in a weird state if received data is available when in
 191              		.loc 1 48 0
 192              		.cfi_startproc
 193              		@ args = 0, pretend = 0, frame = 0
 194              		@ frame_needed = 0, uses_anonymous_args = 0
 195              	.LVL8:
 196 0000 38B5     		push	{r3, r4, r5, lr}
ARM GAS  C:\Users\samue\AppData\Local\Temp\ccGDktMv.s 			page 8


 197              		.cfi_def_cfa_offset 16
 198              		.cfi_offset 3, -16
 199              		.cfi_offset 4, -12
 200              		.cfi_offset 5, -8
 201              		.cfi_offset 14, -4
 202 0002 0546     		mov	r5, r0
  50:ZumoLibrary/serial1.c **** 
 203              		.loc 1 50 0
 204 0004 01E0     		b	.L16
 205              	.LVL9:
 206              	.L17:
  50:ZumoLibrary/serial1.c **** 
 207              		.loc 1 50 0 is_stmt 0 discriminator 2
 208 0006 FFF7FEFF 		bl	UART_1_ReadRxData
 209              	.LVL10:
 210              	.L16:
  50:ZumoLibrary/serial1.c **** 
 211              		.loc 1 50 0 discriminator 1
 212 000a FFF7FEFF 		bl	UART_1_ReadRxStatus
 213              	.LVL11:
 214 000e 10F0200F 		tst	r0, #32
 215 0012 F8D1     		bne	.L17
  53:ZumoLibrary/serial1.c **** 	isr_U1_RX_ClearPending();
 216              		.loc 1 53 0 is_stmt 1
 217 0014 0022     		movs	r2, #0
 218 0016 0121     		movs	r1, #1
 219 0018 2846     		mov	r0, r5
 220 001a FFF7FEFF 		bl	xQueueGenericCreate
 221              	.LVL12:
 222 001e 0B4C     		ldr	r4, .L19
 223 0020 2060     		str	r0, [r4]
  54:ZumoLibrary/serial1.c **** 	isr_U1_RX_StartEx(vUart1RxISR);
 224              		.loc 1 54 0
 225 0022 FFF7FEFF 		bl	isr_U1_RX_ClearPending
 226              	.LVL13:
  55:ZumoLibrary/serial1.c **** 
 227              		.loc 1 55 0
 228 0026 0A48     		ldr	r0, .L19+4
 229 0028 FFF7FEFF 		bl	isr_U1_RX_StartEx
 230              	.LVL14:
  59:ZumoLibrary/serial1.c **** 	isr_U1_TX_ClearPending() ;
 231              		.loc 1 59 0
 232 002c 0022     		movs	r2, #0
 233 002e 0121     		movs	r1, #1
 234 0030 2846     		mov	r0, r5
 235 0032 FFF7FEFF 		bl	xQueueGenericCreate
 236              	.LVL15:
 237 0036 6060     		str	r0, [r4, #4]
  60:ZumoLibrary/serial1.c **** 	isr_U1_TX_StartEx(vUart1TxISR);
 238              		.loc 1 60 0
 239 0038 FFF7FEFF 		bl	isr_U1_TX_ClearPending
 240              	.LVL16:
  61:ZumoLibrary/serial1.c ****     
 241              		.loc 1 61 0
 242 003c 0548     		ldr	r0, .L19+8
 243 003e FFF7FEFF 		bl	isr_U1_TX_StartEx
 244              	.LVL17:
ARM GAS  C:\Users\samue\AppData\Local\Temp\ccGDktMv.s 			page 9


  64:ZumoLibrary/serial1.c **** #endif
 245              		.loc 1 64 0
 246 0042 0020     		movs	r0, #0
 247 0044 FFF7FEFF 		bl	UART_1_SetTxInterruptMode
 248              	.LVL18:
 249 0048 38BD     		pop	{r3, r4, r5, pc}
 250              	.LVL19:
 251              	.L20:
 252 004a 00BF     		.align	2
 253              	.L19:
 254 004c 00000000 		.word	.LANCHOR0
 255 0050 00000000 		.word	vUart1RxISR
 256 0054 00000000 		.word	vUart1TxISR
 257              		.cfi_endproc
 258              	.LFE68:
 259              		.size	vSerial1PortInitMinimal, .-vSerial1PortInitMinimal
 260              		.section	.text.xSerial1GetChar,"ax",%progbits
 261              		.align	2
 262              		.global	xSerial1GetChar
 263              		.thumb
 264              		.thumb_func
 265              		.type	xSerial1GetChar, %function
 266              	xSerial1GetChar:
 267              	.LFB70:
  93:ZumoLibrary/serial1.c **** portBASE_TYPE xReturn = pdFALSE;
 268              		.loc 1 93 0
 269              		.cfi_startproc
 270              		@ args = 0, pretend = 0, frame = 0
 271              		@ frame_needed = 0, uses_anonymous_args = 0
 272              	.LVL20:
 273 0000 08B5     		push	{r3, lr}
 274              		.cfi_def_cfa_offset 8
 275              		.cfi_offset 3, -8
 276              		.cfi_offset 14, -4
 277              	.LVL21:
  96:ZumoLibrary/serial1.c **** 	{
 278              		.loc 1 96 0
 279 0002 0A46     		mov	r2, r1
 280 0004 0146     		mov	r1, r0
 281              	.LVL22:
 282 0006 054B     		ldr	r3, .L25
 283 0008 1868     		ldr	r0, [r3]
 284              	.LVL23:
 285 000a FFF7FEFF 		bl	xQueueReceive
 286              	.LVL24:
 287 000e 0128     		cmp	r0, #1
 288 0010 01D0     		beq	.L23
  94:ZumoLibrary/serial1.c **** 
 289              		.loc 1 94 0
 290 0012 0020     		movs	r0, #0
 291 0014 08BD     		pop	{r3, pc}
 292              	.L23:
  99:ZumoLibrary/serial1.c **** 	}
 293              		.loc 1 99 0
 294 0016 0120     		movs	r0, #1
 295              	.LVL25:
 102:ZumoLibrary/serial1.c **** /*---------------------------------------------------------------------------*/
ARM GAS  C:\Users\samue\AppData\Local\Temp\ccGDktMv.s 			page 10


 296              		.loc 1 102 0
 297 0018 08BD     		pop	{r3, pc}
 298              	.L26:
 299 001a 00BF     		.align	2
 300              	.L25:
 301 001c 00000000 		.word	.LANCHOR0
 302              		.cfi_endproc
 303              	.LFE70:
 304              		.size	xSerial1GetChar, .-xSerial1GetChar
 305              		.section	.text.xSerial1PutChar,"ax",%progbits
 306              		.align	2
 307              		.global	xSerial1PutChar
 308              		.thumb
 309              		.thumb_func
 310              		.type	xSerial1PutChar, %function
 311              	xSerial1PutChar:
 312              	.LFB71:
 106:ZumoLibrary/serial1.c **** portBASE_TYPE xReturn = pdFALSE;
 313              		.loc 1 106 0
 314              		.cfi_startproc
 315              		@ args = 0, pretend = 0, frame = 8
 316              		@ frame_needed = 0, uses_anonymous_args = 0
 317              	.LVL26:
 318 0000 10B5     		push	{r4, lr}
 319              		.cfi_def_cfa_offset 8
 320              		.cfi_offset 4, -8
 321              		.cfi_offset 14, -4
 322 0002 82B0     		sub	sp, sp, #8
 323              		.cfi_def_cfa_offset 16
 324 0004 02AC     		add	r4, sp, #8
 325 0006 04F8010D 		strb	r0, [r4, #-1]!
 326              	.LVL27:
 110:ZumoLibrary/serial1.c **** 	{	
 327              		.loc 1 110 0
 328 000a 0023     		movs	r3, #0
 329 000c 0A46     		mov	r2, r1
 330 000e 2146     		mov	r1, r4
 331              	.LVL28:
 332 0010 0948     		ldr	r0, .L31
 333              	.LVL29:
 334 0012 4068     		ldr	r0, [r0, #4]
 335 0014 FFF7FEFF 		bl	xQueueGenericSend
 336              	.LVL30:
 337 0018 0128     		cmp	r0, #1
 338 001a 01D1     		bne	.L29
 112:ZumoLibrary/serial1.c **** 	}
 339              		.loc 1 112 0
 340 001c 0124     		movs	r4, #1
 341              	.LVL31:
 342 001e 00E0     		b	.L28
 343              	.LVL32:
 344              	.L29:
 117:ZumoLibrary/serial1.c **** 	}
 345              		.loc 1 117 0
 346 0020 0024     		movs	r4, #0
 347              	.LVL33:
 348              	.L28:
ARM GAS  C:\Users\samue\AppData\Local\Temp\ccGDktMv.s 			page 11


 123:ZumoLibrary/serial1.c **** 		UART_1_SetTxInterruptMode( UART_1_TX_STS_COMPLETE | UART_1_TX_STS_FIFO_EMPTY );
 349              		.loc 1 123 0
 350 0022 FFF7FEFF 		bl	vPortEnterCritical
 351              	.LVL34:
 124:ZumoLibrary/serial1.c **** 	taskEXIT_CRITICAL();
 352              		.loc 1 124 0
 353 0026 0320     		movs	r0, #3
 354 0028 FFF7FEFF 		bl	UART_1_SetTxInterruptMode
 355              	.LVL35:
 125:ZumoLibrary/serial1.c **** 	
 356              		.loc 1 125 0
 357 002c FFF7FEFF 		bl	vPortExitCritical
 358              	.LVL36:
 128:ZumoLibrary/serial1.c **** /*---------------------------------------------------------------------------*/
 359              		.loc 1 128 0
 360 0030 2046     		mov	r0, r4
 361 0032 02B0     		add	sp, sp, #8
 362              		.cfi_def_cfa_offset 8
 363              	.LVL37:
 364              		@ sp needed
 365 0034 10BD     		pop	{r4, pc}
 366              	.LVL38:
 367              	.L32:
 368 0036 00BF     		.align	2
 369              	.L31:
 370 0038 00000000 		.word	.LANCHOR0
 371              		.cfi_endproc
 372              	.LFE71:
 373              		.size	xSerial1PutChar, .-xSerial1PutChar
 374              		.section	.text.vSerial1PutString,"ax",%progbits
 375              		.align	2
 376              		.global	vSerial1PutString
 377              		.thumb
 378              		.thumb_func
 379              		.type	vSerial1PutString, %function
 380              	vSerial1PutString:
 381              	.LFB69:
  72:ZumoLibrary/serial1.c **** unsigned short usIndex = 0;
 382              		.loc 1 72 0
 383              		.cfi_startproc
 384              		@ args = 0, pretend = 0, frame = 0
 385              		@ frame_needed = 0, uses_anonymous_args = 0
 386              	.LVL39:
 387 0000 70B5     		push	{r4, r5, r6, lr}
 388              		.cfi_def_cfa_offset 16
 389              		.cfi_offset 4, -16
 390              		.cfi_offset 5, -12
 391              		.cfi_offset 6, -8
 392              		.cfi_offset 14, -4
 393 0002 0646     		mov	r6, r0
 394 0004 0D46     		mov	r5, r1
 395              	.LVL40:
  75:ZumoLibrary/serial1.c **** 	{
 396              		.loc 1 75 0
 397 0006 0024     		movs	r4, #0
 398 0008 07E0     		b	.L34
 399              	.LVL41:
ARM GAS  C:\Users\samue\AppData\Local\Temp\ccGDktMv.s 			page 12


 400              	.L36:
  78:ZumoLibrary/serial1.c **** 		{
 401              		.loc 1 78 0
 402 000a 305D     		ldrb	r0, [r6, r4]	@ zero_extendqisi2
 403 000c 38B1     		cbz	r0, .L33
  84:ZumoLibrary/serial1.c **** 		{
 404              		.loc 1 84 0
 405 000e 4FF0FF31 		mov	r1, #-1
 406 0012 FFF7FEFF 		bl	xSerial1PutChar
 407              	.LVL42:
  75:ZumoLibrary/serial1.c **** 	{
 408              		.loc 1 75 0
 409 0016 0134     		adds	r4, r4, #1
 410              	.LVL43:
 411 0018 A4B2     		uxth	r4, r4
 412              	.LVL44:
 413              	.L34:
  75:ZumoLibrary/serial1.c **** 	{
 414              		.loc 1 75 0 is_stmt 0 discriminator 1
 415 001a AC42     		cmp	r4, r5
 416 001c F5D3     		bcc	.L36
 417              	.L33:
 418 001e 70BD     		pop	{r4, r5, r6, pc}
 419              		.cfi_endproc
 420              	.LFE69:
 421              		.size	vSerial1PutString, .-vSerial1PutString
 422              		.bss
 423              		.align	2
 424              		.set	.LANCHOR0,. + 0
 425              		.type	xSerialRxQueue, %object
 426              		.size	xSerialRxQueue, 4
 427              	xSerialRxQueue:
 428 0000 00000000 		.space	4
 429              		.type	xSerialTxQueue, %object
 430              		.size	xSerialTxQueue, 4
 431              	xSerialTxQueue:
 432 0004 00000000 		.space	4
 433              		.text
 434              	.Letext0:
 435              		.file 2 "c:\\program files (x86)\\cypress\\psoc creator\\4.2\\psoc creator\\import\\gnu\\arm\\5.4.
 436              		.file 3 "c:\\program files (x86)\\cypress\\psoc creator\\4.2\\psoc creator\\import\\gnu\\arm\\5.4.
 437              		.file 4 "Generated_Source\\PSoC5/cytypes.h"
 438              		.file 5 "..\\FreeRTOS\\Source\\portable\\GCC\\ARM_CM3/portmacro.h"
 439              		.file 6 "..\\FreeRTOS\\Source\\include/queue.h"
 440              		.file 7 "Generated_Source\\PSoC5/UART_1.h"
 441              		.file 8 "Generated_Source\\PSoC5/isr_U1_RX.h"
 442              		.file 9 "Generated_Source\\PSoC5/isr_U1_TX.h"
 443              		.file 10 "Generated_Source\\PSoC5/core_cm3.h"
 444              		.section	.debug_info,"",%progbits
 445              	.Ldebug_info0:
 446 0000 F0040000 		.4byte	0x4f0
 447 0004 0400     		.2byte	0x4
 448 0006 00000000 		.4byte	.Ldebug_abbrev0
 449 000a 04       		.byte	0x4
 450 000b 01       		.uleb128 0x1
 451 000c 7D030000 		.4byte	.LASF59
 452 0010 0C       		.byte	0xc
ARM GAS  C:\Users\samue\AppData\Local\Temp\ccGDktMv.s 			page 13


 453 0011 96020000 		.4byte	.LASF60
 454 0015 EE020000 		.4byte	.LASF61
 455 0019 00000000 		.4byte	.Ldebug_ranges0+0
 456 001d 00000000 		.4byte	0
 457 0021 00000000 		.4byte	.Ldebug_line0
 458 0025 02       		.uleb128 0x2
 459 0026 01       		.byte	0x1
 460 0027 06       		.byte	0x6
 461 0028 48010000 		.4byte	.LASF0
 462 002c 03       		.uleb128 0x3
 463 002d CB000000 		.4byte	.LASF4
 464 0031 02       		.byte	0x2
 465 0032 1D       		.byte	0x1d
 466 0033 37000000 		.4byte	0x37
 467 0037 02       		.uleb128 0x2
 468 0038 01       		.byte	0x1
 469 0039 08       		.byte	0x8
 470 003a 3A010000 		.4byte	.LASF1
 471 003e 02       		.uleb128 0x2
 472 003f 02       		.byte	0x2
 473 0040 05       		.byte	0x5
 474 0041 1A000000 		.4byte	.LASF2
 475 0045 02       		.uleb128 0x2
 476 0046 02       		.byte	0x2
 477 0047 07       		.byte	0x7
 478 0048 75020000 		.4byte	.LASF3
 479 004c 03       		.uleb128 0x3
 480 004d 35030000 		.4byte	.LASF5
 481 0051 02       		.byte	0x2
 482 0052 3F       		.byte	0x3f
 483 0053 57000000 		.4byte	0x57
 484 0057 02       		.uleb128 0x2
 485 0058 04       		.byte	0x4
 486 0059 05       		.byte	0x5
 487 005a C2000000 		.4byte	.LASF6
 488 005e 03       		.uleb128 0x3
 489 005f 2A030000 		.4byte	.LASF7
 490 0063 02       		.byte	0x2
 491 0064 41       		.byte	0x41
 492 0065 69000000 		.4byte	0x69
 493 0069 02       		.uleb128 0x2
 494 006a 04       		.byte	0x4
 495 006b 07       		.byte	0x7
 496 006c DC020000 		.4byte	.LASF8
 497 0070 02       		.uleb128 0x2
 498 0071 08       		.byte	0x8
 499 0072 05       		.byte	0x5
 500 0073 9E000000 		.4byte	.LASF9
 501 0077 02       		.uleb128 0x2
 502 0078 08       		.byte	0x8
 503 0079 07       		.byte	0x7
 504 007a 54010000 		.4byte	.LASF10
 505 007e 04       		.uleb128 0x4
 506 007f 04       		.byte	0x4
 507 0080 05       		.byte	0x5
 508 0081 696E7400 		.ascii	"int\000"
 509 0085 02       		.uleb128 0x2
ARM GAS  C:\Users\samue\AppData\Local\Temp\ccGDktMv.s 			page 14


 510 0086 04       		.byte	0x4
 511 0087 07       		.byte	0x7
 512 0088 8D010000 		.4byte	.LASF11
 513 008c 03       		.uleb128 0x3
 514 008d 51000000 		.4byte	.LASF12
 515 0091 03       		.byte	0x3
 516 0092 18       		.byte	0x18
 517 0093 2C000000 		.4byte	0x2c
 518 0097 03       		.uleb128 0x3
 519 0098 6D020000 		.4byte	.LASF13
 520 009c 03       		.byte	0x3
 521 009d 2C       		.byte	0x2c
 522 009e 4C000000 		.4byte	0x4c
 523 00a2 03       		.uleb128 0x3
 524 00a3 84010000 		.4byte	.LASF14
 525 00a7 03       		.byte	0x3
 526 00a8 30       		.byte	0x30
 527 00a9 5E000000 		.4byte	0x5e
 528 00ad 05       		.uleb128 0x5
 529 00ae 90020000 		.4byte	.LASF15
 530 00b2 04       		.byte	0x4
 531 00b3 E401     		.2byte	0x1e4
 532 00b5 37000000 		.4byte	0x37
 533 00b9 02       		.uleb128 0x2
 534 00ba 04       		.byte	0x4
 535 00bb 04       		.byte	0x4
 536 00bc 98000000 		.4byte	.LASF16
 537 00c0 02       		.uleb128 0x2
 538 00c1 08       		.byte	0x8
 539 00c2 04       		.byte	0x4
 540 00c3 23030000 		.4byte	.LASF17
 541 00c7 02       		.uleb128 0x2
 542 00c8 01       		.byte	0x1
 543 00c9 08       		.byte	0x8
 544 00ca 54020000 		.4byte	.LASF18
 545 00ce 02       		.uleb128 0x2
 546 00cf 08       		.byte	0x8
 547 00d0 04       		.byte	0x4
 548 00d1 12010000 		.4byte	.LASF19
 549 00d5 02       		.uleb128 0x2
 550 00d6 04       		.byte	0x4
 551 00d7 07       		.byte	0x7
 552 00d8 24000000 		.4byte	.LASF20
 553 00dc 06       		.uleb128 0x6
 554 00dd 04       		.byte	0x4
 555 00de 07       		.uleb128 0x7
 556 00df 04       		.byte	0x4
 557 00e0 C7000000 		.4byte	0xc7
 558 00e4 07       		.uleb128 0x7
 559 00e5 04       		.byte	0x4
 560 00e6 EA000000 		.4byte	0xea
 561 00ea 08       		.uleb128 0x8
 562 00eb C7000000 		.4byte	0xc7
 563 00ef 03       		.uleb128 0x3
 564 00f0 9A010000 		.4byte	.LASF21
 565 00f4 05       		.byte	0x5
 566 00f5 38       		.byte	0x38
ARM GAS  C:\Users\samue\AppData\Local\Temp\ccGDktMv.s 			page 15


 567 00f6 57000000 		.4byte	0x57
 568 00fa 03       		.uleb128 0x3
 569 00fb AC000000 		.4byte	.LASF22
 570 00ff 05       		.byte	0x5
 571 0100 3F       		.byte	0x3f
 572 0101 A2000000 		.4byte	0xa2
 573 0105 03       		.uleb128 0x3
 574 0106 DD000000 		.4byte	.LASF23
 575 010a 06       		.byte	0x6
 576 010b 2E       		.byte	0x2e
 577 010c DC000000 		.4byte	0xdc
 578 0110 08       		.uleb128 0x8
 579 0111 E4000000 		.4byte	0xe4
 580 0115 09       		.uleb128 0x9
 581 0116 00000000 		.4byte	.LASF27
 582 011a 01       		.byte	0x1
 583 011b 84       		.byte	0x84
 584 011c 00000000 		.4byte	.LFB72
 585 0120 5C000000 		.4byte	.LFE72-.LFB72
 586 0124 01       		.uleb128 0x1
 587 0125 9C       		.byte	0x9c
 588 0126 82010000 		.4byte	0x182
 589 012a 0A       		.uleb128 0xa
 590 012b 6B010000 		.4byte	.LASF24
 591 012f 01       		.byte	0x1
 592 0130 86       		.byte	0x86
 593 0131 EF000000 		.4byte	0xef
 594 0135 02       		.uleb128 0x2
 595 0136 91       		.byte	0x91
 596 0137 74       		.sleb128 -12
 597 0138 0A       		.uleb128 0xa
 598 0139 6E000000 		.4byte	.LASF25
 599 013d 01       		.byte	0x1
 600 013e 87       		.byte	0x87
 601 013f 82010000 		.4byte	0x182
 602 0143 02       		.uleb128 0x2
 603 0144 91       		.byte	0x91
 604 0145 73       		.sleb128 -13
 605 0146 0A       		.uleb128 0xa
 606 0147 32010000 		.4byte	.LASF26
 607 014b 01       		.byte	0x1
 608 014c 88       		.byte	0x88
 609 014d 25000000 		.4byte	0x25
 610 0151 02       		.uleb128 0x2
 611 0152 91       		.byte	0x91
 612 0153 72       		.sleb128 -14
 613 0154 0B       		.uleb128 0xb
 614 0155 14000000 		.4byte	.LVL0
 615 0159 3E040000 		.4byte	0x43e
 616 015d 0B       		.uleb128 0xb
 617 015e 26000000 		.4byte	.LVL1
 618 0162 49040000 		.4byte	0x449
 619 0166 0C       		.uleb128 0xc
 620 0167 3A000000 		.4byte	.LVL2
 621 016b 54040000 		.4byte	0x454
 622 016f 0D       		.uleb128 0xd
 623 0170 01       		.uleb128 0x1
ARM GAS  C:\Users\samue\AppData\Local\Temp\ccGDktMv.s 			page 16


 624 0171 51       		.byte	0x51
 625 0172 02       		.uleb128 0x2
 626 0173 91       		.byte	0x91
 627 0174 72       		.sleb128 -14
 628 0175 0D       		.uleb128 0xd
 629 0176 01       		.uleb128 0x1
 630 0177 52       		.byte	0x52
 631 0178 02       		.uleb128 0x2
 632 0179 91       		.byte	0x91
 633 017a 74       		.sleb128 -12
 634 017b 0D       		.uleb128 0xd
 635 017c 01       		.uleb128 0x1
 636 017d 53       		.byte	0x53
 637 017e 01       		.uleb128 0x1
 638 017f 30       		.byte	0x30
 639 0180 00       		.byte	0
 640 0181 00       		.byte	0
 641 0182 0E       		.uleb128 0xe
 642 0183 37000000 		.4byte	0x37
 643 0187 09       		.uleb128 0x9
 644 0188 D0020000 		.4byte	.LASF28
 645 018c 01       		.byte	0x1
 646 018d A4       		.byte	0xa4
 647 018e 00000000 		.4byte	.LFB73
 648 0192 70000000 		.4byte	.LFE73-.LFB73
 649 0196 01       		.uleb128 0x1
 650 0197 9C       		.byte	0x9c
 651 0198 0B020000 		.4byte	0x20b
 652 019c 0A       		.uleb128 0xa
 653 019d 6B010000 		.4byte	.LASF24
 654 01a1 01       		.byte	0x1
 655 01a2 A6       		.byte	0xa6
 656 01a3 EF000000 		.4byte	0xef
 657 01a7 02       		.uleb128 0x2
 658 01a8 91       		.byte	0x91
 659 01a9 74       		.sleb128 -12
 660 01aa 0A       		.uleb128 0xa
 661 01ab 6E000000 		.4byte	.LASF25
 662 01af 01       		.byte	0x1
 663 01b0 A7       		.byte	0xa7
 664 01b1 82010000 		.4byte	0x182
 665 01b5 02       		.uleb128 0x2
 666 01b6 91       		.byte	0x91
 667 01b7 73       		.sleb128 -13
 668 01b8 0A       		.uleb128 0xa
 669 01b9 2D000000 		.4byte	.LASF29
 670 01bd 01       		.byte	0x1
 671 01be A8       		.byte	0xa8
 672 01bf 25000000 		.4byte	0x25
 673 01c3 02       		.uleb128 0x2
 674 01c4 91       		.byte	0x91
 675 01c5 72       		.sleb128 -14
 676 01c6 0B       		.uleb128 0xb
 677 01c7 14000000 		.4byte	.LVL3
 678 01cb 60040000 		.4byte	0x460
 679 01cf 0F       		.uleb128 0xf
 680 01d0 30000000 		.4byte	.LVL4
ARM GAS  C:\Users\samue\AppData\Local\Temp\ccGDktMv.s 			page 17


 681 01d4 6B040000 		.4byte	0x46b
 682 01d8 E9010000 		.4byte	0x1e9
 683 01dc 0D       		.uleb128 0xd
 684 01dd 01       		.uleb128 0x1
 685 01de 51       		.byte	0x51
 686 01df 02       		.uleb128 0x2
 687 01e0 91       		.byte	0x91
 688 01e1 72       		.sleb128 -14
 689 01e2 0D       		.uleb128 0xd
 690 01e3 01       		.uleb128 0x1
 691 01e4 52       		.byte	0x52
 692 01e5 02       		.uleb128 0x2
 693 01e6 91       		.byte	0x91
 694 01e7 74       		.sleb128 -12
 695 01e8 00       		.byte	0
 696 01e9 0B       		.uleb128 0xb
 697 01ea 3C000000 		.4byte	.LVL5
 698 01ee 77040000 		.4byte	0x477
 699 01f2 0B       		.uleb128 0xb
 700 01f3 40000000 		.4byte	.LVL6
 701 01f7 60040000 		.4byte	0x460
 702 01fb 0C       		.uleb128 0xc
 703 01fc 4E000000 		.4byte	.LVL7
 704 0200 82040000 		.4byte	0x482
 705 0204 0D       		.uleb128 0xd
 706 0205 01       		.uleb128 0x1
 707 0206 50       		.byte	0x50
 708 0207 01       		.uleb128 0x1
 709 0208 30       		.byte	0x30
 710 0209 00       		.byte	0
 711 020a 00       		.byte	0
 712 020b 09       		.uleb128 0x9
 713 020c FA000000 		.4byte	.LASF30
 714 0210 01       		.byte	0x1
 715 0211 2F       		.byte	0x2f
 716 0212 00000000 		.4byte	.LFB68
 717 0216 58000000 		.4byte	.LFE68-.LFB68
 718 021a 01       		.uleb128 0x1
 719 021b 9C       		.byte	0x9c
 720 021c CD020000 		.4byte	0x2cd
 721 0220 10       		.uleb128 0x10
 722 0221 D2010000 		.4byte	.LASF31
 723 0225 01       		.byte	0x1
 724 0226 2F       		.byte	0x2f
 725 0227 69000000 		.4byte	0x69
 726 022b 00000000 		.4byte	.LLST0
 727 022f 0B       		.uleb128 0xb
 728 0230 0A000000 		.4byte	.LVL10
 729 0234 49040000 		.4byte	0x449
 730 0238 0B       		.uleb128 0xb
 731 0239 0E000000 		.4byte	.LVL11
 732 023d 3E040000 		.4byte	0x43e
 733 0241 0F       		.uleb128 0xf
 734 0242 1E000000 		.4byte	.LVL12
 735 0246 8D040000 		.4byte	0x48d
 736 024a 5F020000 		.4byte	0x25f
 737 024e 0D       		.uleb128 0xd
ARM GAS  C:\Users\samue\AppData\Local\Temp\ccGDktMv.s 			page 18


 738 024f 01       		.uleb128 0x1
 739 0250 50       		.byte	0x50
 740 0251 02       		.uleb128 0x2
 741 0252 75       		.byte	0x75
 742 0253 00       		.sleb128 0
 743 0254 0D       		.uleb128 0xd
 744 0255 01       		.uleb128 0x1
 745 0256 51       		.byte	0x51
 746 0257 01       		.uleb128 0x1
 747 0258 31       		.byte	0x31
 748 0259 0D       		.uleb128 0xd
 749 025a 01       		.uleb128 0x1
 750 025b 52       		.byte	0x52
 751 025c 01       		.uleb128 0x1
 752 025d 30       		.byte	0x30
 753 025e 00       		.byte	0
 754 025f 0B       		.uleb128 0xb
 755 0260 26000000 		.4byte	.LVL13
 756 0264 99040000 		.4byte	0x499
 757 0268 0F       		.uleb128 0xf
 758 0269 2C000000 		.4byte	.LVL14
 759 026d A4040000 		.4byte	0x4a4
 760 0271 7F020000 		.4byte	0x27f
 761 0275 0D       		.uleb128 0xd
 762 0276 01       		.uleb128 0x1
 763 0277 50       		.byte	0x50
 764 0278 05       		.uleb128 0x5
 765 0279 03       		.byte	0x3
 766 027a 00000000 		.4byte	vUart1RxISR
 767 027e 00       		.byte	0
 768 027f 0F       		.uleb128 0xf
 769 0280 36000000 		.4byte	.LVL15
 770 0284 8D040000 		.4byte	0x48d
 771 0288 9D020000 		.4byte	0x29d
 772 028c 0D       		.uleb128 0xd
 773 028d 01       		.uleb128 0x1
 774 028e 50       		.byte	0x50
 775 028f 02       		.uleb128 0x2
 776 0290 75       		.byte	0x75
 777 0291 00       		.sleb128 0
 778 0292 0D       		.uleb128 0xd
 779 0293 01       		.uleb128 0x1
 780 0294 51       		.byte	0x51
 781 0295 01       		.uleb128 0x1
 782 0296 31       		.byte	0x31
 783 0297 0D       		.uleb128 0xd
 784 0298 01       		.uleb128 0x1
 785 0299 52       		.byte	0x52
 786 029a 01       		.uleb128 0x1
 787 029b 30       		.byte	0x30
 788 029c 00       		.byte	0
 789 029d 0B       		.uleb128 0xb
 790 029e 3C000000 		.4byte	.LVL16
 791 02a2 AF040000 		.4byte	0x4af
 792 02a6 0F       		.uleb128 0xf
 793 02a7 42000000 		.4byte	.LVL17
 794 02ab BA040000 		.4byte	0x4ba
ARM GAS  C:\Users\samue\AppData\Local\Temp\ccGDktMv.s 			page 19


 795 02af BD020000 		.4byte	0x2bd
 796 02b3 0D       		.uleb128 0xd
 797 02b4 01       		.uleb128 0x1
 798 02b5 50       		.byte	0x50
 799 02b6 05       		.uleb128 0x5
 800 02b7 03       		.byte	0x3
 801 02b8 00000000 		.4byte	vUart1TxISR
 802 02bc 00       		.byte	0
 803 02bd 0C       		.uleb128 0xc
 804 02be 48000000 		.4byte	.LVL18
 805 02c2 82040000 		.4byte	0x482
 806 02c6 0D       		.uleb128 0xd
 807 02c7 01       		.uleb128 0x1
 808 02c8 50       		.byte	0x50
 809 02c9 01       		.uleb128 0x1
 810 02ca 30       		.byte	0x30
 811 02cb 00       		.byte	0
 812 02cc 00       		.byte	0
 813 02cd 11       		.uleb128 0x11
 814 02ce 4E030000 		.4byte	.LASF35
 815 02d2 01       		.byte	0x1
 816 02d3 5C       		.byte	0x5c
 817 02d4 57000000 		.4byte	0x57
 818 02d8 00000000 		.4byte	.LFB70
 819 02dc 20000000 		.4byte	.LFE70-.LFB70
 820 02e0 01       		.uleb128 0x1
 821 02e1 9C       		.byte	0x9c
 822 02e2 2C030000 		.4byte	0x32c
 823 02e6 10       		.uleb128 0x10
 824 02e7 C7010000 		.4byte	.LASF32
 825 02eb 01       		.byte	0x1
 826 02ec 5C       		.byte	0x5c
 827 02ed DE000000 		.4byte	0xde
 828 02f1 2C000000 		.4byte	.LLST1
 829 02f5 10       		.uleb128 0x10
 830 02f6 B7000000 		.4byte	.LASF33
 831 02fa 01       		.byte	0x1
 832 02fb 5C       		.byte	0x5c
 833 02fc FA000000 		.4byte	0xfa
 834 0300 58000000 		.4byte	.LLST2
 835 0304 12       		.uleb128 0x12
 836 0305 D5000000 		.4byte	.LASF34
 837 0309 01       		.byte	0x1
 838 030a 5E       		.byte	0x5e
 839 030b 57000000 		.4byte	0x57
 840 030f 84000000 		.4byte	.LLST3
 841 0313 0C       		.uleb128 0xc
 842 0314 0E000000 		.4byte	.LVL24
 843 0318 C5040000 		.4byte	0x4c5
 844 031c 0D       		.uleb128 0xd
 845 031d 01       		.uleb128 0x1
 846 031e 51       		.byte	0x51
 847 031f 03       		.uleb128 0x3
 848 0320 F3       		.byte	0xf3
 849 0321 01       		.uleb128 0x1
 850 0322 50       		.byte	0x50
 851 0323 0D       		.uleb128 0xd
ARM GAS  C:\Users\samue\AppData\Local\Temp\ccGDktMv.s 			page 20


 852 0324 01       		.uleb128 0x1
 853 0325 52       		.byte	0x52
 854 0326 03       		.uleb128 0x3
 855 0327 F3       		.byte	0xf3
 856 0328 01       		.uleb128 0x1
 857 0329 51       		.byte	0x51
 858 032a 00       		.byte	0
 859 032b 00       		.byte	0
 860 032c 11       		.uleb128 0x11
 861 032d B7010000 		.4byte	.LASF36
 862 0331 01       		.byte	0x1
 863 0332 69       		.byte	0x69
 864 0333 57000000 		.4byte	0x57
 865 0337 00000000 		.4byte	.LFB71
 866 033b 3C000000 		.4byte	.LFE71-.LFB71
 867 033f 01       		.uleb128 0x1
 868 0340 9C       		.byte	0x9c
 869 0341 B8030000 		.4byte	0x3b8
 870 0345 10       		.uleb128 0x10
 871 0346 2D000000 		.4byte	.LASF29
 872 034a 01       		.byte	0x1
 873 034b 69       		.byte	0x69
 874 034c C7000000 		.4byte	0xc7
 875 0350 A3000000 		.4byte	.LLST4
 876 0354 10       		.uleb128 0x10
 877 0355 B7000000 		.4byte	.LASF33
 878 0359 01       		.byte	0x1
 879 035a 69       		.byte	0x69
 880 035b FA000000 		.4byte	0xfa
 881 035f 0A010000 		.4byte	.LLST5
 882 0363 12       		.uleb128 0x12
 883 0364 D5000000 		.4byte	.LASF34
 884 0368 01       		.byte	0x1
 885 0369 6B       		.byte	0x6b
 886 036a 57000000 		.4byte	0x57
 887 036e 36010000 		.4byte	.LLST6
 888 0372 0F       		.uleb128 0xf
 889 0373 18000000 		.4byte	.LVL30
 890 0377 D1040000 		.4byte	0x4d1
 891 037b 92030000 		.4byte	0x392
 892 037f 0D       		.uleb128 0xd
 893 0380 01       		.uleb128 0x1
 894 0381 51       		.byte	0x51
 895 0382 02       		.uleb128 0x2
 896 0383 74       		.byte	0x74
 897 0384 00       		.sleb128 0
 898 0385 0D       		.uleb128 0xd
 899 0386 01       		.uleb128 0x1
 900 0387 52       		.byte	0x52
 901 0388 03       		.uleb128 0x3
 902 0389 F3       		.byte	0xf3
 903 038a 01       		.uleb128 0x1
 904 038b 51       		.byte	0x51
 905 038c 0D       		.uleb128 0xd
 906 038d 01       		.uleb128 0x1
 907 038e 53       		.byte	0x53
 908 038f 01       		.uleb128 0x1
ARM GAS  C:\Users\samue\AppData\Local\Temp\ccGDktMv.s 			page 21


 909 0390 30       		.byte	0x30
 910 0391 00       		.byte	0
 911 0392 0B       		.uleb128 0xb
 912 0393 26000000 		.4byte	.LVL34
 913 0397 DD040000 		.4byte	0x4dd
 914 039b 0F       		.uleb128 0xf
 915 039c 2C000000 		.4byte	.LVL35
 916 03a0 82040000 		.4byte	0x482
 917 03a4 AE030000 		.4byte	0x3ae
 918 03a8 0D       		.uleb128 0xd
 919 03a9 01       		.uleb128 0x1
 920 03aa 50       		.byte	0x50
 921 03ab 01       		.uleb128 0x1
 922 03ac 33       		.byte	0x33
 923 03ad 00       		.byte	0
 924 03ae 0B       		.uleb128 0xb
 925 03af 30000000 		.4byte	.LVL36
 926 03b3 E8040000 		.4byte	0x4e8
 927 03b7 00       		.byte	0
 928 03b8 09       		.uleb128 0x9
 929 03b9 3F000000 		.4byte	.LASF37
 930 03bd 01       		.byte	0x1
 931 03be 47       		.byte	0x47
 932 03bf 00000000 		.4byte	.LFB69
 933 03c3 20000000 		.4byte	.LFE69-.LFB69
 934 03c7 01       		.uleb128 0x1
 935 03c8 9C       		.byte	0x9c
 936 03c9 0B040000 		.4byte	0x40b
 937 03cd 10       		.uleb128 0x10
 938 03ce 36000000 		.4byte	.LASF38
 939 03d2 01       		.byte	0x1
 940 03d3 47       		.byte	0x47
 941 03d4 10010000 		.4byte	0x110
 942 03d8 60010000 		.4byte	.LLST7
 943 03dc 10       		.uleb128 0x10
 944 03dd 1F040000 		.4byte	.LASF39
 945 03e1 01       		.byte	0x1
 946 03e2 47       		.byte	0x47
 947 03e3 45000000 		.4byte	0x45
 948 03e7 7E010000 		.4byte	.LLST8
 949 03eb 12       		.uleb128 0x12
 950 03ec 88020000 		.4byte	.LASF40
 951 03f0 01       		.byte	0x1
 952 03f1 49       		.byte	0x49
 953 03f2 45000000 		.4byte	0x45
 954 03f6 9F010000 		.4byte	.LLST9
 955 03fa 0C       		.uleb128 0xc
 956 03fb 16000000 		.4byte	.LVL42
 957 03ff 2C030000 		.4byte	0x32c
 958 0403 0D       		.uleb128 0xd
 959 0404 01       		.uleb128 0x1
 960 0405 51       		.byte	0x51
 961 0406 02       		.uleb128 0x2
 962 0407 09       		.byte	0x9
 963 0408 FF       		.byte	0xff
 964 0409 00       		.byte	0
 965 040a 00       		.byte	0
ARM GAS  C:\Users\samue\AppData\Local\Temp\ccGDktMv.s 			page 22


 966 040b 0A       		.uleb128 0xa
 967 040c EB000000 		.4byte	.LASF41
 968 0410 01       		.byte	0x1
 969 0411 2B       		.byte	0x2b
 970 0412 05010000 		.4byte	0x105
 971 0416 05       		.uleb128 0x5
 972 0417 03       		.byte	0x3
 973 0418 04000000 		.4byte	xSerialTxQueue
 974 041c 0A       		.uleb128 0xa
 975 041d 3F030000 		.4byte	.LASF42
 976 0421 01       		.byte	0x1
 977 0422 2C       		.byte	0x2c
 978 0423 05010000 		.4byte	0x105
 979 0427 05       		.uleb128 0x5
 980 0428 03       		.byte	0x3
 981 0429 00000000 		.4byte	xSerialRxQueue
 982 042d 13       		.uleb128 0x13
 983 042e 70030000 		.4byte	.LASF62
 984 0432 0A       		.byte	0xa
 985 0433 1207     		.2byte	0x712
 986 0435 39040000 		.4byte	0x439
 987 0439 0E       		.uleb128 0xe
 988 043a 97000000 		.4byte	0x97
 989 043e 14       		.uleb128 0x14
 990 043f 0B040000 		.4byte	.LASF43
 991 0443 0B040000 		.4byte	.LASF43
 992 0447 07       		.byte	0x7
 993 0448 70       		.byte	0x70
 994 0449 14       		.uleb128 0x14
 995 044a AC020000 		.4byte	.LASF44
 996 044e AC020000 		.4byte	.LASF44
 997 0452 07       		.byte	0x7
 998 0453 6F       		.byte	0x6f
 999 0454 15       		.uleb128 0x15
 1000 0455 3B020000 		.4byte	.LASF45
 1001 0459 3B020000 		.4byte	.LASF45
 1002 045d 06       		.byte	0x6
 1003 045e 0D05     		.2byte	0x50d
 1004 0460 14       		.uleb128 0x14
 1005 0461 59020000 		.4byte	.LASF46
 1006 0465 59020000 		.4byte	.LASF46
 1007 0469 07       		.byte	0x7
 1008 046a 89       		.byte	0x89
 1009 046b 15       		.uleb128 0x15
 1010 046c 59000000 		.4byte	.LASF47
 1011 0470 59000000 		.4byte	.LASF47
 1012 0474 06       		.byte	0x6
 1013 0475 6705     		.2byte	0x567
 1014 0477 14       		.uleb128 0x14
 1015 0478 89000000 		.4byte	.LASF48
 1016 047c 89000000 		.4byte	.LASF48
 1017 0480 07       		.byte	0x7
 1018 0481 8A       		.byte	0x8a
 1019 0482 14       		.uleb128 0x14
 1020 0483 0A020000 		.4byte	.LASF49
 1021 0487 0A020000 		.4byte	.LASF49
 1022 048b 07       		.byte	0x7
ARM GAS  C:\Users\samue\AppData\Local\Temp\ccGDktMv.s 			page 23


 1023 048c 87       		.byte	0x87
 1024 048d 15       		.uleb128 0x15
 1025 048e 1E010000 		.4byte	.LASF50
 1026 0492 1E010000 		.4byte	.LASF50
 1027 0496 06       		.byte	0x6
 1028 0497 D605     		.2byte	0x5d6
 1029 0499 14       		.uleb128 0x14
 1030 049a E0010000 		.4byte	.LASF51
 1031 049e E0010000 		.4byte	.LASF51
 1032 04a2 08       		.byte	0x8
 1033 04a3 28       		.byte	0x28
 1034 04a4 14       		.uleb128 0x14
 1035 04a5 A5010000 		.4byte	.LASF52
 1036 04a9 A5010000 		.4byte	.LASF52
 1037 04ad 08       		.byte	0x8
 1038 04ae 18       		.byte	0x18
 1039 04af 14       		.uleb128 0x14
 1040 04b0 24020000 		.4byte	.LASF53
 1041 04b4 24020000 		.4byte	.LASF53
 1042 04b8 09       		.byte	0x9
 1043 04b9 28       		.byte	0x28
 1044 04ba 14       		.uleb128 0x14
 1045 04bb 5E030000 		.4byte	.LASF54
 1046 04bf 5E030000 		.4byte	.LASF54
 1047 04c3 09       		.byte	0x9
 1048 04c4 18       		.byte	0x18
 1049 04c5 15       		.uleb128 0x15
 1050 04c6 0C000000 		.4byte	.LASF55
 1051 04ca 0C000000 		.4byte	.LASF55
 1052 04ce 06       		.byte	0x6
 1053 04cf 6203     		.2byte	0x362
 1054 04d1 15       		.uleb128 0x15
 1055 04d2 77000000 		.4byte	.LASF56
 1056 04d6 77000000 		.4byte	.LASF56
 1057 04da 06       		.byte	0x6
 1058 04db 8802     		.2byte	0x288
 1059 04dd 14       		.uleb128 0x14
 1060 04de F7010000 		.4byte	.LASF57
 1061 04e2 F7010000 		.4byte	.LASF57
 1062 04e6 05       		.byte	0x5
 1063 04e7 61       		.byte	0x61
 1064 04e8 14       		.uleb128 0x14
 1065 04e9 BE020000 		.4byte	.LASF58
 1066 04ed BE020000 		.4byte	.LASF58
 1067 04f1 05       		.byte	0x5
 1068 04f2 62       		.byte	0x62
 1069 04f3 00       		.byte	0
 1070              		.section	.debug_abbrev,"",%progbits
 1071              	.Ldebug_abbrev0:
 1072 0000 01       		.uleb128 0x1
 1073 0001 11       		.uleb128 0x11
 1074 0002 01       		.byte	0x1
 1075 0003 25       		.uleb128 0x25
 1076 0004 0E       		.uleb128 0xe
 1077 0005 13       		.uleb128 0x13
 1078 0006 0B       		.uleb128 0xb
 1079 0007 03       		.uleb128 0x3
ARM GAS  C:\Users\samue\AppData\Local\Temp\ccGDktMv.s 			page 24


 1080 0008 0E       		.uleb128 0xe
 1081 0009 1B       		.uleb128 0x1b
 1082 000a 0E       		.uleb128 0xe
 1083 000b 55       		.uleb128 0x55
 1084 000c 17       		.uleb128 0x17
 1085 000d 11       		.uleb128 0x11
 1086 000e 01       		.uleb128 0x1
 1087 000f 10       		.uleb128 0x10
 1088 0010 17       		.uleb128 0x17
 1089 0011 00       		.byte	0
 1090 0012 00       		.byte	0
 1091 0013 02       		.uleb128 0x2
 1092 0014 24       		.uleb128 0x24
 1093 0015 00       		.byte	0
 1094 0016 0B       		.uleb128 0xb
 1095 0017 0B       		.uleb128 0xb
 1096 0018 3E       		.uleb128 0x3e
 1097 0019 0B       		.uleb128 0xb
 1098 001a 03       		.uleb128 0x3
 1099 001b 0E       		.uleb128 0xe
 1100 001c 00       		.byte	0
 1101 001d 00       		.byte	0
 1102 001e 03       		.uleb128 0x3
 1103 001f 16       		.uleb128 0x16
 1104 0020 00       		.byte	0
 1105 0021 03       		.uleb128 0x3
 1106 0022 0E       		.uleb128 0xe
 1107 0023 3A       		.uleb128 0x3a
 1108 0024 0B       		.uleb128 0xb
 1109 0025 3B       		.uleb128 0x3b
 1110 0026 0B       		.uleb128 0xb
 1111 0027 49       		.uleb128 0x49
 1112 0028 13       		.uleb128 0x13
 1113 0029 00       		.byte	0
 1114 002a 00       		.byte	0
 1115 002b 04       		.uleb128 0x4
 1116 002c 24       		.uleb128 0x24
 1117 002d 00       		.byte	0
 1118 002e 0B       		.uleb128 0xb
 1119 002f 0B       		.uleb128 0xb
 1120 0030 3E       		.uleb128 0x3e
 1121 0031 0B       		.uleb128 0xb
 1122 0032 03       		.uleb128 0x3
 1123 0033 08       		.uleb128 0x8
 1124 0034 00       		.byte	0
 1125 0035 00       		.byte	0
 1126 0036 05       		.uleb128 0x5
 1127 0037 16       		.uleb128 0x16
 1128 0038 00       		.byte	0
 1129 0039 03       		.uleb128 0x3
 1130 003a 0E       		.uleb128 0xe
 1131 003b 3A       		.uleb128 0x3a
 1132 003c 0B       		.uleb128 0xb
 1133 003d 3B       		.uleb128 0x3b
 1134 003e 05       		.uleb128 0x5
 1135 003f 49       		.uleb128 0x49
 1136 0040 13       		.uleb128 0x13
ARM GAS  C:\Users\samue\AppData\Local\Temp\ccGDktMv.s 			page 25


 1137 0041 00       		.byte	0
 1138 0042 00       		.byte	0
 1139 0043 06       		.uleb128 0x6
 1140 0044 0F       		.uleb128 0xf
 1141 0045 00       		.byte	0
 1142 0046 0B       		.uleb128 0xb
 1143 0047 0B       		.uleb128 0xb
 1144 0048 00       		.byte	0
 1145 0049 00       		.byte	0
 1146 004a 07       		.uleb128 0x7
 1147 004b 0F       		.uleb128 0xf
 1148 004c 00       		.byte	0
 1149 004d 0B       		.uleb128 0xb
 1150 004e 0B       		.uleb128 0xb
 1151 004f 49       		.uleb128 0x49
 1152 0050 13       		.uleb128 0x13
 1153 0051 00       		.byte	0
 1154 0052 00       		.byte	0
 1155 0053 08       		.uleb128 0x8
 1156 0054 26       		.uleb128 0x26
 1157 0055 00       		.byte	0
 1158 0056 49       		.uleb128 0x49
 1159 0057 13       		.uleb128 0x13
 1160 0058 00       		.byte	0
 1161 0059 00       		.byte	0
 1162 005a 09       		.uleb128 0x9
 1163 005b 2E       		.uleb128 0x2e
 1164 005c 01       		.byte	0x1
 1165 005d 3F       		.uleb128 0x3f
 1166 005e 19       		.uleb128 0x19
 1167 005f 03       		.uleb128 0x3
 1168 0060 0E       		.uleb128 0xe
 1169 0061 3A       		.uleb128 0x3a
 1170 0062 0B       		.uleb128 0xb
 1171 0063 3B       		.uleb128 0x3b
 1172 0064 0B       		.uleb128 0xb
 1173 0065 27       		.uleb128 0x27
 1174 0066 19       		.uleb128 0x19
 1175 0067 11       		.uleb128 0x11
 1176 0068 01       		.uleb128 0x1
 1177 0069 12       		.uleb128 0x12
 1178 006a 06       		.uleb128 0x6
 1179 006b 40       		.uleb128 0x40
 1180 006c 18       		.uleb128 0x18
 1181 006d 9742     		.uleb128 0x2117
 1182 006f 19       		.uleb128 0x19
 1183 0070 01       		.uleb128 0x1
 1184 0071 13       		.uleb128 0x13
 1185 0072 00       		.byte	0
 1186 0073 00       		.byte	0
 1187 0074 0A       		.uleb128 0xa
 1188 0075 34       		.uleb128 0x34
 1189 0076 00       		.byte	0
 1190 0077 03       		.uleb128 0x3
 1191 0078 0E       		.uleb128 0xe
 1192 0079 3A       		.uleb128 0x3a
 1193 007a 0B       		.uleb128 0xb
ARM GAS  C:\Users\samue\AppData\Local\Temp\ccGDktMv.s 			page 26


 1194 007b 3B       		.uleb128 0x3b
 1195 007c 0B       		.uleb128 0xb
 1196 007d 49       		.uleb128 0x49
 1197 007e 13       		.uleb128 0x13
 1198 007f 02       		.uleb128 0x2
 1199 0080 18       		.uleb128 0x18
 1200 0081 00       		.byte	0
 1201 0082 00       		.byte	0
 1202 0083 0B       		.uleb128 0xb
 1203 0084 898201   		.uleb128 0x4109
 1204 0087 00       		.byte	0
 1205 0088 11       		.uleb128 0x11
 1206 0089 01       		.uleb128 0x1
 1207 008a 31       		.uleb128 0x31
 1208 008b 13       		.uleb128 0x13
 1209 008c 00       		.byte	0
 1210 008d 00       		.byte	0
 1211 008e 0C       		.uleb128 0xc
 1212 008f 898201   		.uleb128 0x4109
 1213 0092 01       		.byte	0x1
 1214 0093 11       		.uleb128 0x11
 1215 0094 01       		.uleb128 0x1
 1216 0095 31       		.uleb128 0x31
 1217 0096 13       		.uleb128 0x13
 1218 0097 00       		.byte	0
 1219 0098 00       		.byte	0
 1220 0099 0D       		.uleb128 0xd
 1221 009a 8A8201   		.uleb128 0x410a
 1222 009d 00       		.byte	0
 1223 009e 02       		.uleb128 0x2
 1224 009f 18       		.uleb128 0x18
 1225 00a0 9142     		.uleb128 0x2111
 1226 00a2 18       		.uleb128 0x18
 1227 00a3 00       		.byte	0
 1228 00a4 00       		.byte	0
 1229 00a5 0E       		.uleb128 0xe
 1230 00a6 35       		.uleb128 0x35
 1231 00a7 00       		.byte	0
 1232 00a8 49       		.uleb128 0x49
 1233 00a9 13       		.uleb128 0x13
 1234 00aa 00       		.byte	0
 1235 00ab 00       		.byte	0
 1236 00ac 0F       		.uleb128 0xf
 1237 00ad 898201   		.uleb128 0x4109
 1238 00b0 01       		.byte	0x1
 1239 00b1 11       		.uleb128 0x11
 1240 00b2 01       		.uleb128 0x1
 1241 00b3 31       		.uleb128 0x31
 1242 00b4 13       		.uleb128 0x13
 1243 00b5 01       		.uleb128 0x1
 1244 00b6 13       		.uleb128 0x13
 1245 00b7 00       		.byte	0
 1246 00b8 00       		.byte	0
 1247 00b9 10       		.uleb128 0x10
 1248 00ba 05       		.uleb128 0x5
 1249 00bb 00       		.byte	0
 1250 00bc 03       		.uleb128 0x3
ARM GAS  C:\Users\samue\AppData\Local\Temp\ccGDktMv.s 			page 27


 1251 00bd 0E       		.uleb128 0xe
 1252 00be 3A       		.uleb128 0x3a
 1253 00bf 0B       		.uleb128 0xb
 1254 00c0 3B       		.uleb128 0x3b
 1255 00c1 0B       		.uleb128 0xb
 1256 00c2 49       		.uleb128 0x49
 1257 00c3 13       		.uleb128 0x13
 1258 00c4 02       		.uleb128 0x2
 1259 00c5 17       		.uleb128 0x17
 1260 00c6 00       		.byte	0
 1261 00c7 00       		.byte	0
 1262 00c8 11       		.uleb128 0x11
 1263 00c9 2E       		.uleb128 0x2e
 1264 00ca 01       		.byte	0x1
 1265 00cb 3F       		.uleb128 0x3f
 1266 00cc 19       		.uleb128 0x19
 1267 00cd 03       		.uleb128 0x3
 1268 00ce 0E       		.uleb128 0xe
 1269 00cf 3A       		.uleb128 0x3a
 1270 00d0 0B       		.uleb128 0xb
 1271 00d1 3B       		.uleb128 0x3b
 1272 00d2 0B       		.uleb128 0xb
 1273 00d3 27       		.uleb128 0x27
 1274 00d4 19       		.uleb128 0x19
 1275 00d5 49       		.uleb128 0x49
 1276 00d6 13       		.uleb128 0x13
 1277 00d7 11       		.uleb128 0x11
 1278 00d8 01       		.uleb128 0x1
 1279 00d9 12       		.uleb128 0x12
 1280 00da 06       		.uleb128 0x6
 1281 00db 40       		.uleb128 0x40
 1282 00dc 18       		.uleb128 0x18
 1283 00dd 9742     		.uleb128 0x2117
 1284 00df 19       		.uleb128 0x19
 1285 00e0 01       		.uleb128 0x1
 1286 00e1 13       		.uleb128 0x13
 1287 00e2 00       		.byte	0
 1288 00e3 00       		.byte	0
 1289 00e4 12       		.uleb128 0x12
 1290 00e5 34       		.uleb128 0x34
 1291 00e6 00       		.byte	0
 1292 00e7 03       		.uleb128 0x3
 1293 00e8 0E       		.uleb128 0xe
 1294 00e9 3A       		.uleb128 0x3a
 1295 00ea 0B       		.uleb128 0xb
 1296 00eb 3B       		.uleb128 0x3b
 1297 00ec 0B       		.uleb128 0xb
 1298 00ed 49       		.uleb128 0x49
 1299 00ee 13       		.uleb128 0x13
 1300 00ef 02       		.uleb128 0x2
 1301 00f0 17       		.uleb128 0x17
 1302 00f1 00       		.byte	0
 1303 00f2 00       		.byte	0
 1304 00f3 13       		.uleb128 0x13
 1305 00f4 34       		.uleb128 0x34
 1306 00f5 00       		.byte	0
 1307 00f6 03       		.uleb128 0x3
ARM GAS  C:\Users\samue\AppData\Local\Temp\ccGDktMv.s 			page 28


 1308 00f7 0E       		.uleb128 0xe
 1309 00f8 3A       		.uleb128 0x3a
 1310 00f9 0B       		.uleb128 0xb
 1311 00fa 3B       		.uleb128 0x3b
 1312 00fb 05       		.uleb128 0x5
 1313 00fc 49       		.uleb128 0x49
 1314 00fd 13       		.uleb128 0x13
 1315 00fe 3F       		.uleb128 0x3f
 1316 00ff 19       		.uleb128 0x19
 1317 0100 3C       		.uleb128 0x3c
 1318 0101 19       		.uleb128 0x19
 1319 0102 00       		.byte	0
 1320 0103 00       		.byte	0
 1321 0104 14       		.uleb128 0x14
 1322 0105 2E       		.uleb128 0x2e
 1323 0106 00       		.byte	0
 1324 0107 3F       		.uleb128 0x3f
 1325 0108 19       		.uleb128 0x19
 1326 0109 3C       		.uleb128 0x3c
 1327 010a 19       		.uleb128 0x19
 1328 010b 6E       		.uleb128 0x6e
 1329 010c 0E       		.uleb128 0xe
 1330 010d 03       		.uleb128 0x3
 1331 010e 0E       		.uleb128 0xe
 1332 010f 3A       		.uleb128 0x3a
 1333 0110 0B       		.uleb128 0xb
 1334 0111 3B       		.uleb128 0x3b
 1335 0112 0B       		.uleb128 0xb
 1336 0113 00       		.byte	0
 1337 0114 00       		.byte	0
 1338 0115 15       		.uleb128 0x15
 1339 0116 2E       		.uleb128 0x2e
 1340 0117 00       		.byte	0
 1341 0118 3F       		.uleb128 0x3f
 1342 0119 19       		.uleb128 0x19
 1343 011a 3C       		.uleb128 0x3c
 1344 011b 19       		.uleb128 0x19
 1345 011c 6E       		.uleb128 0x6e
 1346 011d 0E       		.uleb128 0xe
 1347 011e 03       		.uleb128 0x3
 1348 011f 0E       		.uleb128 0xe
 1349 0120 3A       		.uleb128 0x3a
 1350 0121 0B       		.uleb128 0xb
 1351 0122 3B       		.uleb128 0x3b
 1352 0123 05       		.uleb128 0x5
 1353 0124 00       		.byte	0
 1354 0125 00       		.byte	0
 1355 0126 00       		.byte	0
 1356              		.section	.debug_loc,"",%progbits
 1357              	.Ldebug_loc0:
 1358              	.LLST0:
 1359 0000 00000000 		.4byte	.LVL8
 1360 0004 06000000 		.4byte	.LVL9
 1361 0008 0100     		.2byte	0x1
 1362 000a 50       		.byte	0x50
 1363 000b 06000000 		.4byte	.LVL9
 1364 000f 4A000000 		.4byte	.LVL19
ARM GAS  C:\Users\samue\AppData\Local\Temp\ccGDktMv.s 			page 29


 1365 0013 0100     		.2byte	0x1
 1366 0015 55       		.byte	0x55
 1367 0016 4A000000 		.4byte	.LVL19
 1368 001a 58000000 		.4byte	.LFE68
 1369 001e 0400     		.2byte	0x4
 1370 0020 F3       		.byte	0xf3
 1371 0021 01       		.uleb128 0x1
 1372 0022 50       		.byte	0x50
 1373 0023 9F       		.byte	0x9f
 1374 0024 00000000 		.4byte	0
 1375 0028 00000000 		.4byte	0
 1376              	.LLST1:
 1377 002c 00000000 		.4byte	.LVL20
 1378 0030 0A000000 		.4byte	.LVL23
 1379 0034 0100     		.2byte	0x1
 1380 0036 50       		.byte	0x50
 1381 0037 0A000000 		.4byte	.LVL23
 1382 003b 0D000000 		.4byte	.LVL24-1
 1383 003f 0100     		.2byte	0x1
 1384 0041 51       		.byte	0x51
 1385 0042 0D000000 		.4byte	.LVL24-1
 1386 0046 20000000 		.4byte	.LFE70
 1387 004a 0400     		.2byte	0x4
 1388 004c F3       		.byte	0xf3
 1389 004d 01       		.uleb128 0x1
 1390 004e 50       		.byte	0x50
 1391 004f 9F       		.byte	0x9f
 1392 0050 00000000 		.4byte	0
 1393 0054 00000000 		.4byte	0
 1394              	.LLST2:
 1395 0058 00000000 		.4byte	.LVL20
 1396 005c 06000000 		.4byte	.LVL22
 1397 0060 0100     		.2byte	0x1
 1398 0062 51       		.byte	0x51
 1399 0063 06000000 		.4byte	.LVL22
 1400 0067 0D000000 		.4byte	.LVL24-1
 1401 006b 0100     		.2byte	0x1
 1402 006d 52       		.byte	0x52
 1403 006e 0D000000 		.4byte	.LVL24-1
 1404 0072 20000000 		.4byte	.LFE70
 1405 0076 0400     		.2byte	0x4
 1406 0078 F3       		.byte	0xf3
 1407 0079 01       		.uleb128 0x1
 1408 007a 51       		.byte	0x51
 1409 007b 9F       		.byte	0x9f
 1410 007c 00000000 		.4byte	0
 1411 0080 00000000 		.4byte	0
 1412              	.LLST3:
 1413 0084 02000000 		.4byte	.LVL21
 1414 0088 18000000 		.4byte	.LVL25
 1415 008c 0200     		.2byte	0x2
 1416 008e 30       		.byte	0x30
 1417 008f 9F       		.byte	0x9f
 1418 0090 18000000 		.4byte	.LVL25
 1419 0094 20000000 		.4byte	.LFE70
 1420 0098 0100     		.2byte	0x1
 1421 009a 50       		.byte	0x50
ARM GAS  C:\Users\samue\AppData\Local\Temp\ccGDktMv.s 			page 30


 1422 009b 00000000 		.4byte	0
 1423 009f 00000000 		.4byte	0
 1424              	.LLST4:
 1425 00a3 00000000 		.4byte	.LVL26
 1426 00a7 12000000 		.4byte	.LVL29
 1427 00ab 0100     		.2byte	0x1
 1428 00ad 50       		.byte	0x50
 1429 00ae 12000000 		.4byte	.LVL29
 1430 00b2 17000000 		.4byte	.LVL30-1
 1431 00b6 0200     		.2byte	0x2
 1432 00b8 71       		.byte	0x71
 1433 00b9 00       		.sleb128 0
 1434 00ba 17000000 		.4byte	.LVL30-1
 1435 00be 1E000000 		.4byte	.LVL31
 1436 00c2 0200     		.2byte	0x2
 1437 00c4 74       		.byte	0x74
 1438 00c5 00       		.sleb128 0
 1439 00c6 1E000000 		.4byte	.LVL31
 1440 00ca 20000000 		.4byte	.LVL32
 1441 00ce 0200     		.2byte	0x2
 1442 00d0 91       		.byte	0x91
 1443 00d1 77       		.sleb128 -9
 1444 00d2 20000000 		.4byte	.LVL32
 1445 00d6 22000000 		.4byte	.LVL33
 1446 00da 0200     		.2byte	0x2
 1447 00dc 74       		.byte	0x74
 1448 00dd 00       		.sleb128 0
 1449 00de 22000000 		.4byte	.LVL33
 1450 00e2 34000000 		.4byte	.LVL37
 1451 00e6 0200     		.2byte	0x2
 1452 00e8 91       		.byte	0x91
 1453 00e9 77       		.sleb128 -9
 1454 00ea 34000000 		.4byte	.LVL37
 1455 00ee 36000000 		.4byte	.LVL38
 1456 00f2 0200     		.2byte	0x2
 1457 00f4 7D       		.byte	0x7d
 1458 00f5 7F       		.sleb128 -1
 1459 00f6 36000000 		.4byte	.LVL38
 1460 00fa 3C000000 		.4byte	.LFE71
 1461 00fe 0200     		.2byte	0x2
 1462 0100 7D       		.byte	0x7d
 1463 0101 77       		.sleb128 -9
 1464 0102 00000000 		.4byte	0
 1465 0106 00000000 		.4byte	0
 1466              	.LLST5:
 1467 010a 00000000 		.4byte	.LVL26
 1468 010e 10000000 		.4byte	.LVL28
 1469 0112 0100     		.2byte	0x1
 1470 0114 51       		.byte	0x51
 1471 0115 10000000 		.4byte	.LVL28
 1472 0119 17000000 		.4byte	.LVL30-1
 1473 011d 0100     		.2byte	0x1
 1474 011f 52       		.byte	0x52
 1475 0120 17000000 		.4byte	.LVL30-1
 1476 0124 3C000000 		.4byte	.LFE71
 1477 0128 0400     		.2byte	0x4
 1478 012a F3       		.byte	0xf3
ARM GAS  C:\Users\samue\AppData\Local\Temp\ccGDktMv.s 			page 31


 1479 012b 01       		.uleb128 0x1
 1480 012c 51       		.byte	0x51
 1481 012d 9F       		.byte	0x9f
 1482 012e 00000000 		.4byte	0
 1483 0132 00000000 		.4byte	0
 1484              	.LLST6:
 1485 0136 0A000000 		.4byte	.LVL27
 1486 013a 22000000 		.4byte	.LVL33
 1487 013e 0200     		.2byte	0x2
 1488 0140 30       		.byte	0x30
 1489 0141 9F       		.byte	0x9f
 1490 0142 22000000 		.4byte	.LVL33
 1491 0146 36000000 		.4byte	.LVL38
 1492 014a 0100     		.2byte	0x1
 1493 014c 54       		.byte	0x54
 1494 014d 36000000 		.4byte	.LVL38
 1495 0151 3C000000 		.4byte	.LFE71
 1496 0155 0100     		.2byte	0x1
 1497 0157 50       		.byte	0x50
 1498 0158 00000000 		.4byte	0
 1499 015c 00000000 		.4byte	0
 1500              	.LLST7:
 1501 0160 00000000 		.4byte	.LVL39
 1502 0164 0A000000 		.4byte	.LVL41
 1503 0168 0100     		.2byte	0x1
 1504 016a 50       		.byte	0x50
 1505 016b 0A000000 		.4byte	.LVL41
 1506 016f 20000000 		.4byte	.LFE69
 1507 0173 0100     		.2byte	0x1
 1508 0175 56       		.byte	0x56
 1509 0176 00000000 		.4byte	0
 1510 017a 00000000 		.4byte	0
 1511              	.LLST8:
 1512 017e 00000000 		.4byte	.LVL39
 1513 0182 0A000000 		.4byte	.LVL41
 1514 0186 0100     		.2byte	0x1
 1515 0188 51       		.byte	0x51
 1516 0189 0A000000 		.4byte	.LVL41
 1517 018d 20000000 		.4byte	.LFE69
 1518 0191 0400     		.2byte	0x4
 1519 0193 F3       		.byte	0xf3
 1520 0194 01       		.uleb128 0x1
 1521 0195 51       		.byte	0x51
 1522 0196 9F       		.byte	0x9f
 1523 0197 00000000 		.4byte	0
 1524 019b 00000000 		.4byte	0
 1525              	.LLST9:
 1526 019f 06000000 		.4byte	.LVL40
 1527 01a3 0A000000 		.4byte	.LVL41
 1528 01a7 0200     		.2byte	0x2
 1529 01a9 30       		.byte	0x30
 1530 01aa 9F       		.byte	0x9f
 1531 01ab 0A000000 		.4byte	.LVL41
 1532 01af 18000000 		.4byte	.LVL43
 1533 01b3 0100     		.2byte	0x1
 1534 01b5 54       		.byte	0x54
 1535 01b6 1A000000 		.4byte	.LVL44
ARM GAS  C:\Users\samue\AppData\Local\Temp\ccGDktMv.s 			page 32


 1536 01ba 20000000 		.4byte	.LFE69
 1537 01be 0100     		.2byte	0x1
 1538 01c0 54       		.byte	0x54
 1539 01c1 00000000 		.4byte	0
 1540 01c5 00000000 		.4byte	0
 1541              		.section	.debug_aranges,"",%progbits
 1542 0000 44000000 		.4byte	0x44
 1543 0004 0200     		.2byte	0x2
 1544 0006 00000000 		.4byte	.Ldebug_info0
 1545 000a 04       		.byte	0x4
 1546 000b 00       		.byte	0
 1547 000c 0000     		.2byte	0
 1548 000e 0000     		.2byte	0
 1549 0010 00000000 		.4byte	.LFB72
 1550 0014 5C000000 		.4byte	.LFE72-.LFB72
 1551 0018 00000000 		.4byte	.LFB73
 1552 001c 70000000 		.4byte	.LFE73-.LFB73
 1553 0020 00000000 		.4byte	.LFB68
 1554 0024 58000000 		.4byte	.LFE68-.LFB68
 1555 0028 00000000 		.4byte	.LFB70
 1556 002c 20000000 		.4byte	.LFE70-.LFB70
 1557 0030 00000000 		.4byte	.LFB71
 1558 0034 3C000000 		.4byte	.LFE71-.LFB71
 1559 0038 00000000 		.4byte	.LFB69
 1560 003c 20000000 		.4byte	.LFE69-.LFB69
 1561 0040 00000000 		.4byte	0
 1562 0044 00000000 		.4byte	0
 1563              		.section	.debug_ranges,"",%progbits
 1564              	.Ldebug_ranges0:
 1565 0000 00000000 		.4byte	.LFB72
 1566 0004 5C000000 		.4byte	.LFE72
 1567 0008 00000000 		.4byte	.LFB73
 1568 000c 70000000 		.4byte	.LFE73
 1569 0010 00000000 		.4byte	.LFB68
 1570 0014 58000000 		.4byte	.LFE68
 1571 0018 00000000 		.4byte	.LFB70
 1572 001c 20000000 		.4byte	.LFE70
 1573 0020 00000000 		.4byte	.LFB71
 1574 0024 3C000000 		.4byte	.LFE71
 1575 0028 00000000 		.4byte	.LFB69
 1576 002c 20000000 		.4byte	.LFE69
 1577 0030 00000000 		.4byte	0
 1578 0034 00000000 		.4byte	0
 1579              		.section	.debug_line,"",%progbits
 1580              	.Ldebug_line0:
 1581 0000 9A020000 		.section	.debug_str,"MS",%progbits,1
 1581      0200E201 
 1581      00000201 
 1581      FB0E0D00 
 1581      01010101 
 1582              	.LASF27:
 1583 0000 76556172 		.ascii	"vUart1RxISR\000"
 1583      74315278 
 1583      49535200 
 1584              	.LASF55:
 1585 000c 78517565 		.ascii	"xQueueReceive\000"
 1585      75655265 
ARM GAS  C:\Users\samue\AppData\Local\Temp\ccGDktMv.s 			page 33


 1585      63656976 
 1585      6500
 1586              	.LASF2:
 1587 001a 73686F72 		.ascii	"short int\000"
 1587      7420696E 
 1587      7400
 1588              	.LASF20:
 1589 0024 73697A65 		.ascii	"sizetype\000"
 1589      74797065 
 1589      00
 1590              	.LASF29:
 1591 002d 634F7574 		.ascii	"cOutChar\000"
 1591      43686172 
 1591      00
 1592              	.LASF38:
 1593 0036 70635374 		.ascii	"pcString\000"
 1593      72696E67 
 1593      00
 1594              	.LASF37:
 1595 003f 76536572 		.ascii	"vSerial1PutString\000"
 1595      69616C31 
 1595      50757453 
 1595      7472696E 
 1595      6700
 1596              	.LASF12:
 1597 0051 75696E74 		.ascii	"uint8_t\000"
 1597      385F7400 
 1598              	.LASF47:
 1599 0059 78517565 		.ascii	"xQueueReceiveFromISR\000"
 1599      75655265 
 1599      63656976 
 1599      6546726F 
 1599      6D495352 
 1600              	.LASF25:
 1601 006e 75635374 		.ascii	"ucStatus\000"
 1601      61747573 
 1601      00
 1602              	.LASF56:
 1603 0077 78517565 		.ascii	"xQueueGenericSend\000"
 1603      75654765 
 1603      6E657269 
 1603      6353656E 
 1603      6400
 1604              	.LASF48:
 1605 0089 55415254 		.ascii	"UART_1_PutChar\000"
 1605      5F315F50 
 1605      75744368 
 1605      617200
 1606              	.LASF16:
 1607 0098 666C6F61 		.ascii	"float\000"
 1607      7400
 1608              	.LASF9:
 1609 009e 6C6F6E67 		.ascii	"long long int\000"
 1609      206C6F6E 
 1609      6720696E 
 1609      7400
 1610              	.LASF22:
ARM GAS  C:\Users\samue\AppData\Local\Temp\ccGDktMv.s 			page 34


 1611 00ac 5469636B 		.ascii	"TickType_t\000"
 1611      54797065 
 1611      5F7400
 1612              	.LASF33:
 1613 00b7 78426C6F 		.ascii	"xBlockTime\000"
 1613      636B5469 
 1613      6D6500
 1614              	.LASF6:
 1615 00c2 6C6F6E67 		.ascii	"long int\000"
 1615      20696E74 
 1615      00
 1616              	.LASF4:
 1617 00cb 5F5F7569 		.ascii	"__uint8_t\000"
 1617      6E74385F 
 1617      7400
 1618              	.LASF34:
 1619 00d5 78526574 		.ascii	"xReturn\000"
 1619      75726E00 
 1620              	.LASF23:
 1621 00dd 51756575 		.ascii	"QueueHandle_t\000"
 1621      6548616E 
 1621      646C655F 
 1621      7400
 1622              	.LASF41:
 1623 00eb 78536572 		.ascii	"xSerialTxQueue\000"
 1623      69616C54 
 1623      78517565 
 1623      756500
 1624              	.LASF30:
 1625 00fa 76536572 		.ascii	"vSerial1PortInitMinimal\000"
 1625      69616C31 
 1625      506F7274 
 1625      496E6974 
 1625      4D696E69 
 1626              	.LASF19:
 1627 0112 6C6F6E67 		.ascii	"long double\000"
 1627      20646F75 
 1627      626C6500 
 1628              	.LASF50:
 1629 011e 78517565 		.ascii	"xQueueGenericCreate\000"
 1629      75654765 
 1629      6E657269 
 1629      63437265 
 1629      61746500 
 1630              	.LASF26:
 1631 0132 63496E43 		.ascii	"cInChar\000"
 1631      68617200 
 1632              	.LASF1:
 1633 013a 756E7369 		.ascii	"unsigned char\000"
 1633      676E6564 
 1633      20636861 
 1633      7200
 1634              	.LASF0:
 1635 0148 7369676E 		.ascii	"signed char\000"
 1635      65642063 
 1635      68617200 
 1636              	.LASF10:
ARM GAS  C:\Users\samue\AppData\Local\Temp\ccGDktMv.s 			page 35


 1637 0154 6C6F6E67 		.ascii	"long long unsigned int\000"
 1637      206C6F6E 
 1637      6720756E 
 1637      7369676E 
 1637      65642069 
 1638              	.LASF24:
 1639 016b 78486967 		.ascii	"xHigherPriorityTaskWoken\000"
 1639      68657250 
 1639      72696F72 
 1639      69747954 
 1639      61736B57 
 1640              	.LASF14:
 1641 0184 75696E74 		.ascii	"uint32_t\000"
 1641      33325F74 
 1641      00
 1642              	.LASF11:
 1643 018d 756E7369 		.ascii	"unsigned int\000"
 1643      676E6564 
 1643      20696E74 
 1643      00
 1644              	.LASF21:
 1645 019a 42617365 		.ascii	"BaseType_t\000"
 1645      54797065 
 1645      5F7400
 1646              	.LASF52:
 1647 01a5 6973725F 		.ascii	"isr_U1_RX_StartEx\000"
 1647      55315F52 
 1647      585F5374 
 1647      61727445 
 1647      7800
 1648              	.LASF36:
 1649 01b7 78536572 		.ascii	"xSerial1PutChar\000"
 1649      69616C31 
 1649      50757443 
 1649      68617200 
 1650              	.LASF32:
 1651 01c7 70635278 		.ascii	"pcRxedChar\000"
 1651      65644368 
 1651      617200
 1652              	.LASF31:
 1653 01d2 75785175 		.ascii	"uxQueueLength\000"
 1653      6575654C 
 1653      656E6774 
 1653      6800
 1654              	.LASF51:
 1655 01e0 6973725F 		.ascii	"isr_U1_RX_ClearPending\000"
 1655      55315F52 
 1655      585F436C 
 1655      65617250 
 1655      656E6469 
 1656              	.LASF57:
 1657 01f7 76506F72 		.ascii	"vPortEnterCritical\000"
 1657      74456E74 
 1657      65724372 
 1657      69746963 
 1657      616C00
 1658              	.LASF49:
ARM GAS  C:\Users\samue\AppData\Local\Temp\ccGDktMv.s 			page 36


 1659 020a 55415254 		.ascii	"UART_1_SetTxInterruptMode\000"
 1659      5F315F53 
 1659      65745478 
 1659      496E7465 
 1659      72727570 
 1660              	.LASF53:
 1661 0224 6973725F 		.ascii	"isr_U1_TX_ClearPending\000"
 1661      55315F54 
 1661      585F436C 
 1661      65617250 
 1661      656E6469 
 1662              	.LASF45:
 1663 023b 78517565 		.ascii	"xQueueGenericSendFromISR\000"
 1663      75654765 
 1663      6E657269 
 1663      6353656E 
 1663      6446726F 
 1664              	.LASF18:
 1665 0254 63686172 		.ascii	"char\000"
 1665      00
 1666              	.LASF46:
 1667 0259 55415254 		.ascii	"UART_1_ReadTxStatus\000"
 1667      5F315F52 
 1667      65616454 
 1667      78537461 
 1667      74757300 
 1668              	.LASF13:
 1669 026d 696E7433 		.ascii	"int32_t\000"
 1669      325F7400 
 1670              	.LASF3:
 1671 0275 73686F72 		.ascii	"short unsigned int\000"
 1671      7420756E 
 1671      7369676E 
 1671      65642069 
 1671      6E7400
 1672              	.LASF40:
 1673 0288 7573496E 		.ascii	"usIndex\000"
 1673      64657800 
 1674              	.LASF15:
 1675 0290 75696E74 		.ascii	"uint8\000"
 1675      3800
 1676              	.LASF60:
 1677 0296 5A756D6F 		.ascii	"ZumoLibrary\\serial1.c\000"
 1677      4C696272 
 1677      6172795C 
 1677      73657269 
 1677      616C312E 
 1678              	.LASF44:
 1679 02ac 55415254 		.ascii	"UART_1_ReadRxData\000"
 1679      5F315F52 
 1679      65616452 
 1679      78446174 
 1679      6100
 1680              	.LASF58:
 1681 02be 76506F72 		.ascii	"vPortExitCritical\000"
 1681      74457869 
 1681      74437269 
ARM GAS  C:\Users\samue\AppData\Local\Temp\ccGDktMv.s 			page 37


 1681      74696361 
 1681      6C00
 1682              	.LASF28:
 1683 02d0 76556172 		.ascii	"vUart1TxISR\000"
 1683      74315478 
 1683      49535200 
 1684              	.LASF8:
 1685 02dc 6C6F6E67 		.ascii	"long unsigned int\000"
 1685      20756E73 
 1685      69676E65 
 1685      6420696E 
 1685      7400
 1686              	.LASF61:
 1687 02ee 433A5C55 		.ascii	"C:\\Users\\samue\\Desktop\\RobotRage2\\Zumo\\ZumoBo"
 1687      73657273 
 1687      5C73616D 
 1687      75655C44 
 1687      65736B74 
 1688 031b 742E6379 		.ascii	"t.cydsn\000"
 1688      64736E00 
 1689              	.LASF17:
 1690 0323 646F7562 		.ascii	"double\000"
 1690      6C6500
 1691              	.LASF7:
 1692 032a 5F5F7569 		.ascii	"__uint32_t\000"
 1692      6E743332 
 1692      5F7400
 1693              	.LASF5:
 1694 0335 5F5F696E 		.ascii	"__int32_t\000"
 1694      7433325F 
 1694      7400
 1695              	.LASF42:
 1696 033f 78536572 		.ascii	"xSerialRxQueue\000"
 1696      69616C52 
 1696      78517565 
 1696      756500
 1697              	.LASF35:
 1698 034e 78536572 		.ascii	"xSerial1GetChar\000"
 1698      69616C31 
 1698      47657443 
 1698      68617200 
 1699              	.LASF54:
 1700 035e 6973725F 		.ascii	"isr_U1_TX_StartEx\000"
 1700      55315F54 
 1700      585F5374 
 1700      61727445 
 1700      7800
 1701              	.LASF62:
 1702 0370 49544D5F 		.ascii	"ITM_RxBuffer\000"
 1702      52784275 
 1702      66666572 
 1702      00
 1703              	.LASF59:
 1704 037d 474E5520 		.ascii	"GNU C11 5.4.1 20160609 (release) [ARM/embedded-5-br"
 1704      43313120 
 1704      352E342E 
 1704      31203230 
ARM GAS  C:\Users\samue\AppData\Local\Temp\ccGDktMv.s 			page 38


 1704      31363036 
 1705 03b0 616E6368 		.ascii	"anch revision 237715] -mcpu=cortex-m3 -mthumb -g -O"
 1705      20726576 
 1705      6973696F 
 1705      6E203233 
 1705      37373135 
 1706 03e3 67202D66 		.ascii	"g -ffunction-sections -ffat-lto-objects\000"
 1706      66756E63 
 1706      74696F6E 
 1706      2D736563 
 1706      74696F6E 
 1707              	.LASF43:
 1708 040b 55415254 		.ascii	"UART_1_ReadRxStatus\000"
 1708      5F315F52 
 1708      65616452 
 1708      78537461 
 1708      74757300 
 1709              	.LASF39:
 1710 041f 75735374 		.ascii	"usStringLength\000"
 1710      72696E67 
 1710      4C656E67 
 1710      746800
 1711              		.ident	"GCC: (GNU Tools for ARM Embedded Processors) 5.4.1 20160609 (release) [ARM/embedded-5-bran
